2 path.c:128 0x3a4eb2a9 24
4 path.c:254 0x3a4eb2a9 24
2 path.c:128 0x3a4ed4c9 24
1 dynarray.c:84 0x3a4eb2a9 24
2 dynarray.c:95 0x3a4ed4f9 16
2 path.c:90 0x3a4ed529 6
1 path.c:143 0x3a4ed549 6
4 path.c:246 0x3a4ed549 6
4 path.c:31 0x3a4ed529 6
4 dynarray.c:112 0x3a4ed4f9 16
4 dynarray.c:113 0x3a4eb2a9 24
4 path.c:254 0x3a4ed4c9 24
1 dynarray.c:84 0x3a4ed4c9 24
2 dynarray.c:95 0x3a4ed569 16
1 bdtBad5.c:662 0x3a4ed529 1
4 dynarray.c:112 0x3a4ed569 16
4 dynarray.c:113 0x3a4ed4c9 24
4 bdt_client.c:39 0x3a4ed529 1
2 path.c:128 0x3a4ed599 24
4 path.c:254 0x3a4ed599 24
2 path.c:128 0x3a4ed5c9 24
1 dynarray.c:84 0x3a4ed599 24
2 dynarray.c:95 0x3a4ed5f9 16
4 dynarray.c:112 0x3a4ed5f9 16
4 dynarray.c:113 0x3a4ed599 24
4 path.c:254 0x3a4ed5c9 24
2 path.c:128 0x3a4ed629 24
1 dynarray.c:84 0x3a4ed5c9 24
2 dynarray.c:95 0x3a4ed659 16
2 path.c:90 0x3a4ed689 6
2 path.c:90 0x3a4ed6a9 7
4 path.c:31 0x3a4ed689 6
4 path.c:31 0x3a4ed6a9 7
4 dynarray.c:112 0x3a4ed659 16
4 dynarray.c:113 0x3a4ed5c9 24
4 path.c:254 0x3a4ed629 24
2 path.c:128 0x3a4ed629 24
1 dynarray.c:84 0x3a4ed659 24
2 dynarray.c:95 0x3a4ed5c9 16
2 path.c:90 0x3a4ed6c9 6
4 path.c:31 0x3a4ed6c9 6
4 dynarray.c:112 0x3a4ed5c9 16
4 dynarray.c:113 0x3a4ed659 24
4 path.c:254 0x3a4ed629 24
2 path.c:128 0x3a4ed629 24
1 dynarray.c:84 0x3a4ed5c9 24
2 dynarray.c:95 0x3a4ed659 16
2 path.c:90 0x3a4ed6e9 6
1 path.c:143 0x3a4ed6c9 6
2 path.c:178 0x3a4ed709 24
1 dynarray.c:84 0x3a4ed599 24
2 dynarray.c:95 0x3a4ed739 16
2 path.c:191 0x3a4ed769 6
2 path.c:205 0x3a4ed789 6
3 path.c:223 0x3a4ed769 0x3a4ed769 6 6
1 bdtBad5.c:143 0x3a4ed7a9 32
2 path.c:178 0x3a4ed7e9 24
1 dynarray.c:84 0x3a4ed5f9 24
2 dynarray.c:95 0x3a4ed819 16
2 path.c:191 0x3a4ed849 6
2 path.c:205 0x3a4ed869 6
3 path.c:223 0x3a4ed849 0x3a4ed849 6 6
4 path.c:246 0x3a4ed769 6
4 path.c:31 0x3a4ed789 6
4 dynarray.c:112 0x3a4ed739 16
4 dynarray.c:113 0x3a4ed599 24
4 path.c:254 0x3a4ed709 24
4 path.c:246 0x3a4ed6c9 6
4 path.c:31 0x3a4ed6e9 6
4 dynarray.c:112 0x3a4ed659 16
4 dynarray.c:113 0x3a4ed5c9 24
4 path.c:254 0x3a4ed629 24
2 path.c:128 0x3a4ed629 24
1 dynarray.c:84 0x3a4ed709 24
2 dynarray.c:95 0x3a4ed5c9 16
2 path.c:90 0x3a4ed6e9 6
2 path.c:90 0x3a4ed889 7
2 path.c:90 0x3a4ed8a9 12
3 dynarray.c:69 0x3a4ed8c9 0x3a4ed5c9 16 32
1 path.c:143 0x3a4ed659 25
2 path.c:178 0x3a4ed5c9 24
1 dynarray.c:84 0x3a4ed599 24
2 dynarray.c:95 0x3a4ed909 16
2 path.c:191 0x3a4ed939 25
2 path.c:205 0x3a4ed969 6
3 path.c:223 0x3a4ed939 0x3a4ed939 25 6
4 path.c:246 0x3a4ed939 6
4 path.c:31 0x3a4ed969 6
4 dynarray.c:112 0x3a4ed909 16
4 dynarray.c:113 0x3a4ed599 24
4 path.c:254 0x3a4ed5c9 24
2 path.c:178 0x3a4ed5c9 24
1 dynarray.c:84 0x3a4ed909 24
2 dynarray.c:95 0x3a4ed599 16
2 path.c:191 0x3a4ed989 25
2 path.c:205 0x3a4ed969 6
2 path.c:205 0x3a4ed9b9 7
3 path.c:223 0x3a4ed989 0x3a4ed989 25 13
4 path.c:246 0x3a4ed989 13
4 path.c:31 0x3a4ed969 6
4 path.c:31 0x3a4ed9b9 7
4 dynarray.c:112 0x3a4ed599 16
4 dynarray.c:113 0x3a4ed909 24
4 path.c:254 0x3a4ed5c9 24
2 path.c:178 0x3a4ed5c9 24
1 dynarray.c:84 0x3a4ed989 24
2 dynarray.c:95 0x3a4ed909 16
2 path.c:191 0x3a4ed9d9 25
2 path.c:205 0x3a4ed9b9 6
2 path.c:205 0x3a4ed969 7
3 path.c:223 0x3a4ed9d9 0x3a4ed9d9 25 13
1 bdtBad5.c:143 0x3a4eda09 32
2 path.c:178 0x3a4eda49 24
1 dynarray.c:84 0x3a4ed599 24
2 dynarray.c:95 0x3a4eda79 16
2 path.c:191 0x3a4edaa9 13
2 path.c:205 0x3a4edac9 6
2 path.c:205 0x3a4edae9 7
3 path.c:223 0x3a4edaa9 0x3a4edaa9 13 13
4 path.c:246 0x3a4ed9d9 13
4 path.c:31 0x3a4ed9b9 6
4 path.c:31 0x3a4ed969 7
4 dynarray.c:112 0x3a4ed909 16
4 dynarray.c:113 0x3a4ed989 24
4 path.c:254 0x3a4ed5c9 24
2 path.c:178 0x3a4ed5c9 24
1 dynarray.c:84 0x3a4ed9d9 24
2 dynarray.c:95 0x3a4ed989 24
2 path.c:191 0x3a4edb09 25
2 path.c:205 0x3a4ed969 6
2 path.c:205 0x3a4ed9b9 7
2 path.c:205 0x3a4edb39 12
3 path.c:223 0x3a4edb09 0x3a4edb09 25 25
1 bdtBad5.c:143 0x3a4edb59 32
2 path.c:178 0x3a4edb99 24
1 dynarray.c:84 0x3a4ed909 24
2 dynarray.c:95 0x3a4edbc9 24
2 path.c:191 0x3a4edbf9 25
2 path.c:205 0x3a4edc29 6
2 path.c:205 0x3a4edc49 7
2 path.c:205 0x3a4edc69 12
3 path.c:223 0x3a4edbf9 0x3a4edbf9 25 25
4 path.c:246 0x3a4edb09 25
4 path.c:31 0x3a4ed969 6
4 path.c:31 0x3a4ed9b9 7
4 path.c:31 0x3a4edb39 12
4 dynarray.c:112 0x3a4ed989 24
4 dynarray.c:113 0x3a4ed9d9 24
4 path.c:254 0x3a4ed5c9 24
4 path.c:246 0x3a4ed659 25
4 path.c:31 0x3a4ed6e9 6
4 path.c:31 0x3a4ed889 7
4 path.c:31 0x3a4ed8a9 12
4 dynarray.c:112 0x3a4ed8c9 32
4 dynarray.c:113 0x3a4ed709 24
4 path.c:254 0x3a4ed629 24
2 path.c:128 0x3a4ed629 24
1 dynarray.c:84 0x3a4edb09 24
2 dynarray.c:95 0x3a4ed709 16
2 path.c:90 0x3a4ed8a9 6
1 path.c:143 0x3a4ed6c9 6
2 path.c:178 0x3a4ed5c9 24
1 dynarray.c:84 0x3a4ed659 24
2 dynarray.c:95 0x3a4ed9d9 16
2 path.c:191 0x3a4ed889 6
2 path.c:205 0x3a4edb39 6
3 path.c:223 0x3a4ed889 0x3a4ed889 6 6
4 path.c:246 0x3a4ed889 6
4 path.c:31 0x3a4edb39 6
4 dynarray.c:112 0x3a4ed9d9 16
4 dynarray.c:113 0x3a4ed659 24
4 path.c:254 0x3a4ed5c9 24
4 path.c:246 0x3a4ed6c9 6
4 path.c:31 0x3a4ed8a9 6
4 dynarray.c:112 0x3a4ed709 16
4 dynarray.c:113 0x3a4edb09 24
4 path.c:254 0x3a4ed629 24
2 path.c:128 0x3a4ed629 24
1 dynarray.c:84 0x3a4ed989 24
2 dynarray.c:95 0x3a4edb09 16
2 path.c:90 0x3a4ed8a9 6
2 path.c:90 0x3a4ed6c9 7
1 path.c:143 0x3a4ed6e9 13
2 path.c:178 0x3a4ed5c9 24
1 dynarray.c:84 0x3a4ed709 24
2 dynarray.c:95 0x3a4ed659 16
2 path.c:191 0x3a4edb39 13
2 path.c:205 0x3a4ed9b9 6
3 path.c:223 0x3a4edb39 0x3a4edb39 13 6
4 path.c:246 0x3a4edb39 6
4 path.c:31 0x3a4ed9b9 6
4 dynarray.c:112 0x3a4ed659 16
4 dynarray.c:113 0x3a4ed709 24
4 path.c:254 0x3a4ed5c9 24
2 path.c:178 0x3a4ed5c9 24
1 dynarray.c:84 0x3a4ed9d9 24
2 dynarray.c:95 0x3a4ed709 16
2 path.c:191 0x3a4ed9b9 13
2 path.c:205 0x3a4edb39 6
2 path.c:205 0x3a4ed969 7
3 path.c:223 0x3a4ed9b9 0x3a4ed9b9 13 13
4 path.c:246 0x3a4ed9b9 13
4 path.c:31 0x3a4edb39 6
4 path.c:31 0x3a4ed969 7
4 dynarray.c:112 0x3a4ed709 16
4 dynarray.c:113 0x3a4ed9d9 24
4 path.c:254 0x3a4ed5c9 24
4 path.c:246 0x3a4ed6e9 13
4 path.c:31 0x3a4ed8a9 6
4 path.c:31 0x3a4ed6c9 7
4 dynarray.c:112 0x3a4edb09 16
4 dynarray.c:113 0x3a4ed989 24
4 path.c:254 0x3a4ed629 24
2 path.c:128 0x3a4ed629 24
1 dynarray.c:84 0x3a4ed659 24
2 dynarray.c:95 0x3a4ed989 16
2 path.c:90 0x3a4ed6c9 6
2 path.c:90 0x3a4ed8a9 7
2 path.c:90 0x3a4ed6e9 12
3 dynarray.c:69 0x3a4edc89 0x3a4ed989 16 32
1 path.c:143 0x3a4edb09 25
2 path.c:178 0x3a4ed989 24
1 dynarray.c:84 0x3a4ed5c9 24
2 dynarray.c:95 0x3a4ed9d9 16
2 path.c:191 0x3a4edcc9 25
2 path.c:205 0x3a4ed969 6
3 path.c:223 0x3a4edcc9 0x3a4edcc9 25 6
4 path.c:246 0x3a4edcc9 6
4 path.c:31 0x3a4ed969 6
4 dynarray.c:112 0x3a4ed9d9 16
4 dynarray.c:113 0x3a4ed5c9 24
4 path.c:254 0x3a4ed989 24
2 path.c:178 0x3a4ed989 24
1 dynarray.c:84 0x3a4ed709 24
2 dynarray.c:95 0x3a4ed5c9 16
2 path.c:191 0x3a4edcc9 25
2 path.c:205 0x3a4ed969 6
2 path.c:205 0x3a4edb39 7
3 path.c:223 0x3a4edcc9 0x3a4edcc9 25 13
4 path.c:246 0x3a4edcc9 13
4 path.c:31 0x3a4ed969 6
4 path.c:31 0x3a4edb39 7
4 dynarray.c:112 0x3a4ed5c9 16
4 dynarray.c:113 0x3a4ed709 24
4 path.c:254 0x3a4ed989 24
2 path.c:178 0x3a4ed989 24
1 dynarray.c:84 0x3a4ed9d9 24
2 dynarray.c:95 0x3a4ed709 24
2 path.c:191 0x3a4edcc9 25
2 path.c:205 0x3a4edb39 6
2 path.c:205 0x3a4ed969 7
2 path.c:205 0x3a4ed9b9 12
3 path.c:223 0x3a4edcc9 0x3a4edcc9 25 25
4 path.c:246 0x3a4edcc9 25
4 path.c:31 0x3a4edb39 6
4 path.c:31 0x3a4ed969 7
4 path.c:31 0x3a4ed9b9 12
4 dynarray.c:112 0x3a4ed709 24
4 dynarray.c:113 0x3a4ed9d9 24
4 path.c:254 0x3a4ed989 24
4 path.c:246 0x3a4edb09 25
4 path.c:31 0x3a4ed6c9 6
4 path.c:31 0x3a4ed8a9 7
4 path.c:31 0x3a4ed6e9 12
4 dynarray.c:112 0x3a4edc89 32
4 dynarray.c:113 0x3a4ed659 24
4 path.c:254 0x3a4ed629 24
2 path.c:128 0x3a4ed629 24
1 dynarray.c:84 0x3a4ed5c9 24
2 dynarray.c:95 0x3a4ed659 16
2 path.c:90 0x3a4ed6e9 12
1 path.c:143 0x3a4ed889 12
2 path.c:178 0x3a4ed989 24
1 dynarray.c:84 0x3a4edb09 24
2 dynarray.c:95 0x3a4ed9d9 16
2 path.c:191 0x3a4ed8a9 12
2 path.c:205 0x3a4ed9b9 12
3 path.c:223 0x3a4ed8a9 0x3a4ed8a9 12 12
4 path.c:246 0x3a4ed8a9 12
4 path.c:31 0x3a4ed9b9 12
4 dynarray.c:112 0x3a4ed9d9 16
4 dynarray.c:113 0x3a4edb09 24
4 path.c:254 0x3a4ed989 24
4 path.c:246 0x3a4ed889 12
4 path.c:31 0x3a4ed6e9 12
4 dynarray.c:112 0x3a4ed659 16
4 dynarray.c:113 0x3a4ed5c9 24
4 path.c:254 0x3a4ed629 24
2 path.c:128 0x3a4ed629 24
1 dynarray.c:84 0x3a4ed709 24
2 dynarray.c:95 0x3a4ed5c9 16
2 path.c:90 0x3a4ed6e9 12
1 path.c:143 0x3a4ed6c9 12
2 path.c:178 0x3a4ed989 24
1 dynarray.c:84 0x3a4ed659 24
2 dynarray.c:95 0x3a4edb09 16
2 path.c:191 0x3a4ed889 12
2 path.c:205 0x3a4ed8a9 12
3 path.c:223 0x3a4ed889 0x3a4ed889 12 12
4 path.c:246 0x3a4ed889 12
4 path.c:31 0x3a4ed8a9 12
4 dynarray.c:112 0x3a4edb09 16
4 dynarray.c:113 0x3a4ed659 24
4 path.c:254 0x3a4ed989 24
4 path.c:246 0x3a4ed6c9 12
4 path.c:31 0x3a4ed6e9 12
4 dynarray.c:112 0x3a4ed5c9 16
4 dynarray.c:113 0x3a4ed709 24
4 path.c:254 0x3a4ed629 24
2 path.c:128 0x3a4ed629 24
1 dynarray.c:84 0x3a4ed9d9 24
2 dynarray.c:95 0x3a4ed709 16
2 path.c:90 0x3a4ed6e9 12
1 path.c:143 0x3a4ed9b9 12
2 path.c:178 0x3a4ed989 24
1 dynarray.c:84 0x3a4ed5c9 24
2 dynarray.c:95 0x3a4ed659 16
2 path.c:191 0x3a4ed6c9 12
2 path.c:205 0x3a4ed889 12
3 path.c:223 0x3a4ed6c9 0x3a4ed6c9 12 12
4 path.c:246 0x3a4ed6c9 12
4 path.c:31 0x3a4ed889 12
4 dynarray.c:112 0x3a4ed659 16
4 dynarray.c:113 0x3a4ed5c9 24
4 path.c:254 0x3a4ed989 24
4 path.c:246 0x3a4ed9b9 12
4 path.c:31 0x3a4ed6e9 12
4 dynarray.c:112 0x3a4ed709 16
4 dynarray.c:113 0x3a4ed9d9 24
4 path.c:254 0x3a4ed629 24
2 path.c:128 0x3a4ed629 24
1 dynarray.c:84 0x3a4edb09 24
2 dynarray.c:95 0x3a4ed9d9 16
2 path.c:90 0x3a4ed6e9 6
2 path.c:90 0x3a4ed9b9 8
1 path.c:143 0x3a4ed8a9 14
2 path.c:178 0x3a4ed989 24
1 dynarray.c:84 0x3a4ed709 24
2 dynarray.c:95 0x3a4ed5c9 16
2 path.c:191 0x3a4ed889 14
2 path.c:205 0x3a4ed969 6
3 path.c:223 0x3a4ed889 0x3a4ed889 14 6
4 path.c:246 0x3a4ed889 6
4 path.c:31 0x3a4ed969 6
4 dynarray.c:112 0x3a4ed5c9 16
4 dynarray.c:113 0x3a4ed709 24
4 path.c:254 0x3a4ed989 24
2 path.c:178 0x3a4ed989 24
1 dynarray.c:84 0x3a4ed659 24
2 dynarray.c:95 0x3a4ed709 16
2 path.c:191 0x3a4ed969 14
2 path.c:205 0x3a4ed889 6
2 path.c:205 0x3a4edb39 8
3 path.c:223 0x3a4ed969 0x3a4ed969 14 14
4 path.c:246 0x3a4ed969 14
4 path.c:31 0x3a4ed889 6
4 path.c:31 0x3a4edb39 8
4 dynarray.c:112 0x3a4ed709 16
4 dynarray.c:113 0x3a4ed659 24
4 path.c:254 0x3a4ed989 24
2 path.c:128 0x3a4ed989 24
1 dynarray.c:84 0x3a4ed5c9 24
2 dynarray.c:95 0x3a4ed659 16
2 path.c:90 0x3a4edb39 6
2 path.c:90 0x3a4ed889 7
2 path.c:90 0x3a4ed969 12
3 dynarray.c:69 0x3a4edcf9 0x3a4ed659 16 32
1 path.c:143 0x3a4ed709 25
2 path.c:178 0x3a4ed659 24
1 dynarray.c:84 0x3a4edcc9 24
2 dynarray.c:95 0x3a4edd39 16
2 path.c:191 0x3a4edd69 25
2 path.c:205 0x3a4edd99 6
3 path.c:223 0x3a4edd69 0x3a4edd69 25 6
4 path.c:246 0x3a4edd69 6
4 path.c:31 0x3a4edd99 6
4 dynarray.c:112 0x3a4edd39 16
4 dynarray.c:113 0x3a4edcc9 24
4 path.c:254 0x3a4ed659 24
2 path.c:178 0x3a4ed659 24
1 dynarray.c:84 0x3a4edd69 24
2 dynarray.c:95 0x3a4edcc9 16
2 path.c:191 0x3a4eddb9 25
2 path.c:205 0x3a4edd99 6
2 path.c:205 0x3a4edde9 7
3 path.c:223 0x3a4eddb9 0x3a4eddb9 25 13
4 path.c:246 0x3a4eddb9 13
4 path.c:31 0x3a4edd99 6
4 path.c:31 0x3a4edde9 7
4 dynarray.c:112 0x3a4edcc9 16
4 dynarray.c:113 0x3a4edd69 24
4 path.c:254 0x3a4ed659 24
2 path.c:178 0x3a4ed659 24
1 dynarray.c:84 0x3a4edd39 24
2 dynarray.c:95 0x3a4edd69 24
2 path.c:191 0x3a4eddb9 25
2 path.c:205 0x3a4edde9 6
2 path.c:205 0x3a4edd99 7
2 path.c:205 0x3a4ede09 12
3 path.c:223 0x3a4eddb9 0x3a4eddb9 25 25
4 path.c:246 0x3a4eddb9 25
4 path.c:31 0x3a4edde9 6
4 path.c:31 0x3a4edd99 7
4 path.c:31 0x3a4ede09 12
4 dynarray.c:112 0x3a4edd69 24
4 dynarray.c:113 0x3a4edd39 24
4 path.c:254 0x3a4ed659 24
4 path.c:246 0x3a4ed709 25
4 path.c:31 0x3a4edb39 6
4 path.c:31 0x3a4ed889 7
4 path.c:31 0x3a4ed969 12
4 dynarray.c:112 0x3a4edcf9 32
4 dynarray.c:113 0x3a4ed5c9 24
4 path.c:254 0x3a4ed989 24
2 path.c:128 0x3a4ed989 24
1 dynarray.c:84 0x3a4edcc9 24
2 dynarray.c:95 0x3a4ed5c9 16
2 path.c:90 0x3a4ed969 12
2 path.c:90 0x3a4ed889 6
2 path.c:90 0x3a4edb39 9
3 dynarray.c:69 0x3a4ede29 0x3a4ed5c9 16 32
1 path.c:143 0x3a4ed709 27
2 path.c:178 0x3a4ed5c9 24
1 dynarray.c:84 0x3a4ed659 24
2 dynarray.c:95 0x3a4edd39 16
2 path.c:191 0x3a4eddb9 27
2 path.c:205 0x3a4ede09 12
3 path.c:223 0x3a4eddb9 0x3a4eddb9 27 12
4 path.c:246 0x3a4eddb9 12
4 path.c:31 0x3a4ede09 12
4 dynarray.c:112 0x3a4edd39 16
4 dynarray.c:113 0x3a4ed659 24
4 path.c:254 0x3a4ed5c9 24
4 path.c:246 0x3a4ed709 27
4 path.c:31 0x3a4ed969 12
4 path.c:31 0x3a4ed889 6
4 path.c:31 0x3a4edb39 9
4 dynarray.c:112 0x3a4ede29 32
4 dynarray.c:113 0x3a4edcc9 24
4 path.c:254 0x3a4ed989 24
2 path.c:128 0x3a4ed989 24
1 dynarray.c:84 0x3a4edd69 24
2 dynarray.c:95 0x3a4edcc9 16
2 path.c:90 0x3a4edb39 6
2 path.c:90 0x3a4ed889 8
1 path.c:143 0x3a4ed6c9 14
2 path.c:178 0x3a4ed5c9 24
1 dynarray.c:84 0x3a4ed709 24
2 dynarray.c:95 0x3a4ed659 16
2 path.c:191 0x3a4ed969 14
2 path.c:205 0x3a4edd99 6
3 path.c:223 0x3a4ed969 0x3a4ed969 14 6
4 path.c:246 0x3a4ed969 6
4 path.c:31 0x3a4edd99 6
4 dynarray.c:112 0x3a4ed659 16
4 dynarray.c:113 0x3a4ed709 24
4 path.c:254 0x3a4ed5c9 24
2 path.c:178 0x3a4ed5c9 24
1 dynarray.c:84 0x3a4edd39 24
2 dynarray.c:95 0x3a4ed709 16
2 path.c:191 0x3a4edd99 14
2 path.c:205 0x3a4ed969 6
2 path.c:205 0x3a4edde9 8
3 path.c:223 0x3a4edd99 0x3a4edd99 14 14
4 path.c:246 0x3a4edd99 14
4 path.c:31 0x3a4ed969 6
4 path.c:31 0x3a4edde9 8
4 dynarray.c:112 0x3a4ed709 16
4 dynarray.c:113 0x3a4edd39 24
4 path.c:254 0x3a4ed5c9 24
2 path.c:178 0x3a4ed5c9 24
1 dynarray.c:84 0x3a4ed659 24
2 dynarray.c:95 0x3a4edd39 16
2 path.c:191 0x3a4edde9 14
2 path.c:205 0x3a4ed969 6
2 path.c:205 0x3a4edd99 8
3 path.c:223 0x3a4edde9 0x3a4edde9 14 14
1 bdtBad5.c:143 0x3a4ede29 32
2 path.c:178 0x3a4eddb9 24
1 dynarray.c:84 0x3a4ed709 24
2 dynarray.c:95 0x3a4ede69 16
2 path.c:191 0x3a4ede99 14
2 path.c:205 0x3a4edeb9 6
2 path.c:205 0x3a4eded9 8
3 path.c:223 0x3a4ede99 0x3a4ede99 14 14
4 path.c:246 0x3a4edde9 14
4 path.c:31 0x3a4ed969 6
4 path.c:31 0x3a4edd99 8
4 dynarray.c:112 0x3a4edd39 16
4 dynarray.c:113 0x3a4ed659 24
4 path.c:254 0x3a4ed5c9 24
4 path.c:246 0x3a4ed6c9 14
4 path.c:31 0x3a4edb39 6
4 path.c:31 0x3a4ed889 8
4 dynarray.c:112 0x3a4edcc9 16
4 dynarray.c:113 0x3a4edd69 24
4 path.c:254 0x3a4ed989 24
2 path.c:128 0x3a4ed989 24
1 dynarray.c:84 0x3a4edd39 24
2 dynarray.c:95 0x3a4edd69 16
2 path.c:90 0x3a4ed889 6
2 path.c:90 0x3a4edb39 7
1 path.c:143 0x3a4ede09 13
2 path.c:178 0x3a4ed5c9 24
1 dynarray.c:84 0x3a4edcc9 24
2 dynarray.c:95 0x3a4ed659 16
2 path.c:191 0x3a4ed6c9 13
2 path.c:205 0x3a4ed969 6
3 path.c:223 0x3a4ed6c9 0x3a4ed6c9 13 6
4 path.c:246 0x3a4ed6c9 6
4 path.c:31 0x3a4ed969 6
4 dynarray.c:112 0x3a4ed659 16
4 dynarray.c:113 0x3a4edcc9 24
4 path.c:254 0x3a4ed5c9 24
2 path.c:178 0x3a4ed5c9 24
1 dynarray.c:84 0x3a4ed659 24
2 dynarray.c:95 0x3a4edcc9 16
2 path.c:191 0x3a4ed969 13
2 path.c:205 0x3a4ed6c9 6
2 path.c:205 0x3a4edde9 7
3 path.c:223 0x3a4ed969 0x3a4ed969 13 13
4 path.c:246 0x3a4ed969 13
4 path.c:31 0x3a4ed6c9 6
4 path.c:31 0x3a4edde9 7
4 dynarray.c:112 0x3a4edcc9 16
4 dynarray.c:113 0x3a4ed659 24
4 path.c:254 0x3a4ed5c9 24
2 path.c:178 0x3a4ed5c9 24
1 dynarray.c:84 0x3a4edcc9 24
2 dynarray.c:95 0x3a4ed659 16
2 path.c:191 0x3a4edde9 13
2 path.c:205 0x3a4ed6c9 6
2 path.c:205 0x3a4ed969 7
3 path.c:223 0x3a4edde9 0x3a4edde9 13 13
1 bdtBad5.c:143 0x3a4edcf9 32
2 path.c:178 0x3a4edef9 24
1 dynarray.c:84 0x3a4ed939 24
2 dynarray.c:95 0x3a4edf29 16
2 path.c:191 0x3a4edf59 13
2 path.c:205 0x3a4edf79 6
2 path.c:205 0x3a4edf99 7
3 path.c:223 0x3a4edf59 0x3a4edf59 13 13
4 path.c:246 0x3a4edf59 13
4 path.c:31 0x3a4edf79 6
4 path.c:31 0x3a4edf99 7
4 dynarray.c:112 0x3a4edf29 16
4 dynarray.c:113 0x3a4ed939 24
4 path.c:254 0x3a4edef9 24
4 bdtBad5.c:193 0x3a4edcf9 32
4 path.c:246 0x3a4ede09 13
4 path.c:31 0x3a4ed889 6
4 path.c:31 0x3a4edb39 7
4 dynarray.c:112 0x3a4edd69 16
4 dynarray.c:113 0x3a4edd39 24
4 path.c:254 0x3a4ed989 24
4 path.c:246 0x3a4edde9 13
4 path.c:31 0x3a4ed6c9 6
4 path.c:31 0x3a4ed969 7
4 dynarray.c:112 0x3a4ed659 16
4 dynarray.c:113 0x3a4edcc9 24
4 path.c:254 0x3a4ed5c9 24
2 path.c:128 0x3a4ed5c9 24
1 dynarray.c:84 0x3a4ed939 24
2 dynarray.c:95 0x3a4edcc9 16
2 path.c:90 0x3a4ed969 6
2 path.c:90 0x3a4ed6c9 4
2 path.c:90 0x3a4edde9 5
3 dynarray.c:69 0x3a4edfb9 0x3a4edcc9 16 32
2 path.c:90 0x3a4edb39 7
1 path.c:143 0x3a4ed659 22
2 path.c:178 0x3a4edcc9 24
1 dynarray.c:84 0x3a4ed989 24
2 dynarray.c:95 0x3a4edd39 16
2 path.c:191 0x3a4edef9 22
2 path.c:205 0x3a4ed889 6
3 path.c:223 0x3a4edef9 0x3a4edef9 22 6
4 path.c:246 0x3a4edef9 6
4 path.c:31 0x3a4ed889 6
4 dynarray.c:112 0x3a4edd39 16
4 dynarray.c:113 0x3a4ed989 24
4 path.c:254 0x3a4edcc9 24
2 path.c:178 0x3a4edcc9 24
1 dynarray.c:84 0x3a4edd69 24
2 dynarray.c:95 0x3a4ed989 16
2 path.c:191 0x3a4edef9 22
2 path.c:205 0x3a4ed889 6
2 path.c:205 0x3a4ede09 4
3 path.c:223 0x3a4edef9 0x3a4edef9 22 10
4 path.c:246 0x3a4edef9 10
4 path.c:31 0x3a4ed889 6
4 path.c:31 0x3a4ede09 4
4 dynarray.c:112 0x3a4ed989 16
4 dynarray.c:113 0x3a4edd69 24
4 path.c:254 0x3a4edcc9 24
2 path.c:178 0x3a4edcc9 24
1 dynarray.c:84 0x3a4edd39 24
2 dynarray.c:95 0x3a4edd69 16
2 path.c:191 0x3a4edef9 22
2 path.c:205 0x3a4ede09 6
2 path.c:205 0x3a4ed889 4
3 path.c:223 0x3a4edef9 0x3a4edef9 22 10
1 bdtBad5.c:143 0x3a4edcf9 32
2 path.c:178 0x3a4edff9 24
1 dynarray.c:84 0x3a4ed989 24
2 dynarray.c:95 0x3a4ee029 16
2 path.c:191 0x3a4edf99 10
2 path.c:205 0x3a4edf79 6
2 path.c:205 0x3a4edf59 4
3 path.c:223 0x3a4edf99 0x3a4edf99 10 10
4 path.c:246 0x3a4edf99 10
4 path.c:31 0x3a4edf79 6
4 path.c:31 0x3a4edf59 4
4 dynarray.c:112 0x3a4ee029 16
4 dynarray.c:113 0x3a4ed989 24
4 path.c:254 0x3a4edff9 24
4 bdtBad5.c:193 0x3a4edcf9 32
4 path.c:246 0x3a4ed659 22
4 path.c:31 0x3a4ed969 6
4 path.c:31 0x3a4ed6c9 4
4 path.c:31 0x3a4edde9 5
4 path.c:31 0x3a4edb39 7
4 dynarray.c:112 0x3a4edfb9 32
4 dynarray.c:113 0x3a4ed939 24
4 path.c:254 0x3a4ed5c9 24
4 path.c:246 0x3a4edef9 10
4 path.c:31 0x3a4ede09 6
4 path.c:31 0x3a4ed889 4
4 dynarray.c:112 0x3a4edd69 16
4 dynarray.c:113 0x3a4edd39 24
4 path.c:254 0x3a4edcc9 24
2 path.c:128 0x3a4edcc9 24
1 dynarray.c:84 0x3a4ee029 24
2 dynarray.c:95 0x3a4edd39 16
2 path.c:90 0x3a4ed889 6
1 path.c:143 0x3a4edd99 6
2 path.c:178 0x3a4edef9 24
1 dynarray.c:84 0x3a4edd69 24
2 dynarray.c:95 0x3a4ed5c9 16
2 path.c:191 0x3a4ede09 6
2 path.c:205 0x3a4edde9 6
3 path.c:223 0x3a4ede09 0x3a4ede09 6 6
4 path.c:246 0x3a4ede09 6
4 path.c:31 0x3a4edde9 6
4 dynarray.c:112 0x3a4ed5c9 16
4 dynarray.c:113 0x3a4edd69 24
4 path.c:254 0x3a4edef9 24
4 path.c:246 0x3a4edd99 6
4 path.c:31 0x3a4ed889 6
4 dynarray.c:112 0x3a4edd39 16
4 dynarray.c:113 0x3a4ee029 24
4 path.c:254 0x3a4edcc9 24
2 path.c:128 0x3a4edcc9 24
1 dynarray.c:84 0x3a4ed939 24
2 dynarray.c:95 0x3a4ee029 16
2 path.c:90 0x3a4ed889 6
2 path.c:90 0x3a4edd99 7
1 path.c:143 0x3a4edb39 13
2 path.c:178 0x3a4edef9 24
1 dynarray.c:84 0x3a4edd39 24
2 dynarray.c:95 0x3a4edd69 16
2 path.c:191 0x3a4edde9 13
2 path.c:205 0x3a4ed6c9 6
3 path.c:223 0x3a4edde9 0x3a4edde9 13 6
4 path.c:246 0x3a4edde9 6
4 path.c:31 0x3a4ed6c9 6
4 dynarray.c:112 0x3a4edd69 16
4 dynarray.c:113 0x3a4edd39 24
4 path.c:254 0x3a4edef9 24
2 path.c:178 0x3a4edef9 24
1 dynarray.c:84 0x3a4ed5c9 24
2 dynarray.c:95 0x3a4edd39 16
2 path.c:191 0x3a4ed6c9 13
2 path.c:205 0x3a4edde9 6
2 path.c:205 0x3a4ed969 7
3 path.c:223 0x3a4ed6c9 0x3a4ed6c9 13 13
4 path.c:246 0x3a4ed6c9 13
4 path.c:31 0x3a4edde9 6
4 path.c:31 0x3a4ed969 7
4 dynarray.c:112 0x3a4edd39 16
4 dynarray.c:113 0x3a4ed5c9 24
4 path.c:254 0x3a4edef9 24
4 path.c:246 0x3a4edb39 13
4 path.c:31 0x3a4ed889 6
4 path.c:31 0x3a4edd99 7
4 dynarray.c:112 0x3a4ee029 16
4 dynarray.c:113 0x3a4ed939 24
4 path.c:254 0x3a4edcc9 24
2 path.c:128 0x3a4edcc9 24
1 dynarray.c:84 0x3a4edd69 24
2 dynarray.c:95 0x3a4ed939 16
2 path.c:90 0x3a4edd99 6
2 path.c:90 0x3a4ed889 8
1 path.c:143 0x3a4ede09 14
2 path.c:178 0x3a4edef9 24
1 dynarray.c:84 0x3a4ee029 24
2 dynarray.c:95 0x3a4ed5c9 16
2 path.c:191 0x3a4edb39 14
2 path.c:205 0x3a4edde9 6
3 path.c:223 0x3a4edb39 0x3a4edb39 14 6
4 path.c:246 0x3a4edb39 6
4 path.c:31 0x3a4edde9 6
4 dynarray.c:112 0x3a4ed5c9 16
4 dynarray.c:113 0x3a4ee029 24
4 path.c:254 0x3a4edef9 24
2 path.c:178 0x3a4edef9 24
1 dynarray.c:84 0x3a4edd39 24
2 dynarray.c:95 0x3a4ee029 16
2 path.c:191 0x3a4edde9 14
2 path.c:205 0x3a4edb39 6
2 path.c:205 0x3a4ed6c9 8
3 path.c:223 0x3a4edde9 0x3a4edde9 14 14
4 path.c:246 0x3a4edde9 14
4 path.c:31 0x3a4edb39 6
4 path.c:31 0x3a4ed6c9 8
4 dynarray.c:112 0x3a4ee029 16
4 dynarray.c:113 0x3a4edd39 24
4 path.c:254 0x3a4edef9 24
4 path.c:246 0x3a4ede09 14
4 path.c:31 0x3a4edd99 6
4 path.c:31 0x3a4ed889 8
4 dynarray.c:112 0x3a4ed939 16
4 dynarray.c:113 0x3a4edd69 24
4 path.c:254 0x3a4edcc9 24
2 path.c:128 0x3a4edcc9 24
1 dynarray.c:84 0x3a4ed5c9 24
2 dynarray.c:95 0x3a4edd69 16
2 path.c:90 0x3a4ed889 6
2 path.c:90 0x3a4edd99 7
1 path.c:143 0x3a4ed969 13
2 path.c:178 0x3a4edef9 24
1 dynarray.c:84 0x3a4ed939 24
2 dynarray.c:95 0x3a4edd39 16
2 path.c:191 0x3a4ede09 13
2 path.c:205 0x3a4edb39 6
3 path.c:223 0x3a4ede09 0x3a4ede09 13 6
4 path.c:246 0x3a4ede09 6
4 path.c:31 0x3a4edb39 6
4 dynarray.c:112 0x3a4edd39 16
4 dynarray.c:113 0x3a4ed939 24
4 path.c:254 0x3a4edef9 24
2 path.c:178 0x3a4edef9 24
1 dynarray.c:84 0x3a4ee029 24
2 dynarray.c:95 0x3a4ed939 16
2 path.c:191 0x3a4edb39 13
2 path.c:205 0x3a4ede09 6
2 path.c:205 0x3a4edde9 7
3 path.c:223 0x3a4edb39 0x3a4edb39 13 13
4 path.c:246 0x3a4edb39 13
4 path.c:31 0x3a4ede09 6
4 path.c:31 0x3a4edde9 7
4 dynarray.c:112 0x3a4ed939 16
4 dynarray.c:113 0x3a4ee029 24
4 path.c:254 0x3a4edef9 24
2 path.c:128 0x3a4edef9 24
1 dynarray.c:84 0x3a4edd39 24
2 dynarray.c:95 0x3a4ee029 16
2 path.c:90 0x3a4edde9 6
2 path.c:90 0x3a4ede09 4
1 path.c:143 0x3a4ed6c9 10
2 path.c:178 0x3a4ed659 24
1 dynarray.c:84 0x3a4ed939 24
2 dynarray.c:95 0x3a4edff9 16
2 path.c:191 0x3a4edb39 10
2 path.c:205 0x3a4edf79 6
3 path.c:223 0x3a4edb39 0x3a4edb39 10 6
4 path.c:246 0x3a4edb39 6
4 path.c:31 0x3a4edf79 6
4 dynarray.c:112 0x3a4edff9 16
4 dynarray.c:113 0x3a4ed939 24
4 path.c:254 0x3a4ed659 24
2 path.c:178 0x3a4ed659 24
1 dynarray.c:84 0x3a4ed989 24
2 dynarray.c:95 0x3a4ed939 16
2 path.c:191 0x3a4edf79 10
2 path.c:205 0x3a4edb39 6
2 path.c:205 0x3a4edf99 4
3 path.c:223 0x3a4edf79 0x3a4edf79 10 10
4 path.c:246 0x3a4edf79 10
4 path.c:31 0x3a4edb39 6
4 path.c:31 0x3a4edf99 4
4 dynarray.c:112 0x3a4ed939 16
4 dynarray.c:113 0x3a4ed989 24
4 path.c:254 0x3a4ed659 24
2 path.c:128 0x3a4ed659 24
1 dynarray.c:84 0x3a4edff9 24
2 dynarray.c:95 0x3a4ed989 16
2 path.c:90 0x3a4edf99 6
2 path.c:90 0x3a4edb39 4
2 path.c:90 0x3a4edf79 5
3 dynarray.c:69 0x3a4ee059 0x3a4ed989 16 32
1 path.c:143 0x3a4ed939 15
2 path.c:178 0x3a4ed989 24
1 dynarray.c:84 0x3a4edf29 24
2 dynarray.c:95 0x3a4ee099 16
2 path.c:191 0x3a4ee0c9 15
2 path.c:205 0x3a4ee0f9 6
3 path.c:223 0x3a4ee0c9 0x3a4ee0c9 15 6
4 path.c:246 0x3a4ee0c9 6
4 path.c:31 0x3a4ee0f9 6
4 dynarray.c:112 0x3a4ee099 16
4 dynarray.c:113 0x3a4edf29 24
4 path.c:254 0x3a4ed989 24
2 path.c:178 0x3a4ed989 24
1 dynarray.c:84 0x3a4ee099 24
2 dynarray.c:95 0x3a4edf29 16
2 path.c:191 0x3a4ee119 15
2 path.c:205 0x3a4ee0f9 6
2 path.c:205 0x3a4ee149 4
3 path.c:223 0x3a4ee119 0x3a4ee119 15 10
4 path.c:246 0x3a4ee119 10
4 path.c:31 0x3a4ee0f9 6
4 path.c:31 0x3a4ee149 4
4 dynarray.c:112 0x3a4edf29 16
4 dynarray.c:113 0x3a4ee099 24
4 path.c:254 0x3a4ed989 24
2 path.c:128 0x3a4ed989 24
1 dynarray.c:84 0x3a4ee119 24
2 dynarray.c:95 0x3a4ee099 16
2 path.c:90 0x3a4ee149 6
2 path.c:90 0x3a4ee0f9 4
2 path.c:90 0x3a4ee169 5
3 dynarray.c:69 0x3a4ee189 0x3a4ee099 16 32
2 path.c:90 0x3a4ee1c9 7
1 path.c:143 0x3a4edf29 22
2 path.c:178 0x3a4ee099 24
1 dynarray.c:84 0x3a4ee0c9 24
2 dynarray.c:95 0x3a4ee1e9 16
2 path.c:191 0x3a4ee219 22
2 path.c:205 0x3a4ee249 6
3 path.c:223 0x3a4ee219 0x3a4ee219 22 6
4 path.c:246 0x3a4ee219 6
4 path.c:31 0x3a4ee249 6
4 dynarray.c:112 0x3a4ee1e9 16
4 dynarray.c:113 0x3a4ee0c9 24
4 path.c:254 0x3a4ee099 24
2 path.c:178 0x3a4ee099 24
1 dynarray.c:84 0x3a4ee1e9 24
2 dynarray.c:95 0x3a4ee0c9 16
2 path.c:191 0x3a4ee269 22
2 path.c:205 0x3a4ee249 6
2 path.c:205 0x3a4ee299 4
3 path.c:223 0x3a4ee269 0x3a4ee269 22 10
4 path.c:246 0x3a4ee269 10
4 path.c:31 0x3a4ee249 6
4 path.c:31 0x3a4ee299 4
4 dynarray.c:112 0x3a4ee0c9 16
4 dynarray.c:113 0x3a4ee1e9 24
4 path.c:254 0x3a4ee099 24
1 dynarray.c:84 0x3a4ee269 24
2 dynarray.c:95 0x3a4ee2b9 32
1 bdtBad5.c:662 0x3a4ee2f9 59
4 dynarray.c:112 0x3a4ee2b9 32
4 dynarray.c:113 0x3a4ee269 24
4 bdt_client.c:82 0x3a4ee2f9 59
2 path.c:128 0x3a4ee099 24
1 dynarray.c:84 0x3a4ee269 24
2 dynarray.c:95 0x3a4ee1e9 16
2 path.c:90 0x3a4ee299 6
2 path.c:90 0x3a4ee249 7
2 path.c:90 0x3a4ee349 12
3 dynarray.c:69 0x3a4ee369 0x3a4ee1e9 16 32
1 path.c:143 0x3a4ee0c9 25
2 path.c:178 0x3a4ee1e9 24
1 dynarray.c:84 0x3a4ee219 24
2 dynarray.c:95 0x3a4ee3a9 16
2 path.c:191 0x3a4ee3d9 25
2 path.c:205 0x3a4ee409 6
3 path.c:223 0x3a4ee3d9 0x3a4ee3d9 25 6
4 path.c:246 0x3a4ee3d9 6
4 path.c:31 0x3a4ee409 6
4 dynarray.c:112 0x3a4ee3a9 16
4 dynarray.c:113 0x3a4ee219 24
4 path.c:254 0x3a4ee1e9 24
2 path.c:178 0x3a4ee1e9 24
1 dynarray.c:84 0x3a4ee3a9 24
2 dynarray.c:95 0x3a4ee219 16
2 path.c:191 0x3a4ee429 25
2 path.c:205 0x3a4ee409 6
2 path.c:205 0x3a4ee459 7
3 path.c:223 0x3a4ee429 0x3a4ee429 25 13
4 path.c:246 0x3a4ee429 13
4 path.c:31 0x3a4ee409 6
4 path.c:31 0x3a4ee459 7
4 dynarray.c:112 0x3a4ee219 16
4 dynarray.c:113 0x3a4ee3a9 24
4 path.c:254 0x3a4ee1e9 24
2 path.c:178 0x3a4ee1e9 24
1 dynarray.c:84 0x3a4ee429 24
2 dynarray.c:95 0x3a4ee3a9 24
2 path.c:191 0x3a4ee479 25
2 path.c:205 0x3a4ee459 6
2 path.c:205 0x3a4ee409 7
2 path.c:205 0x3a4ee4a9 12
3 path.c:223 0x3a4ee479 0x3a4ee479 25 25
4 path.c:246 0x3a4ee479 25
4 path.c:31 0x3a4ee459 6
4 path.c:31 0x3a4ee409 7
4 path.c:31 0x3a4ee4a9 12
4 dynarray.c:112 0x3a4ee3a9 24
4 dynarray.c:113 0x3a4ee429 24
4 path.c:254 0x3a4ee1e9 24
4 path.c:246 0x3a4ee0c9 25
4 path.c:31 0x3a4ee299 6
4 path.c:31 0x3a4ee249 7
4 path.c:31 0x3a4ee349 12
4 dynarray.c:112 0x3a4ee369 32
4 dynarray.c:113 0x3a4ee269 24
4 path.c:254 0x3a4ee099 24
2 path.c:128 0x3a4ee099 24
1 dynarray.c:84 0x3a4ee219 24
2 dynarray.c:95 0x3a4ee269 16
2 path.c:90 0x3a4ee349 6
2 path.c:90 0x3a4ee249 8
2 path.c:90 0x3a4ee299 12
3 dynarray.c:69 0x3a4ee4c9 0x3a4ee269 16 32
1 path.c:143 0x3a4ee0c9 26
2 path.c:178 0x3a4ee269 24
1 dynarray.c:84 0x3a4ee1e9 24
2 dynarray.c:95 0x3a4ee429 16
2 path.c:191 0x3a4ee479 26
2 path.c:205 0x3a4ee4a9 6
3 path.c:223 0x3a4ee479 0x3a4ee479 26 6
4 path.c:246 0x3a4ee479 6
4 path.c:31 0x3a4ee4a9 6
4 dynarray.c:112 0x3a4ee429 16
4 dynarray.c:113 0x3a4ee1e9 24
4 path.c:254 0x3a4ee269 24
2 path.c:178 0x3a4ee269 24
1 dynarray.c:84 0x3a4ee3a9 24
2 dynarray.c:95 0x3a4ee1e9 16
2 path.c:191 0x3a4ee479 26
2 path.c:205 0x3a4ee4a9 6
2 path.c:205 0x3a4ee409 8
3 path.c:223 0x3a4ee479 0x3a4ee479 26 14
4 path.c:246 0x3a4ee479 14
4 path.c:31 0x3a4ee4a9 6
4 path.c:31 0x3a4ee409 8
4 dynarray.c:112 0x3a4ee1e9 16
4 dynarray.c:113 0x3a4ee3a9 24
4 path.c:254 0x3a4ee269 24
2 path.c:178 0x3a4ee269 24
1 dynarray.c:84 0x3a4ee429 24
2 dynarray.c:95 0x3a4ee3a9 24
2 path.c:191 0x3a4ee479 26
2 path.c:205 0x3a4ee409 6
2 path.c:205 0x3a4ee4a9 8
2 path.c:205 0x3a4ee459 12
3 path.c:223 0x3a4ee479 0x3a4ee479 26 26
4 path.c:246 0x3a4ee479 26
4 path.c:31 0x3a4ee409 6
4 path.c:31 0x3a4ee4a9 8
4 path.c:31 0x3a4ee459 12
4 dynarray.c:112 0x3a4ee3a9 24
4 dynarray.c:113 0x3a4ee429 24
4 path.c:254 0x3a4ee269 24
2 path.c:128 0x3a4ee269 24
1 dynarray.c:84 0x3a4ee1e9 24
2 dynarray.c:95 0x3a4ee429 16
2 path.c:90 0x3a4ee459 6
2 path.c:90 0x3a4ee4a9 8
2 path.c:90 0x3a4ee409 12
3 dynarray.c:69 0x3a4ee509 0x3a4ee429 16 32
1 path.c:143 0x3a4ee3a9 26
2 path.c:178 0x3a4ee429 24
1 dynarray.c:84 0x3a4ee479 24
2 dynarray.c:95 0x3a4ee549 16
2 path.c:191 0x3a4ee579 26
2 path.c:205 0x3a4ee5a9 6
3 path.c:223 0x3a4ee579 0x3a4ee579 26 6
4 path.c:246 0x3a4ee579 6
4 path.c:31 0x3a4ee5a9 6
4 dynarray.c:112 0x3a4ee549 16
4 dynarray.c:113 0x3a4ee479 24
4 path.c:254 0x3a4ee429 24
2 path.c:178 0x3a4ee429 24
1 dynarray.c:84 0x3a4ee579 24
2 dynarray.c:95 0x3a4ee479 16
2 path.c:191 0x3a4ee5c9 26
2 path.c:205 0x3a4ee5a9 6
2 path.c:205 0x3a4ee5f9 8
3 path.c:223 0x3a4ee5c9 0x3a4ee5c9 26 14
4 path.c:246 0x3a4ee5c9 14
4 path.c:31 0x3a4ee5a9 6
4 path.c:31 0x3a4ee5f9 8
4 dynarray.c:112 0x3a4ee479 16
4 dynarray.c:113 0x3a4ee579 24
4 path.c:254 0x3a4ee429 24
2 path.c:178 0x3a4ee429 24
1 dynarray.c:84 0x3a4ee549 24
2 dynarray.c:95 0x3a4ee579 24
2 path.c:191 0x3a4ee5c9 26
2 path.c:205 0x3a4ee5f9 6
2 path.c:205 0x3a4ee5a9 8
2 path.c:205 0x3a4ee619 12
3 path.c:223 0x3a4ee5c9 0x3a4ee5c9 26 26
4 path.c:246 0x3a4ee5c9 26
4 path.c:31 0x3a4ee5f9 6
4 path.c:31 0x3a4ee5a9 8
4 path.c:31 0x3a4ee619 12
4 dynarray.c:112 0x3a4ee579 24
4 dynarray.c:113 0x3a4ee549 24
4 path.c:254 0x3a4ee429 24
2 path.c:178 0x3a4ee429 24
1 dynarray.c:84 0x3a4ee479 24
2 dynarray.c:95 0x3a4ee549 24
2 path.c:191 0x3a4ee5c9 26
2 path.c:205 0x3a4ee619 6
2 path.c:205 0x3a4ee5a9 8
2 path.c:205 0x3a4ee5f9 12
3 path.c:223 0x3a4ee5c9 0x3a4ee5c9 26 26
1 bdtBad5.c:143 0x3a4ee369 32
2 path.c:178 0x3a4ee639 24
1 dynarray.c:84 0x3a4ee579 24
2 dynarray.c:95 0x3a4ee669 24
2 path.c:191 0x3a4ee699 26
2 path.c:205 0x3a4ee6c9 6
2 path.c:205 0x3a4ee6e9 8
2 path.c:205 0x3a4ee709 12
3 path.c:223 0x3a4ee699 0x3a4ee699 26 26
4 path.c:246 0x3a4ee5c9 26
4 path.c:31 0x3a4ee619 6
4 path.c:31 0x3a4ee5a9 8
4 path.c:31 0x3a4ee5f9 12
4 dynarray.c:112 0x3a4ee549 24
4 dynarray.c:113 0x3a4ee479 24
4 path.c:254 0x3a4ee429 24
4 path.c:246 0x3a4ee3a9 26
4 path.c:31 0x3a4ee459 6
4 path.c:31 0x3a4ee4a9 8
4 path.c:31 0x3a4ee409 12
4 dynarray.c:112 0x3a4ee509 32
4 dynarray.c:113 0x3a4ee1e9 24
4 path.c:254 0x3a4ee269 24
2 path.c:128 0x3a4ee269 24
1 dynarray.c:84 0x3a4ee5c9 24
2 dynarray.c:95 0x3a4ee1e9 16
2 path.c:90 0x3a4ee409 6
2 path.c:90 0x3a4ee4a9 7
2 path.c:90 0x3a4ee459 12
3 dynarray.c:69 0x3a4ee729 0x3a4ee1e9 16 32
1 path.c:143 0x3a4ee3a9 25
2 path.c:178 0x3a4ee1e9 24
1 dynarray.c:84 0x3a4ee429 24
2 dynarray.c:95 0x3a4ee479 16
2 path.c:191 0x3a4ee769 25
2 path.c:205 0x3a4ee5f9 6
3 path.c:223 0x3a4ee769 0x3a4ee769 25 6
4 path.c:246 0x3a4ee769 6
4 path.c:31 0x3a4ee5f9 6
4 dynarray.c:112 0x3a4ee479 16
4 dynarray.c:113 0x3a4ee429 24
4 path.c:254 0x3a4ee1e9 24
2 path.c:178 0x3a4ee1e9 24
1 dynarray.c:84 0x3a4ee549 24
2 dynarray.c:95 0x3a4ee429 16
2 path.c:191 0x3a4ee769 25
2 path.c:205 0x3a4ee5f9 6
2 path.c:205 0x3a4ee5a9 7
3 path.c:223 0x3a4ee769 0x3a4ee769 25 13
4 path.c:246 0x3a4ee769 13
4 path.c:31 0x3a4ee5f9 6
4 path.c:31 0x3a4ee5a9 7
4 dynarray.c:112 0x3a4ee429 16
4 dynarray.c:113 0x3a4ee549 24
4 path.c:254 0x3a4ee1e9 24
2 path.c:178 0x3a4ee1e9 24
1 dynarray.c:84 0x3a4ee479 24
2 dynarray.c:95 0x3a4ee549 24
2 path.c:191 0x3a4ee769 25
2 path.c:205 0x3a4ee5a9 6
2 path.c:205 0x3a4ee5f9 7
2 path.c:205 0x3a4ee619 12
3 path.c:223 0x3a4ee769 0x3a4ee769 25 25
4 path.c:246 0x3a4ee769 25
4 path.c:31 0x3a4ee5a9 6
4 path.c:31 0x3a4ee5f9 7
4 path.c:31 0x3a4ee619 12
4 dynarray.c:112 0x3a4ee549 24
4 dynarray.c:113 0x3a4ee479 24
4 path.c:254 0x3a4ee1e9 24
4 path.c:246 0x3a4ee3a9 25
4 path.c:31 0x3a4ee409 6
4 path.c:31 0x3a4ee4a9 7
4 path.c:31 0x3a4ee459 12
4 dynarray.c:112 0x3a4ee729 32
4 dynarray.c:113 0x3a4ee5c9 24
4 path.c:254 0x3a4ee269 24
2 path.c:128 0x3a4ee269 24
1 dynarray.c:84 0x3a4ee429 24
2 dynarray.c:95 0x3a4ee5c9 16
2 path.c:90 0x3a4ee459 6
2 path.c:90 0x3a4ee4a9 8
2 path.c:90 0x3a4ee409 12
3 dynarray.c:69 0x3a4ee799 0x3a4ee5c9 16 32
1 path.c:143 0x3a4ee3a9 26
2 path.c:178 0x3a4ee5c9 24
1 dynarray.c:84 0x3a4ee1e9 24
2 dynarray.c:95 0x3a4ee479 16
2 path.c:191 0x3a4ee769 26
2 path.c:205 0x3a4ee619 6
3 path.c:223 0x3a4ee769 0x3a4ee769 26 6
4 path.c:246 0x3a4ee769 6
4 path.c:31 0x3a4ee619 6
4 dynarray.c:112 0x3a4ee479 16
4 dynarray.c:113 0x3a4ee1e9 24
4 path.c:254 0x3a4ee5c9 24
2 path.c:178 0x3a4ee5c9 24
1 dynarray.c:84 0x3a4ee549 24
2 dynarray.c:95 0x3a4ee1e9 16
2 path.c:191 0x3a4ee769 26
2 path.c:205 0x3a4ee619 6
2 path.c:205 0x3a4ee5f9 8
3 path.c:223 0x3a4ee769 0x3a4ee769 26 14
4 path.c:246 0x3a4ee769 14
4 path.c:31 0x3a4ee619 6
4 path.c:31 0x3a4ee5f9 8
4 dynarray.c:112 0x3a4ee1e9 16
4 dynarray.c:113 0x3a4ee549 24
4 path.c:254 0x3a4ee5c9 24
2 path.c:178 0x3a4ee5c9 24
1 dynarray.c:84 0x3a4ee479 24
2 dynarray.c:95 0x3a4ee549 24
2 path.c:191 0x3a4ee769 26
2 path.c:205 0x3a4ee5f9 6
2 path.c:205 0x3a4ee619 8
2 path.c:205 0x3a4ee5a9 12
3 path.c:223 0x3a4ee769 0x3a4ee769 26 26
4 path.c:246 0x3a4ee769 26
4 path.c:31 0x3a4ee5f9 6
4 path.c:31 0x3a4ee619 8
4 path.c:31 0x3a4ee5a9 12
4 dynarray.c:112 0x3a4ee549 24
4 dynarray.c:113 0x3a4ee479 24
4 path.c:254 0x3a4ee5c9 24
4 path.c:246 0x3a4ee3a9 26
4 path.c:31 0x3a4ee459 6
4 path.c:31 0x3a4ee4a9 8
4 path.c:31 0x3a4ee409 12
4 dynarray.c:112 0x3a4ee799 32
4 dynarray.c:113 0x3a4ee429 24
4 path.c:254 0x3a4ee269 24
2 path.c:128 0x3a4ee269 24
1 dynarray.c:84 0x3a4ee1e9 24
2 dynarray.c:95 0x3a4ee429 16
2 path.c:90 0x3a4ee409 6
2 path.c:90 0x3a4ee4a9 8
2 path.c:90 0x3a4ee459 12
3 dynarray.c:69 0x3a4ee799 0x3a4ee429 16 32
1 path.c:143 0x3a4ee3a9 26
2 path.c:178 0x3a4ee429 24
1 dynarray.c:84 0x3a4ee5c9 24
2 dynarray.c:95 0x3a4ee479 16
2 path.c:191 0x3a4ee769 26
2 path.c:205 0x3a4ee5a9 6
3 path.c:223 0x3a4ee769 0x3a4ee769 26 6
4 path.c:246 0x3a4ee769 6
4 path.c:31 0x3a4ee5a9 6
4 dynarray.c:112 0x3a4ee479 16
4 dynarray.c:113 0x3a4ee5c9 24
4 path.c:254 0x3a4ee429 24
2 path.c:178 0x3a4ee429 24
1 dynarray.c:84 0x3a4ee549 24
2 dynarray.c:95 0x3a4ee5c9 16
2 path.c:191 0x3a4ee769 26
2 path.c:205 0x3a4ee5a9 6
2 path.c:205 0x3a4ee619 8
3 path.c:223 0x3a4ee769 0x3a4ee769 26 14
4 path.c:246 0x3a4ee769 14
4 path.c:31 0x3a4ee5a9 6
4 path.c:31 0x3a4ee619 8
4 dynarray.c:112 0x3a4ee5c9 16
4 dynarray.c:113 0x3a4ee549 24
4 path.c:254 0x3a4ee429 24
2 path.c:178 0x3a4ee429 24
1 dynarray.c:84 0x3a4ee479 24
2 dynarray.c:95 0x3a4ee549 24
2 path.c:191 0x3a4ee769 26
2 path.c:205 0x3a4ee619 6
2 path.c:205 0x3a4ee5a9 8
2 path.c:205 0x3a4ee5f9 12
3 path.c:223 0x3a4ee769 0x3a4ee769 26 26
4 path.c:246 0x3a4ee769 26
4 path.c:31 0x3a4ee619 6
4 path.c:31 0x3a4ee5a9 8
4 path.c:31 0x3a4ee5f9 12
4 dynarray.c:112 0x3a4ee549 24
4 dynarray.c:113 0x3a4ee479 24
4 path.c:254 0x3a4ee429 24
4 path.c:246 0x3a4ee3a9 26
4 path.c:31 0x3a4ee409 6
4 path.c:31 0x3a4ee4a9 8
4 path.c:31 0x3a4ee459 12
4 dynarray.c:112 0x3a4ee799 32
4 dynarray.c:113 0x3a4ee1e9 24
4 path.c:254 0x3a4ee269 24
2 path.c:128 0x3a4ee269 24
1 dynarray.c:84 0x3a4ee5c9 24
2 dynarray.c:95 0x3a4ee1e9 16
2 path.c:90 0x3a4ee459 6
2 path.c:90 0x3a4ee4a9 8
2 path.c:90 0x3a4ee409 12
3 dynarray.c:69 0x3a4ee799 0x3a4ee1e9 16 32
2 path.c:90 0x3a4ee5f9 6
1 path.c:143 0x3a4ee729 32
2 path.c:178 0x3a4ee1e9 24
1 dynarray.c:84 0x3a4ee3a9 24
2 dynarray.c:95 0x3a4ee429 16
2 path.c:191 0x3a4ee7d9 32
2 path.c:205 0x3a4ee5a9 6
3 path.c:223 0x3a4ee7d9 0x3a4ee7d9 32 6
4 path.c:246 0x3a4ee7d9 6
4 path.c:31 0x3a4ee5a9 6
4 dynarray.c:112 0x3a4ee429 16
4 dynarray.c:113 0x3a4ee3a9 24
4 path.c:254 0x3a4ee1e9 24
2 path.c:178 0x3a4ee1e9 24
1 dynarray.c:84 0x3a4ee479 24
2 dynarray.c:95 0x3a4ee3a9 16
2 path.c:191 0x3a4ee819 32
2 path.c:205 0x3a4ee5a9 6
2 path.c:205 0x3a4ee7d9 8
3 path.c:223 0x3a4ee819 0x3a4ee819 32 14
4 path.c:246 0x3a4ee819 14
4 path.c:31 0x3a4ee5a9 6
4 path.c:31 0x3a4ee7d9 8
4 dynarray.c:112 0x3a4ee3a9 16
4 dynarray.c:113 0x3a4ee479 24
4 path.c:254 0x3a4ee1e9 24
2 path.c:178 0x3a4ee1e9 24
1 dynarray.c:84 0x3a4ee429 24
2 dynarray.c:95 0x3a4ee479 24
2 path.c:191 0x3a4ee859 32
2 path.c:205 0x3a4ee7d9 6
2 path.c:205 0x3a4ee5a9 8
2 path.c:205 0x3a4ee819 12
3 path.c:223 0x3a4ee859 0x3a4ee859 32 26
4 path.c:246 0x3a4ee859 26
4 path.c:31 0x3a4ee7d9 6
4 path.c:31 0x3a4ee5a9 8
4 path.c:31 0x3a4ee819 12
4 dynarray.c:112 0x3a4ee479 24
4 dynarray.c:113 0x3a4ee429 24
4 path.c:254 0x3a4ee1e9 24
2 path.c:178 0x3a4ee1e9 24
1 dynarray.c:84 0x3a4ee3a9 24
2 dynarray.c:95 0x3a4ee899 32
2 path.c:191 0x3a4ee8d9 32
2 path.c:205 0x3a4ee819 6
2 path.c:205 0x3a4ee5a9 8
2 path.c:205 0x3a4ee7d9 12
2 path.c:205 0x3a4ee839 6
3 path.c:223 0x3a4ee8d9 0x3a4ee8d9 32 32
4 path.c:246 0x3a4ee8d9 32
4 path.c:31 0x3a4ee819 6
4 path.c:31 0x3a4ee5a9 8
4 path.c:31 0x3a4ee7d9 12
4 path.c:31 0x3a4ee839 6
4 dynarray.c:112 0x3a4ee899 32
4 dynarray.c:113 0x3a4ee3a9 24
4 path.c:254 0x3a4ee1e9 24
2 path.c:178 0x3a4ee1e9 24
1 dynarray.c:84 0x3a4ee3a9 24
2 dynarray.c:95 0x3a4ee899 32
2 path.c:191 0x3a4ee8d9 32
2 path.c:205 0x3a4ee839 6
2 path.c:205 0x3a4ee7d9 8
2 path.c:205 0x3a4ee5a9 12
2 path.c:205 0x3a4ee819 6
3 path.c:223 0x3a4ee8d9 0x3a4ee8d9 32 32
1 bdtBad5.c:143 0x3a4ee859 32
2 path.c:178 0x3a4ee429 24
1 dynarray.c:84 0x3a4ee479 24
2 dynarray.c:95 0x3a4ee919 32
2 path.c:191 0x3a4ee959 32
2 path.c:205 0x3a4ee7f9 6
2 path.c:205 0x3a4ee619 8
2 path.c:205 0x3a4ee999 12
2 path.c:205 0x3a4ee9b9 6
3 path.c:223 0x3a4ee959 0x3a4ee959 32 32
4 path.c:246 0x3a4ee8d9 32
4 path.c:31 0x3a4ee839 6
4 path.c:31 0x3a4ee7d9 8
4 path.c:31 0x3a4ee5a9 12
4 path.c:31 0x3a4ee819 6
4 dynarray.c:112 0x3a4ee899 32
4 dynarray.c:113 0x3a4ee3a9 24
4 path.c:254 0x3a4ee1e9 24
4 path.c:246 0x3a4ee729 32
4 path.c:31 0x3a4ee459 6
4 path.c:31 0x3a4ee4a9 8
4 path.c:31 0x3a4ee409 12
4 path.c:31 0x3a4ee5f9 6
4 dynarray.c:112 0x3a4ee799 32
4 dynarray.c:113 0x3a4ee5c9 24
4 path.c:254 0x3a4ee269 24
2 path.c:128 0x3a4ee269 24
1 dynarray.c:84 0x3a4ee3a9 24
2 dynarray.c:95 0x3a4ee5c9 16
2 path.c:90 0x3a4ee5f9 6
2 path.c:90 0x3a4ee409 8
2 path.c:90 0x3a4ee4a9 12
3 dynarray.c:69 0x3a4ee799 0x3a4ee5c9 16 32
2 path.c:90 0x3a4ee459 6
1 path.c:143 0x3a4ee8d9 32
2 path.c:178 0x3a4ee5c9 24
1 dynarray.c:84 0x3a4ee1e9 24
2 dynarray.c:95 0x3a4ee549 16
2 path.c:191 0x3a4ee729 32
2 path.c:205 0x3a4ee819 6
3 path.c:223 0x3a4ee729 0x3a4ee729 32 6
4 path.c:246 0x3a4ee729 6
4 path.c:31 0x3a4ee819 6
4 dynarray.c:112 0x3a4ee549 16
4 dynarray.c:113 0x3a4ee1e9 24
4 path.c:254 0x3a4ee5c9 24
2 path.c:178 0x3a4ee5c9 24
1 dynarray.c:84 0x3a4ee769 24
2 dynarray.c:95 0x3a4ee1e9 16
2 path.c:191 0x3a4ee9d9 32
2 path.c:205 0x3a4ee819 6
2 path.c:205 0x3a4ee729 8
3 path.c:223 0x3a4ee9d9 0x3a4ee9d9 32 14
4 path.c:246 0x3a4ee9d9 14
4 path.c:31 0x3a4ee819 6
4 path.c:31 0x3a4ee729 8
4 dynarray.c:112 0x3a4ee1e9 16
4 dynarray.c:113 0x3a4ee769 24
4 path.c:254 0x3a4ee5c9 24
2 path.c:178 0x3a4ee5c9 24
1 dynarray.c:84 0x3a4ee549 24
2 dynarray.c:95 0x3a4ee769 24
2 path.c:191 0x3a4eea19 32
2 path.c:205 0x3a4ee729 6
2 path.c:205 0x3a4ee819 8
2 path.c:205 0x3a4ee9d9 12
3 path.c:223 0x3a4eea19 0x3a4eea19 32 26
4 path.c:246 0x3a4eea19 26
4 path.c:31 0x3a4ee729 6
4 path.c:31 0x3a4ee819 8
4 path.c:31 0x3a4ee9d9 12
4 dynarray.c:112 0x3a4ee769 24
4 dynarray.c:113 0x3a4ee549 24
4 path.c:254 0x3a4ee5c9 24
2 path.c:178 0x3a4ee5c9 24
1 dynarray.c:84 0x3a4ee1e9 24
2 dynarray.c:95 0x3a4eea19 32
2 path.c:191 0x3a4eea59 32
2 path.c:205 0x3a4ee9d9 6
2 path.c:205 0x3a4ee819 8
2 path.c:205 0x3a4ee729 12
2 path.c:205 0x3a4ee9f9 6
3 path.c:223 0x3a4eea59 0x3a4eea59 32 32
4 path.c:246 0x3a4eea59 32
4 path.c:31 0x3a4ee9d9 6
4 path.c:31 0x3a4ee819 8
4 path.c:31 0x3a4ee729 12
4 path.c:31 0x3a4ee9f9 6
4 dynarray.c:112 0x3a4eea19 32
4 dynarray.c:113 0x3a4ee1e9 24
4 path.c:254 0x3a4ee5c9 24
4 path.c:246 0x3a4ee8d9 32
4 path.c:31 0x3a4ee5f9 6
4 path.c:31 0x3a4ee409 8
4 path.c:31 0x3a4ee4a9 12
4 path.c:31 0x3a4ee459 6
4 dynarray.c:112 0x3a4ee799 32
4 dynarray.c:113 0x3a4ee3a9 24
4 path.c:254 0x3a4ee269 24
1 dynarray.c:84 0x3a4ee1e9 24
2 dynarray.c:95 0x3a4eea99 48
1 bdtBad5.c:662 0x3a4eeae9 117
4 dynarray.c:112 0x3a4eea99 48
4 dynarray.c:113 0x3a4ee1e9 24
4 bdt_client.c:96 0x3a4eeae9 117
2 path.c:128 0x3a4ee269 24
1 dynarray.c:84 0x3a4ee1e9 24
2 dynarray.c:95 0x3a4ee3a9 16
2 path.c:90 0x3a4ee459 6
2 path.c:90 0x3a4ee4a9 8
2 path.c:90 0x3a4ee409 12
3 dynarray.c:69 0x3a4ee799 0x3a4ee3a9 16 32
2 path.c:90 0x3a4ee5f9 6
1 path.c:143 0x3a4ee899 32
2 path.c:178 0x3a4ee3a9 24
1 dynarray.c:84 0x3a4ee5c9 24
2 dynarray.c:95 0x3a4ee549 16
2 path.c:191 0x3a4ee8d9 32
2 path.c:205 0x3a4ee9f9 6
3 path.c:223 0x3a4ee8d9 0x3a4ee8d9 32 6
4 path.c:246 0x3a4ee8d9 6
4 path.c:31 0x3a4ee9f9 6
4 dynarray.c:112 0x3a4ee549 16
4 dynarray.c:113 0x3a4ee5c9 24
4 path.c:254 0x3a4ee3a9 24
2 path.c:178 0x3a4ee3a9 24
1 dynarray.c:84 0x3a4ee769 24
2 dynarray.c:95 0x3a4ee5c9 16
2 path.c:191 0x3a4eea59 32
2 path.c:205 0x3a4ee9f9 6
2 path.c:205 0x3a4ee8d9 8
3 path.c:223 0x3a4eea59 0x3a4eea59 32 14
4 path.c:246 0x3a4eea59 14
4 path.c:31 0x3a4ee9f9 6
4 path.c:31 0x3a4ee8d9 8
4 dynarray.c:112 0x3a4ee5c9 16
4 dynarray.c:113 0x3a4ee769 24
4 path.c:254 0x3a4ee3a9 24
2 path.c:178 0x3a4ee3a9 24
1 dynarray.c:84 0x3a4ee549 24
2 dynarray.c:95 0x3a4ee769 24
2 path.c:191 0x3a4eeb79 32
2 path.c:205 0x3a4ee8d9 6
2 path.c:205 0x3a4ee9f9 8
2 path.c:205 0x3a4eea59 12
3 path.c:223 0x3a4eeb79 0x3a4eeb79 32 26
4 path.c:246 0x3a4eeb79 26
4 path.c:31 0x3a4ee8d9 6
4 path.c:31 0x3a4ee9f9 8
4 path.c:31 0x3a4eea59 12
4 dynarray.c:112 0x3a4ee769 24
4 dynarray.c:113 0x3a4ee549 24
4 path.c:254 0x3a4ee3a9 24
2 path.c:178 0x3a4ee3a9 24
1 dynarray.c:84 0x3a4ee5c9 24
2 dynarray.c:95 0x3a4eeb79 32
2 path.c:191 0x3a4eebb9 32
2 path.c:205 0x3a4eea59 6
2 path.c:205 0x3a4ee9f9 8
2 path.c:205 0x3a4ee8d9 12
2 path.c:205 0x3a4eea79 6
3 path.c:223 0x3a4eebb9 0x3a4eebb9 32 32
4 path.c:246 0x3a4eebb9 32
4 path.c:31 0x3a4eea59 6
4 path.c:31 0x3a4ee9f9 8
4 path.c:31 0x3a4ee8d9 12
4 path.c:31 0x3a4eea79 6
4 dynarray.c:112 0x3a4eeb79 32
4 dynarray.c:113 0x3a4ee5c9 24
4 path.c:254 0x3a4ee3a9 24
4 path.c:246 0x3a4ee899 32
4 path.c:31 0x3a4ee459 6
4 path.c:31 0x3a4ee4a9 8
4 path.c:31 0x3a4ee409 12
4 path.c:31 0x3a4ee5f9 6
4 dynarray.c:112 0x3a4ee799 32
4 dynarray.c:113 0x3a4ee1e9 24
4 path.c:254 0x3a4ee269 24
2 path.c:128 0x3a4ee269 24
1 dynarray.c:84 0x3a4ee5c9 24
2 dynarray.c:95 0x3a4ee1e9 16
2 path.c:90 0x3a4ee5f9 6
2 path.c:90 0x3a4ee409 8
2 path.c:90 0x3a4ee4a9 8
3 dynarray.c:69 0x3a4ee799 0x3a4ee1e9 16 32
1 path.c:143 0x3a4ee3a9 22
2 path.c:178 0x3a4ee1e9 24
1 dynarray.c:84 0x3a4ee549 24
2 dynarray.c:95 0x3a4ee769 16
2 path.c:191 0x3a4eebf9 22
2 path.c:205 0x3a4ee459 6
3 path.c:223 0x3a4eebf9 0x3a4eebf9 22 6
4 path.c:246 0x3a4eebf9 6
4 path.c:31 0x3a4ee459 6
4 dynarray.c:112 0x3a4ee769 16
4 dynarray.c:113 0x3a4ee549 24
4 path.c:254 0x3a4ee1e9 24
2 path.c:178 0x3a4ee1e9 24
1 dynarray.c:84 0x3a4eebf9 24
2 dynarray.c:95 0x3a4ee549 16
2 path.c:191 0x3a4eec29 22
2 path.c:205 0x3a4ee459 6
2 path.c:205 0x3a4eea79 8
3 path.c:223 0x3a4eec29 0x3a4eec29 22 14
4 path.c:246 0x3a4eec29 14
4 path.c:31 0x3a4ee459 6
4 path.c:31 0x3a4eea79 8
4 dynarray.c:112 0x3a4ee549 16
4 dynarray.c:113 0x3a4eebf9 24
4 path.c:254 0x3a4ee1e9 24
2 path.c:178 0x3a4ee1e9 24
1 dynarray.c:84 0x3a4ee769 24
2 dynarray.c:95 0x3a4eebf9 24
2 path.c:191 0x3a4eec29 22
2 path.c:205 0x3a4eea79 6
2 path.c:205 0x3a4ee459 8
2 path.c:205 0x3a4ee8d9 8
3 path.c:223 0x3a4eec29 0x3a4eec29 22 22
4 path.c:246 0x3a4eec29 22
4 path.c:31 0x3a4eea79 6
4 path.c:31 0x3a4ee459 8
4 path.c:31 0x3a4ee8d9 8
4 dynarray.c:112 0x3a4eebf9 24
4 dynarray.c:113 0x3a4ee769 24
4 path.c:254 0x3a4ee1e9 24
2 path.c:128 0x3a4ee1e9 24
1 dynarray.c:84 0x3a4ee549 24
2 dynarray.c:95 0x3a4ee769 16
2 path.c:90 0x3a4ee8d9 6
2 path.c:90 0x3a4ee459 8
2 path.c:90 0x3a4eea79 8
3 dynarray.c:69 0x3a4ee899 0x3a4ee769 16 32
1 path.c:143 0x3a4eebf9 22
2 path.c:178 0x3a4ee769 24
1 dynarray.c:84 0x3a4eec29 24
2 dynarray.c:95 0x3a4eec59 16
2 path.c:191 0x3a4eec89 22
2 path.c:205 0x3a4ee9f9 6
3 path.c:223 0x3a4eec89 0x3a4eec89 22 6
4 path.c:246 0x3a4eec89 6
4 path.c:31 0x3a4ee9f9 6
4 dynarray.c:112 0x3a4eec59 16
4 dynarray.c:113 0x3a4eec29 24
4 path.c:254 0x3a4ee769 24
2 path.c:178 0x3a4ee769 24
1 dynarray.c:84 0x3a4eec89 24
2 dynarray.c:95 0x3a4eec29 16
2 path.c:191 0x3a4eecb9 22
2 path.c:205 0x3a4ee9f9 6
2 path.c:205 0x3a4eea59 8
3 path.c:223 0x3a4eecb9 0x3a4eecb9 22 14
4 path.c:246 0x3a4eecb9 14
4 path.c:31 0x3a4ee9f9 6
4 path.c:31 0x3a4eea59 8
4 dynarray.c:112 0x3a4eec29 16
4 dynarray.c:113 0x3a4eec89 24
4 path.c:254 0x3a4ee769 24
2 path.c:178 0x3a4ee769 24
1 dynarray.c:84 0x3a4eec59 24
2 dynarray.c:95 0x3a4eec89 24
2 path.c:191 0x3a4eecb9 22
2 path.c:205 0x3a4eea59 6
2 path.c:205 0x3a4ee9f9 8
2 path.c:205 0x3a4ee8f9 8
3 path.c:223 0x3a4eecb9 0x3a4eecb9 22 22
4 path.c:246 0x3a4eecb9 22
4 path.c:31 0x3a4eea59 6
4 path.c:31 0x3a4ee9f9 8
4 path.c:31 0x3a4ee8f9 8
4 dynarray.c:112 0x3a4eec89 24
4 dynarray.c:113 0x3a4eec59 24
4 path.c:254 0x3a4ee769 24
2 path.c:128 0x3a4ee769 24
1 dynarray.c:84 0x3a4eec29 24
2 dynarray.c:95 0x3a4eec59 16
2 path.c:90 0x3a4ee8f9 6
2 path.c:90 0x3a4ee9f9 8
2 path.c:90 0x3a4eea59 8
3 dynarray.c:69 0x3a4eeb79 0x3a4eec59 16 32
1 path.c:143 0x3a4eec89 22
2 path.c:178 0x3a4eec59 24
1 dynarray.c:84 0x3a4eecb9 24
2 dynarray.c:95 0x3a4eece9 16
2 path.c:191 0x3a4eed19 22
2 path.c:205 0x3a4ee729 6
3 path.c:223 0x3a4eed19 0x3a4eed19 22 6
4 path.c:246 0x3a4eed19 6
4 path.c:31 0x3a4ee729 6
4 dynarray.c:112 0x3a4eece9 16
4 dynarray.c:113 0x3a4eecb9 24
4 path.c:254 0x3a4eec59 24
2 path.c:178 0x3a4eec59 24
1 dynarray.c:84 0x3a4eed19 24
2 dynarray.c:95 0x3a4eecb9 16
2 path.c:191 0x3a4eed49 22
2 path.c:205 0x3a4ee729 6
2 path.c:205 0x3a4ee819 8
3 path.c:223 0x3a4eed49 0x3a4eed49 22 14
4 path.c:246 0x3a4eed49 14
4 path.c:31 0x3a4ee729 6
4 path.c:31 0x3a4ee819 8
4 dynarray.c:112 0x3a4eecb9 16
4 dynarray.c:113 0x3a4eed19 24
4 path.c:254 0x3a4eec59 24
2 path.c:178 0x3a4eec59 24
1 dynarray.c:84 0x3a4eece9 24
2 dynarray.c:95 0x3a4eed19 24
2 path.c:191 0x3a4eed49 22
2 path.c:205 0x3a4ee819 6
2 path.c:205 0x3a4ee729 8
2 path.c:205 0x3a4ee9d9 8
3 path.c:223 0x3a4eed49 0x3a4eed49 22 22
4 path.c:246 0x3a4eed49 22
4 path.c:31 0x3a4ee819 6
4 path.c:31 0x3a4ee729 8
4 path.c:31 0x3a4ee9d9 8
4 dynarray.c:112 0x3a4eed19 24
4 dynarray.c:113 0x3a4eece9 24
4 path.c:254 0x3a4eec59 24
2 path.c:128 0x3a4eec59 24
1 dynarray.c:84 0x3a4eecb9 24
2 dynarray.c:95 0x3a4eece9 16
2 path.c:90 0x3a4ee9d9 6
2 path.c:90 0x3a4ee729 8
1 path.c:143 0x3a4edf59 14
2 path.c:178 0x3a4eed49 24
1 dynarray.c:84 0x3a4eed19 24
2 dynarray.c:95 0x3a4eed79 16
2 path.c:191 0x3a4ee819 14
2 path.c:205 0x3a4ee5a9 6
3 path.c:223 0x3a4ee819 0x3a4ee819 14 6
4 path.c:246 0x3a4ee819 6
4 path.c:31 0x3a4ee5a9 6
4 dynarray.c:112 0x3a4eed79 16
4 dynarray.c:113 0x3a4eed19 24
4 path.c:254 0x3a4eed49 24
2 path.c:178 0x3a4eed49 24
1 dynarray.c:84 0x3a4eed79 24
2 dynarray.c:95 0x3a4eed19 16
2 path.c:191 0x3a4ee5a9 14
2 path.c:205 0x3a4ee819 6
2 path.c:205 0x3a4ee7d9 8
3 path.c:223 0x3a4ee5a9 0x3a4ee5a9 14 14
4 path.c:246 0x3a4ee5a9 14
4 path.c:31 0x3a4ee819 6
4 path.c:31 0x3a4ee7d9 8
4 dynarray.c:112 0x3a4eed19 16
4 dynarray.c:113 0x3a4eed79 24
4 path.c:254 0x3a4eed49 24
4 path.c:246 0x3a4edf59 14
4 path.c:31 0x3a4ee9d9 6
4 path.c:31 0x3a4ee729 8
4 dynarray.c:112 0x3a4eece9 16
4 dynarray.c:113 0x3a4eecb9 24
4 path.c:254 0x3a4eec59 24
4 path.c:246 0x3a4ee959 32
4 path.c:31 0x3a4ee7f9 6
4 path.c:31 0x3a4ee619 8
4 path.c:31 0x3a4ee999 12
4 path.c:31 0x3a4ee9b9 6
4 dynarray.c:112 0x3a4ee919 32
4 dynarray.c:113 0x3a4ee479 24
4 path.c:254 0x3a4ee429 24
4 bdtBad5.c:263 0x3a4ee859 32
4 path.c:246 0x3a4ee699 26
4 path.c:31 0x3a4ee6c9 6
4 path.c:31 0x3a4ee6e9 8
4 path.c:31 0x3a4ee709 12
4 dynarray.c:112 0x3a4ee669 24
4 dynarray.c:113 0x3a4ee579 24
4 path.c:254 0x3a4ee639 24
4 bdtBad5.c:263 0x3a4ee369 32
4 path.c:246 0x3a4ede99 14
4 path.c:31 0x3a4edeb9 6
4 path.c:31 0x3a4eded9 8
4 dynarray.c:112 0x3a4ede69 16
4 dynarray.c:113 0x3a4ed709 24
4 path.c:254 0x3a4eddb9 24
4 bdtBad5.c:263 0x3a4ede29 32
2 path.c:128 0x3a4eddb9 24
1 dynarray.c:84 0x3a4eed19 24
2 dynarray.c:95 0x3a4ed709 16
2 path.c:90 0x3a4eded9 6
1 path.c:143 0x3a4ee749 6
2 path.c:178 0x3a4ee639 24
1 dynarray.c:84 0x3a4ede69 24
2 dynarray.c:95 0x3a4ee579 16
2 path.c:191 0x3a4edeb9 6
2 path.c:205 0x3a4ee709 6
3 path.c:223 0x3a4edeb9 0x3a4edeb9 6 6
4 path.c:246 0x3a4edeb9 6
4 path.c:31 0x3a4ee709 6
4 dynarray.c:112 0x3a4ee579 16
4 dynarray.c:113 0x3a4ede69 24
4 path.c:254 0x3a4ee639 24
4 path.c:246 0x3a4ee749 6
4 path.c:31 0x3a4eded9 6
4 dynarray.c:112 0x3a4ed709 16
4 dynarray.c:113 0x3a4eed19 24
4 path.c:254 0x3a4eddb9 24
2 path.c:128 0x3a4eddb9 24
1 dynarray.c:84 0x3a4ee669 24
2 dynarray.c:95 0x3a4eed19 16
2 path.c:90 0x3a4eded9 6
2 path.c:90 0x3a4ee749 7
1 path.c:143 0x3a4ede99 13
2 path.c:178 0x3a4ee639 24
1 dynarray.c:84 0x3a4ed709 24
2 dynarray.c:95 0x3a4ede69 16
2 path.c:191 0x3a4ee709 13
2 path.c:205 0x3a4ee6e9 6
3 path.c:223 0x3a4ee709 0x3a4ee709 13 6
4 path.c:246 0x3a4ee709 6
4 path.c:31 0x3a4ee6e9 6
4 dynarray.c:112 0x3a4ede69 16
4 dynarray.c:113 0x3a4ed709 24
4 path.c:254 0x3a4ee639 24
2 path.c:178 0x3a4ee639 24
1 dynarray.c:84 0x3a4ee579 24
2 dynarray.c:95 0x3a4ed709 16
2 path.c:191 0x3a4ee6e9 13
2 path.c:205 0x3a4ee709 6
2 path.c:205 0x3a4ee6c9 7
3 path.c:223 0x3a4ee6e9 0x3a4ee6e9 13 13
4 path.c:246 0x3a4ee6e9 13
4 path.c:31 0x3a4ee709 6
4 path.c:31 0x3a4ee6c9 7
4 dynarray.c:112 0x3a4ed709 16
4 dynarray.c:113 0x3a4ee579 24
4 path.c:254 0x3a4ee639 24
4 path.c:246 0x3a4ede99 13
4 path.c:31 0x3a4eded9 6
4 path.c:31 0x3a4ee749 7
4 dynarray.c:112 0x3a4eed19 16
4 dynarray.c:113 0x3a4ee669 24
4 path.c:254 0x3a4eddb9 24
2 path.c:128 0x3a4eddb9 24
1 dynarray.c:84 0x3a4ede69 24
2 dynarray.c:95 0x3a4ee669 16
2 path.c:90 0x3a4ee749 6
2 path.c:90 0x3a4eded9 8
1 path.c:143 0x3a4edeb9 14
2 path.c:178 0x3a4ee639 24
1 dynarray.c:84 0x3a4eed19 24
2 dynarray.c:95 0x3a4ee579 16
2 path.c:191 0x3a4ede99 14
2 path.c:205 0x3a4ee709 6
3 path.c:223 0x3a4ede99 0x3a4ede99 14 6
4 path.c:246 0x3a4ede99 6
4 path.c:31 0x3a4ee709 6
4 dynarray.c:112 0x3a4ee579 16
4 dynarray.c:113 0x3a4eed19 24
4 path.c:254 0x3a4ee639 24
2 path.c:178 0x3a4ee639 24
1 dynarray.c:84 0x3a4ed709 24
2 dynarray.c:95 0x3a4eed19 16
2 path.c:191 0x3a4ee709 14
2 path.c:205 0x3a4ede99 6
2 path.c:205 0x3a4ee6e9 8
3 path.c:223 0x3a4ee709 0x3a4ee709 14 14
4 path.c:246 0x3a4ee709 14
4 path.c:31 0x3a4ede99 6
4 path.c:31 0x3a4ee6e9 8
4 dynarray.c:112 0x3a4eed19 16
4 dynarray.c:113 0x3a4ed709 24
4 path.c:254 0x3a4ee639 24
2 path.c:128 0x3a4ee639 24
1 dynarray.c:84 0x3a4ee579 24
2 dynarray.c:95 0x3a4ed709 16
2 path.c:90 0x3a4ee6e9 6
2 path.c:90 0x3a4ede99 8
2 path.c:90 0x3a4ee709 12
3 dynarray.c:69 0x3a4ede29 0x3a4ed709 16 32
1 path.c:143 0x3a4eed19 26
2 path.c:178 0x3a4ed709 24
1 dynarray.c:84 0x3a4ee699 24
2 dynarray.c:95 0x3a4ee429 16
2 path.c:191 0x3a4eec59 26
2 path.c:205 0x3a4ee9b9 6
3 path.c:223 0x3a4eec59 0x3a4eec59 26 6
4 path.c:246 0x3a4eec59 6
4 path.c:31 0x3a4ee9b9 6
4 dynarray.c:112 0x3a4ee429 16
4 dynarray.c:113 0x3a4ee699 24
4 path.c:254 0x3a4ed709 24
2 path.c:178 0x3a4ed709 24
1 dynarray.c:84 0x3a4ee479 24
2 dynarray.c:95 0x3a4ee699 16
2 path.c:191 0x3a4eec59 26
2 path.c:205 0x3a4ee9b9 6
2 path.c:205 0x3a4ee999 8
3 path.c:223 0x3a4eec59 0x3a4eec59 26 14
4 path.c:246 0x3a4eec59 14
4 path.c:31 0x3a4ee9b9 6
4 path.c:31 0x3a4ee999 8
4 dynarray.c:112 0x3a4ee699 16
4 dynarray.c:113 0x3a4ee479 24
4 path.c:254 0x3a4ed709 24
2 path.c:128 0x3a4ed709 24
1 dynarray.c:84 0x3a4ee429 24
2 dynarray.c:95 0x3a4ee479 16
2 path.c:90 0x3a4ee999 6
2 path.c:90 0x3a4ee9b9 8
2 path.c:90 0x3a4ee619 12
3 dynarray.c:69 0x3a4ee369 0x3a4ee479 16 32
2 path.c:90 0x3a4ee7f9 6
1 path.c:143 0x3a4eea19 32
2 path.c:178 0x3a4ee479 24
1 dynarray.c:84 0x3a4ee699 24
2 dynarray.c:95 0x3a4eec59 16
2 path.c:191 0x3a4ee859 32
2 path.c:205 0x3a4ee729 6
3 path.c:223 0x3a4ee859 0x3a4ee859 32 6
4 path.c:246 0x3a4ee859 6
4 path.c:31 0x3a4ee729 6
4 dynarray.c:112 0x3a4eec59 16
4 dynarray.c:113 0x3a4ee699 24
4 path.c:254 0x3a4ee479 24
2 path.c:178 0x3a4ee479 24
1 dynarray.c:84 0x3a4eecb9 24
2 dynarray.c:95 0x3a4ee699 16
2 path.c:191 0x3a4ee959 32
2 path.c:205 0x3a4ee729 6
2 path.c:205 0x3a4ee859 8
3 path.c:223 0x3a4ee959 0x3a4ee959 32 14
4 path.c:246 0x3a4ee959 14
4 path.c:31 0x3a4ee729 6
4 path.c:31 0x3a4ee859 8
4 dynarray.c:112 0x3a4ee699 16
4 dynarray.c:113 0x3a4eecb9 24
4 path.c:254 0x3a4ee479 24
1 dynarray.c:84 0x3a4eec59 24
2 dynarray.c:95 0x3a4ee479 24
1 bdtBad5.c:662 0x3a4ee919 45
4 dynarray.c:112 0x3a4ee479 24
4 dynarray.c:113 0x3a4eec59 24
4 bdt_client.c:113 0x3a4ee919 45
2 path.c:128 0x3a4eec59 24
1 dynarray.c:84 0x3a4eecb9 24
2 dynarray.c:95 0x3a4ee479 16
2 path.c:90 0x3a4ee859 13
1 path.c:143 0x3a4ee6c9 13
2 path.c:178 0x3a4eece9 24
1 dynarray.c:84 0x3a4ee699 24
2 dynarray.c:95 0x3a4eed49 16
2 path.c:191 0x3a4ee729 13
2 path.c:205 0x3a4ee979 13
3 path.c:223 0x3a4ee729 0x3a4ee729 13 13
4 path.c:246 0x3a4ee729 13
4 path.c:31 0x3a4ee979 13
4 dynarray.c:112 0x3a4eed49 16
4 dynarray.c:113 0x3a4ee699 24
4 path.c:254 0x3a4eece9 24
4 path.c:246 0x3a4ee6c9 13
4 path.c:31 0x3a4ee859 13
4 dynarray.c:112 0x3a4ee479 16
4 dynarray.c:113 0x3a4eecb9 24
4 path.c:254 0x3a4eec59 24
2 path.c:128 0x3a4eec59 24
1 dynarray.c:84 0x3a4eed79 24
2 dynarray.c:95 0x3a4eecb9 16
2 path.c:90 0x3a4ee859 6
1 path.c:143 0x3a4ee959 6
2 path.c:178 0x3a4eece9 24
1 dynarray.c:84 0x3a4ee479 24
2 dynarray.c:95 0x3a4ee699 16
2 path.c:191 0x3a4ee6c9 6
2 path.c:205 0x3a4ee729 6
3 path.c:223 0x3a4ee6c9 0x3a4ee6c9 6 6
4 path.c:246 0x3a4ee6c9 6
4 path.c:31 0x3a4ee729 6
4 dynarray.c:112 0x3a4ee699 16
4 dynarray.c:113 0x3a4ee479 24
4 path.c:254 0x3a4eece9 24
4 path.c:246 0x3a4ee959 6
4 path.c:31 0x3a4ee859 6
4 dynarray.c:112 0x3a4eecb9 16
4 dynarray.c:113 0x3a4eed79 24
4 path.c:254 0x3a4eec59 24
4 path.c:246 0x3a4edbf9 25
4 path.c:31 0x3a4edc29 6
4 path.c:31 0x3a4edc49 7
4 path.c:31 0x3a4edc69 12
4 dynarray.c:112 0x3a4edbc9 24
4 dynarray.c:113 0x3a4ed909 24
4 path.c:254 0x3a4edb99 24
4 bdtBad5.c:263 0x3a4edb59 32
4 path.c:246 0x3a4edaa9 13
4 path.c:31 0x3a4edac9 6
4 path.c:31 0x3a4edae9 7
4 dynarray.c:112 0x3a4eda79 16
4 dynarray.c:113 0x3a4ed599 24
4 path.c:254 0x3a4eda49 24
4 bdtBad5.c:263 0x3a4eda09 32
4 path.c:246 0x3a4ed849 6
4 path.c:31 0x3a4ed869 6
4 dynarray.c:112 0x3a4ed819 16
4 dynarray.c:113 0x3a4ed5f9 24
4 path.c:254 0x3a4ed7e9 24
4 bdtBad5.c:263 0x3a4ed7a9 32
2 path.c:128 0x3a4ed7e9 24
1 dynarray.c:84 0x3a4eed49 24
2 dynarray.c:95 0x3a4ed5f9 16
2 path.c:90 0x3a4ed869 6
2 path.c:90 0x3a4ed849 7
1 path.c:143 0x3a4ee979 13
4 path.c:246 0x3a4ee979 13
4 path.c:31 0x3a4ed869 6
4 path.c:31 0x3a4ed849 7
4 dynarray.c:112 0x3a4ed5f9 16
4 dynarray.c:113 0x3a4eed49 24
4 path.c:254 0x3a4ed7e9 24
2 path.c:128 0x3a4ed7e9 24
1 dynarray.c:84 0x3a4ed819 24
2 dynarray.c:95 0x3a4eed49 16
2 path.c:90 0x3a4ed849 6
1 path.c:143 0x3a4ee979 6
4 path.c:246 0x3a4ee979 6
4 path.c:31 0x3a4ed849 6
4 dynarray.c:112 0x3a4eed49 16
4 dynarray.c:113 0x3a4ed819 24
4 path.c:254 0x3a4ed7e9 24
2 path.c:128 0x3a4ed7e9 24
1 dynarray.c:84 0x3a4ed5f9 24
2 dynarray.c:95 0x3a4ed819 16
2 path.c:90 0x3a4ed849 6
1 path.c:143 0x3a4ee979 6
4 path.c:246 0x3a4ee979 6
4 path.c:31 0x3a4ed849 6
4 dynarray.c:112 0x3a4ed819 16
4 dynarray.c:113 0x3a4ed5f9 24
4 path.c:254 0x3a4ed7e9 24
2 path.c:128 0x3a4ed7e9 24
1 dynarray.c:84 0x3a4eed49 24
2 dynarray.c:95 0x3a4ed5f9 16
2 path.c:90 0x3a4ed849 13
1 path.c:143 0x3a4ee979 13
4 path.c:246 0x3a4ee979 13
4 path.c:31 0x3a4ed849 13
4 dynarray.c:112 0x3a4ed5f9 16
4 dynarray.c:113 0x3a4eed49 24
4 path.c:254 0x3a4ed7e9 24
1 dynarray.c:84 0x3a4ed819 24
2 dynarray.c:95 0x3a4ed7e9 16
1 bdtBad5.c:662 0x3a4ee979 1
4 dynarray.c:112 0x3a4ed7e9 16
4 dynarray.c:113 0x3a4ed819 24
4 bdt_client.c:124 0x3a4ee979 1
2 path.c:128 0x3a4ed819 24
1 dynarray.c:84 0x3a4eed49 24
2 dynarray.c:95 0x3a4ed7e9 16
2 path.c:90 0x3a4ed849 2
2 path.c:90 0x3a4ed869 2
1 path.c:143 0x3a4ee979 4
2 path.c:178 0x3a4eda49 24
1 dynarray.c:84 0x3a4ed5f9 24
2 dynarray.c:95 0x3a4ed599 16
2 path.c:191 0x3a4edae9 4
2 path.c:205 0x3a4edaa9 2
3 path.c:223 0x3a4edae9 0x3a4edae9 4 2
1 bdtBad5.c:143 0x3a4ee919 32
2 path.c:178 0x3a4edb99 24
1 dynarray.c:84 0x3a4eda79 24
2 dynarray.c:95 0x3a4ed909 16
2 path.c:191 0x3a4edc69 2
2 path.c:205 0x3a4edc49 2
3 path.c:223 0x3a4edc69 0x3a4edc69 2 2
4 path.c:246 0x3a4edae9 2
4 path.c:31 0x3a4edaa9 2
4 dynarray.c:112 0x3a4ed599 16
4 dynarray.c:113 0x3a4ed5f9 24
4 path.c:254 0x3a4eda49 24
2 path.c:178 0x3a4eda49 24
1 dynarray.c:84 0x3a4edbc9 24
2 dynarray.c:95 0x3a4ed5f9 16
2 path.c:191 0x3a4edaa9 4
2 path.c:205 0x3a4edae9 2
2 path.c:205 0x3a4edc29 2
3 path.c:223 0x3a4edaa9 0x3a4edaa9 4 4
1 bdtBad5.c:143 0x3a4ee509 32
2 path.c:178 0x3a4edbf9 24
1 dynarray.c:84 0x3a4ed599 24
2 dynarray.c:95 0x3a4eec59 16
2 path.c:191 0x3a4ee859 4
2 path.c:205 0x3a4ee959 2
2 path.c:205 0x3a4ee729 2
3 path.c:223 0x3a4ee859 0x3a4ee859 4 4
4 path.c:246 0x3a4edaa9 4
4 path.c:31 0x3a4edae9 2
4 path.c:31 0x3a4edc29 2
4 dynarray.c:112 0x3a4ed5f9 16
4 dynarray.c:113 0x3a4edbc9 24
4 path.c:254 0x3a4eda49 24
4 path.c:246 0x3a4ee979 4
4 path.c:31 0x3a4ed849 2
4 path.c:31 0x3a4ed869 2
4 dynarray.c:112 0x3a4ed7e9 16
4 dynarray.c:113 0x3a4eed49 24
4 path.c:254 0x3a4ed819 24
1 dynarray.c:84 0x3a4eed79 24
2 dynarray.c:95 0x3a4ed819 16
1 bdtBad5.c:662 0x3a4edac9 7
4 dynarray.c:112 0x3a4ed819 16
4 dynarray.c:113 0x3a4eed79 24
4 bdt_client.c:136 0x3a4edac9 7
2 path.c:128 0x3a4eed79 24
1 dynarray.c:84 0x3a4eed49 24
2 dynarray.c:95 0x3a4ed819 16
2 path.c:90 0x3a4ed869 2
2 path.c:90 0x3a4ed849 2
1 path.c:143 0x3a4edac9 4
2 path.c:178 0x3a4eda49 24
1 dynarray.c:84 0x3a4ed7e9 24
2 dynarray.c:95 0x3a4edbc9 16
2 path.c:191 0x3a4ee979 4
2 path.c:205 0x3a4edae9 2
3 path.c:223 0x3a4ee979 0x3a4ee979 4 2
4 path.c:246 0x3a4ee979 2
4 path.c:31 0x3a4edae9 2
4 dynarray.c:112 0x3a4edbc9 16
4 dynarray.c:113 0x3a4ed7e9 24
4 path.c:254 0x3a4eda49 24
2 path.c:178 0x3a4eda49 24
1 dynarray.c:84 0x3a4ed5f9 24
2 dynarray.c:95 0x3a4ed7e9 16
2 path.c:191 0x3a4edae9 4
2 path.c:205 0x3a4ee979 2
2 path.c:205 0x3a4edaa9 2
3 path.c:223 0x3a4edae9 0x3a4edae9 4 4
4 path.c:246 0x3a4edae9 4
4 path.c:31 0x3a4ee979 2
4 path.c:31 0x3a4edaa9 2
4 dynarray.c:112 0x3a4ed7e9 16
4 dynarray.c:113 0x3a4ed5f9 24
4 path.c:254 0x3a4eda49 24
2 path.c:178 0x3a4eda49 24
1 dynarray.c:84 0x3a4edbc9 24
2 dynarray.c:95 0x3a4ed5f9 16
2 path.c:191 0x3a4edaa9 4
2 path.c:205 0x3a4ee979 2
2 path.c:205 0x3a4edae9 2
3 path.c:223 0x3a4edaa9 0x3a4edaa9 4 4
1 bdtBad5.c:143 0x3a4ee2b9 32
2 path.c:178 0x3a4eecb9 24
1 dynarray.c:84 0x3a4ed7e9 24
2 dynarray.c:95 0x3a4eece9 16
2 path.c:191 0x3a4ee6c9 4
2 path.c:205 0x3a4ee879 2
2 path.c:205 0x3a4ee9d9 2
3 path.c:223 0x3a4ee6c9 0x3a4ee6c9 4 4
4 path.c:246 0x3a4edaa9 4
4 path.c:31 0x3a4ee979 2
4 path.c:31 0x3a4edae9 2
4 dynarray.c:112 0x3a4ed5f9 16
4 dynarray.c:113 0x3a4edbc9 24
4 path.c:254 0x3a4eda49 24
4 path.c:246 0x3a4edac9 4
4 path.c:31 0x3a4ed869 2
4 path.c:31 0x3a4ed849 2
4 dynarray.c:112 0x3a4ed819 16
4 dynarray.c:113 0x3a4eed49 24
4 path.c:254 0x3a4eed79 24
1 dynarray.c:84 0x3a4ee479 24
2 dynarray.c:95 0x3a4eed79 24
1 bdtBad5.c:662 0x3a4edc29 11
4 dynarray.c:112 0x3a4eed79 24
4 dynarray.c:113 0x3a4ee479 24
4 bdt_client.c:140 0x3a4edc29 11
2 path.c:128 0x3a4ee479 24
1 dynarray.c:84 0x3a4eed49 24
2 dynarray.c:95 0x3a4eed79 16
2 path.c:90 0x3a4ed849 2
2 path.c:90 0x3a4ed869 2
1 path.c:143 0x3a4edc29 4
2 path.c:178 0x3a4eda49 24
1 dynarray.c:84 0x3a4ed819 24
2 dynarray.c:95 0x3a4edbc9 16
2 path.c:191 0x3a4edac9 4
2 path.c:205 0x3a4ee979 2
3 path.c:223 0x3a4edac9 0x3a4edac9 4 2
4 path.c:246 0x3a4edac9 2
4 path.c:31 0x3a4ee979 2
4 dynarray.c:112 0x3a4edbc9 16
4 dynarray.c:113 0x3a4ed819 24
4 path.c:254 0x3a4eda49 24
2 path.c:178 0x3a4eda49 24
1 dynarray.c:84 0x3a4ed5f9 24
2 dynarray.c:95 0x3a4ed819 16
2 path.c:191 0x3a4ee979 4
2 path.c:205 0x3a4edac9 2
2 path.c:205 0x3a4edaa9 2
3 path.c:223 0x3a4ee979 0x3a4ee979 4 4
4 path.c:246 0x3a4ee979 4
4 path.c:31 0x3a4edac9 2
4 path.c:31 0x3a4edaa9 2
4 dynarray.c:112 0x3a4ed819 16
4 dynarray.c:113 0x3a4ed5f9 24
4 path.c:254 0x3a4eda49 24
4 path.c:246 0x3a4edc29 4
4 path.c:31 0x3a4ed849 2
4 path.c:31 0x3a4ed869 2
4 dynarray.c:112 0x3a4eed79 16
4 dynarray.c:113 0x3a4eed49 24
4 path.c:254 0x3a4ee479 24
4 path.c:246 0x3a4ee859 4
4 path.c:31 0x3a4ee959 2
4 path.c:31 0x3a4ee729 2
4 dynarray.c:112 0x3a4eec59 16
4 dynarray.c:113 0x3a4ed599 24
4 path.c:254 0x3a4edbf9 24
4 bdtBad5.c:263 0x3a4ee509 32
1 dynarray.c:84 0x3a4edbc9 24
2 dynarray.c:95 0x3a4edbf9 16
1 bdtBad5.c:662 0x3a4edae9 7
4 dynarray.c:112 0x3a4edbf9 16
4 dynarray.c:113 0x3a4edbc9 24
4 bdt_client.c:144 0x3a4edae9 7
2 path.c:128 0x3a4edbc9 24
1 dynarray.c:84 0x3a4ed599 24
2 dynarray.c:95 0x3a4edbf9 16
2 path.c:90 0x3a4ee729 2
2 path.c:90 0x3a4ee959 3
1 path.c:143 0x3a4edae9 5
2 path.c:178 0x3a4ee479 24
1 dynarray.c:84 0x3a4eec59 24
2 dynarray.c:95 0x3a4eed49 16
2 path.c:191 0x3a4ee859 5
2 path.c:205 0x3a4ed849 2
3 path.c:223 0x3a4ee859 0x3a4ee859 5 2
4 path.c:246 0x3a4ee859 2
4 path.c:31 0x3a4ed849 2
4 dynarray.c:112 0x3a4eed49 16
4 dynarray.c:113 0x3a4eec59 24
4 path.c:254 0x3a4ee479 24
2 path.c:178 0x3a4ee479 24
1 dynarray.c:84 0x3a4eed79 24
2 dynarray.c:95 0x3a4eec59 16
2 path.c:191 0x3a4ed849 5
2 path.c:205 0x3a4ee859 2
2 path.c:205 0x3a4edc29 3
3 path.c:223 0x3a4ed849 0x3a4ed849 5 5
4 path.c:246 0x3a4ed849 5
4 path.c:31 0x3a4ee859 2
4 path.c:31 0x3a4edc29 3
4 dynarray.c:112 0x3a4eec59 16
4 dynarray.c:113 0x3a4eed79 24
4 path.c:254 0x3a4ee479 24
2 path.c:178 0x3a4ee479 24
1 dynarray.c:84 0x3a4eed49 24
2 dynarray.c:95 0x3a4eed79 16
2 path.c:191 0x3a4edc29 5
2 path.c:205 0x3a4ee859 2
2 path.c:205 0x3a4ed849 3
3 path.c:223 0x3a4edc29 0x3a4edc29 5 5
1 bdtBad5.c:143 0x3a4ee509 32
2 path.c:178 0x3a4eda49 24
1 dynarray.c:84 0x3a4eec59 24
2 dynarray.c:95 0x3a4ed5f9 16
2 path.c:191 0x3a4edaa9 5
2 path.c:205 0x3a4edac9 2
2 path.c:205 0x3a4ee979 3
3 path.c:223 0x3a4edaa9 0x3a4edaa9 5 5
4 path.c:246 0x3a4edc29 5
4 path.c:31 0x3a4ee859 2
4 path.c:31 0x3a4ed849 3
4 dynarray.c:112 0x3a4eed79 16
4 dynarray.c:113 0x3a4eed49 24
4 path.c:254 0x3a4ee479 24
4 path.c:246 0x3a4edae9 5
4 path.c:31 0x3a4ee729 2
4 path.c:31 0x3a4ee959 3
4 dynarray.c:112 0x3a4edbf9 16
4 dynarray.c:113 0x3a4ed599 24
4 path.c:254 0x3a4edbc9 24
1 dynarray.c:84 0x3a4ed819 24
2 dynarray.c:95 0x3a4edbc9 24
1 bdtBad5.c:662 0x3a4ed869 12
4 dynarray.c:112 0x3a4edbc9 24
4 dynarray.c:113 0x3a4ed819 24
4 bdt_client.c:148 0x3a4ed869 12
2 path.c:128 0x3a4ed819 24
1 dynarray.c:84 0x3a4ed599 24
2 dynarray.c:95 0x3a4edbc9 16
2 path.c:90 0x3a4ee959 2
2 path.c:90 0x3a4ee729 3
1 path.c:143 0x3a4ed869 5
2 path.c:178 0x3a4ee479 24
1 dynarray.c:84 0x3a4edbf9 24
2 dynarray.c:95 0x3a4eed49 16
2 path.c:191 0x3a4edae9 5
2 path.c:205 0x3a4ee859 2
3 path.c:223 0x3a4edae9 0x3a4edae9 5 2
4 path.c:246 0x3a4edae9 2
4 path.c:31 0x3a4ee859 2
4 dynarray.c:112 0x3a4eed49 16
4 dynarray.c:113 0x3a4edbf9 24
4 path.c:254 0x3a4ee479 24
2 path.c:178 0x3a4ee479 24
1 dynarray.c:84 0x3a4eed79 24
2 dynarray.c:95 0x3a4edbf9 16
2 path.c:191 0x3a4ee859 5
2 path.c:205 0x3a4edae9 2
2 path.c:205 0x3a4edc29 3
3 path.c:223 0x3a4ee859 0x3a4ee859 5 5
4 path.c:246 0x3a4ee859 5
4 path.c:31 0x3a4edae9 2
4 path.c:31 0x3a4edc29 3
4 dynarray.c:112 0x3a4edbf9 16
4 dynarray.c:113 0x3a4eed79 24
4 path.c:254 0x3a4ee479 24
4 path.c:246 0x3a4ed869 5
4 path.c:31 0x3a4ee959 2
4 path.c:31 0x3a4ee729 3
4 dynarray.c:112 0x3a4edbc9 16
4 dynarray.c:113 0x3a4ed599 24
4 path.c:254 0x3a4ed819 24
4 path.c:246 0x3a4edaa9 5
4 path.c:31 0x3a4edac9 2
4 path.c:31 0x3a4ee979 3
4 dynarray.c:112 0x3a4ed5f9 16
4 dynarray.c:113 0x3a4eec59 24
4 path.c:254 0x3a4eda49 24
4 bdtBad5.c:263 0x3a4ee509 32
1 dynarray.c:84 0x3a4eed49 24
2 dynarray.c:95 0x3a4eda49 16
1 bdtBad5.c:662 0x3a4ed849 7
4 dynarray.c:112 0x3a4eda49 16
4 dynarray.c:113 0x3a4eed49 24
4 bdt_client.c:152 0x3a4ed849 7
2 path.c:128 0x3a4eed49 24
1 dynarray.c:84 0x3a4eec59 24
2 dynarray.c:95 0x3a4eda49 16
2 path.c:90 0x3a4ee979 2
2 path.c:90 0x3a4edac9 3
1 path.c:143 0x3a4ed849 5
2 path.c:178 0x3a4ed819 24
1 dynarray.c:84 0x3a4ed5f9 24
2 dynarray.c:95 0x3a4ed599 16
2 path.c:191 0x3a4edaa9 5
2 path.c:205 0x3a4ee959 2
3 path.c:223 0x3a4edaa9 0x3a4edaa9 5 2
4 path.c:246 0x3a4edaa9 2
4 path.c:31 0x3a4ee959 2
4 dynarray.c:112 0x3a4ed599 16
4 dynarray.c:113 0x3a4ed5f9 24
4 path.c:254 0x3a4ed819 24
2 path.c:178 0x3a4ed819 24
1 dynarray.c:84 0x3a4edbc9 24
2 dynarray.c:95 0x3a4ed5f9 16
2 path.c:191 0x3a4ee959 5
2 path.c:205 0x3a4edaa9 2
2 path.c:205 0x3a4ed869 3
3 path.c:223 0x3a4ee959 0x3a4ee959 5 5
4 path.c:246 0x3a4ee959 5
4 path.c:31 0x3a4edaa9 2
4 path.c:31 0x3a4ed869 3
4 dynarray.c:112 0x3a4ed5f9 16
4 dynarray.c:113 0x3a4edbc9 24
4 path.c:254 0x3a4ed819 24
2 path.c:178 0x3a4ed819 24
1 dynarray.c:84 0x3a4ed599 24
2 dynarray.c:95 0x3a4edbc9 16
2 path.c:191 0x3a4ed869 5
2 path.c:205 0x3a4edaa9 2
2 path.c:205 0x3a4ee959 3
3 path.c:223 0x3a4ed869 0x3a4ed869 5 5
1 bdtBad5.c:143 0x3a4ee509 32
2 path.c:178 0x3a4ee479 24
1 dynarray.c:84 0x3a4ed5f9 24
2 dynarray.c:95 0x3a4eed79 16
2 path.c:191 0x3a4edc29 5
2 path.c:205 0x3a4edae9 2
2 path.c:205 0x3a4ee859 3
3 path.c:223 0x3a4edc29 0x3a4edc29 5 5
4 path.c:246 0x3a4ed869 5
4 path.c:31 0x3a4edaa9 2
4 path.c:31 0x3a4ee959 3
4 dynarray.c:112 0x3a4edbc9 16
4 dynarray.c:113 0x3a4ed599 24
4 path.c:254 0x3a4ed819 24
4 path.c:246 0x3a4ed849 5
4 path.c:31 0x3a4ee979 2
4 path.c:31 0x3a4edac9 3
4 dynarray.c:112 0x3a4eda49 16
4 dynarray.c:113 0x3a4eec59 24
4 path.c:254 0x3a4eed49 24
1 dynarray.c:84 0x3a4edbf9 24
2 dynarray.c:95 0x3a4eed49 24
1 bdtBad5.c:662 0x3a4ee729 12
4 dynarray.c:112 0x3a4eed49 24
4 dynarray.c:113 0x3a4edbf9 24
4 bdt_client.c:156 0x3a4ee729 12
2 path.c:128 0x3a4edbf9 24
1 dynarray.c:84 0x3a4eec59 24
2 dynarray.c:95 0x3a4eed49 16
2 path.c:90 0x3a4edac9 2
2 path.c:90 0x3a4ee979 2
1 path.c:143 0x3a4ee729 4
2 path.c:178 0x3a4ed819 24
1 dynarray.c:84 0x3a4eda49 24
2 dynarray.c:95 0x3a4ed599 16
2 path.c:191 0x3a4ed849 4
2 path.c:205 0x3a4edaa9 2
3 path.c:223 0x3a4ed849 0x3a4ed849 4 2
4 path.c:246 0x3a4ed849 2
4 path.c:31 0x3a4edaa9 2
4 dynarray.c:112 0x3a4ed599 16
4 dynarray.c:113 0x3a4eda49 24
4 path.c:254 0x3a4ed819 24
2 path.c:178 0x3a4ed819 24
1 dynarray.c:84 0x3a4edbc9 24
2 dynarray.c:95 0x3a4eda49 16
2 path.c:191 0x3a4edaa9 4
2 path.c:205 0x3a4ed849 2
2 path.c:205 0x3a4ed869 2
3 path.c:223 0x3a4edaa9 0x3a4edaa9 4 4
4 path.c:246 0x3a4edaa9 4
4 path.c:31 0x3a4ed849 2
4 path.c:31 0x3a4ed869 2
4 dynarray.c:112 0x3a4eda49 16
4 dynarray.c:113 0x3a4edbc9 24
4 path.c:254 0x3a4ed819 24
4 path.c:246 0x3a4ee729 4
4 path.c:31 0x3a4edac9 2
4 path.c:31 0x3a4ee979 2
4 dynarray.c:112 0x3a4eed49 16
4 dynarray.c:113 0x3a4eec59 24
4 path.c:254 0x3a4edbf9 24
4 path.c:246 0x3a4ee6c9 4
4 path.c:31 0x3a4ee879 2
4 path.c:31 0x3a4ee9d9 2
4 dynarray.c:112 0x3a4eece9 16
4 dynarray.c:113 0x3a4ed7e9 24
4 path.c:254 0x3a4eecb9 24
4 bdtBad5.c:263 0x3a4ee2b9 32
1 dynarray.c:84 0x3a4ed599 24
2 dynarray.c:95 0x3a4eecb9 16
1 bdtBad5.c:662 0x3a4ee959 8
4 dynarray.c:112 0x3a4eecb9 16
4 dynarray.c:113 0x3a4ed599 24
4 bdt_client.c:160 0x3a4ee959 8
4 path.c:246 0x3a4edc29 5
4 path.c:31 0x3a4edae9 2
4 path.c:31 0x3a4ee859 3
4 dynarray.c:112 0x3a4eed79 16
4 dynarray.c:113 0x3a4ed5f9 24
4 path.c:254 0x3a4ee479 24
4 bdtBad5.c:263 0x3a4ee509 32
4 path.c:246 0x3a4edc69 2
4 path.c:31 0x3a4edc49 2
4 dynarray.c:112 0x3a4ed909 16
4 dynarray.c:113 0x3a4eda79 24
4 path.c:254 0x3a4edb99 24
4 bdtBad5.c:263 0x3a4ee919 32
