2 path.c:128 0x4a44049 24
4 path.c:254 0x4a44049 24
2 path.c:128 0x4a46319 24
1 dynarray.c:84 0x4a46389 24
2 dynarray.c:95 0x4a463f9 16
2 path.c:90 0x4a46459 6
1 path.c:143 0x4a464a9 6
4 path.c:246 0x4a464a9 6
4 path.c:31 0x4a46459 6
4 dynarray.c:112 0x4a463f9 16
4 dynarray.c:113 0x4a46389 24
4 path.c:254 0x4a46319 24
1 dynarray.c:84 0x4a464f9 24
2 dynarray.c:95 0x4a46569 16
1 bdtBad5.c:662 0x4a465c9 1
4 dynarray.c:112 0x4a46569 16
4 dynarray.c:113 0x4a464f9 24
4 bdt_client.c:39 0x4a465c9 1
2 path.c:128 0x4a46619 24
4 path.c:254 0x4a46619 24
2 path.c:128 0x4a46689 24
1 dynarray.c:84 0x4a466f9 24
2 dynarray.c:95 0x4a46769 16
4 dynarray.c:112 0x4a46769 16
4 dynarray.c:113 0x4a466f9 24
4 path.c:254 0x4a46689 24
2 path.c:128 0x4a467c9 24
1 dynarray.c:84 0x4a46839 24
2 dynarray.c:95 0x4a468a9 16
2 path.c:90 0x4a46909 6
2 path.c:90 0x4a46959 7
4 path.c:31 0x4a46909 6
4 path.c:31 0x4a46959 7
4 dynarray.c:112 0x4a468a9 16
4 dynarray.c:113 0x4a46839 24
4 path.c:254 0x4a467c9 24
2 path.c:128 0x4a469b9 24
1 dynarray.c:84 0x4a46a29 24
2 dynarray.c:95 0x4a46a99 16
2 path.c:90 0x4a46af9 6
4 path.c:31 0x4a46af9 6
4 dynarray.c:112 0x4a46a99 16
4 dynarray.c:113 0x4a46a29 24
4 path.c:254 0x4a469b9 24
2 path.c:128 0x4a46b49 24
1 dynarray.c:84 0x4a46bb9 24
2 dynarray.c:95 0x4a46c29 16
2 path.c:90 0x4a46c89 6
1 path.c:143 0x4a46cd9 6
2 path.c:178 0x4a46d29 24
1 dynarray.c:84 0x4a46d99 24
2 dynarray.c:95 0x4a46e09 16
2 path.c:191 0x4a46e69 6
2 path.c:205 0x4a46eb9 6
3 path.c:223 0x4a46f09 0x4a46e69 6 6
1 bdtBad5.c:143 0x4a46f59 32
2 path.c:178 0x4a46fc9 24
1 dynarray.c:84 0x4a47039 24
2 dynarray.c:95 0x4a470a9 16
2 path.c:191 0x4a47109 6
2 path.c:205 0x4a47159 6
3 path.c:223 0x4a471a9 0x4a47109 6 6
4 path.c:246 0x4a46f09 6
4 path.c:31 0x4a46eb9 6
4 dynarray.c:112 0x4a46e09 16
4 dynarray.c:113 0x4a46d99 24
4 path.c:254 0x4a46d29 24
4 path.c:246 0x4a46cd9 6
4 path.c:31 0x4a46c89 6
4 dynarray.c:112 0x4a46c29 16
4 dynarray.c:113 0x4a46bb9 24
4 path.c:254 0x4a46b49 24
2 path.c:128 0x4a471f9 24
1 dynarray.c:84 0x4a47269 24
2 dynarray.c:95 0x4a472d9 16
2 path.c:90 0x4a47339 6
2 path.c:90 0x4a47389 7
2 path.c:90 0x4a473e9 12
3 dynarray.c:69 0x4a47449 0x4a472d9 16 32
1 path.c:143 0x4a474b9 25
2 path.c:178 0x4a47529 24
1 dynarray.c:84 0x4a47599 24
2 dynarray.c:95 0x4a47609 16
2 path.c:191 0x4a47669 25
2 path.c:205 0x4a476d9 6
3 path.c:223 0x4a47729 0x4a47669 25 6
4 path.c:246 0x4a47729 6
4 path.c:31 0x4a476d9 6
4 dynarray.c:112 0x4a47609 16
4 dynarray.c:113 0x4a47599 24
4 path.c:254 0x4a47529 24
2 path.c:178 0x4a47779 24
1 dynarray.c:84 0x4a477e9 24
2 dynarray.c:95 0x4a47859 16
2 path.c:191 0x4a478b9 25
2 path.c:205 0x4a47929 6
2 path.c:205 0x4a47979 7
3 path.c:223 0x4a479d9 0x4a478b9 25 13
4 path.c:246 0x4a479d9 13
4 path.c:31 0x4a47929 6
4 path.c:31 0x4a47979 7
4 dynarray.c:112 0x4a47859 16
4 dynarray.c:113 0x4a477e9 24
4 path.c:254 0x4a47779 24
2 path.c:178 0x4a47a39 24
1 dynarray.c:84 0x4a47aa9 24
2 dynarray.c:95 0x4a47b19 16
2 path.c:191 0x4a47b79 25
2 path.c:205 0x4a47be9 6
2 path.c:205 0x4a47c39 7
3 path.c:223 0x4a47c99 0x4a47b79 25 13
1 bdtBad5.c:143 0x4a47cf9 32
2 path.c:178 0x4a47d69 24
1 dynarray.c:84 0x4a47dd9 24
2 dynarray.c:95 0x4a47e49 16
2 path.c:191 0x4a47ea9 13
2 path.c:205 0x4a47f09 6
2 path.c:205 0x4a47f59 7
3 path.c:223 0x4a47fb9 0x4a47ea9 13 13
4 path.c:246 0x4a47c99 13
4 path.c:31 0x4a47be9 6
4 path.c:31 0x4a47c39 7
4 dynarray.c:112 0x4a47b19 16
4 dynarray.c:113 0x4a47aa9 24
4 path.c:254 0x4a47a39 24
2 path.c:178 0x4a48019 24
1 dynarray.c:84 0x4a48089 24
2 dynarray.c:95 0x4a480f9 24
2 path.c:191 0x4a48169 25
2 path.c:205 0x4a481d9 6
2 path.c:205 0x4a48229 7
2 path.c:205 0x4a48289 12
3 path.c:223 0x4a482e9 0x4a48169 25 25
1 bdtBad5.c:143 0x4a48359 32
2 path.c:178 0x4a483c9 24
1 dynarray.c:84 0x4a48439 24
2 dynarray.c:95 0x4a484a9 24
2 path.c:191 0x4a48519 25
2 path.c:205 0x4a48589 6
2 path.c:205 0x4a485d9 7
2 path.c:205 0x4a48639 12
3 path.c:223 0x4a48699 0x4a48519 25 25
4 path.c:246 0x4a482e9 25
4 path.c:31 0x4a481d9 6
4 path.c:31 0x4a48229 7
4 path.c:31 0x4a48289 12
4 dynarray.c:112 0x4a480f9 24
4 dynarray.c:113 0x4a48089 24
4 path.c:254 0x4a48019 24
4 path.c:246 0x4a474b9 25
4 path.c:31 0x4a47339 6
4 path.c:31 0x4a47389 7
4 path.c:31 0x4a473e9 12
4 dynarray.c:112 0x4a47449 32
4 dynarray.c:113 0x4a47269 24
4 path.c:254 0x4a471f9 24
2 path.c:128 0x4a48709 24
1 dynarray.c:84 0x4a48779 24
2 dynarray.c:95 0x4a487e9 16
2 path.c:90 0x4a48849 6
1 path.c:143 0x4a48899 6
2 path.c:178 0x4a488e9 24
1 dynarray.c:84 0x4a48959 24
2 dynarray.c:95 0x4a489c9 16
2 path.c:191 0x4a48a29 6
2 path.c:205 0x4a48a79 6
3 path.c:223 0x4a48ac9 0x4a48a29 6 6
4 path.c:246 0x4a48ac9 6
4 path.c:31 0x4a48a79 6
4 dynarray.c:112 0x4a489c9 16
4 dynarray.c:113 0x4a48959 24
4 path.c:254 0x4a488e9 24
4 path.c:246 0x4a48899 6
4 path.c:31 0x4a48849 6
4 dynarray.c:112 0x4a487e9 16
4 dynarray.c:113 0x4a48779 24
4 path.c:254 0x4a48709 24
2 path.c:128 0x4a48b19 24
1 dynarray.c:84 0x4a48b89 24
2 dynarray.c:95 0x4a48bf9 16
2 path.c:90 0x4a48c59 6
2 path.c:90 0x4a48ca9 7
1 path.c:143 0x4a48d09 13
2 path.c:178 0x4a48d69 24
1 dynarray.c:84 0x4a48dd9 24
2 dynarray.c:95 0x4a48e49 16
2 path.c:191 0x4a48ea9 13
2 path.c:205 0x4a48f09 6
3 path.c:223 0x4a48f59 0x4a48ea9 13 6
4 path.c:246 0x4a48f59 6
4 path.c:31 0x4a48f09 6
4 dynarray.c:112 0x4a48e49 16
4 dynarray.c:113 0x4a48dd9 24
4 path.c:254 0x4a48d69 24
2 path.c:178 0x4a48fa9 24
1 dynarray.c:84 0x4a49019 24
2 dynarray.c:95 0x4a49089 16
2 path.c:191 0x4a490e9 13
2 path.c:205 0x4a49149 6
2 path.c:205 0x4a49199 7
3 path.c:223 0x4a491f9 0x4a490e9 13 13
4 path.c:246 0x4a491f9 13
4 path.c:31 0x4a49149 6
4 path.c:31 0x4a49199 7
4 dynarray.c:112 0x4a49089 16
4 dynarray.c:113 0x4a49019 24
4 path.c:254 0x4a48fa9 24
4 path.c:246 0x4a48d09 13
4 path.c:31 0x4a48c59 6
4 path.c:31 0x4a48ca9 7
4 dynarray.c:112 0x4a48bf9 16
4 dynarray.c:113 0x4a48b89 24
4 path.c:254 0x4a48b19 24
2 path.c:128 0x4a49259 24
1 dynarray.c:84 0x4a492c9 24
2 dynarray.c:95 0x4a49339 16
2 path.c:90 0x4a49399 6
2 path.c:90 0x4a493e9 7
2 path.c:90 0x4a49449 12
3 dynarray.c:69 0x4a494a9 0x4a49339 16 32
1 path.c:143 0x4a49519 25
2 path.c:178 0x4a49589 24
1 dynarray.c:84 0x4a495f9 24
2 dynarray.c:95 0x4a49669 16
2 path.c:191 0x4a496c9 25
2 path.c:205 0x4a49739 6
3 path.c:223 0x4a49789 0x4a496c9 25 6
4 path.c:246 0x4a49789 6
4 path.c:31 0x4a49739 6
4 dynarray.c:112 0x4a49669 16
4 dynarray.c:113 0x4a495f9 24
4 path.c:254 0x4a49589 24
2 path.c:178 0x4a497d9 24
1 dynarray.c:84 0x4a49849 24
2 dynarray.c:95 0x4a498b9 16
2 path.c:191 0x4a49919 25
2 path.c:205 0x4a49989 6
2 path.c:205 0x4a499d9 7
3 path.c:223 0x4a49a39 0x4a49919 25 13
4 path.c:246 0x4a49a39 13
4 path.c:31 0x4a49989 6
4 path.c:31 0x4a499d9 7
4 dynarray.c:112 0x4a498b9 16
4 dynarray.c:113 0x4a49849 24
4 path.c:254 0x4a497d9 24
2 path.c:178 0x4a49a99 24
1 dynarray.c:84 0x4a49b09 24
2 dynarray.c:95 0x4a49b79 24
2 path.c:191 0x4a49be9 25
2 path.c:205 0x4a49c59 6
2 path.c:205 0x4a49ca9 7
2 path.c:205 0x4a49d09 12
3 path.c:223 0x4a49d69 0x4a49be9 25 25
4 path.c:246 0x4a49d69 25
4 path.c:31 0x4a49c59 6
4 path.c:31 0x4a49ca9 7
4 path.c:31 0x4a49d09 12
4 dynarray.c:112 0x4a49b79 24
4 dynarray.c:113 0x4a49b09 24
4 path.c:254 0x4a49a99 24
4 path.c:246 0x4a49519 25
4 path.c:31 0x4a49399 6
4 path.c:31 0x4a493e9 7
4 path.c:31 0x4a49449 12
4 dynarray.c:112 0x4a494a9 32
4 dynarray.c:113 0x4a492c9 24
4 path.c:254 0x4a49259 24
2 path.c:128 0x4a49dd9 24
1 dynarray.c:84 0x4a49e49 24
2 dynarray.c:95 0x4a49eb9 16
2 path.c:90 0x4a49f19 12
1 path.c:143 0x4a49f79 12
2 path.c:178 0x4a49fd9 24
1 dynarray.c:84 0x4a4a049 24
2 dynarray.c:95 0x4a4a0b9 16
2 path.c:191 0x4a4a119 12
2 path.c:205 0x4a4a179 12
3 path.c:223 0x4a4a1d9 0x4a4a119 12 12
4 path.c:246 0x4a4a1d9 12
4 path.c:31 0x4a4a179 12
4 dynarray.c:112 0x4a4a0b9 16
4 dynarray.c:113 0x4a4a049 24
4 path.c:254 0x4a49fd9 24
4 path.c:246 0x4a49f79 12
4 path.c:31 0x4a49f19 12
4 dynarray.c:112 0x4a49eb9 16
4 dynarray.c:113 0x4a49e49 24
4 path.c:254 0x4a49dd9 24
2 path.c:128 0x4a4a239 24
1 dynarray.c:84 0x4a4a2a9 24
2 dynarray.c:95 0x4a4a319 16
2 path.c:90 0x4a4a379 12
1 path.c:143 0x4a4a3d9 12
2 path.c:178 0x4a4a439 24
1 dynarray.c:84 0x4a4a4a9 24
2 dynarray.c:95 0x4a4a519 16
2 path.c:191 0x4a4a579 12
2 path.c:205 0x4a4a5d9 12
3 path.c:223 0x4a4a639 0x4a4a579 12 12
4 path.c:246 0x4a4a639 12
4 path.c:31 0x4a4a5d9 12
4 dynarray.c:112 0x4a4a519 16
4 dynarray.c:113 0x4a4a4a9 24
4 path.c:254 0x4a4a439 24
4 path.c:246 0x4a4a3d9 12
4 path.c:31 0x4a4a379 12
4 dynarray.c:112 0x4a4a319 16
4 dynarray.c:113 0x4a4a2a9 24
4 path.c:254 0x4a4a239 24
2 path.c:128 0x4a4a699 24
1 dynarray.c:84 0x4a4a709 24
2 dynarray.c:95 0x4a4a779 16
2 path.c:90 0x4a4a7d9 12
1 path.c:143 0x4a4a839 12
2 path.c:178 0x4a4a899 24
1 dynarray.c:84 0x4a4a909 24
2 dynarray.c:95 0x4a4a979 16
2 path.c:191 0x4a4a9d9 12
2 path.c:205 0x4a4aa39 12
3 path.c:223 0x4a4aa99 0x4a4a9d9 12 12
4 path.c:246 0x4a4aa99 12
4 path.c:31 0x4a4aa39 12
4 dynarray.c:112 0x4a4a979 16
4 dynarray.c:113 0x4a4a909 24
4 path.c:254 0x4a4a899 24
4 path.c:246 0x4a4a839 12
4 path.c:31 0x4a4a7d9 12
4 dynarray.c:112 0x4a4a779 16
4 dynarray.c:113 0x4a4a709 24
4 path.c:254 0x4a4a699 24
2 path.c:128 0x4a4aaf9 24
1 dynarray.c:84 0x4a4ab69 24
2 dynarray.c:95 0x4a4abd9 16
2 path.c:90 0x4a4ac39 6
2 path.c:90 0x4a4ac89 8
1 path.c:143 0x4a4ace9 14
2 path.c:178 0x4a4ad49 24
1 dynarray.c:84 0x4a4adb9 24
2 dynarray.c:95 0x4a4ae29 16
2 path.c:191 0x4a4ae89 14
2 path.c:205 0x4a4aee9 6
3 path.c:223 0x4a4af39 0x4a4ae89 14 6
4 path.c:246 0x4a4af39 6
4 path.c:31 0x4a4aee9 6
4 dynarray.c:112 0x4a4ae29 16
4 dynarray.c:113 0x4a4adb9 24
4 path.c:254 0x4a4ad49 24
2 path.c:178 0x4a4af89 24
1 dynarray.c:84 0x4a4aff9 24
2 dynarray.c:95 0x4a4b069 16
2 path.c:191 0x4a4b0c9 14
2 path.c:205 0x4a4b129 6
2 path.c:205 0x4a4b179 8
3 path.c:223 0x4a4b1d9 0x4a4b0c9 14 14
4 path.c:246 0x4a4b1d9 14
4 path.c:31 0x4a4b129 6
4 path.c:31 0x4a4b179 8
4 dynarray.c:112 0x4a4b069 16
4 dynarray.c:113 0x4a4aff9 24
4 path.c:254 0x4a4af89 24
2 path.c:128 0x4a4b239 24
1 dynarray.c:84 0x4a4b2a9 24
2 dynarray.c:95 0x4a4b319 16
2 path.c:90 0x4a4b379 6
2 path.c:90 0x4a4b3c9 7
2 path.c:90 0x4a4b429 12
3 dynarray.c:69 0x4a4b489 0x4a4b319 16 32
1 path.c:143 0x4a4b4f9 25
2 path.c:178 0x4a4b569 24
1 dynarray.c:84 0x4a4b5d9 24
2 dynarray.c:95 0x4a4b649 16
2 path.c:191 0x4a4b6a9 25
2 path.c:205 0x4a4b719 6
3 path.c:223 0x4a4b769 0x4a4b6a9 25 6
4 path.c:246 0x4a4b769 6
4 path.c:31 0x4a4b719 6
4 dynarray.c:112 0x4a4b649 16
4 dynarray.c:113 0x4a4b5d9 24
4 path.c:254 0x4a4b569 24
2 path.c:178 0x4a4b7b9 24
1 dynarray.c:84 0x4a4b829 24
2 dynarray.c:95 0x4a4b899 16
2 path.c:191 0x4a4b8f9 25
2 path.c:205 0x4a4b969 6
2 path.c:205 0x4a4b9b9 7
3 path.c:223 0x4a4ba19 0x4a4b8f9 25 13
4 path.c:246 0x4a4ba19 13
4 path.c:31 0x4a4b969 6
4 path.c:31 0x4a4b9b9 7
4 dynarray.c:112 0x4a4b899 16
4 dynarray.c:113 0x4a4b829 24
4 path.c:254 0x4a4b7b9 24
2 path.c:178 0x4a4ba79 24
1 dynarray.c:84 0x4a4bae9 24
2 dynarray.c:95 0x4a4bb59 24
2 path.c:191 0x4a4bbc9 25
2 path.c:205 0x4a4bc39 6
2 path.c:205 0x4a4bc89 7
2 path.c:205 0x4a4bce9 12
3 path.c:223 0x4a4bd49 0x4a4bbc9 25 25
4 path.c:246 0x4a4bd49 25
4 path.c:31 0x4a4bc39 6
4 path.c:31 0x4a4bc89 7
4 path.c:31 0x4a4bce9 12
4 dynarray.c:112 0x4a4bb59 24
4 dynarray.c:113 0x4a4bae9 24
4 path.c:254 0x4a4ba79 24
4 path.c:246 0x4a4b4f9 25
4 path.c:31 0x4a4b379 6
4 path.c:31 0x4a4b3c9 7
4 path.c:31 0x4a4b429 12
4 dynarray.c:112 0x4a4b489 32
4 dynarray.c:113 0x4a4b2a9 24
4 path.c:254 0x4a4b239 24
2 path.c:128 0x4a4bdb9 24
1 dynarray.c:84 0x4a4be29 24
2 dynarray.c:95 0x4a4be99 16
2 path.c:90 0x4a4bef9 12
2 path.c:90 0x4a4bf59 6
2 path.c:90 0x4a4bfa9 9
3 dynarray.c:69 0x4a4c009 0x4a4be99 16 32
1 path.c:143 0x4a4c079 27
2 path.c:178 0x4a4c0e9 24
1 dynarray.c:84 0x4a4c159 24
2 dynarray.c:95 0x4a4c1c9 16
2 path.c:191 0x4a4c229 27
2 path.c:205 0x4a4c299 12
3 path.c:223 0x4a4c2f9 0x4a4c229 27 12
4 path.c:246 0x4a4c2f9 12
4 path.c:31 0x4a4c299 12
4 dynarray.c:112 0x4a4c1c9 16
4 dynarray.c:113 0x4a4c159 24
4 path.c:254 0x4a4c0e9 24
4 path.c:246 0x4a4c079 27
4 path.c:31 0x4a4bef9 12
4 path.c:31 0x4a4bf59 6
4 path.c:31 0x4a4bfa9 9
4 dynarray.c:112 0x4a4c009 32
4 dynarray.c:113 0x4a4be29 24
4 path.c:254 0x4a4bdb9 24
2 path.c:128 0x4a4c359 24
1 dynarray.c:84 0x4a4c3c9 24
2 dynarray.c:95 0x4a4c439 16
2 path.c:90 0x4a4c499 6
2 path.c:90 0x4a4c4e9 8
1 path.c:143 0x4a4c549 14
2 path.c:178 0x4a4c5a9 24
1 dynarray.c:84 0x4a4c619 24
2 dynarray.c:95 0x4a4c689 16
2 path.c:191 0x4a4c6e9 14
2 path.c:205 0x4a4c749 6
3 path.c:223 0x4a4c799 0x4a4c6e9 14 6
4 path.c:246 0x4a4c799 6
4 path.c:31 0x4a4c749 6
4 dynarray.c:112 0x4a4c689 16
4 dynarray.c:113 0x4a4c619 24
4 path.c:254 0x4a4c5a9 24
2 path.c:178 0x4a4c7e9 24
1 dynarray.c:84 0x4a4c859 24
2 dynarray.c:95 0x4a4c8c9 16
2 path.c:191 0x4a4c929 14
2 path.c:205 0x4a4c989 6
2 path.c:205 0x4a4c9d9 8
3 path.c:223 0x4a4ca39 0x4a4c929 14 14
4 path.c:246 0x4a4ca39 14
4 path.c:31 0x4a4c989 6
4 path.c:31 0x4a4c9d9 8
4 dynarray.c:112 0x4a4c8c9 16
4 dynarray.c:113 0x4a4c859 24
4 path.c:254 0x4a4c7e9 24
2 path.c:178 0x4a4ca99 24
1 dynarray.c:84 0x4a4cb09 24
2 dynarray.c:95 0x4a4cb79 16
2 path.c:191 0x4a4cbd9 14
2 path.c:205 0x4a4cc39 6
2 path.c:205 0x4a4cc89 8
3 path.c:223 0x4a4cce9 0x4a4cbd9 14 14
1 bdtBad5.c:143 0x4a4cd49 32
2 path.c:178 0x4a4cdb9 24
1 dynarray.c:84 0x4a4ce29 24
2 dynarray.c:95 0x4a4ce99 16
2 path.c:191 0x4a4cef9 14
2 path.c:205 0x4a4cf59 6
2 path.c:205 0x4a4cfa9 8
3 path.c:223 0x4a4d009 0x4a4cef9 14 14
4 path.c:246 0x4a4cce9 14
4 path.c:31 0x4a4cc39 6
4 path.c:31 0x4a4cc89 8
4 dynarray.c:112 0x4a4cb79 16
4 dynarray.c:113 0x4a4cb09 24
4 path.c:254 0x4a4ca99 24
4 path.c:246 0x4a4c549 14
4 path.c:31 0x4a4c499 6
4 path.c:31 0x4a4c4e9 8
4 dynarray.c:112 0x4a4c439 16
4 dynarray.c:113 0x4a4c3c9 24
4 path.c:254 0x4a4c359 24
2 path.c:128 0x4a4d069 24
1 dynarray.c:84 0x4a4d0d9 24
2 dynarray.c:95 0x4a4d149 16
2 path.c:90 0x4a4d1a9 6
2 path.c:90 0x4a4d1f9 7
1 path.c:143 0x4a4d259 13
2 path.c:178 0x4a4d2b9 24
1 dynarray.c:84 0x4a4d329 24
2 dynarray.c:95 0x4a4d399 16
2 path.c:191 0x4a4d3f9 13
2 path.c:205 0x4a4d459 6
3 path.c:223 0x4a4d4a9 0x4a4d3f9 13 6
4 path.c:246 0x4a4d4a9 6
4 path.c:31 0x4a4d459 6
4 dynarray.c:112 0x4a4d399 16
4 dynarray.c:113 0x4a4d329 24
4 path.c:254 0x4a4d2b9 24
2 path.c:178 0x4a4d4f9 24
1 dynarray.c:84 0x4a4d569 24
2 dynarray.c:95 0x4a4d5d9 16
2 path.c:191 0x4a4d639 13
2 path.c:205 0x4a4d699 6
2 path.c:205 0x4a4d6e9 7
3 path.c:223 0x4a4d749 0x4a4d639 13 13
4 path.c:246 0x4a4d749 13
4 path.c:31 0x4a4d699 6
4 path.c:31 0x4a4d6e9 7
4 dynarray.c:112 0x4a4d5d9 16
4 dynarray.c:113 0x4a4d569 24
4 path.c:254 0x4a4d4f9 24
2 path.c:178 0x4a4d7a9 24
1 dynarray.c:84 0x4a4d819 24
2 dynarray.c:95 0x4a4d889 16
2 path.c:191 0x4a4d8e9 13
2 path.c:205 0x4a4d949 6
2 path.c:205 0x4a4d999 7
3 path.c:223 0x4a4d9f9 0x4a4d8e9 13 13
1 bdtBad5.c:143 0x4a4da59 32
2 path.c:178 0x4a4dac9 24
1 dynarray.c:84 0x4a4db39 24
2 dynarray.c:95 0x4a4dba9 16
2 path.c:191 0x4a4dc09 13
2 path.c:205 0x4a4dc69 6
2 path.c:205 0x4a4dcb9 7
3 path.c:223 0x4a4dd19 0x4a4dc09 13 13
4 path.c:246 0x4a4dd19 13
4 path.c:31 0x4a4dc69 6
4 path.c:31 0x4a4dcb9 7
4 dynarray.c:112 0x4a4dba9 16
4 dynarray.c:113 0x4a4db39 24
4 path.c:254 0x4a4dac9 24
4 bdtBad5.c:193 0x4a4da59 32
4 path.c:246 0x4a4d259 13
4 path.c:31 0x4a4d1a9 6
4 path.c:31 0x4a4d1f9 7
4 dynarray.c:112 0x4a4d149 16
4 dynarray.c:113 0x4a4d0d9 24
4 path.c:254 0x4a4d069 24
4 path.c:246 0x4a4d9f9 13
4 path.c:31 0x4a4d949 6
4 path.c:31 0x4a4d999 7
4 dynarray.c:112 0x4a4d889 16
4 dynarray.c:113 0x4a4d819 24
4 path.c:254 0x4a4d7a9 24
2 path.c:128 0x4a4dd79 24
1 dynarray.c:84 0x4a4dde9 24
2 dynarray.c:95 0x4a4de59 16
2 path.c:90 0x4a4deb9 6
2 path.c:90 0x4a4df09 4
2 path.c:90 0x4a4df59 5
3 dynarray.c:69 0x4a4dfa9 0x4a4de59 16 32
2 path.c:90 0x4a4e019 7
1 path.c:143 0x4a4e079 22
2 path.c:178 0x4a4e0d9 24
1 dynarray.c:84 0x4a4e149 24
2 dynarray.c:95 0x4a4e1b9 16
2 path.c:191 0x4a4e219 22
2 path.c:205 0x4a4e279 6
3 path.c:223 0x4a4e2c9 0x4a4e219 22 6
4 path.c:246 0x4a4e2c9 6
4 path.c:31 0x4a4e279 6
4 dynarray.c:112 0x4a4e1b9 16
4 dynarray.c:113 0x4a4e149 24
4 path.c:254 0x4a4e0d9 24
2 path.c:178 0x4a4e319 24
1 dynarray.c:84 0x4a4e389 24
2 dynarray.c:95 0x4a4e3f9 16
2 path.c:191 0x4a4e459 22
2 path.c:205 0x4a4e4b9 6
2 path.c:205 0x4a4e509 4
3 path.c:223 0x4a4e559 0x4a4e459 22 10
4 path.c:246 0x4a4e559 10
4 path.c:31 0x4a4e4b9 6
4 path.c:31 0x4a4e509 4
4 dynarray.c:112 0x4a4e3f9 16
4 dynarray.c:113 0x4a4e389 24
4 path.c:254 0x4a4e319 24
2 path.c:178 0x4a4e5b9 24
1 dynarray.c:84 0x4a4e629 24
2 dynarray.c:95 0x4a4e699 16
2 path.c:191 0x4a4e6f9 22
2 path.c:205 0x4a4e759 6
2 path.c:205 0x4a4e7a9 4
3 path.c:223 0x4a4e7f9 0x4a4e6f9 22 10
1 bdtBad5.c:143 0x4a4e859 32
2 path.c:178 0x4a4e8c9 24
1 dynarray.c:84 0x4a4e939 24
2 dynarray.c:95 0x4a4e9a9 16
2 path.c:191 0x4a4ea09 10
2 path.c:205 0x4a4ea69 6
2 path.c:205 0x4a4eab9 4
3 path.c:223 0x4a4eb09 0x4a4ea09 10 10
4 path.c:246 0x4a4eb09 10
4 path.c:31 0x4a4ea69 6
4 path.c:31 0x4a4eab9 4
4 dynarray.c:112 0x4a4e9a9 16
4 dynarray.c:113 0x4a4e939 24
4 path.c:254 0x4a4e8c9 24
4 bdtBad5.c:193 0x4a4e859 32
4 path.c:246 0x4a4e079 22
4 path.c:31 0x4a4deb9 6
4 path.c:31 0x4a4df09 4
4 path.c:31 0x4a4df59 5
4 path.c:31 0x4a4e019 7
4 dynarray.c:112 0x4a4dfa9 32
4 dynarray.c:113 0x4a4dde9 24
4 path.c:254 0x4a4dd79 24
4 path.c:246 0x4a4e7f9 10
4 path.c:31 0x4a4e759 6
4 path.c:31 0x4a4e7a9 4
4 dynarray.c:112 0x4a4e699 16
4 dynarray.c:113 0x4a4e629 24
4 path.c:254 0x4a4e5b9 24
2 path.c:128 0x4a4eb69 24
1 dynarray.c:84 0x4a4ebd9 24
2 dynarray.c:95 0x4a4ec49 16
2 path.c:90 0x4a4eca9 6
1 path.c:143 0x4a4ecf9 6
2 path.c:178 0x4a4ed49 24
1 dynarray.c:84 0x4a4edb9 24
2 dynarray.c:95 0x4a4ee29 16
2 path.c:191 0x4a4ee89 6
2 path.c:205 0x4a4eed9 6
3 path.c:223 0x4a4ef29 0x4a4ee89 6 6
4 path.c:246 0x4a4ef29 6
4 path.c:31 0x4a4eed9 6
4 dynarray.c:112 0x4a4ee29 16
4 dynarray.c:113 0x4a4edb9 24
4 path.c:254 0x4a4ed49 24
4 path.c:246 0x4a4ecf9 6
4 path.c:31 0x4a4eca9 6
4 dynarray.c:112 0x4a4ec49 16
4 dynarray.c:113 0x4a4ebd9 24
4 path.c:254 0x4a4eb69 24
2 path.c:128 0x4a4ef79 24
1 dynarray.c:84 0x4a4efe9 24
2 dynarray.c:95 0x4a4f059 16
2 path.c:90 0x4a4f0b9 6
2 path.c:90 0x4a4f109 7
1 path.c:143 0x4a4f169 13
2 path.c:178 0x4a4f1c9 24
1 dynarray.c:84 0x4a4f239 24
2 dynarray.c:95 0x4a4f2a9 16
2 path.c:191 0x4a4f309 13
2 path.c:205 0x4a4f369 6
3 path.c:223 0x4a4f3b9 0x4a4f309 13 6
4 path.c:246 0x4a4f3b9 6
4 path.c:31 0x4a4f369 6
4 dynarray.c:112 0x4a4f2a9 16
4 dynarray.c:113 0x4a4f239 24
4 path.c:254 0x4a4f1c9 24
2 path.c:178 0x4a4f409 24
1 dynarray.c:84 0x4a4f479 24
2 dynarray.c:95 0x4a4f4e9 16
2 path.c:191 0x4a4f549 13
2 path.c:205 0x4a4f5a9 6
2 path.c:205 0x4a4f5f9 7
3 path.c:223 0x4a4f659 0x4a4f549 13 13
4 path.c:246 0x4a4f659 13
4 path.c:31 0x4a4f5a9 6
4 path.c:31 0x4a4f5f9 7
4 dynarray.c:112 0x4a4f4e9 16
4 dynarray.c:113 0x4a4f479 24
4 path.c:254 0x4a4f409 24
4 path.c:246 0x4a4f169 13
4 path.c:31 0x4a4f0b9 6
4 path.c:31 0x4a4f109 7
4 dynarray.c:112 0x4a4f059 16
4 dynarray.c:113 0x4a4efe9 24
4 path.c:254 0x4a4ef79 24
2 path.c:128 0x4a4f6b9 24
1 dynarray.c:84 0x4a4f729 24
2 dynarray.c:95 0x4a4f799 16
2 path.c:90 0x4a4f7f9 6
2 path.c:90 0x4a4f849 8
1 path.c:143 0x4a4f8a9 14
2 path.c:178 0x4a4f909 24
1 dynarray.c:84 0x4a4f979 24
2 dynarray.c:95 0x4a4f9e9 16
2 path.c:191 0x4a4fa49 14
2 path.c:205 0x4a4faa9 6
3 path.c:223 0x4a4faf9 0x4a4fa49 14 6
4 path.c:246 0x4a4faf9 6
4 path.c:31 0x4a4faa9 6
4 dynarray.c:112 0x4a4f9e9 16
4 dynarray.c:113 0x4a4f979 24
4 path.c:254 0x4a4f909 24
2 path.c:178 0x4a4fb49 24
1 dynarray.c:84 0x4a4fbb9 24
2 dynarray.c:95 0x4a4fc29 16
2 path.c:191 0x4a4fc89 14
2 path.c:205 0x4a4fce9 6
2 path.c:205 0x4a4fd39 8
3 path.c:223 0x4a4fd99 0x4a4fc89 14 14
4 path.c:246 0x4a4fd99 14
4 path.c:31 0x4a4fce9 6
4 path.c:31 0x4a4fd39 8
4 dynarray.c:112 0x4a4fc29 16
4 dynarray.c:113 0x4a4fbb9 24
4 path.c:254 0x4a4fb49 24
4 path.c:246 0x4a4f8a9 14
4 path.c:31 0x4a4f7f9 6
4 path.c:31 0x4a4f849 8
4 dynarray.c:112 0x4a4f799 16
4 dynarray.c:113 0x4a4f729 24
4 path.c:254 0x4a4f6b9 24
2 path.c:128 0x4a4fdf9 24
1 dynarray.c:84 0x4a4fe69 24
2 dynarray.c:95 0x4a4fed9 16
2 path.c:90 0x4a4ff39 6
2 path.c:90 0x4a4ff89 7
1 path.c:143 0x4a4ffe9 13
2 path.c:178 0x4a50049 24
1 dynarray.c:84 0x4a500b9 24
2 dynarray.c:95 0x4a50129 16
2 path.c:191 0x4a50189 13
2 path.c:205 0x4a501e9 6
3 path.c:223 0x4a50239 0x4a50189 13 6
4 path.c:246 0x4a50239 6
4 path.c:31 0x4a501e9 6
4 dynarray.c:112 0x4a50129 16
4 dynarray.c:113 0x4a500b9 24
4 path.c:254 0x4a50049 24
2 path.c:178 0x4a50289 24
1 dynarray.c:84 0x4a502f9 24
2 dynarray.c:95 0x4a50369 16
2 path.c:191 0x4a503c9 13
2 path.c:205 0x4a50429 6
2 path.c:205 0x4a50479 7
3 path.c:223 0x4a504d9 0x4a503c9 13 13
4 path.c:246 0x4a504d9 13
4 path.c:31 0x4a50429 6
4 path.c:31 0x4a50479 7
4 dynarray.c:112 0x4a50369 16
4 dynarray.c:113 0x4a502f9 24
4 path.c:254 0x4a50289 24
2 path.c:128 0x4a50539 24
1 dynarray.c:84 0x4a505a9 24
2 dynarray.c:95 0x4a50619 16
2 path.c:90 0x4a50679 6
2 path.c:90 0x4a506c9 4
1 path.c:143 0x4a50719 10
2 path.c:178 0x4a50779 24
1 dynarray.c:84 0x4a507e9 24
2 dynarray.c:95 0x4a50859 16
2 path.c:191 0x4a508b9 10
2 path.c:205 0x4a50919 6
3 path.c:223 0x4a50969 0x4a508b9 10 6
4 path.c:246 0x4a50969 6
4 path.c:31 0x4a50919 6
4 dynarray.c:112 0x4a50859 16
4 dynarray.c:113 0x4a507e9 24
4 path.c:254 0x4a50779 24
2 path.c:178 0x4a509b9 24
1 dynarray.c:84 0x4a50a29 24
2 dynarray.c:95 0x4a50a99 16
2 path.c:191 0x4a50af9 10
2 path.c:205 0x4a50b59 6
2 path.c:205 0x4a50ba9 4
3 path.c:223 0x4a50bf9 0x4a50af9 10 10
4 path.c:246 0x4a50bf9 10
4 path.c:31 0x4a50b59 6
4 path.c:31 0x4a50ba9 4
4 dynarray.c:112 0x4a50a99 16
4 dynarray.c:113 0x4a50a29 24
4 path.c:254 0x4a509b9 24
2 path.c:128 0x4a50c59 24
1 dynarray.c:84 0x4a50cc9 24
2 dynarray.c:95 0x4a50d39 16
2 path.c:90 0x4a50d99 6
2 path.c:90 0x4a50de9 4
2 path.c:90 0x4a50e39 5
3 dynarray.c:69 0x4a50e89 0x4a50d39 16 32
1 path.c:143 0x4a50ef9 15
2 path.c:178 0x4a50f59 24
1 dynarray.c:84 0x4a50fc9 24
2 dynarray.c:95 0x4a51039 16
2 path.c:191 0x4a51099 15
2 path.c:205 0x4a510f9 6
3 path.c:223 0x4a51149 0x4a51099 15 6
4 path.c:246 0x4a51149 6
4 path.c:31 0x4a510f9 6
4 dynarray.c:112 0x4a51039 16
4 dynarray.c:113 0x4a50fc9 24
4 path.c:254 0x4a50f59 24
2 path.c:178 0x4a51199 24
1 dynarray.c:84 0x4a51209 24
2 dynarray.c:95 0x4a51279 16
2 path.c:191 0x4a512d9 15
2 path.c:205 0x4a51339 6
2 path.c:205 0x4a51389 4
3 path.c:223 0x4a513d9 0x4a512d9 15 10
4 path.c:246 0x4a513d9 10
4 path.c:31 0x4a51339 6
4 path.c:31 0x4a51389 4
4 dynarray.c:112 0x4a51279 16
4 dynarray.c:113 0x4a51209 24
4 path.c:254 0x4a51199 24
2 path.c:128 0x4a51439 24
1 dynarray.c:84 0x4a514a9 24
2 dynarray.c:95 0x4a51519 16
2 path.c:90 0x4a51579 6
2 path.c:90 0x4a515c9 4
2 path.c:90 0x4a51619 5
3 dynarray.c:69 0x4a51669 0x4a51519 16 32
2 path.c:90 0x4a516d9 7
1 path.c:143 0x4a51739 22
2 path.c:178 0x4a51799 24
1 dynarray.c:84 0x4a51809 24
2 dynarray.c:95 0x4a51879 16
2 path.c:191 0x4a518d9 22
2 path.c:205 0x4a51939 6
3 path.c:223 0x4a51989 0x4a518d9 22 6
4 path.c:246 0x4a51989 6
4 path.c:31 0x4a51939 6
4 dynarray.c:112 0x4a51879 16
4 dynarray.c:113 0x4a51809 24
4 path.c:254 0x4a51799 24
2 path.c:178 0x4a519d9 24
1 dynarray.c:84 0x4a51a49 24
2 dynarray.c:95 0x4a51ab9 16
2 path.c:191 0x4a51b19 22
2 path.c:205 0x4a51b79 6
2 path.c:205 0x4a51bc9 4
3 path.c:223 0x4a51c19 0x4a51b19 22 10
4 path.c:246 0x4a51c19 10
4 path.c:31 0x4a51b79 6
4 path.c:31 0x4a51bc9 4
4 dynarray.c:112 0x4a51ab9 16
4 dynarray.c:113 0x4a51a49 24
4 path.c:254 0x4a519d9 24
1 dynarray.c:84 0x4a51c79 24
2 dynarray.c:95 0x4a51ce9 32
1 bdtBad5.c:662 0x4a51d59 59
4 dynarray.c:112 0x4a51ce9 32
4 dynarray.c:113 0x4a51c79 24
4 bdt_client.c:82 0x4a51d59 59
2 path.c:128 0x4a51de9 24
1 dynarray.c:84 0x4a51e59 24
2 dynarray.c:95 0x4a51ec9 16
2 path.c:90 0x4a51f29 6
2 path.c:90 0x4a51f79 7
2 path.c:90 0x4a51fd9 12
3 dynarray.c:69 0x4a52039 0x4a51ec9 16 32
1 path.c:143 0x4a520a9 25
2 path.c:178 0x4a52119 24
1 dynarray.c:84 0x4a52189 24
2 dynarray.c:95 0x4a521f9 16
2 path.c:191 0x4a52259 25
2 path.c:205 0x4a522c9 6
3 path.c:223 0x4a52319 0x4a52259 25 6
4 path.c:246 0x4a52319 6
4 path.c:31 0x4a522c9 6
4 dynarray.c:112 0x4a521f9 16
4 dynarray.c:113 0x4a52189 24
4 path.c:254 0x4a52119 24
2 path.c:178 0x4a52369 24
1 dynarray.c:84 0x4a523d9 24
2 dynarray.c:95 0x4a52449 16
2 path.c:191 0x4a524a9 25
2 path.c:205 0x4a52519 6
2 path.c:205 0x4a52569 7
3 path.c:223 0x4a525c9 0x4a524a9 25 13
4 path.c:246 0x4a525c9 13
4 path.c:31 0x4a52519 6
4 path.c:31 0x4a52569 7
4 dynarray.c:112 0x4a52449 16
4 dynarray.c:113 0x4a523d9 24
4 path.c:254 0x4a52369 24
2 path.c:178 0x4a52629 24
1 dynarray.c:84 0x4a52699 24
2 dynarray.c:95 0x4a52709 24
2 path.c:191 0x4a52779 25
2 path.c:205 0x4a527e9 6
2 path.c:205 0x4a52839 7
2 path.c:205 0x4a52899 12
3 path.c:223 0x4a528f9 0x4a52779 25 25
4 path.c:246 0x4a528f9 25
4 path.c:31 0x4a527e9 6
4 path.c:31 0x4a52839 7
4 path.c:31 0x4a52899 12
4 dynarray.c:112 0x4a52709 24
4 dynarray.c:113 0x4a52699 24
4 path.c:254 0x4a52629 24
4 path.c:246 0x4a520a9 25
4 path.c:31 0x4a51f29 6
4 path.c:31 0x4a51f79 7
4 path.c:31 0x4a51fd9 12
4 dynarray.c:112 0x4a52039 32
4 dynarray.c:113 0x4a51e59 24
4 path.c:254 0x4a51de9 24
2 path.c:128 0x4a52969 24
1 dynarray.c:84 0x4a529d9 24
2 dynarray.c:95 0x4a52a49 16
2 path.c:90 0x4a52aa9 6
2 path.c:90 0x4a52af9 8
2 path.c:90 0x4a52b59 12
3 dynarray.c:69 0x4a52bb9 0x4a52a49 16 32
1 path.c:143 0x4a52c29 26
2 path.c:178 0x4a52c99 24
1 dynarray.c:84 0x4a52d09 24
2 dynarray.c:95 0x4a52d79 16
2 path.c:191 0x4a52dd9 26
2 path.c:205 0x4a52e49 6
3 path.c:223 0x4a52e99 0x4a52dd9 26 6
4 path.c:246 0x4a52e99 6
4 path.c:31 0x4a52e49 6
4 dynarray.c:112 0x4a52d79 16
4 dynarray.c:113 0x4a52d09 24
4 path.c:254 0x4a52c99 24
2 path.c:178 0x4a52ee9 24
1 dynarray.c:84 0x4a52f59 24
2 dynarray.c:95 0x4a52fc9 16
2 path.c:191 0x4a53029 26
2 path.c:205 0x4a53099 6
2 path.c:205 0x4a530e9 8
3 path.c:223 0x4a53149 0x4a53029 26 14
4 path.c:246 0x4a53149 14
4 path.c:31 0x4a53099 6
4 path.c:31 0x4a530e9 8
4 dynarray.c:112 0x4a52fc9 16
4 dynarray.c:113 0x4a52f59 24
4 path.c:254 0x4a52ee9 24
2 path.c:178 0x4a531a9 24
1 dynarray.c:84 0x4a53219 24
2 dynarray.c:95 0x4a53289 24
2 path.c:191 0x4a532f9 26
2 path.c:205 0x4a53369 6
2 path.c:205 0x4a533b9 8
2 path.c:205 0x4a53419 12
3 path.c:223 0x4a53479 0x4a532f9 26 26
4 path.c:246 0x4a53479 26
4 path.c:31 0x4a53369 6
4 path.c:31 0x4a533b9 8
4 path.c:31 0x4a53419 12
4 dynarray.c:112 0x4a53289 24
4 dynarray.c:113 0x4a53219 24
4 path.c:254 0x4a531a9 24
2 path.c:128 0x4a534e9 24
1 dynarray.c:84 0x4a53559 24
2 dynarray.c:95 0x4a535c9 16
2 path.c:90 0x4a53629 6
2 path.c:90 0x4a53679 8
2 path.c:90 0x4a536d9 12
3 dynarray.c:69 0x4a53739 0x4a535c9 16 32
1 path.c:143 0x4a537a9 26
2 path.c:178 0x4a53819 24
1 dynarray.c:84 0x4a53889 24
2 dynarray.c:95 0x4a538f9 16
2 path.c:191 0x4a53959 26
2 path.c:205 0x4a539c9 6
3 path.c:223 0x4a53a19 0x4a53959 26 6
4 path.c:246 0x4a53a19 6
4 path.c:31 0x4a539c9 6
4 dynarray.c:112 0x4a538f9 16
4 dynarray.c:113 0x4a53889 24
4 path.c:254 0x4a53819 24
2 path.c:178 0x4a53a69 24
1 dynarray.c:84 0x4a53ad9 24
2 dynarray.c:95 0x4a53b49 16
2 path.c:191 0x4a53ba9 26
2 path.c:205 0x4a53c19 6
2 path.c:205 0x4a53c69 8
3 path.c:223 0x4a53cc9 0x4a53ba9 26 14
4 path.c:246 0x4a53cc9 14
4 path.c:31 0x4a53c19 6
4 path.c:31 0x4a53c69 8
4 dynarray.c:112 0x4a53b49 16
4 dynarray.c:113 0x4a53ad9 24
4 path.c:254 0x4a53a69 24
2 path.c:178 0x4a53d29 24
1 dynarray.c:84 0x4a53d99 24
2 dynarray.c:95 0x4a53e09 24
2 path.c:191 0x4a53e79 26
2 path.c:205 0x4a53ee9 6
2 path.c:205 0x4a53f39 8
2 path.c:205 0x4a53f99 12
3 path.c:223 0x4a53ff9 0x4a53e79 26 26
4 path.c:246 0x4a53ff9 26
4 path.c:31 0x4a53ee9 6
4 path.c:31 0x4a53f39 8
4 path.c:31 0x4a53f99 12
4 dynarray.c:112 0x4a53e09 24
4 dynarray.c:113 0x4a53d99 24
4 path.c:254 0x4a53d29 24
2 path.c:178 0x4a54069 24
1 dynarray.c:84 0x4a540d9 24
2 dynarray.c:95 0x4a54149 24
2 path.c:191 0x4a541b9 26
2 path.c:205 0x4a54229 6
2 path.c:205 0x4a54279 8
2 path.c:205 0x4a542d9 12
3 path.c:223 0x4a54339 0x4a541b9 26 26
1 bdtBad5.c:143 0x4a543a9 32
2 path.c:178 0x4a54419 24
1 dynarray.c:84 0x4a54489 24
2 dynarray.c:95 0x4a544f9 24
2 path.c:191 0x4a54569 26
2 path.c:205 0x4a545d9 6
2 path.c:205 0x4a54629 8
2 path.c:205 0x4a54689 12
3 path.c:223 0x4a546e9 0x4a54569 26 26
4 path.c:246 0x4a54339 26
4 path.c:31 0x4a54229 6
4 path.c:31 0x4a54279 8
4 path.c:31 0x4a542d9 12
4 dynarray.c:112 0x4a54149 24
4 dynarray.c:113 0x4a540d9 24
4 path.c:254 0x4a54069 24
4 path.c:246 0x4a537a9 26
4 path.c:31 0x4a53629 6
4 path.c:31 0x4a53679 8
4 path.c:31 0x4a536d9 12
4 dynarray.c:112 0x4a53739 32
4 dynarray.c:113 0x4a53559 24
4 path.c:254 0x4a534e9 24
2 path.c:128 0x4a54759 24
1 dynarray.c:84 0x4a547c9 24
2 dynarray.c:95 0x4a54839 16
2 path.c:90 0x4a54899 6
2 path.c:90 0x4a548e9 7
2 path.c:90 0x4a54949 12
3 dynarray.c:69 0x4a549a9 0x4a54839 16 32
1 path.c:143 0x4a54a19 25
2 path.c:178 0x4a54a89 24
1 dynarray.c:84 0x4a54af9 24
2 dynarray.c:95 0x4a54b69 16
2 path.c:191 0x4a54bc9 25
2 path.c:205 0x4a54c39 6
3 path.c:223 0x4a54c89 0x4a54bc9 25 6
4 path.c:246 0x4a54c89 6
4 path.c:31 0x4a54c39 6
4 dynarray.c:112 0x4a54b69 16
4 dynarray.c:113 0x4a54af9 24
4 path.c:254 0x4a54a89 24
2 path.c:178 0x4a54cd9 24
1 dynarray.c:84 0x4a54d49 24
2 dynarray.c:95 0x4a54db9 16
2 path.c:191 0x4a54e19 25
2 path.c:205 0x4a54e89 6
2 path.c:205 0x4a54ed9 7
3 path.c:223 0x4a54f39 0x4a54e19 25 13
4 path.c:246 0x4a54f39 13
4 path.c:31 0x4a54e89 6
4 path.c:31 0x4a54ed9 7
4 dynarray.c:112 0x4a54db9 16
4 dynarray.c:113 0x4a54d49 24
4 path.c:254 0x4a54cd9 24
2 path.c:178 0x4a54f99 24
1 dynarray.c:84 0x4a55009 24
2 dynarray.c:95 0x4a55079 24
2 path.c:191 0x4a550e9 25
2 path.c:205 0x4a55159 6
2 path.c:205 0x4a551a9 7
2 path.c:205 0x4a55209 12
3 path.c:223 0x4a55269 0x4a550e9 25 25
4 path.c:246 0x4a55269 25
4 path.c:31 0x4a55159 6
4 path.c:31 0x4a551a9 7
4 path.c:31 0x4a55209 12
4 dynarray.c:112 0x4a55079 24
4 dynarray.c:113 0x4a55009 24
4 path.c:254 0x4a54f99 24
4 path.c:246 0x4a54a19 25
4 path.c:31 0x4a54899 6
4 path.c:31 0x4a548e9 7
4 path.c:31 0x4a54949 12
4 dynarray.c:112 0x4a549a9 32
4 dynarray.c:113 0x4a547c9 24
4 path.c:254 0x4a54759 24
2 path.c:128 0x4a552d9 24
1 dynarray.c:84 0x4a55349 24
2 dynarray.c:95 0x4a553b9 16
2 path.c:90 0x4a55419 6
2 path.c:90 0x4a55469 8
2 path.c:90 0x4a554c9 12
3 dynarray.c:69 0x4a55529 0x4a553b9 16 32
1 path.c:143 0x4a55599 26
2 path.c:178 0x4a55609 24
1 dynarray.c:84 0x4a55679 24
2 dynarray.c:95 0x4a556e9 16
2 path.c:191 0x4a55749 26
2 path.c:205 0x4a557b9 6
3 path.c:223 0x4a55809 0x4a55749 26 6
4 path.c:246 0x4a55809 6
4 path.c:31 0x4a557b9 6
4 dynarray.c:112 0x4a556e9 16
4 dynarray.c:113 0x4a55679 24
4 path.c:254 0x4a55609 24
2 path.c:178 0x4a55859 24
1 dynarray.c:84 0x4a558c9 24
2 dynarray.c:95 0x4a55939 16
2 path.c:191 0x4a55999 26
2 path.c:205 0x4a55a09 6
2 path.c:205 0x4a55a59 8
3 path.c:223 0x4a55ab9 0x4a55999 26 14
4 path.c:246 0x4a55ab9 14
4 path.c:31 0x4a55a09 6
4 path.c:31 0x4a55a59 8
4 dynarray.c:112 0x4a55939 16
4 dynarray.c:113 0x4a558c9 24
4 path.c:254 0x4a55859 24
2 path.c:178 0x4a55b19 24
1 dynarray.c:84 0x4a55b89 24
2 dynarray.c:95 0x4a55bf9 24
2 path.c:191 0x4a55c69 26
2 path.c:205 0x4a55cd9 6
2 path.c:205 0x4a55d29 8
2 path.c:205 0x4a55d89 12
3 path.c:223 0x4a55de9 0x4a55c69 26 26
4 path.c:246 0x4a55de9 26
4 path.c:31 0x4a55cd9 6
4 path.c:31 0x4a55d29 8
4 path.c:31 0x4a55d89 12
4 dynarray.c:112 0x4a55bf9 24
4 dynarray.c:113 0x4a55b89 24
4 path.c:254 0x4a55b19 24
4 path.c:246 0x4a55599 26
4 path.c:31 0x4a55419 6
4 path.c:31 0x4a55469 8
4 path.c:31 0x4a554c9 12
4 dynarray.c:112 0x4a55529 32
4 dynarray.c:113 0x4a55349 24
4 path.c:254 0x4a552d9 24
2 path.c:128 0x4a55e59 24
1 dynarray.c:84 0x4a55ec9 24
2 dynarray.c:95 0x4a55f39 16
2 path.c:90 0x4a55f99 6
2 path.c:90 0x4a55fe9 8
2 path.c:90 0x4a56049 12
3 dynarray.c:69 0x4a560a9 0x4a55f39 16 32
1 path.c:143 0x4a56119 26
2 path.c:178 0x4a56189 24
1 dynarray.c:84 0x4a561f9 24
2 dynarray.c:95 0x4a56269 16
2 path.c:191 0x4a562c9 26
2 path.c:205 0x4a56339 6
3 path.c:223 0x4a56389 0x4a562c9 26 6
4 path.c:246 0x4a56389 6
4 path.c:31 0x4a56339 6
4 dynarray.c:112 0x4a56269 16
4 dynarray.c:113 0x4a561f9 24
4 path.c:254 0x4a56189 24
2 path.c:178 0x4a563d9 24
1 dynarray.c:84 0x4a56449 24
2 dynarray.c:95 0x4a564b9 16
2 path.c:191 0x4a56519 26
2 path.c:205 0x4a56589 6
2 path.c:205 0x4a565d9 8
3 path.c:223 0x4a56639 0x4a56519 26 14
4 path.c:246 0x4a56639 14
4 path.c:31 0x4a56589 6
4 path.c:31 0x4a565d9 8
4 dynarray.c:112 0x4a564b9 16
4 dynarray.c:113 0x4a56449 24
4 path.c:254 0x4a563d9 24
2 path.c:178 0x4a56699 24
1 dynarray.c:84 0x4a56709 24
2 dynarray.c:95 0x4a56779 24
2 path.c:191 0x4a567e9 26
2 path.c:205 0x4a56859 6
2 path.c:205 0x4a568a9 8
2 path.c:205 0x4a56909 12
3 path.c:223 0x4a56969 0x4a567e9 26 26
4 path.c:246 0x4a56969 26
4 path.c:31 0x4a56859 6
4 path.c:31 0x4a568a9 8
4 path.c:31 0x4a56909 12
4 dynarray.c:112 0x4a56779 24
4 dynarray.c:113 0x4a56709 24
4 path.c:254 0x4a56699 24
4 path.c:246 0x4a56119 26
4 path.c:31 0x4a55f99 6
4 path.c:31 0x4a55fe9 8
4 path.c:31 0x4a56049 12
4 dynarray.c:112 0x4a560a9 32
4 dynarray.c:113 0x4a55ec9 24
4 path.c:254 0x4a55e59 24
2 path.c:128 0x4a569d9 24
1 dynarray.c:84 0x4a56a49 24
2 dynarray.c:95 0x4a56ab9 16
2 path.c:90 0x4a56b19 6
2 path.c:90 0x4a56b69 8
2 path.c:90 0x4a56bc9 12
3 dynarray.c:69 0x4a56c29 0x4a56ab9 16 32
2 path.c:90 0x4a56c99 6
1 path.c:143 0x4a56ce9 32
2 path.c:178 0x4a56d59 24
1 dynarray.c:84 0x4a56dc9 24
2 dynarray.c:95 0x4a56e39 16
2 path.c:191 0x4a56e99 32
2 path.c:205 0x4a56f09 6
3 path.c:223 0x4a56f59 0x4a56e99 32 6
4 path.c:246 0x4a56f59 6
4 path.c:31 0x4a56f09 6
4 dynarray.c:112 0x4a56e39 16
4 dynarray.c:113 0x4a56dc9 24
4 path.c:254 0x4a56d59 24
2 path.c:178 0x4a56fa9 24
1 dynarray.c:84 0x4a57019 24
2 dynarray.c:95 0x4a57089 16
2 path.c:191 0x4a570e9 32
2 path.c:205 0x4a57159 6
2 path.c:205 0x4a571a9 8
3 path.c:223 0x4a57209 0x4a570e9 32 14
4 path.c:246 0x4a57209 14
4 path.c:31 0x4a57159 6
4 path.c:31 0x4a571a9 8
4 dynarray.c:112 0x4a57089 16
4 dynarray.c:113 0x4a57019 24
4 path.c:254 0x4a56fa9 24
2 path.c:178 0x4a57269 24
1 dynarray.c:84 0x4a572d9 24
2 dynarray.c:95 0x4a57349 24
2 path.c:191 0x4a573b9 32
2 path.c:205 0x4a57429 6
2 path.c:205 0x4a57479 8
2 path.c:205 0x4a574d9 12
3 path.c:223 0x4a57539 0x4a573b9 32 26
4 path.c:246 0x4a57539 26
4 path.c:31 0x4a57429 6
4 path.c:31 0x4a57479 8
4 path.c:31 0x4a574d9 12
4 dynarray.c:112 0x4a57349 24
4 dynarray.c:113 0x4a572d9 24
4 path.c:254 0x4a57269 24
2 path.c:178 0x4a575a9 24
1 dynarray.c:84 0x4a57619 24
2 dynarray.c:95 0x4a57689 32
2 path.c:191 0x4a576f9 32
2 path.c:205 0x4a57769 6
2 path.c:205 0x4a577b9 8
2 path.c:205 0x4a57819 12
2 path.c:205 0x4a57879 6
3 path.c:223 0x4a578c9 0x4a576f9 32 32
4 path.c:246 0x4a578c9 32
4 path.c:31 0x4a57769 6
4 path.c:31 0x4a577b9 8
4 path.c:31 0x4a57819 12
4 path.c:31 0x4a57879 6
4 dynarray.c:112 0x4a57689 32
4 dynarray.c:113 0x4a57619 24
4 path.c:254 0x4a575a9 24
2 path.c:178 0x4a57939 24
1 dynarray.c:84 0x4a579a9 24
2 dynarray.c:95 0x4a57a19 32
2 path.c:191 0x4a57a89 32
2 path.c:205 0x4a57af9 6
2 path.c:205 0x4a57b49 8
2 path.c:205 0x4a57ba9 12
2 path.c:205 0x4a57c09 6
3 path.c:223 0x4a57c59 0x4a57a89 32 32
1 bdtBad5.c:143 0x4a57cc9 32
2 path.c:178 0x4a57d39 24
1 dynarray.c:84 0x4a57da9 24
2 dynarray.c:95 0x4a57e19 32
2 path.c:191 0x4a57e89 32
2 path.c:205 0x4a57ef9 6
2 path.c:205 0x4a57f49 8
2 path.c:205 0x4a57fa9 12
2 path.c:205 0x4a58009 6
3 path.c:223 0x4a58059 0x4a57e89 32 32
4 path.c:246 0x4a57c59 32
4 path.c:31 0x4a57af9 6
4 path.c:31 0x4a57b49 8
4 path.c:31 0x4a57ba9 12
4 path.c:31 0x4a57c09 6
4 dynarray.c:112 0x4a57a19 32
4 dynarray.c:113 0x4a579a9 24
4 path.c:254 0x4a57939 24
4 path.c:246 0x4a56ce9 32
4 path.c:31 0x4a56b19 6
4 path.c:31 0x4a56b69 8
4 path.c:31 0x4a56bc9 12
4 path.c:31 0x4a56c99 6
4 dynarray.c:112 0x4a56c29 32
4 dynarray.c:113 0x4a56a49 24
4 path.c:254 0x4a569d9 24
2 path.c:128 0x4a580c9 24
1 dynarray.c:84 0x4a58139 24
2 dynarray.c:95 0x4a581a9 16
2 path.c:90 0x4a58209 6
2 path.c:90 0x4a58259 8
2 path.c:90 0x4a582b9 12
3 dynarray.c:69 0x4a58319 0x4a581a9 16 32
2 path.c:90 0x4a58389 6
1 path.c:143 0x4a583d9 32
2 path.c:178 0x4a58449 24
1 dynarray.c:84 0x4a584b9 24
2 dynarray.c:95 0x4a58529 16
2 path.c:191 0x4a58589 32
2 path.c:205 0x4a585f9 6
3 path.c:223 0x4a58649 0x4a58589 32 6
4 path.c:246 0x4a58649 6
4 path.c:31 0x4a585f9 6
4 dynarray.c:112 0x4a58529 16
4 dynarray.c:113 0x4a584b9 24
4 path.c:254 0x4a58449 24
2 path.c:178 0x4a58699 24
1 dynarray.c:84 0x4a58709 24
2 dynarray.c:95 0x4a58779 16
2 path.c:191 0x4a587d9 32
2 path.c:205 0x4a58849 6
2 path.c:205 0x4a58899 8
3 path.c:223 0x4a588f9 0x4a587d9 32 14
4 path.c:246 0x4a588f9 14
4 path.c:31 0x4a58849 6
4 path.c:31 0x4a58899 8
4 dynarray.c:112 0x4a58779 16
4 dynarray.c:113 0x4a58709 24
4 path.c:254 0x4a58699 24
2 path.c:178 0x4a58959 24
1 dynarray.c:84 0x4a589c9 24
2 dynarray.c:95 0x4a58a39 24
2 path.c:191 0x4a58aa9 32
2 path.c:205 0x4a58b19 6
2 path.c:205 0x4a58b69 8
2 path.c:205 0x4a58bc9 12
3 path.c:223 0x4a58c29 0x4a58aa9 32 26
4 path.c:246 0x4a58c29 26
4 path.c:31 0x4a58b19 6
4 path.c:31 0x4a58b69 8
4 path.c:31 0x4a58bc9 12
4 dynarray.c:112 0x4a58a39 24
4 dynarray.c:113 0x4a589c9 24
4 path.c:254 0x4a58959 24
2 path.c:178 0x4a58c99 24
1 dynarray.c:84 0x4a58d09 24
2 dynarray.c:95 0x4a58d79 32
2 path.c:191 0x4a58de9 32
2 path.c:205 0x4a58e59 6
2 path.c:205 0x4a58ea9 8
2 path.c:205 0x4a58f09 12
2 path.c:205 0x4a58f69 6
3 path.c:223 0x4a58fb9 0x4a58de9 32 32
4 path.c:246 0x4a58fb9 32
4 path.c:31 0x4a58e59 6
4 path.c:31 0x4a58ea9 8
4 path.c:31 0x4a58f09 12
4 path.c:31 0x4a58f69 6
4 dynarray.c:112 0x4a58d79 32
4 dynarray.c:113 0x4a58d09 24
4 path.c:254 0x4a58c99 24
4 path.c:246 0x4a583d9 32
4 path.c:31 0x4a58209 6
4 path.c:31 0x4a58259 8
4 path.c:31 0x4a582b9 12
4 path.c:31 0x4a58389 6
4 dynarray.c:112 0x4a58319 32
4 dynarray.c:113 0x4a58139 24
4 path.c:254 0x4a580c9 24
1 dynarray.c:84 0x4a59029 24
2 dynarray.c:95 0x4a59099 48
1 bdtBad5.c:662 0x4a59119 117
4 dynarray.c:112 0x4a59099 48
4 dynarray.c:113 0x4a59029 24
4 bdt_client.c:96 0x4a59119 117
2 path.c:128 0x4a591d9 24
1 dynarray.c:84 0x4a59249 24
2 dynarray.c:95 0x4a592b9 16
2 path.c:90 0x4a59319 6
2 path.c:90 0x4a59369 8
2 path.c:90 0x4a593c9 12
3 dynarray.c:69 0x4a59429 0x4a592b9 16 32
2 path.c:90 0x4a59499 6
1 path.c:143 0x4a594e9 32
2 path.c:178 0x4a59559 24
1 dynarray.c:84 0x4a595c9 24
2 dynarray.c:95 0x4a59639 16
2 path.c:191 0x4a59699 32
2 path.c:205 0x4a59709 6
3 path.c:223 0x4a59759 0x4a59699 32 6
4 path.c:246 0x4a59759 6
4 path.c:31 0x4a59709 6
4 dynarray.c:112 0x4a59639 16
4 dynarray.c:113 0x4a595c9 24
4 path.c:254 0x4a59559 24
2 path.c:178 0x4a597a9 24
1 dynarray.c:84 0x4a59819 24
2 dynarray.c:95 0x4a59889 16
2 path.c:191 0x4a598e9 32
2 path.c:205 0x4a59959 6
2 path.c:205 0x4a599a9 8
3 path.c:223 0x4a59a09 0x4a598e9 32 14
4 path.c:246 0x4a59a09 14
4 path.c:31 0x4a59959 6
4 path.c:31 0x4a599a9 8
4 dynarray.c:112 0x4a59889 16
4 dynarray.c:113 0x4a59819 24
4 path.c:254 0x4a597a9 24
2 path.c:178 0x4a59a69 24
1 dynarray.c:84 0x4a59ad9 24
2 dynarray.c:95 0x4a59b49 24
2 path.c:191 0x4a59bb9 32
2 path.c:205 0x4a59c29 6
2 path.c:205 0x4a59c79 8
2 path.c:205 0x4a59cd9 12
3 path.c:223 0x4a59d39 0x4a59bb9 32 26
4 path.c:246 0x4a59d39 26
4 path.c:31 0x4a59c29 6
4 path.c:31 0x4a59c79 8
4 path.c:31 0x4a59cd9 12
4 dynarray.c:112 0x4a59b49 24
4 dynarray.c:113 0x4a59ad9 24
4 path.c:254 0x4a59a69 24
2 path.c:178 0x4a59da9 24
1 dynarray.c:84 0x4a59e19 24
2 dynarray.c:95 0x4a59e89 32
2 path.c:191 0x4a59ef9 32
2 path.c:205 0x4a59f69 6
2 path.c:205 0x4a59fb9 8
2 path.c:205 0x4a5a019 12
2 path.c:205 0x4a5a079 6
3 path.c:223 0x4a5a0c9 0x4a59ef9 32 32
4 path.c:246 0x4a5a0c9 32
4 path.c:31 0x4a59f69 6
4 path.c:31 0x4a59fb9 8
4 path.c:31 0x4a5a019 12
4 path.c:31 0x4a5a079 6
4 dynarray.c:112 0x4a59e89 32
4 dynarray.c:113 0x4a59e19 24
4 path.c:254 0x4a59da9 24
4 path.c:246 0x4a594e9 32
4 path.c:31 0x4a59319 6
4 path.c:31 0x4a59369 8
4 path.c:31 0x4a593c9 12
4 path.c:31 0x4a59499 6
4 dynarray.c:112 0x4a59429 32
4 dynarray.c:113 0x4a59249 24
4 path.c:254 0x4a591d9 24
2 path.c:128 0x4a5a139 24
1 dynarray.c:84 0x4a5a1a9 24
2 dynarray.c:95 0x4a5a219 16
2 path.c:90 0x4a5a279 6
2 path.c:90 0x4a5a2c9 8
2 path.c:90 0x4a5a329 8
3 dynarray.c:69 0x4a5a389 0x4a5a219 16 32
1 path.c:143 0x4a5a3f9 22
2 path.c:178 0x4a5a459 24
1 dynarray.c:84 0x4a5a4c9 24
2 dynarray.c:95 0x4a5a539 16
2 path.c:191 0x4a5a599 22
2 path.c:205 0x4a5a5f9 6
3 path.c:223 0x4a5a649 0x4a5a599 22 6
4 path.c:246 0x4a5a649 6
4 path.c:31 0x4a5a5f9 6
4 dynarray.c:112 0x4a5a539 16
4 dynarray.c:113 0x4a5a4c9 24
4 path.c:254 0x4a5a459 24
2 path.c:178 0x4a5a699 24
1 dynarray.c:84 0x4a5a709 24
2 dynarray.c:95 0x4a5a779 16
2 path.c:191 0x4a5a7d9 22
2 path.c:205 0x4a5a839 6
2 path.c:205 0x4a5a889 8
3 path.c:223 0x4a5a8e9 0x4a5a7d9 22 14
4 path.c:246 0x4a5a8e9 14
4 path.c:31 0x4a5a839 6
4 path.c:31 0x4a5a889 8
4 dynarray.c:112 0x4a5a779 16
4 dynarray.c:113 0x4a5a709 24
4 path.c:254 0x4a5a699 24
2 path.c:178 0x4a5a949 24
1 dynarray.c:84 0x4a5a9b9 24
2 dynarray.c:95 0x4a5aa29 24
2 path.c:191 0x4a5aa99 22
2 path.c:205 0x4a5aaf9 6
2 path.c:205 0x4a5ab49 8
2 path.c:205 0x4a5aba9 8
3 path.c:223 0x4a5ac09 0x4a5aa99 22 22
4 path.c:246 0x4a5ac09 22
4 path.c:31 0x4a5aaf9 6
4 path.c:31 0x4a5ab49 8
4 path.c:31 0x4a5aba9 8
4 dynarray.c:112 0x4a5aa29 24
4 dynarray.c:113 0x4a5a9b9 24
4 path.c:254 0x4a5a949 24
2 path.c:128 0x4a5ac69 24
1 dynarray.c:84 0x4a5acd9 24
2 dynarray.c:95 0x4a5ad49 16
2 path.c:90 0x4a5ada9 6
2 path.c:90 0x4a5adf9 8
2 path.c:90 0x4a5ae59 8
3 dynarray.c:69 0x4a5aeb9 0x4a5ad49 16 32
1 path.c:143 0x4a5af29 22
2 path.c:178 0x4a5af89 24
1 dynarray.c:84 0x4a5aff9 24
2 dynarray.c:95 0x4a5b069 16
2 path.c:191 0x4a5b0c9 22
2 path.c:205 0x4a5b129 6
3 path.c:223 0x4a5b179 0x4a5b0c9 22 6
4 path.c:246 0x4a5b179 6
4 path.c:31 0x4a5b129 6
4 dynarray.c:112 0x4a5b069 16
4 dynarray.c:113 0x4a5aff9 24
4 path.c:254 0x4a5af89 24
2 path.c:178 0x4a5b1c9 24
1 dynarray.c:84 0x4a5b239 24
2 dynarray.c:95 0x4a5b2a9 16
2 path.c:191 0x4a5b309 22
2 path.c:205 0x4a5b369 6
2 path.c:205 0x4a5b3b9 8
3 path.c:223 0x4a5b419 0x4a5b309 22 14
4 path.c:246 0x4a5b419 14
4 path.c:31 0x4a5b369 6
4 path.c:31 0x4a5b3b9 8
4 dynarray.c:112 0x4a5b2a9 16
4 dynarray.c:113 0x4a5b239 24
4 path.c:254 0x4a5b1c9 24
2 path.c:178 0x4a5b479 24
1 dynarray.c:84 0x4a5b4e9 24
2 dynarray.c:95 0x4a5b559 24
2 path.c:191 0x4a5b5c9 22
2 path.c:205 0x4a5b629 6
2 path.c:205 0x4a5b679 8
2 path.c:205 0x4a5b6d9 8
3 path.c:223 0x4a5b739 0x4a5b5c9 22 22
4 path.c:246 0x4a5b739 22
4 path.c:31 0x4a5b629 6
4 path.c:31 0x4a5b679 8
4 path.c:31 0x4a5b6d9 8
4 dynarray.c:112 0x4a5b559 24
4 dynarray.c:113 0x4a5b4e9 24
4 path.c:254 0x4a5b479 24
2 path.c:128 0x4a5b799 24
1 dynarray.c:84 0x4a5b809 24
2 dynarray.c:95 0x4a5b879 16
2 path.c:90 0x4a5b8d9 6
2 path.c:90 0x4a5b929 8
2 path.c:90 0x4a5b989 8
3 dynarray.c:69 0x4a5b9e9 0x4a5b879 16 32
1 path.c:143 0x4a5ba59 22
2 path.c:178 0x4a5bab9 24
1 dynarray.c:84 0x4a5bb29 24
2 dynarray.c:95 0x4a5bb99 16
2 path.c:191 0x4a5bbf9 22
2 path.c:205 0x4a5bc59 6
3 path.c:223 0x4a5bca9 0x4a5bbf9 22 6
4 path.c:246 0x4a5bca9 6
4 path.c:31 0x4a5bc59 6
4 dynarray.c:112 0x4a5bb99 16
4 dynarray.c:113 0x4a5bb29 24
4 path.c:254 0x4a5bab9 24
2 path.c:178 0x4a5bcf9 24
1 dynarray.c:84 0x4a5bd69 24
2 dynarray.c:95 0x4a5bdd9 16
2 path.c:191 0x4a5be39 22
2 path.c:205 0x4a5be99 6
2 path.c:205 0x4a5bee9 8
3 path.c:223 0x4a5bf49 0x4a5be39 22 14
4 path.c:246 0x4a5bf49 14
4 path.c:31 0x4a5be99 6
4 path.c:31 0x4a5bee9 8
4 dynarray.c:112 0x4a5bdd9 16
4 dynarray.c:113 0x4a5bd69 24
4 path.c:254 0x4a5bcf9 24
2 path.c:178 0x4a5bfa9 24
1 dynarray.c:84 0x4a5c019 24
2 dynarray.c:95 0x4a5c089 24
2 path.c:191 0x4a5c0f9 22
2 path.c:205 0x4a5c159 6
2 path.c:205 0x4a5c1a9 8
2 path.c:205 0x4a5c209 8
3 path.c:223 0x4a5c269 0x4a5c0f9 22 22
4 path.c:246 0x4a5c269 22
4 path.c:31 0x4a5c159 6
4 path.c:31 0x4a5c1a9 8
4 path.c:31 0x4a5c209 8
4 dynarray.c:112 0x4a5c089 24
4 dynarray.c:113 0x4a5c019 24
4 path.c:254 0x4a5bfa9 24
2 path.c:128 0x4a5c2c9 24
1 dynarray.c:84 0x4a5c339 24
2 dynarray.c:95 0x4a5c3a9 16
2 path.c:90 0x4a5c409 6
2 path.c:90 0x4a5c459 8
1 path.c:143 0x4a5c4b9 14
2 path.c:178 0x4a5c519 24
1 dynarray.c:84 0x4a5c589 24
2 dynarray.c:95 0x4a5c5f9 16
2 path.c:191 0x4a5c659 14
2 path.c:205 0x4a5c6b9 6
3 path.c:223 0x4a5c709 0x4a5c659 14 6
4 path.c:246 0x4a5c709 6
4 path.c:31 0x4a5c6b9 6
4 dynarray.c:112 0x4a5c5f9 16
4 dynarray.c:113 0x4a5c589 24
4 path.c:254 0x4a5c519 24
2 path.c:178 0x4a5c759 24
1 dynarray.c:84 0x4a5c7c9 24
2 dynarray.c:95 0x4a5c839 16
2 path.c:191 0x4a5c899 14
2 path.c:205 0x4a5c8f9 6
2 path.c:205 0x4a5c949 8
3 path.c:223 0x4a5c9a9 0x4a5c899 14 14
4 path.c:246 0x4a5c9a9 14
4 path.c:31 0x4a5c8f9 6
4 path.c:31 0x4a5c949 8
4 dynarray.c:112 0x4a5c839 16
4 dynarray.c:113 0x4a5c7c9 24
4 path.c:254 0x4a5c759 24
4 path.c:246 0x4a5c4b9 14
4 path.c:31 0x4a5c409 6
4 path.c:31 0x4a5c459 8
4 dynarray.c:112 0x4a5c3a9 16
4 dynarray.c:113 0x4a5c339 24
4 path.c:254 0x4a5c2c9 24
4 path.c:246 0x4a58059 32
4 path.c:31 0x4a57ef9 6
4 path.c:31 0x4a57f49 8
4 path.c:31 0x4a57fa9 12
4 path.c:31 0x4a58009 6
4 dynarray.c:112 0x4a57e19 32
4 dynarray.c:113 0x4a57da9 24
4 path.c:254 0x4a57d39 24
4 bdtBad5.c:263 0x4a57cc9 32
4 path.c:246 0x4a546e9 26
4 path.c:31 0x4a545d9 6
4 path.c:31 0x4a54629 8
4 path.c:31 0x4a54689 12
4 dynarray.c:112 0x4a544f9 24
4 dynarray.c:113 0x4a54489 24
4 path.c:254 0x4a54419 24
4 bdtBad5.c:263 0x4a543a9 32
4 path.c:246 0x4a4d009 14
4 path.c:31 0x4a4cf59 6
4 path.c:31 0x4a4cfa9 8
4 dynarray.c:112 0x4a4ce99 16
4 dynarray.c:113 0x4a4ce29 24
4 path.c:254 0x4a4cdb9 24
4 bdtBad5.c:263 0x4a4cd49 32
2 path.c:128 0x4a5ca09 24
1 dynarray.c:84 0x4a5ca79 24
2 dynarray.c:95 0x4a5cae9 16
2 path.c:90 0x4a5cb49 6
1 path.c:143 0x4a5cb99 6
2 path.c:178 0x4a5cbe9 24
1 dynarray.c:84 0x4a5cc59 24
2 dynarray.c:95 0x4a5ccc9 16
2 path.c:191 0x4a5cd29 6
2 path.c:205 0x4a5cd79 6
3 path.c:223 0x4a5cdc9 0x4a5cd29 6 6
4 path.c:246 0x4a5cdc9 6
4 path.c:31 0x4a5cd79 6
4 dynarray.c:112 0x4a5ccc9 16
4 dynarray.c:113 0x4a5cc59 24
4 path.c:254 0x4a5cbe9 24
4 path.c:246 0x4a5cb99 6
4 path.c:31 0x4a5cb49 6
4 dynarray.c:112 0x4a5cae9 16
4 dynarray.c:113 0x4a5ca79 24
4 path.c:254 0x4a5ca09 24
2 path.c:128 0x4a5ce19 24
1 dynarray.c:84 0x4a5ce89 24
2 dynarray.c:95 0x4a5cef9 16
2 path.c:90 0x4a5cf59 6
2 path.c:90 0x4a5cfa9 7
1 path.c:143 0x4a5d009 13
2 path.c:178 0x4a5d069 24
1 dynarray.c:84 0x4a5d0d9 24
2 dynarray.c:95 0x4a5d149 16
2 path.c:191 0x4a5d1a9 13
2 path.c:205 0x4a5d209 6
3 path.c:223 0x4a5d259 0x4a5d1a9 13 6
4 path.c:246 0x4a5d259 6
4 path.c:31 0x4a5d209 6
4 dynarray.c:112 0x4a5d149 16
4 dynarray.c:113 0x4a5d0d9 24
4 path.c:254 0x4a5d069 24
2 path.c:178 0x4a5d2a9 24
1 dynarray.c:84 0x4a5d319 24
2 dynarray.c:95 0x4a5d389 16
2 path.c:191 0x4a5d3e9 13
2 path.c:205 0x4a5d449 6
2 path.c:205 0x4a5d499 7
3 path.c:223 0x4a5d4f9 0x4a5d3e9 13 13
4 path.c:246 0x4a5d4f9 13
4 path.c:31 0x4a5d449 6
4 path.c:31 0x4a5d499 7
4 dynarray.c:112 0x4a5d389 16
4 dynarray.c:113 0x4a5d319 24
4 path.c:254 0x4a5d2a9 24
4 path.c:246 0x4a5d009 13
4 path.c:31 0x4a5cf59 6
4 path.c:31 0x4a5cfa9 7
4 dynarray.c:112 0x4a5cef9 16
4 dynarray.c:113 0x4a5ce89 24
4 path.c:254 0x4a5ce19 24
2 path.c:128 0x4a5d559 24
1 dynarray.c:84 0x4a5d5c9 24
2 dynarray.c:95 0x4a5d639 16
2 path.c:90 0x4a5d699 6
2 path.c:90 0x4a5d6e9 8
1 path.c:143 0x4a5d749 14
2 path.c:178 0x4a5d7a9 24
1 dynarray.c:84 0x4a5d819 24
2 dynarray.c:95 0x4a5d889 16
2 path.c:191 0x4a5d8e9 14
2 path.c:205 0x4a5d949 6
3 path.c:223 0x4a5d999 0x4a5d8e9 14 6
4 path.c:246 0x4a5d999 6
4 path.c:31 0x4a5d949 6
4 dynarray.c:112 0x4a5d889 16
4 dynarray.c:113 0x4a5d819 24
4 path.c:254 0x4a5d7a9 24
2 path.c:178 0x4a5d9e9 24
1 dynarray.c:84 0x4a5da59 24
2 dynarray.c:95 0x4a5dac9 16
2 path.c:191 0x4a5db29 14
2 path.c:205 0x4a5db89 6
2 path.c:205 0x4a5dbd9 8
3 path.c:223 0x4a5dc39 0x4a5db29 14 14
4 path.c:246 0x4a5dc39 14
4 path.c:31 0x4a5db89 6
4 path.c:31 0x4a5dbd9 8
4 dynarray.c:112 0x4a5dac9 16
4 dynarray.c:113 0x4a5da59 24
4 path.c:254 0x4a5d9e9 24
2 path.c:128 0x4a5dc99 24
1 dynarray.c:84 0x4a5dd09 24
2 dynarray.c:95 0x4a5dd79 16
2 path.c:90 0x4a5ddd9 6
2 path.c:90 0x4a5de29 8
2 path.c:90 0x4a5de89 12
3 dynarray.c:69 0x4a5dee9 0x4a5dd79 16 32
1 path.c:143 0x4a5df59 26
2 path.c:178 0x4a5dfc9 24
1 dynarray.c:84 0x4a5e039 24
2 dynarray.c:95 0x4a5e0a9 16
2 path.c:191 0x4a5e109 26
2 path.c:205 0x4a5e179 6
3 path.c:223 0x4a5e1c9 0x4a5e109 26 6
4 path.c:246 0x4a5e1c9 6
4 path.c:31 0x4a5e179 6
4 dynarray.c:112 0x4a5e0a9 16
4 dynarray.c:113 0x4a5e039 24
4 path.c:254 0x4a5dfc9 24
2 path.c:178 0x4a5e219 24
1 dynarray.c:84 0x4a5e289 24
2 dynarray.c:95 0x4a5e2f9 16
2 path.c:191 0x4a5e359 26
2 path.c:205 0x4a5e3c9 6
2 path.c:205 0x4a5e419 8
3 path.c:223 0x4a5e479 0x4a5e359 26 14
4 path.c:246 0x4a5e479 14
4 path.c:31 0x4a5e3c9 6
4 path.c:31 0x4a5e419 8
4 dynarray.c:112 0x4a5e2f9 16
4 dynarray.c:113 0x4a5e289 24
4 path.c:254 0x4a5e219 24
2 path.c:128 0x4a5e4d9 24
1 dynarray.c:84 0x4a5e549 24
2 dynarray.c:95 0x4a5e5b9 16
2 path.c:90 0x4a5e619 6
2 path.c:90 0x4a5e669 8
2 path.c:90 0x4a5e6c9 12
3 dynarray.c:69 0x4a5e729 0x4a5e5b9 16 32
2 path.c:90 0x4a5e799 6
1 path.c:143 0x4a5e7e9 32
2 path.c:178 0x4a5e859 24
1 dynarray.c:84 0x4a5e8c9 24
2 dynarray.c:95 0x4a5e939 16
2 path.c:191 0x4a5e999 32
2 path.c:205 0x4a5ea09 6
3 path.c:223 0x4a5ea59 0x4a5e999 32 6
4 path.c:246 0x4a5ea59 6
4 path.c:31 0x4a5ea09 6
4 dynarray.c:112 0x4a5e939 16
4 dynarray.c:113 0x4a5e8c9 24
4 path.c:254 0x4a5e859 24
2 path.c:178 0x4a5eaa9 24
1 dynarray.c:84 0x4a5eb19 24
2 dynarray.c:95 0x4a5eb89 16
2 path.c:191 0x4a5ebe9 32
2 path.c:205 0x4a5ec59 6
2 path.c:205 0x4a5eca9 8
3 path.c:223 0x4a5ed09 0x4a5ebe9 32 14
4 path.c:246 0x4a5ed09 14
4 path.c:31 0x4a5ec59 6
4 path.c:31 0x4a5eca9 8
4 dynarray.c:112 0x4a5eb89 16
4 dynarray.c:113 0x4a5eb19 24
4 path.c:254 0x4a5eaa9 24
1 dynarray.c:84 0x4a5ed69 24
2 dynarray.c:95 0x4a5edd9 24
1 bdtBad5.c:662 0x4a5ee49 45
4 dynarray.c:112 0x4a5edd9 24
4 dynarray.c:113 0x4a5ed69 24
4 bdt_client.c:113 0x4a5ee49 45
2 path.c:128 0x4a5eec9 24
1 dynarray.c:84 0x4a5ef39 24
2 dynarray.c:95 0x4a5efa9 16
2 path.c:90 0x4a5f009 13
1 path.c:143 0x4a5f069 13
2 path.c:178 0x4a5f0c9 24
1 dynarray.c:84 0x4a5f139 24
2 dynarray.c:95 0x4a5f1a9 16
2 path.c:191 0x4a5f209 13
2 path.c:205 0x4a5f269 13
3 path.c:223 0x4a5f2c9 0x4a5f209 13 13
4 path.c:246 0x4a5f2c9 13
4 path.c:31 0x4a5f269 13
4 dynarray.c:112 0x4a5f1a9 16
4 dynarray.c:113 0x4a5f139 24
4 path.c:254 0x4a5f0c9 24
4 path.c:246 0x4a5f069 13
4 path.c:31 0x4a5f009 13
4 dynarray.c:112 0x4a5efa9 16
4 dynarray.c:113 0x4a5ef39 24
4 path.c:254 0x4a5eec9 24
2 path.c:128 0x4a5f329 24
1 dynarray.c:84 0x4a5f399 24
2 dynarray.c:95 0x4a5f409 16
2 path.c:90 0x4a5f469 6
1 path.c:143 0x4a5f4b9 6
2 path.c:178 0x4a5f509 24
1 dynarray.c:84 0x4a5f579 24
2 dynarray.c:95 0x4a5f5e9 16
2 path.c:191 0x4a5f649 6
2 path.c:205 0x4a5f699 6
3 path.c:223 0x4a5f6e9 0x4a5f649 6 6
4 path.c:246 0x4a5f6e9 6
4 path.c:31 0x4a5f699 6
4 dynarray.c:112 0x4a5f5e9 16
4 dynarray.c:113 0x4a5f579 24
4 path.c:254 0x4a5f509 24
4 path.c:246 0x4a5f4b9 6
4 path.c:31 0x4a5f469 6
4 dynarray.c:112 0x4a5f409 16
4 dynarray.c:113 0x4a5f399 24
4 path.c:254 0x4a5f329 24
4 path.c:246 0x4a48699 25
4 path.c:31 0x4a48589 6
4 path.c:31 0x4a485d9 7
4 path.c:31 0x4a48639 12
4 dynarray.c:112 0x4a484a9 24
4 dynarray.c:113 0x4a48439 24
4 path.c:254 0x4a483c9 24
4 bdtBad5.c:263 0x4a48359 32
4 path.c:246 0x4a47fb9 13
4 path.c:31 0x4a47f09 6
4 path.c:31 0x4a47f59 7
4 dynarray.c:112 0x4a47e49 16
4 dynarray.c:113 0x4a47dd9 24
4 path.c:254 0x4a47d69 24
4 bdtBad5.c:263 0x4a47cf9 32
4 path.c:246 0x4a471a9 6
4 path.c:31 0x4a47159 6
4 dynarray.c:112 0x4a470a9 16
4 dynarray.c:113 0x4a47039 24
4 path.c:254 0x4a46fc9 24
4 bdtBad5.c:263 0x4a46f59 32
2 path.c:128 0x4a5f739 24
1 dynarray.c:84 0x4a5f7a9 24
2 dynarray.c:95 0x4a5f819 16
2 path.c:90 0x4a5f879 6
2 path.c:90 0x4a5f8c9 7
1 path.c:143 0x4a5f929 13
4 path.c:246 0x4a5f929 13
4 path.c:31 0x4a5f879 6
4 path.c:31 0x4a5f8c9 7
4 dynarray.c:112 0x4a5f819 16
4 dynarray.c:113 0x4a5f7a9 24
4 path.c:254 0x4a5f739 24
2 path.c:128 0x4a5f989 24
1 dynarray.c:84 0x4a5f9f9 24
2 dynarray.c:95 0x4a5fa69 16
2 path.c:90 0x4a5fac9 6
1 path.c:143 0x4a5fb19 6
4 path.c:246 0x4a5fb19 6
4 path.c:31 0x4a5fac9 6
4 dynarray.c:112 0x4a5fa69 16
4 dynarray.c:113 0x4a5f9f9 24
4 path.c:254 0x4a5f989 24
2 path.c:128 0x4a5fb69 24
1 dynarray.c:84 0x4a5fbd9 24
2 dynarray.c:95 0x4a5fc49 16
2 path.c:90 0x4a5fca9 6
1 path.c:143 0x4a5fcf9 6
4 path.c:246 0x4a5fcf9 6
4 path.c:31 0x4a5fca9 6
4 dynarray.c:112 0x4a5fc49 16
4 dynarray.c:113 0x4a5fbd9 24
4 path.c:254 0x4a5fb69 24
2 path.c:128 0x4a5fd49 24
1 dynarray.c:84 0x4a5fdb9 24
2 dynarray.c:95 0x4a5fe29 16
2 path.c:90 0x4a5fe89 13
1 path.c:143 0x4a5fee9 13
4 path.c:246 0x4a5fee9 13
4 path.c:31 0x4a5fe89 13
4 dynarray.c:112 0x4a5fe29 16
4 dynarray.c:113 0x4a5fdb9 24
4 path.c:254 0x4a5fd49 24
1 dynarray.c:84 0x4a5ff49 24
2 dynarray.c:95 0x4a5ffb9 16
1 bdtBad5.c:662 0x4a60019 1
4 dynarray.c:112 0x4a5ffb9 16
4 dynarray.c:113 0x4a5ff49 24
4 bdt_client.c:124 0x4a60019 1
2 path.c:128 0x4a60069 24
1 dynarray.c:84 0x4a600d9 24
2 dynarray.c:95 0x4a60149 16
2 path.c:90 0x4a601a9 2
2 path.c:90 0x4a601f9 2
1 path.c:143 0x4a60249 4
2 path.c:178 0x4a60299 24
1 dynarray.c:84 0x4a60309 24
2 dynarray.c:95 0x4a60379 16
2 path.c:191 0x4a603d9 4
2 path.c:205 0x4a60429 2
3 path.c:223 0x4a60479 0x4a603d9 4 2
1 bdtBad5.c:143 0x4a604c9 32
2 path.c:178 0x4a60539 24
1 dynarray.c:84 0x4a605a9 24
2 dynarray.c:95 0x4a60619 16
2 path.c:191 0x4a60679 2
2 path.c:205 0x4a606c9 2
3 path.c:223 0x4a60719 0x4a60679 2 2
4 path.c:246 0x4a60479 2
4 path.c:31 0x4a60429 2
4 dynarray.c:112 0x4a60379 16
4 dynarray.c:113 0x4a60309 24
4 path.c:254 0x4a60299 24
2 path.c:178 0x4a60769 24
1 dynarray.c:84 0x4a607d9 24
2 dynarray.c:95 0x4a60849 16
2 path.c:191 0x4a608a9 4
2 path.c:205 0x4a608f9 2
2 path.c:205 0x4a60949 2
3 path.c:223 0x4a60999 0x4a608a9 4 4
1 bdtBad5.c:143 0x4a609e9 32
2 path.c:178 0x4a60a59 24
1 dynarray.c:84 0x4a60ac9 24
2 dynarray.c:95 0x4a60b39 16
2 path.c:191 0x4a60b99 4
2 path.c:205 0x4a60be9 2
2 path.c:205 0x4a60c39 2
3 path.c:223 0x4a60c89 0x4a60b99 4 4
4 path.c:246 0x4a60999 4
4 path.c:31 0x4a608f9 2
4 path.c:31 0x4a60949 2
4 dynarray.c:112 0x4a60849 16
4 dynarray.c:113 0x4a607d9 24
4 path.c:254 0x4a60769 24
4 path.c:246 0x4a60249 4
4 path.c:31 0x4a601a9 2
4 path.c:31 0x4a601f9 2
4 dynarray.c:112 0x4a60149 16
4 dynarray.c:113 0x4a600d9 24
4 path.c:254 0x4a60069 24
1 dynarray.c:84 0x4a60cd9 24
2 dynarray.c:95 0x4a60d49 16
1 bdtBad5.c:662 0x4a60da9 7
4 dynarray.c:112 0x4a60d49 16
4 dynarray.c:113 0x4a60cd9 24
4 bdt_client.c:136 0x4a60da9 7
2 path.c:128 0x4a60e09 24
1 dynarray.c:84 0x4a60e79 24
2 dynarray.c:95 0x4a60ee9 16
2 path.c:90 0x4a60f49 2
2 path.c:90 0x4a60f99 2
1 path.c:143 0x4a60fe9 4
2 path.c:178 0x4a61039 24
1 dynarray.c:84 0x4a610a9 24
2 dynarray.c:95 0x4a61119 16
2 path.c:191 0x4a61179 4
2 path.c:205 0x4a611c9 2
3 path.c:223 0x4a61219 0x4a61179 4 2
4 path.c:246 0x4a61219 2
4 path.c:31 0x4a611c9 2
4 dynarray.c:112 0x4a61119 16
4 dynarray.c:113 0x4a610a9 24
4 path.c:254 0x4a61039 24
2 path.c:178 0x4a61269 24
1 dynarray.c:84 0x4a612d9 24
2 dynarray.c:95 0x4a61349 16
2 path.c:191 0x4a613a9 4
2 path.c:205 0x4a613f9 2
2 path.c:205 0x4a61449 2
3 path.c:223 0x4a61499 0x4a613a9 4 4
4 path.c:246 0x4a61499 4
4 path.c:31 0x4a613f9 2
4 path.c:31 0x4a61449 2
4 dynarray.c:112 0x4a61349 16
4 dynarray.c:113 0x4a612d9 24
4 path.c:254 0x4a61269 24
2 path.c:178 0x4a614e9 24
1 dynarray.c:84 0x4a61559 24
2 dynarray.c:95 0x4a615c9 16
2 path.c:191 0x4a61629 4
2 path.c:205 0x4a61679 2
2 path.c:205 0x4a616c9 2
3 path.c:223 0x4a61719 0x4a61629 4 4
1 bdtBad5.c:143 0x4a61769 32
2 path.c:178 0x4a617d9 24
1 dynarray.c:84 0x4a61849 24
2 dynarray.c:95 0x4a618b9 16
2 path.c:191 0x4a61919 4
2 path.c:205 0x4a61969 2
2 path.c:205 0x4a619b9 2
3 path.c:223 0x4a61a09 0x4a61919 4 4
4 path.c:246 0x4a61719 4
4 path.c:31 0x4a61679 2
4 path.c:31 0x4a616c9 2
4 dynarray.c:112 0x4a615c9 16
4 dynarray.c:113 0x4a61559 24
4 path.c:254 0x4a614e9 24
4 path.c:246 0x4a60fe9 4
4 path.c:31 0x4a60f49 2
4 path.c:31 0x4a60f99 2
4 dynarray.c:112 0x4a60ee9 16
4 dynarray.c:113 0x4a60e79 24
4 path.c:254 0x4a60e09 24
1 dynarray.c:84 0x4a61a59 24
2 dynarray.c:95 0x4a61ac9 24
1 bdtBad5.c:662 0x4a61b39 11
4 dynarray.c:112 0x4a61ac9 24
4 dynarray.c:113 0x4a61a59 24
4 bdt_client.c:141 0x4a61b39 11
2 path.c:128 0x4a61b99 24
1 dynarray.c:84 0x4a61c09 24
2 dynarray.c:95 0x4a61c79 16
2 path.c:90 0x4a61cd9 2
2 path.c:90 0x4a61d29 2
1 path.c:143 0x4a61d79 4
2 path.c:178 0x4a61dc9 24
1 dynarray.c:84 0x4a61e39 24
2 dynarray.c:95 0x4a61ea9 16
2 path.c:191 0x4a61f09 4
2 path.c:205 0x4a61f59 2
3 path.c:223 0x4a61fa9 0x4a61f09 4 2
4 path.c:246 0x4a61fa9 2
4 path.c:31 0x4a61f59 2
4 dynarray.c:112 0x4a61ea9 16
4 dynarray.c:113 0x4a61e39 24
4 path.c:254 0x4a61dc9 24
2 path.c:178 0x4a61ff9 24
1 dynarray.c:84 0x4a62069 24
2 dynarray.c:95 0x4a620d9 16
2 path.c:191 0x4a62139 4
2 path.c:205 0x4a62189 2
2 path.c:205 0x4a621d9 2
3 path.c:223 0x4a62229 0x4a62139 4 4
4 path.c:246 0x4a62229 4
4 path.c:31 0x4a62189 2
4 path.c:31 0x4a621d9 2
4 dynarray.c:112 0x4a620d9 16
4 dynarray.c:113 0x4a62069 24
4 path.c:254 0x4a61ff9 24
4 path.c:246 0x4a61d79 4
4 path.c:31 0x4a61cd9 2
4 path.c:31 0x4a61d29 2
4 dynarray.c:112 0x4a61c79 16
4 dynarray.c:113 0x4a61c09 24
4 path.c:254 0x4a61b99 24
4 path.c:246 0x4a60c89 4
4 path.c:31 0x4a60be9 2
4 path.c:31 0x4a60c39 2
4 dynarray.c:112 0x4a60b39 16
4 dynarray.c:113 0x4a60ac9 24
4 path.c:254 0x4a60a59 24
4 bdtBad5.c:263 0x4a609e9 32
1 dynarray.c:84 0x4a62279 24
2 dynarray.c:95 0x4a622e9 16
1 bdtBad5.c:662 0x4a62349 7
4 dynarray.c:112 0x4a622e9 16
4 dynarray.c:113 0x4a62279 24
4 bdt_client.c:146 0x4a62349 7
2 path.c:128 0x4a623a9 24
1 dynarray.c:84 0x4a62419 24
2 dynarray.c:95 0x4a62489 16
2 path.c:90 0x4a624e9 2
2 path.c:90 0x4a62539 3
1 path.c:143 0x4a62589 5
2 path.c:178 0x4a625d9 24
1 dynarray.c:84 0x4a62649 24
2 dynarray.c:95 0x4a626b9 16
2 path.c:191 0x4a62719 5
2 path.c:205 0x4a62769 2
3 path.c:223 0x4a627b9 0x4a62719 5 2
4 path.c:246 0x4a627b9 2
4 path.c:31 0x4a62769 2
4 dynarray.c:112 0x4a626b9 16
4 dynarray.c:113 0x4a62649 24
4 path.c:254 0x4a625d9 24
2 path.c:178 0x4a62809 24
1 dynarray.c:84 0x4a62879 24
2 dynarray.c:95 0x4a628e9 16
2 path.c:191 0x4a62949 5
2 path.c:205 0x4a62999 2
2 path.c:205 0x4a629e9 3
3 path.c:223 0x4a62a39 0x4a62949 5 5
4 path.c:246 0x4a62a39 5
4 path.c:31 0x4a62999 2
4 path.c:31 0x4a629e9 3
4 dynarray.c:112 0x4a628e9 16
4 dynarray.c:113 0x4a62879 24
4 path.c:254 0x4a62809 24
2 path.c:178 0x4a62a89 24
1 dynarray.c:84 0x4a62af9 24
2 dynarray.c:95 0x4a62b69 16
2 path.c:191 0x4a62bc9 5
2 path.c:205 0x4a62c19 2
2 path.c:205 0x4a62c69 3
3 path.c:223 0x4a62cb9 0x4a62bc9 5 5
1 bdtBad5.c:143 0x4a62d09 32
2 path.c:178 0x4a62d79 24
1 dynarray.c:84 0x4a62de9 24
2 dynarray.c:95 0x4a62e59 16
2 path.c:191 0x4a62eb9 5
2 path.c:205 0x4a62f09 2
2 path.c:205 0x4a62f59 3
3 path.c:223 0x4a62fa9 0x4a62eb9 5 5
4 path.c:246 0x4a62cb9 5
4 path.c:31 0x4a62c19 2
4 path.c:31 0x4a62c69 3
4 dynarray.c:112 0x4a62b69 16
4 dynarray.c:113 0x4a62af9 24
4 path.c:254 0x4a62a89 24
4 path.c:246 0x4a62589 5
4 path.c:31 0x4a624e9 2
4 path.c:31 0x4a62539 3
4 dynarray.c:112 0x4a62489 16
4 dynarray.c:113 0x4a62419 24
4 path.c:254 0x4a623a9 24
1 dynarray.c:84 0x4a62ff9 24
2 dynarray.c:95 0x4a63069 24
1 bdtBad5.c:662 0x4a630d9 12
4 dynarray.c:112 0x4a63069 24
4 dynarray.c:113 0x4a62ff9 24
4 bdt_client.c:150 0x4a630d9 12
2 path.c:128 0x4a63139 24
1 dynarray.c:84 0x4a631a9 24
2 dynarray.c:95 0x4a63219 16
2 path.c:90 0x4a63279 2
2 path.c:90 0x4a632c9 3
1 path.c:143 0x4a63319 5
2 path.c:178 0x4a63369 24
1 dynarray.c:84 0x4a633d9 24
2 dynarray.c:95 0x4a63449 16
2 path.c:191 0x4a634a9 5
2 path.c:205 0x4a634f9 2
3 path.c:223 0x4a63549 0x4a634a9 5 2
4 path.c:246 0x4a63549 2
4 path.c:31 0x4a634f9 2
4 dynarray.c:112 0x4a63449 16
4 dynarray.c:113 0x4a633d9 24
4 path.c:254 0x4a63369 24
2 path.c:178 0x4a63599 24
1 dynarray.c:84 0x4a63609 24
2 dynarray.c:95 0x4a63679 16
2 path.c:191 0x4a636d9 5
2 path.c:205 0x4a63729 2
2 path.c:205 0x4a63779 3
3 path.c:223 0x4a637c9 0x4a636d9 5 5
4 path.c:246 0x4a637c9 5
4 path.c:31 0x4a63729 2
4 path.c:31 0x4a63779 3
4 dynarray.c:112 0x4a63679 16
4 dynarray.c:113 0x4a63609 24
4 path.c:254 0x4a63599 24
4 path.c:246 0x4a63319 5
4 path.c:31 0x4a63279 2
4 path.c:31 0x4a632c9 3
4 dynarray.c:112 0x4a63219 16
4 dynarray.c:113 0x4a631a9 24
4 path.c:254 0x4a63139 24
4 path.c:246 0x4a62fa9 5
4 path.c:31 0x4a62f09 2
4 path.c:31 0x4a62f59 3
4 dynarray.c:112 0x4a62e59 16
4 dynarray.c:113 0x4a62de9 24
4 path.c:254 0x4a62d79 24
4 bdtBad5.c:263 0x4a62d09 32
1 dynarray.c:84 0x4a63819 24
2 dynarray.c:95 0x4a63889 16
1 bdtBad5.c:662 0x4a638e9 7
4 dynarray.c:112 0x4a63889 16
4 dynarray.c:113 0x4a63819 24
4 bdt_client.c:154 0x4a638e9 7
2 path.c:128 0x4a63949 24
1 dynarray.c:84 0x4a639b9 24
2 dynarray.c:95 0x4a63a29 16
2 path.c:90 0x4a63a89 2
2 path.c:90 0x4a63ad9 3
1 path.c:143 0x4a63b29 5
2 path.c:178 0x4a63b79 24
1 dynarray.c:84 0x4a63be9 24
2 dynarray.c:95 0x4a63c59 16
2 path.c:191 0x4a63cb9 5
2 path.c:205 0x4a63d09 2
3 path.c:223 0x4a63d59 0x4a63cb9 5 2
4 path.c:246 0x4a63d59 2
4 path.c:31 0x4a63d09 2
4 dynarray.c:112 0x4a63c59 16
4 dynarray.c:113 0x4a63be9 24
4 path.c:254 0x4a63b79 24
2 path.c:178 0x4a63da9 24
1 dynarray.c:84 0x4a63e19 24
2 dynarray.c:95 0x4a63e89 16
2 path.c:191 0x4a63ee9 5
2 path.c:205 0x4a63f39 2
2 path.c:205 0x4a63f89 3
3 path.c:223 0x4a63fd9 0x4a63ee9 5 5
4 path.c:246 0x4a63fd9 5
4 path.c:31 0x4a63f39 2
4 path.c:31 0x4a63f89 3
4 dynarray.c:112 0x4a63e89 16
4 dynarray.c:113 0x4a63e19 24
4 path.c:254 0x4a63da9 24
2 path.c:178 0x4a64029 24
1 dynarray.c:84 0x4a64099 24
2 dynarray.c:95 0x4a64109 16
2 path.c:191 0x4a64169 5
2 path.c:205 0x4a641b9 2
2 path.c:205 0x4a64209 3
3 path.c:223 0x4a64259 0x4a64169 5 5
1 bdtBad5.c:143 0x4a642a9 32
2 path.c:178 0x4a64319 24
1 dynarray.c:84 0x4a64389 24
2 dynarray.c:95 0x4a643f9 16
2 path.c:191 0x4a64459 5
2 path.c:205 0x4a644a9 2
2 path.c:205 0x4a644f9 3
3 path.c:223 0x4a64549 0x4a64459 5 5
4 path.c:246 0x4a64259 5
4 path.c:31 0x4a641b9 2
4 path.c:31 0x4a64209 3
4 dynarray.c:112 0x4a64109 16
4 dynarray.c:113 0x4a64099 24
4 path.c:254 0x4a64029 24
4 path.c:246 0x4a63b29 5
4 path.c:31 0x4a63a89 2
4 path.c:31 0x4a63ad9 3
4 dynarray.c:112 0x4a63a29 16
4 dynarray.c:113 0x4a639b9 24
4 path.c:254 0x4a63949 24
1 dynarray.c:84 0x4a64599 24
2 dynarray.c:95 0x4a64609 24
1 bdtBad5.c:662 0x4a64679 12
4 dynarray.c:112 0x4a64609 24
4 dynarray.c:113 0x4a64599 24
4 bdt_client.c:158 0x4a64679 12
2 path.c:128 0x4a646d9 24
1 dynarray.c:84 0x4a64749 24
2 dynarray.c:95 0x4a647b9 16
2 path.c:90 0x4a64819 2
2 path.c:90 0x4a64869 2
1 path.c:143 0x4a648b9 4
2 path.c:178 0x4a64909 24
1 dynarray.c:84 0x4a64979 24
2 dynarray.c:95 0x4a649e9 16
2 path.c:191 0x4a64a49 4
2 path.c:205 0x4a64a99 2
3 path.c:223 0x4a64ae9 0x4a64a49 4 2
4 path.c:246 0x4a64ae9 2
4 path.c:31 0x4a64a99 2
4 dynarray.c:112 0x4a649e9 16
4 dynarray.c:113 0x4a64979 24
4 path.c:254 0x4a64909 24
2 path.c:178 0x4a64b39 24
1 dynarray.c:84 0x4a64ba9 24
2 dynarray.c:95 0x4a64c19 16
2 path.c:191 0x4a64c79 4
2 path.c:205 0x4a64cc9 2
2 path.c:205 0x4a64d19 2
3 path.c:223 0x4a64d69 0x4a64c79 4 4
4 path.c:246 0x4a64d69 4
4 path.c:31 0x4a64cc9 2
4 path.c:31 0x4a64d19 2
4 dynarray.c:112 0x4a64c19 16
4 dynarray.c:113 0x4a64ba9 24
4 path.c:254 0x4a64b39 24
4 path.c:246 0x4a648b9 4
4 path.c:31 0x4a64819 2
4 path.c:31 0x4a64869 2
4 dynarray.c:112 0x4a647b9 16
4 dynarray.c:113 0x4a64749 24
4 path.c:254 0x4a646d9 24
4 path.c:246 0x4a61a09 4
4 path.c:31 0x4a61969 2
4 path.c:31 0x4a619b9 2
4 dynarray.c:112 0x4a618b9 16
4 dynarray.c:113 0x4a61849 24
4 path.c:254 0x4a617d9 24
4 bdtBad5.c:263 0x4a61769 32
1 dynarray.c:84 0x4a64db9 24
2 dynarray.c:95 0x4a64e29 16
1 bdtBad5.c:662 0x4a64e89 8
4 dynarray.c:112 0x4a64e29 16
4 dynarray.c:113 0x4a64db9 24
4 bdt_client.c:162 0x4a64e89 8
4 path.c:246 0x4a64549 5
4 path.c:31 0x4a644a9 2
4 path.c:31 0x4a644f9 3
4 dynarray.c:112 0x4a643f9 16
4 dynarray.c:113 0x4a64389 24
4 path.c:254 0x4a64319 24
4 bdtBad5.c:263 0x4a642a9 32
4 path.c:246 0x4a60719 2
4 path.c:31 0x4a606c9 2
4 dynarray.c:112 0x4a60619 16
4 dynarray.c:113 0x4a605a9 24
4 path.c:254 0x4a60539 24
4 bdtBad5.c:263 0x4a604c9 32
