2 path.c:128 0x4212a9 24
4 path.c:254 0x4212a9 24
2 path.c:128 0x4234c9 24
1 dynarray.c:84 0x4212a9 24
2 dynarray.c:95 0x4234f9 16
2 path.c:90 0x423529 6
1 path.c:143 0x423549 6
4 path.c:246 0x423549 6
4 path.c:31 0x423529 6
4 dynarray.c:112 0x4234f9 16
4 dynarray.c:113 0x4212a9 24
4 path.c:254 0x4234c9 24
1 dynarray.c:84 0x4234c9 24
2 dynarray.c:95 0x423569 16
1 bdtBad4.c:663 0x423529 1
4 dynarray.c:112 0x423569 16
4 dynarray.c:113 0x4234c9 24
4 bdt_client.c:39 0x423529 1
2 path.c:128 0x423599 24
4 path.c:254 0x423599 24
2 path.c:128 0x4235c9 24
1 dynarray.c:84 0x423599 24
2 dynarray.c:95 0x4235f9 16
4 dynarray.c:112 0x4235f9 16
4 dynarray.c:113 0x423599 24
4 path.c:254 0x4235c9 24
2 path.c:128 0x423629 24
1 dynarray.c:84 0x4235c9 24
2 dynarray.c:95 0x423659 16
2 path.c:90 0x423689 6
2 path.c:90 0x4236a9 7
4 path.c:31 0x423689 6
4 path.c:31 0x4236a9 7
4 dynarray.c:112 0x423659 16
4 dynarray.c:113 0x4235c9 24
4 path.c:254 0x423629 24
2 path.c:128 0x423629 24
1 dynarray.c:84 0x423659 24
2 dynarray.c:95 0x4235c9 16
2 path.c:90 0x4236c9 6
4 path.c:31 0x4236c9 6
4 dynarray.c:112 0x4235c9 16
4 dynarray.c:113 0x423659 24
4 path.c:254 0x423629 24
2 path.c:128 0x423629 24
1 dynarray.c:84 0x4235c9 24
2 dynarray.c:95 0x423659 16
2 path.c:90 0x4236e9 6
1 path.c:143 0x4236c9 6
2 path.c:178 0x423709 24
1 dynarray.c:84 0x423599 24
2 dynarray.c:95 0x423739 16
2 path.c:191 0x423769 6
2 path.c:205 0x423789 6
3 path.c:223 0x423769 0x423769 6 6
1 bdtBad4.c:143 0x4237a9 32
2 path.c:178 0x4237e9 24
1 dynarray.c:84 0x4235f9 24
2 dynarray.c:95 0x423819 16
2 path.c:191 0x423849 6
2 path.c:205 0x423869 6
3 path.c:223 0x423849 0x423849 6 6
4 path.c:246 0x423769 6
4 path.c:31 0x423789 6
4 dynarray.c:112 0x423739 16
4 dynarray.c:113 0x423599 24
4 path.c:254 0x423709 24
4 path.c:246 0x4236c9 6
4 path.c:31 0x4236e9 6
4 dynarray.c:112 0x423659 16
4 dynarray.c:113 0x4235c9 24
4 path.c:254 0x423629 24
2 path.c:128 0x423629 24
1 dynarray.c:84 0x423709 24
2 dynarray.c:95 0x4235c9 16
2 path.c:90 0x4236e9 6
2 path.c:90 0x423889 7
2 path.c:90 0x4238a9 12
3 dynarray.c:69 0x4238c9 0x4235c9 16 32
1 path.c:143 0x423659 25
2 path.c:178 0x4235c9 24
1 dynarray.c:84 0x423599 24
2 dynarray.c:95 0x423909 16
2 path.c:191 0x423939 25
2 path.c:205 0x423969 6
3 path.c:223 0x423939 0x423939 25 6
4 path.c:246 0x423939 6
4 path.c:31 0x423969 6
4 dynarray.c:112 0x423909 16
4 dynarray.c:113 0x423599 24
4 path.c:254 0x4235c9 24
2 path.c:178 0x4235c9 24
1 dynarray.c:84 0x423909 24
2 dynarray.c:95 0x423599 16
2 path.c:191 0x423989 25
2 path.c:205 0x423969 6
2 path.c:205 0x4239b9 7
3 path.c:223 0x423989 0x423989 25 13
4 path.c:246 0x423989 13
4 path.c:31 0x423969 6
4 path.c:31 0x4239b9 7
4 dynarray.c:112 0x423599 16
4 dynarray.c:113 0x423909 24
4 path.c:254 0x4235c9 24
2 path.c:178 0x4235c9 24
1 dynarray.c:84 0x423989 24
2 dynarray.c:95 0x423909 16
2 path.c:191 0x4239d9 25
2 path.c:205 0x4239b9 6
2 path.c:205 0x423969 7
3 path.c:223 0x4239d9 0x4239d9 25 13
1 bdtBad4.c:143 0x423a09 32
2 path.c:178 0x423a49 24
1 dynarray.c:84 0x423599 24
2 dynarray.c:95 0x423a79 16
2 path.c:191 0x423aa9 13
2 path.c:205 0x423ac9 6
2 path.c:205 0x423ae9 7
3 path.c:223 0x423aa9 0x423aa9 13 13
4 path.c:246 0x4239d9 13
4 path.c:31 0x4239b9 6
4 path.c:31 0x423969 7
4 dynarray.c:112 0x423909 16
4 dynarray.c:113 0x423989 24
4 path.c:254 0x4235c9 24
2 path.c:178 0x4235c9 24
1 dynarray.c:84 0x4239d9 24
2 dynarray.c:95 0x423989 24
2 path.c:191 0x423b09 25
2 path.c:205 0x423969 6
2 path.c:205 0x4239b9 7
2 path.c:205 0x423b39 12
3 path.c:223 0x423b09 0x423b09 25 25
1 bdtBad4.c:143 0x423b59 32
2 path.c:178 0x423b99 24
1 dynarray.c:84 0x423909 24
2 dynarray.c:95 0x423bc9 24
2 path.c:191 0x423bf9 25
2 path.c:205 0x423c29 6
2 path.c:205 0x423c49 7
2 path.c:205 0x423c69 12
3 path.c:223 0x423bf9 0x423bf9 25 25
4 path.c:246 0x423b09 25
4 path.c:31 0x423969 6
4 path.c:31 0x4239b9 7
4 path.c:31 0x423b39 12
4 dynarray.c:112 0x423989 24
4 dynarray.c:113 0x4239d9 24
4 path.c:254 0x4235c9 24
4 path.c:246 0x423659 25
4 path.c:31 0x4236e9 6
4 path.c:31 0x423889 7
4 path.c:31 0x4238a9 12
4 dynarray.c:112 0x4238c9 32
4 dynarray.c:113 0x423709 24
4 path.c:254 0x423629 24
2 path.c:128 0x423629 24
1 dynarray.c:84 0x423b09 24
2 dynarray.c:95 0x423709 16
2 path.c:90 0x4238a9 6
1 path.c:143 0x4236c9 6
2 path.c:178 0x4235c9 24
1 dynarray.c:84 0x423659 24
2 dynarray.c:95 0x4239d9 16
2 path.c:191 0x423889 6
2 path.c:205 0x423b39 6
3 path.c:223 0x423889 0x423889 6 6
4 path.c:246 0x423889 6
4 path.c:31 0x423b39 6
4 dynarray.c:112 0x4239d9 16
4 dynarray.c:113 0x423659 24
4 path.c:254 0x4235c9 24
4 path.c:246 0x4236c9 6
4 path.c:31 0x4238a9 6
4 dynarray.c:112 0x423709 16
4 dynarray.c:113 0x423b09 24
4 path.c:254 0x423629 24
2 path.c:128 0x423629 24
1 dynarray.c:84 0x423989 24
2 dynarray.c:95 0x423b09 16
2 path.c:90 0x4238a9 6
2 path.c:90 0x4236c9 7
1 path.c:143 0x4236e9 13
2 path.c:178 0x4235c9 24
1 dynarray.c:84 0x423709 24
2 dynarray.c:95 0x423659 16
2 path.c:191 0x423b39 13
2 path.c:205 0x4239b9 6
3 path.c:223 0x423b39 0x423b39 13 6
4 path.c:246 0x423b39 6
4 path.c:31 0x4239b9 6
4 dynarray.c:112 0x423659 16
4 dynarray.c:113 0x423709 24
4 path.c:254 0x4235c9 24
2 path.c:178 0x4235c9 24
1 dynarray.c:84 0x4239d9 24
2 dynarray.c:95 0x423709 16
2 path.c:191 0x4239b9 13
2 path.c:205 0x423b39 6
2 path.c:205 0x423969 7
3 path.c:223 0x4239b9 0x4239b9 13 13
4 path.c:246 0x4239b9 13
4 path.c:31 0x423b39 6
4 path.c:31 0x423969 7
4 dynarray.c:112 0x423709 16
4 dynarray.c:113 0x4239d9 24
4 path.c:254 0x4235c9 24
4 path.c:246 0x4236e9 13
4 path.c:31 0x4238a9 6
4 path.c:31 0x4236c9 7
4 dynarray.c:112 0x423b09 16
4 dynarray.c:113 0x423989 24
4 path.c:254 0x423629 24
2 path.c:128 0x423629 24
1 dynarray.c:84 0x423659 24
2 dynarray.c:95 0x423989 16
2 path.c:90 0x4236c9 6
2 path.c:90 0x4238a9 7
2 path.c:90 0x4236e9 12
3 dynarray.c:69 0x423c89 0x423989 16 32
1 path.c:143 0x423b09 25
2 path.c:178 0x423989 24
1 dynarray.c:84 0x4235c9 24
2 dynarray.c:95 0x4239d9 16
2 path.c:191 0x423cc9 25
2 path.c:205 0x423969 6
3 path.c:223 0x423cc9 0x423cc9 25 6
4 path.c:246 0x423cc9 6
4 path.c:31 0x423969 6
4 dynarray.c:112 0x4239d9 16
4 dynarray.c:113 0x4235c9 24
4 path.c:254 0x423989 24
2 path.c:178 0x423989 24
1 dynarray.c:84 0x423709 24
2 dynarray.c:95 0x4235c9 16
2 path.c:191 0x423cc9 25
2 path.c:205 0x423969 6
2 path.c:205 0x423b39 7
3 path.c:223 0x423cc9 0x423cc9 25 13
4 path.c:246 0x423cc9 13
4 path.c:31 0x423969 6
4 path.c:31 0x423b39 7
4 dynarray.c:112 0x4235c9 16
4 dynarray.c:113 0x423709 24
4 path.c:254 0x423989 24
2 path.c:178 0x423989 24
1 dynarray.c:84 0x4239d9 24
2 dynarray.c:95 0x423709 24
2 path.c:191 0x423cc9 25
2 path.c:205 0x423b39 6
2 path.c:205 0x423969 7
2 path.c:205 0x4239b9 12
3 path.c:223 0x423cc9 0x423cc9 25 25
4 path.c:246 0x423cc9 25
4 path.c:31 0x423b39 6
4 path.c:31 0x423969 7
4 path.c:31 0x4239b9 12
4 dynarray.c:112 0x423709 24
4 dynarray.c:113 0x4239d9 24
4 path.c:254 0x423989 24
4 path.c:246 0x423b09 25
4 path.c:31 0x4236c9 6
4 path.c:31 0x4238a9 7
4 path.c:31 0x4236e9 12
4 dynarray.c:112 0x423c89 32
4 dynarray.c:113 0x423659 24
4 path.c:254 0x423629 24
2 path.c:128 0x423629 24
1 dynarray.c:84 0x4235c9 24
2 dynarray.c:95 0x423659 16
2 path.c:90 0x4236e9 12
1 path.c:143 0x423889 12
2 path.c:178 0x423989 24
1 dynarray.c:84 0x423b09 24
2 dynarray.c:95 0x4239d9 16
2 path.c:191 0x4238a9 12
2 path.c:205 0x4239b9 12
3 path.c:223 0x4238a9 0x4238a9 12 12
4 path.c:246 0x4238a9 12
4 path.c:31 0x4239b9 12
4 dynarray.c:112 0x4239d9 16
4 dynarray.c:113 0x423b09 24
4 path.c:254 0x423989 24
4 path.c:246 0x423889 12
4 path.c:31 0x4236e9 12
4 dynarray.c:112 0x423659 16
4 dynarray.c:113 0x4235c9 24
4 path.c:254 0x423629 24
2 path.c:128 0x423629 24
1 dynarray.c:84 0x423709 24
2 dynarray.c:95 0x4235c9 16
2 path.c:90 0x4236e9 12
1 path.c:143 0x4236c9 12
2 path.c:178 0x423989 24
1 dynarray.c:84 0x423659 24
2 dynarray.c:95 0x423b09 16
2 path.c:191 0x423889 12
2 path.c:205 0x4238a9 12
3 path.c:223 0x423889 0x423889 12 12
4 path.c:246 0x423889 12
4 path.c:31 0x4238a9 12
4 dynarray.c:112 0x423b09 16
4 dynarray.c:113 0x423659 24
4 path.c:254 0x423989 24
4 path.c:246 0x4236c9 12
4 path.c:31 0x4236e9 12
4 dynarray.c:112 0x4235c9 16
4 dynarray.c:113 0x423709 24
4 path.c:254 0x423629 24
2 path.c:128 0x423629 24
1 dynarray.c:84 0x4239d9 24
2 dynarray.c:95 0x423709 16
2 path.c:90 0x4236e9 12
1 path.c:143 0x4239b9 12
2 path.c:178 0x423989 24
1 dynarray.c:84 0x4235c9 24
2 dynarray.c:95 0x423659 16
2 path.c:191 0x4236c9 12
2 path.c:205 0x423889 12
3 path.c:223 0x4236c9 0x4236c9 12 12
4 path.c:246 0x4236c9 12
4 path.c:31 0x423889 12
4 dynarray.c:112 0x423659 16
4 dynarray.c:113 0x4235c9 24
4 path.c:254 0x423989 24
4 path.c:246 0x4239b9 12
4 path.c:31 0x4236e9 12
4 dynarray.c:112 0x423709 16
4 dynarray.c:113 0x4239d9 24
4 path.c:254 0x423629 24
2 path.c:128 0x423629 24
1 dynarray.c:84 0x423b09 24
2 dynarray.c:95 0x4239d9 16
2 path.c:90 0x4236e9 6
2 path.c:90 0x4239b9 8
1 path.c:143 0x4238a9 14
2 path.c:178 0x423989 24
1 dynarray.c:84 0x423709 24
2 dynarray.c:95 0x4235c9 16
2 path.c:191 0x423889 14
2 path.c:205 0x423969 6
3 path.c:223 0x423889 0x423889 14 6
4 path.c:246 0x423889 6
4 path.c:31 0x423969 6
4 dynarray.c:112 0x4235c9 16
4 dynarray.c:113 0x423709 24
4 path.c:254 0x423989 24
2 path.c:178 0x423989 24
1 dynarray.c:84 0x423659 24
2 dynarray.c:95 0x423709 16
2 path.c:191 0x423969 14
2 path.c:205 0x423889 6
2 path.c:205 0x423b39 8
3 path.c:223 0x423969 0x423969 14 14
4 path.c:246 0x423969 14
4 path.c:31 0x423889 6
4 path.c:31 0x423b39 8
4 dynarray.c:112 0x423709 16
4 dynarray.c:113 0x423659 24
4 path.c:254 0x423989 24
4 path.c:246 0x4238a9 14
4 path.c:31 0x4236e9 6
4 path.c:31 0x4239b9 8
4 dynarray.c:112 0x4239d9 16
4 dynarray.c:113 0x423b09 24
4 path.c:254 0x423629 24
2 path.c:128 0x423629 24
1 dynarray.c:84 0x4235c9 24
2 dynarray.c:95 0x423b09 16
2 path.c:90 0x4239b9 6
2 path.c:90 0x4236e9 7
2 path.c:90 0x4238a9 12
3 dynarray.c:69 0x423cf9 0x423b09 16 32
1 path.c:143 0x4239d9 25
2 path.c:178 0x423b09 24
1 dynarray.c:84 0x423989 24
2 dynarray.c:95 0x423659 16
2 path.c:191 0x423cc9 25
2 path.c:205 0x423b39 6
3 path.c:223 0x423cc9 0x423cc9 25 6
4 path.c:246 0x423cc9 6
4 path.c:31 0x423b39 6
4 dynarray.c:112 0x423659 16
4 dynarray.c:113 0x423989 24
4 path.c:254 0x423b09 24
2 path.c:178 0x423b09 24
1 dynarray.c:84 0x423709 24
2 dynarray.c:95 0x423989 16
2 path.c:191 0x423cc9 25
2 path.c:205 0x423b39 6
2 path.c:205 0x423889 7
3 path.c:223 0x423cc9 0x423cc9 25 13
4 path.c:246 0x423cc9 13
4 path.c:31 0x423b39 6
4 path.c:31 0x423889 7
4 dynarray.c:112 0x423989 16
4 dynarray.c:113 0x423709 24
4 path.c:254 0x423b09 24
2 path.c:178 0x423b09 24
1 dynarray.c:84 0x423659 24
2 dynarray.c:95 0x423709 24
2 path.c:191 0x423cc9 25
2 path.c:205 0x423889 6
2 path.c:205 0x423b39 7
2 path.c:205 0x423969 12
3 path.c:223 0x423cc9 0x423cc9 25 25
4 path.c:246 0x423cc9 25
4 path.c:31 0x423889 6
4 path.c:31 0x423b39 7
4 path.c:31 0x423969 12
4 dynarray.c:112 0x423709 24
4 dynarray.c:113 0x423659 24
4 path.c:254 0x423b09 24
4 path.c:246 0x4239d9 25
4 path.c:31 0x4239b9 6
4 path.c:31 0x4236e9 7
4 path.c:31 0x4238a9 12
4 dynarray.c:112 0x423cf9 32
4 dynarray.c:113 0x4235c9 24
4 path.c:254 0x423629 24
2 path.c:128 0x423629 24
1 dynarray.c:84 0x423989 24
2 dynarray.c:95 0x4235c9 16
2 path.c:90 0x4238a9 12
2 path.c:90 0x4236e9 6
2 path.c:90 0x4239b9 9
3 dynarray.c:69 0x423d39 0x4235c9 16 32
1 path.c:143 0x4239d9 27
2 path.c:178 0x4235c9 24
1 dynarray.c:84 0x423b09 24
2 dynarray.c:95 0x423659 16
2 path.c:191 0x423cc9 27
2 path.c:205 0x423969 12
3 path.c:223 0x423cc9 0x423cc9 27 12
4 path.c:246 0x423cc9 12
4 path.c:31 0x423969 12
4 dynarray.c:112 0x423659 16
4 dynarray.c:113 0x423b09 24
4 path.c:254 0x4235c9 24
4 path.c:246 0x4239d9 27
4 path.c:31 0x4238a9 12
4 path.c:31 0x4236e9 6
4 path.c:31 0x4239b9 9
4 dynarray.c:112 0x423d39 32
4 dynarray.c:113 0x423989 24
4 path.c:254 0x423629 24
2 path.c:128 0x423629 24
1 dynarray.c:84 0x423709 24
2 dynarray.c:95 0x423989 16
2 path.c:90 0x4239b9 6
2 path.c:90 0x4236e9 8
1 path.c:143 0x4236c9 14
2 path.c:178 0x4235c9 24
1 dynarray.c:84 0x4239d9 24
2 dynarray.c:95 0x423b09 16
2 path.c:191 0x4238a9 14
2 path.c:205 0x423b39 6
3 path.c:223 0x4238a9 0x4238a9 14 6
4 path.c:246 0x4238a9 6
4 path.c:31 0x423b39 6
4 dynarray.c:112 0x423b09 16
4 dynarray.c:113 0x4239d9 24
4 path.c:254 0x4235c9 24
2 path.c:178 0x4235c9 24
1 dynarray.c:84 0x423659 24
2 dynarray.c:95 0x4239d9 16
2 path.c:191 0x423b39 14
2 path.c:205 0x4238a9 6
2 path.c:205 0x423889 8
3 path.c:223 0x423b39 0x423b39 14 14
4 path.c:246 0x423b39 14
4 path.c:31 0x4238a9 6
4 path.c:31 0x423889 8
4 dynarray.c:112 0x4239d9 16
4 dynarray.c:113 0x423659 24
4 path.c:254 0x4235c9 24
2 path.c:178 0x4235c9 24
1 dynarray.c:84 0x423b09 24
2 dynarray.c:95 0x423659 16
2 path.c:191 0x423889 14
2 path.c:205 0x4238a9 6
2 path.c:205 0x423b39 8
3 path.c:223 0x423889 0x423889 14 14
1 bdtBad4.c:143 0x423d39 32
2 path.c:178 0x423cc9 24
1 dynarray.c:84 0x4239d9 24
2 dynarray.c:95 0x423d79 16
2 path.c:191 0x423da9 14
2 path.c:205 0x423dc9 6
2 path.c:205 0x423de9 8
3 path.c:223 0x423da9 0x423da9 14 14
4 path.c:246 0x423889 14
4 path.c:31 0x4238a9 6
4 path.c:31 0x423b39 8
4 dynarray.c:112 0x423659 16
4 dynarray.c:113 0x423b09 24
4 path.c:254 0x4235c9 24
4 path.c:246 0x4236c9 14
4 path.c:31 0x4239b9 6
4 path.c:31 0x4236e9 8
4 dynarray.c:112 0x423989 16
4 dynarray.c:113 0x423709 24
4 path.c:254 0x423629 24
2 path.c:128 0x423629 24
1 dynarray.c:84 0x423659 24
2 dynarray.c:95 0x423709 16
2 path.c:90 0x4236e9 6
2 path.c:90 0x4239b9 7
1 path.c:143 0x423969 13
2 path.c:178 0x4235c9 24
1 dynarray.c:84 0x423989 24
2 dynarray.c:95 0x423b09 16
2 path.c:191 0x4236c9 13
2 path.c:205 0x4238a9 6
3 path.c:223 0x4236c9 0x4236c9 13 6
4 path.c:246 0x4236c9 6
4 path.c:31 0x4238a9 6
4 dynarray.c:112 0x423b09 16
4 dynarray.c:113 0x423989 24
4 path.c:254 0x4235c9 24
2 path.c:178 0x4235c9 24
1 dynarray.c:84 0x423b09 24
2 dynarray.c:95 0x423989 16
2 path.c:191 0x4238a9 13
2 path.c:205 0x4236c9 6
2 path.c:205 0x423889 7
3 path.c:223 0x4238a9 0x4238a9 13 13
4 path.c:246 0x4238a9 13
4 path.c:31 0x4236c9 6
4 path.c:31 0x423889 7
4 dynarray.c:112 0x423989 16
4 dynarray.c:113 0x423b09 24
4 path.c:254 0x4235c9 24
2 path.c:178 0x4235c9 24
1 dynarray.c:84 0x423989 24
2 dynarray.c:95 0x423b09 16
2 path.c:191 0x423889 13
2 path.c:205 0x4236c9 6
2 path.c:205 0x4238a9 7
3 path.c:223 0x423889 0x423889 13 13
1 bdtBad4.c:143 0x423cf9 32
2 path.c:178 0x423e09 24
1 dynarray.c:84 0x423939 24
2 dynarray.c:95 0x423e39 16
2 path.c:191 0x423e69 13
2 path.c:205 0x423e89 6
2 path.c:205 0x423ea9 7
3 path.c:223 0x423e69 0x423e69 13 13
4 path.c:246 0x423e69 13
4 path.c:31 0x423e89 6
4 path.c:31 0x423ea9 7
4 dynarray.c:112 0x423e39 16
4 dynarray.c:113 0x423939 24
4 path.c:254 0x423e09 24
4 bdtBad4.c:193 0x423cf9 32
4 path.c:246 0x423969 13
4 path.c:31 0x4236e9 6
4 path.c:31 0x4239b9 7
4 dynarray.c:112 0x423709 16
4 dynarray.c:113 0x423659 24
4 path.c:254 0x423629 24
4 path.c:246 0x423889 13
4 path.c:31 0x4236c9 6
4 path.c:31 0x4238a9 7
4 dynarray.c:112 0x423b09 16
4 dynarray.c:113 0x423989 24
4 path.c:254 0x4235c9 24
2 path.c:128 0x4235c9 24
1 dynarray.c:84 0x423939 24
2 dynarray.c:95 0x423989 16
2 path.c:90 0x4238a9 6
2 path.c:90 0x4236c9 4
2 path.c:90 0x423889 5
3 dynarray.c:69 0x423ec9 0x423989 16 32
2 path.c:90 0x4239b9 7
1 path.c:143 0x423b09 22
2 path.c:178 0x423989 24
1 dynarray.c:84 0x423629 24
2 dynarray.c:95 0x423659 16
2 path.c:191 0x423e09 22
2 path.c:205 0x4236e9 6
3 path.c:223 0x423e09 0x423e09 22 6
4 path.c:246 0x423e09 6
4 path.c:31 0x4236e9 6
4 dynarray.c:112 0x423659 16
4 dynarray.c:113 0x423629 24
4 path.c:254 0x423989 24
2 path.c:178 0x423989 24
1 dynarray.c:84 0x423709 24
2 dynarray.c:95 0x423629 16
2 path.c:191 0x423e09 22
2 path.c:205 0x4236e9 6
2 path.c:205 0x423969 4
3 path.c:223 0x423e09 0x423e09 22 10
4 path.c:246 0x423e09 10
4 path.c:31 0x4236e9 6
4 path.c:31 0x423969 4
4 dynarray.c:112 0x423629 16
4 dynarray.c:113 0x423709 24
4 path.c:254 0x423989 24
2 path.c:178 0x423989 24
1 dynarray.c:84 0x423659 24
2 dynarray.c:95 0x423709 16
2 path.c:191 0x423e09 22
2 path.c:205 0x423969 6
2 path.c:205 0x4236e9 4
3 path.c:223 0x423e09 0x423e09 22 10
1 bdtBad4.c:143 0x423cf9 32
2 path.c:178 0x423f09 24
1 dynarray.c:84 0x423629 24
2 dynarray.c:95 0x423f39 16
2 path.c:191 0x423ea9 10
2 path.c:205 0x423e89 6
2 path.c:205 0x423e69 4
3 path.c:223 0x423ea9 0x423ea9 10 10
4 path.c:246 0x423ea9 10
4 path.c:31 0x423e89 6
4 path.c:31 0x423e69 4
4 dynarray.c:112 0x423f39 16
4 dynarray.c:113 0x423629 24
4 path.c:254 0x423f09 24
4 bdtBad4.c:193 0x423cf9 32
4 path.c:246 0x423b09 22
4 path.c:31 0x4238a9 6
4 path.c:31 0x4236c9 4
4 path.c:31 0x423889 5
4 path.c:31 0x4239b9 7
4 dynarray.c:112 0x423ec9 32
4 dynarray.c:113 0x423939 24
4 path.c:254 0x4235c9 24
4 path.c:246 0x423e09 10
4 path.c:31 0x423969 6
4 path.c:31 0x4236e9 4
4 dynarray.c:112 0x423709 16
4 dynarray.c:113 0x423659 24
4 path.c:254 0x423989 24
2 path.c:128 0x423989 24
1 dynarray.c:84 0x423f39 24
2 dynarray.c:95 0x423659 16
2 path.c:90 0x4236e9 6
1 path.c:143 0x423b39 6
2 path.c:178 0x423e09 24
1 dynarray.c:84 0x423709 24
2 dynarray.c:95 0x4235c9 16
2 path.c:191 0x423969 6
2 path.c:205 0x423889 6
3 path.c:223 0x423969 0x423969 6 6
4 path.c:246 0x423969 6
4 path.c:31 0x423889 6
4 dynarray.c:112 0x4235c9 16
4 dynarray.c:113 0x423709 24
4 path.c:254 0x423e09 24
4 path.c:246 0x423b39 6
4 path.c:31 0x4236e9 6
4 dynarray.c:112 0x423659 16
4 dynarray.c:113 0x423f39 24
4 path.c:254 0x423989 24
2 path.c:128 0x423989 24
1 dynarray.c:84 0x423939 24
2 dynarray.c:95 0x423f39 16
2 path.c:90 0x4236e9 6
2 path.c:90 0x423b39 7
1 path.c:143 0x4239b9 13
2 path.c:178 0x423e09 24
1 dynarray.c:84 0x423659 24
2 dynarray.c:95 0x423709 16
2 path.c:191 0x423889 13
2 path.c:205 0x4236c9 6
3 path.c:223 0x423889 0x423889 13 6
4 path.c:246 0x423889 6
4 path.c:31 0x4236c9 6
4 dynarray.c:112 0x423709 16
4 dynarray.c:113 0x423659 24
4 path.c:254 0x423e09 24
2 path.c:178 0x423e09 24
1 dynarray.c:84 0x4235c9 24
2 dynarray.c:95 0x423659 16
2 path.c:191 0x4236c9 13
2 path.c:205 0x423889 6
2 path.c:205 0x4238a9 7
3 path.c:223 0x4236c9 0x4236c9 13 13
4 path.c:246 0x4236c9 13
4 path.c:31 0x423889 6
4 path.c:31 0x4238a9 7
4 dynarray.c:112 0x423659 16
4 dynarray.c:113 0x4235c9 24
4 path.c:254 0x423e09 24
4 path.c:246 0x4239b9 13
4 path.c:31 0x4236e9 6
4 path.c:31 0x423b39 7
4 dynarray.c:112 0x423f39 16
4 dynarray.c:113 0x423939 24
4 path.c:254 0x423989 24
2 path.c:128 0x423989 24
1 dynarray.c:84 0x423709 24
2 dynarray.c:95 0x423939 16
2 path.c:90 0x423b39 6
2 path.c:90 0x4236e9 8
1 path.c:143 0x423969 14
2 path.c:178 0x423e09 24
1 dynarray.c:84 0x423f39 24
2 dynarray.c:95 0x4235c9 16
2 path.c:191 0x4239b9 14
2 path.c:205 0x423889 6
3 path.c:223 0x4239b9 0x4239b9 14 6
4 path.c:246 0x4239b9 6
4 path.c:31 0x423889 6
4 dynarray.c:112 0x4235c9 16
4 dynarray.c:113 0x423f39 24
4 path.c:254 0x423e09 24
2 path.c:178 0x423e09 24
1 dynarray.c:84 0x423659 24
2 dynarray.c:95 0x423f39 16
2 path.c:191 0x423889 14
2 path.c:205 0x4239b9 6
2 path.c:205 0x4236c9 8
3 path.c:223 0x423889 0x423889 14 14
4 path.c:246 0x423889 14
4 path.c:31 0x4239b9 6
4 path.c:31 0x4236c9 8
4 dynarray.c:112 0x423f39 16
4 dynarray.c:113 0x423659 24
4 path.c:254 0x423e09 24
4 path.c:246 0x423969 14
4 path.c:31 0x423b39 6
4 path.c:31 0x4236e9 8
4 dynarray.c:112 0x423939 16
4 dynarray.c:113 0x423709 24
4 path.c:254 0x423989 24
2 path.c:128 0x423989 24
1 dynarray.c:84 0x4235c9 24
2 dynarray.c:95 0x423709 16
2 path.c:90 0x4236e9 6
2 path.c:90 0x423b39 7
1 path.c:143 0x4238a9 13
2 path.c:178 0x423e09 24
1 dynarray.c:84 0x423939 24
2 dynarray.c:95 0x423659 16
2 path.c:191 0x423969 13
2 path.c:205 0x4239b9 6
3 path.c:223 0x423969 0x423969 13 6
4 path.c:246 0x423969 6
4 path.c:31 0x4239b9 6
4 dynarray.c:112 0x423659 16
4 dynarray.c:113 0x423939 24
4 path.c:254 0x423e09 24
2 path.c:178 0x423e09 24
1 dynarray.c:84 0x423f39 24
2 dynarray.c:95 0x423939 16
2 path.c:191 0x4239b9 13
2 path.c:205 0x423969 6
2 path.c:205 0x423889 7
3 path.c:223 0x4239b9 0x4239b9 13 13
4 path.c:246 0x4239b9 13
4 path.c:31 0x423969 6
4 path.c:31 0x423889 7
4 dynarray.c:112 0x423939 16
4 dynarray.c:113 0x423f39 24
4 path.c:254 0x423e09 24
4 path.c:246 0x4238a9 13
4 path.c:31 0x4236e9 6
4 path.c:31 0x423b39 7
4 dynarray.c:112 0x423709 16
4 dynarray.c:113 0x4235c9 24
4 path.c:254 0x423989 24
2 path.c:128 0x423989 24
1 dynarray.c:84 0x423659 24
2 dynarray.c:95 0x4235c9 16
2 path.c:90 0x423b39 6
2 path.c:90 0x4236e9 4
1 path.c:143 0x4236c9 10
2 path.c:178 0x423e09 24
1 dynarray.c:84 0x423709 24
2 dynarray.c:95 0x423f39 16
2 path.c:191 0x4238a9 10
2 path.c:205 0x423969 6
3 path.c:223 0x4238a9 0x4238a9 10 6
4 path.c:246 0x4238a9 6
4 path.c:31 0x423969 6
4 dynarray.c:112 0x423f39 16
4 dynarray.c:113 0x423709 24
4 path.c:254 0x423e09 24
2 path.c:178 0x423e09 24
1 dynarray.c:84 0x423939 24
2 dynarray.c:95 0x423709 16
2 path.c:191 0x423969 10
2 path.c:205 0x4238a9 6
2 path.c:205 0x4239b9 4
3 path.c:223 0x423969 0x423969 10 10
4 path.c:246 0x423969 10
4 path.c:31 0x4238a9 6
4 path.c:31 0x4239b9 4
4 dynarray.c:112 0x423709 16
4 dynarray.c:113 0x423939 24
4 path.c:254 0x423e09 24
4 path.c:246 0x4236c9 10
4 path.c:31 0x423b39 6
4 path.c:31 0x4236e9 4
4 dynarray.c:112 0x4235c9 16
4 dynarray.c:113 0x423659 24
4 path.c:254 0x423989 24
2 path.c:128 0x423989 24
1 dynarray.c:84 0x423f39 24
2 dynarray.c:95 0x423659 16
2 path.c:90 0x4236e9 6
2 path.c:90 0x423b39 4
2 path.c:90 0x4236c9 5
3 dynarray.c:69 0x423f69 0x423659 16 32
1 path.c:143 0x4235c9 15
2 path.c:178 0x423659 24
1 dynarray.c:84 0x423e09 24
2 dynarray.c:95 0x423939 16
2 path.c:191 0x423b09 15
2 path.c:205 0x4239b9 6
3 path.c:223 0x423b09 0x423b09 15 6
4 path.c:246 0x423b09 6
4 path.c:31 0x4239b9 6
4 dynarray.c:112 0x423939 16
4 dynarray.c:113 0x423e09 24
4 path.c:254 0x423659 24
2 path.c:178 0x423659 24
1 dynarray.c:84 0x423709 24
2 dynarray.c:95 0x423e09 16
2 path.c:191 0x423b09 15
2 path.c:205 0x4239b9 6
2 path.c:205 0x4238a9 4
3 path.c:223 0x423b09 0x423b09 15 10
4 path.c:246 0x423b09 10
4 path.c:31 0x4239b9 6
4 path.c:31 0x4238a9 4
4 dynarray.c:112 0x423e09 16
4 dynarray.c:113 0x423709 24
4 path.c:254 0x423659 24
4 path.c:246 0x4235c9 15
4 path.c:31 0x4236e9 6
4 path.c:31 0x423b39 4
4 path.c:31 0x4236c9 5
4 dynarray.c:112 0x423f69 32
4 dynarray.c:113 0x423f39 24
4 path.c:254 0x423989 24
2 path.c:128 0x423989 24
1 dynarray.c:84 0x423939 24
2 dynarray.c:95 0x423f39 16
2 path.c:90 0x4236c9 6
2 path.c:90 0x423b39 4
2 path.c:90 0x4236e9 5
3 dynarray.c:69 0x423fa9 0x423f39 16 32
2 path.c:90 0x4238a9 7
1 path.c:143 0x4235c9 22
2 path.c:178 0x423f39 24
1 dynarray.c:84 0x423659 24
2 dynarray.c:95 0x423709 16
2 path.c:191 0x423b09 22
2 path.c:205 0x4239b9 6
3 path.c:223 0x423b09 0x423b09 22 6
4 path.c:246 0x423b09 6
4 path.c:31 0x4239b9 6
4 dynarray.c:112 0x423709 16
4 dynarray.c:113 0x423659 24
4 path.c:254 0x423f39 24
2 path.c:178 0x423f39 24
1 dynarray.c:84 0x423e09 24
2 dynarray.c:95 0x423659 16
2 path.c:191 0x423b09 22
2 path.c:205 0x4239b9 6
2 path.c:205 0x423969 4
3 path.c:223 0x423b09 0x423b09 22 10
4 path.c:246 0x423b09 10
4 path.c:31 0x4239b9 6
4 path.c:31 0x423969 4
4 dynarray.c:112 0x423659 16
4 dynarray.c:113 0x423e09 24
4 path.c:254 0x423f39 24
4 path.c:246 0x4235c9 22
4 path.c:31 0x4236c9 6
4 path.c:31 0x423b39 4
4 path.c:31 0x4236e9 5
4 path.c:31 0x4238a9 7
4 dynarray.c:112 0x423fa9 32
4 dynarray.c:113 0x423939 24
4 path.c:254 0x423989 24
1 dynarray.c:84 0x423709 24
2 dynarray.c:95 0x423fe9 32
1 bdtBad4.c:663 0x424029 55
4 dynarray.c:112 0x423fe9 32
4 dynarray.c:113 0x423709 24
6 bdt_client.c:82 0x424029
4 bdt_client.c:82 0x424029 55
2 path.c:128 0x423989 24
1 dynarray.c:84 0x423709 24
2 dynarray.c:95 0x423939 16
2 path.c:90 0x4238a9 6
2 path.c:90 0x4236e9 7
2 path.c:90 0x423b39 12
3 dynarray.c:69 0x424079 0x423939 16 32
1 path.c:143 0x4235c9 25
2 path.c:178 0x423939 24
1 dynarray.c:84 0x423f39 24
2 dynarray.c:95 0x423e09 16
2 path.c:191 0x423b09 25
2 path.c:205 0x4236c9 6
3 path.c:223 0x423b09 0x423b09 25 6
4 path.c:246 0x423b09 6
4 path.c:31 0x4236c9 6
4 dynarray.c:112 0x423e09 16
4 dynarray.c:113 0x423f39 24
4 path.c:254 0x423939 24
2 path.c:178 0x423939 24
1 dynarray.c:84 0x423659 24
2 dynarray.c:95 0x423f39 16
2 path.c:191 0x423b09 25
2 path.c:205 0x4236c9 6
2 path.c:205 0x423969 7
3 path.c:223 0x423b09 0x423b09 25 13
4 path.c:246 0x423b09 13
4 path.c:31 0x4236c9 6
4 path.c:31 0x423969 7
4 dynarray.c:112 0x423f39 16
4 dynarray.c:113 0x423659 24
4 path.c:254 0x423939 24
2 path.c:178 0x423939 24
1 dynarray.c:84 0x423e09 24
2 dynarray.c:95 0x423659 24
2 path.c:191 0x423b09 25
2 path.c:205 0x423969 6
2 path.c:205 0x4236c9 7
2 path.c:205 0x4239b9 12
3 path.c:223 0x423b09 0x423b09 25 25
4 path.c:246 0x423b09 25
4 path.c:31 0x423969 6
4 path.c:31 0x4236c9 7
4 path.c:31 0x4239b9 12
4 dynarray.c:112 0x423659 24
4 dynarray.c:113 0x423e09 24
4 path.c:254 0x423939 24
4 path.c:246 0x4235c9 25
4 path.c:31 0x4238a9 6
4 path.c:31 0x4236e9 7
4 path.c:31 0x423b39 12
4 dynarray.c:112 0x424079 32
4 dynarray.c:113 0x423709 24
4 path.c:254 0x423989 24
2 path.c:128 0x423989 24
1 dynarray.c:84 0x423f39 24
2 dynarray.c:95 0x423709 16
2 path.c:90 0x423b39 6
2 path.c:90 0x4236e9 8
2 path.c:90 0x4238a9 12
3 dynarray.c:69 0x424079 0x423709 16 32
1 path.c:143 0x4235c9 26
2 path.c:178 0x423709 24
1 dynarray.c:84 0x423939 24
2 dynarray.c:95 0x423e09 16
2 path.c:191 0x423b09 26
2 path.c:205 0x4239b9 6
3 path.c:223 0x423b09 0x423b09 26 6
4 path.c:246 0x423b09 6
4 path.c:31 0x4239b9 6
4 dynarray.c:112 0x423e09 16
4 dynarray.c:113 0x423939 24
4 path.c:254 0x423709 24
2 path.c:178 0x423709 24
1 dynarray.c:84 0x423659 24
2 dynarray.c:95 0x423939 16
2 path.c:191 0x423b09 26
2 path.c:205 0x4239b9 6
2 path.c:205 0x4236c9 8
3 path.c:223 0x423b09 0x423b09 26 14
4 path.c:246 0x423b09 14
4 path.c:31 0x4239b9 6
4 path.c:31 0x4236c9 8
4 dynarray.c:112 0x423939 16
4 dynarray.c:113 0x423659 24
4 path.c:254 0x423709 24
2 path.c:178 0x423709 24
1 dynarray.c:84 0x423e09 24
2 dynarray.c:95 0x423659 24
2 path.c:191 0x423b09 26
2 path.c:205 0x4236c9 6
2 path.c:205 0x4239b9 8
2 path.c:205 0x423969 12
3 path.c:223 0x423b09 0x423b09 26 26
4 path.c:246 0x423b09 26
4 path.c:31 0x4236c9 6
4 path.c:31 0x4239b9 8
4 path.c:31 0x423969 12
4 dynarray.c:112 0x423659 24
4 dynarray.c:113 0x423e09 24
4 path.c:254 0x423709 24
4 path.c:246 0x4235c9 26
4 path.c:31 0x423b39 6
4 path.c:31 0x4236e9 8
4 path.c:31 0x4238a9 12
4 dynarray.c:112 0x424079 32
4 dynarray.c:113 0x423f39 24
4 path.c:254 0x423989 24
2 path.c:128 0x423989 24
1 dynarray.c:84 0x423939 24
2 dynarray.c:95 0x423f39 16
2 path.c:90 0x4238a9 6
2 path.c:90 0x4236e9 8
2 path.c:90 0x423b39 12
3 dynarray.c:69 0x424079 0x423f39 16 32
1 path.c:143 0x4235c9 26
2 path.c:178 0x423f39 24
1 dynarray.c:84 0x423709 24
2 dynarray.c:95 0x423e09 16
2 path.c:191 0x423b09 26
2 path.c:205 0x423969 6
3 path.c:223 0x423b09 0x423b09 26 6
4 path.c:246 0x423b09 6
4 path.c:31 0x423969 6
4 dynarray.c:112 0x423e09 16
4 dynarray.c:113 0x423709 24
4 path.c:254 0x423f39 24
2 path.c:178 0x423f39 24
1 dynarray.c:84 0x423659 24
2 dynarray.c:95 0x423709 16
2 path.c:191 0x423b09 26
2 path.c:205 0x423969 6
2 path.c:205 0x4239b9 8
3 path.c:223 0x423b09 0x423b09 26 14
4 path.c:246 0x423b09 14
4 path.c:31 0x423969 6
4 path.c:31 0x4239b9 8
4 dynarray.c:112 0x423709 16
4 dynarray.c:113 0x423659 24
4 path.c:254 0x423f39 24
2 path.c:178 0x423f39 24
1 dynarray.c:84 0x423e09 24
2 dynarray.c:95 0x423659 24
2 path.c:191 0x423b09 26
2 path.c:205 0x4239b9 6
2 path.c:205 0x423969 8
2 path.c:205 0x4236c9 12
3 path.c:223 0x423b09 0x423b09 26 26
4 path.c:246 0x423b09 26
4 path.c:31 0x4239b9 6
4 path.c:31 0x423969 8
4 path.c:31 0x4236c9 12
4 dynarray.c:112 0x423659 24
4 dynarray.c:113 0x423e09 24
4 path.c:254 0x423f39 24
2 path.c:178 0x423f39 24
1 dynarray.c:84 0x423709 24
2 dynarray.c:95 0x423e09 24
2 path.c:191 0x423b09 26
2 path.c:205 0x4236c9 6
2 path.c:205 0x423969 8
2 path.c:205 0x4239b9 12
3 path.c:223 0x423b09 0x423b09 26 26
1 bdtBad4.c:143 0x423fe9 32
2 path.c:178 0x423f09 24
1 dynarray.c:84 0x423659 24
2 dynarray.c:95 0x423629 24
2 path.c:191 0x4240b9 26
2 path.c:205 0x423e69 6
2 path.c:205 0x423e89 8
2 path.c:205 0x423ea9 12
3 path.c:223 0x4240b9 0x4240b9 26 26
4 path.c:246 0x423b09 26
4 path.c:31 0x4236c9 6
4 path.c:31 0x423969 8
4 path.c:31 0x4239b9 12
4 dynarray.c:112 0x423e09 24
4 dynarray.c:113 0x423709 24
4 path.c:254 0x423f39 24
4 path.c:246 0x4235c9 26
4 path.c:31 0x4238a9 6
4 path.c:31 0x4236e9 8
4 path.c:31 0x423b39 12
4 dynarray.c:112 0x424079 32
4 dynarray.c:113 0x423939 24
4 path.c:254 0x423989 24
2 path.c:128 0x423989 24
1 dynarray.c:84 0x423b09 24
2 dynarray.c:95 0x423939 16
2 path.c:90 0x423b39 6
2 path.c:90 0x4236e9 7
2 path.c:90 0x4238a9 12
3 dynarray.c:69 0x4240e9 0x423939 16 32
1 path.c:143 0x4235c9 25
2 path.c:178 0x423939 24
1 dynarray.c:84 0x423f39 24
2 dynarray.c:95 0x423709 16
2 path.c:191 0x424129 25
2 path.c:205 0x4239b9 6
3 path.c:223 0x424129 0x424129 25 6
4 path.c:246 0x424129 6
4 path.c:31 0x4239b9 6
4 dynarray.c:112 0x423709 16
4 dynarray.c:113 0x423f39 24
4 path.c:254 0x423939 24
2 path.c:178 0x423939 24
1 dynarray.c:84 0x423e09 24
2 dynarray.c:95 0x423f39 16
2 path.c:191 0x424129 25
2 path.c:205 0x4239b9 6
2 path.c:205 0x423969 7
3 path.c:223 0x424129 0x424129 25 13
4 path.c:246 0x424129 13
4 path.c:31 0x4239b9 6
4 path.c:31 0x423969 7
4 dynarray.c:112 0x423f39 16
4 dynarray.c:113 0x423e09 24
4 path.c:254 0x423939 24
2 path.c:178 0x423939 24
1 dynarray.c:84 0x423709 24
2 dynarray.c:95 0x423e09 24
2 path.c:191 0x424129 25
2 path.c:205 0x423969 6
2 path.c:205 0x4239b9 7
2 path.c:205 0x4236c9 12
3 path.c:223 0x424129 0x424129 25 25
4 path.c:246 0x424129 25
4 path.c:31 0x423969 6
4 path.c:31 0x4239b9 7
4 path.c:31 0x4236c9 12
4 dynarray.c:112 0x423e09 24
4 dynarray.c:113 0x423709 24
4 path.c:254 0x423939 24
4 path.c:246 0x4235c9 25
4 path.c:31 0x423b39 6
4 path.c:31 0x4236e9 7
4 path.c:31 0x4238a9 12
4 dynarray.c:112 0x4240e9 32
4 dynarray.c:113 0x423b09 24
4 path.c:254 0x423989 24
2 path.c:128 0x423989 24
1 dynarray.c:84 0x423f39 24
2 dynarray.c:95 0x423b09 16
2 path.c:90 0x4238a9 6
2 path.c:90 0x4236e9 8
2 path.c:90 0x423b39 12
3 dynarray.c:69 0x4240e9 0x423b09 16 32
1 path.c:143 0x4235c9 26
2 path.c:178 0x423b09 24
1 dynarray.c:84 0x423939 24
2 dynarray.c:95 0x423709 16
2 path.c:191 0x424129 26
2 path.c:205 0x4236c9 6
3 path.c:223 0x424129 0x424129 26 6
4 path.c:246 0x424129 6
4 path.c:31 0x4236c9 6
4 dynarray.c:112 0x423709 16
4 dynarray.c:113 0x423939 24
4 path.c:254 0x423b09 24
2 path.c:178 0x423b09 24
1 dynarray.c:84 0x423e09 24
2 dynarray.c:95 0x423939 16
2 path.c:191 0x424129 26
2 path.c:205 0x4236c9 6
2 path.c:205 0x4239b9 8
3 path.c:223 0x424129 0x424129 26 14
4 path.c:246 0x424129 14
4 path.c:31 0x4236c9 6
4 path.c:31 0x4239b9 8
4 dynarray.c:112 0x423939 16
4 dynarray.c:113 0x423e09 24
4 path.c:254 0x423b09 24
2 path.c:178 0x423b09 24
1 dynarray.c:84 0x423709 24
2 dynarray.c:95 0x423e09 24
2 path.c:191 0x424129 26
2 path.c:205 0x4239b9 6
2 path.c:205 0x4236c9 8
2 path.c:205 0x423969 12
3 path.c:223 0x424129 0x424129 26 26
4 path.c:246 0x424129 26
4 path.c:31 0x4239b9 6
4 path.c:31 0x4236c9 8
4 path.c:31 0x423969 12
4 dynarray.c:112 0x423e09 24
4 dynarray.c:113 0x423709 24
4 path.c:254 0x423b09 24
4 path.c:246 0x4235c9 26
4 path.c:31 0x4238a9 6
4 path.c:31 0x4236e9 8
4 path.c:31 0x423b39 12
4 dynarray.c:112 0x4240e9 32
4 dynarray.c:113 0x423f39 24
4 path.c:254 0x423989 24
2 path.c:128 0x423989 24
1 dynarray.c:84 0x423939 24
2 dynarray.c:95 0x423f39 16
2 path.c:90 0x423b39 6
2 path.c:90 0x4236e9 8
2 path.c:90 0x4238a9 12
3 dynarray.c:69 0x4240e9 0x423f39 16 32
1 path.c:143 0x4235c9 26
2 path.c:178 0x423f39 24
1 dynarray.c:84 0x423b09 24
2 dynarray.c:95 0x423709 16
2 path.c:191 0x424129 26
2 path.c:205 0x423969 6
3 path.c:223 0x424129 0x424129 26 6
4 path.c:246 0x424129 6
4 path.c:31 0x423969 6
4 dynarray.c:112 0x423709 16
4 dynarray.c:113 0x423b09 24
4 path.c:254 0x423f39 24
2 path.c:178 0x423f39 24
1 dynarray.c:84 0x423e09 24
2 dynarray.c:95 0x423b09 16
2 path.c:191 0x424129 26
2 path.c:205 0x423969 6
2 path.c:205 0x4236c9 8
3 path.c:223 0x424129 0x424129 26 14
4 path.c:246 0x424129 14
4 path.c:31 0x423969 6
4 path.c:31 0x4236c9 8
4 dynarray.c:112 0x423b09 16
4 dynarray.c:113 0x423e09 24
4 path.c:254 0x423f39 24
2 path.c:178 0x423f39 24
1 dynarray.c:84 0x423709 24
2 dynarray.c:95 0x423e09 24
2 path.c:191 0x424129 26
2 path.c:205 0x4236c9 6
2 path.c:205 0x423969 8
2 path.c:205 0x4239b9 12
3 path.c:223 0x424129 0x424129 26 26
4 path.c:246 0x424129 26
4 path.c:31 0x4236c9 6
4 path.c:31 0x423969 8
4 path.c:31 0x4239b9 12
4 dynarray.c:112 0x423e09 24
4 dynarray.c:113 0x423709 24
4 path.c:254 0x423f39 24
4 path.c:246 0x4235c9 26
4 path.c:31 0x423b39 6
4 path.c:31 0x4236e9 8
4 path.c:31 0x4238a9 12
4 dynarray.c:112 0x4240e9 32
4 dynarray.c:113 0x423939 24
4 path.c:254 0x423989 24
2 path.c:128 0x423989 24
1 dynarray.c:84 0x423b09 24
2 dynarray.c:95 0x423939 16
2 path.c:90 0x4238a9 6
2 path.c:90 0x4236e9 8
2 path.c:90 0x423b39 12
3 dynarray.c:69 0x4240e9 0x423939 16 32
2 path.c:90 0x4239b9 6
1 path.c:143 0x424079 32
2 path.c:178 0x423939 24
1 dynarray.c:84 0x4235c9 24
2 dynarray.c:95 0x423f39 16
2 path.c:191 0x424159 32
2 path.c:205 0x423969 6
3 path.c:223 0x424159 0x424159 32 6
4 path.c:246 0x424159 6
4 path.c:31 0x423969 6
4 dynarray.c:112 0x423f39 16
4 dynarray.c:113 0x4235c9 24
4 path.c:254 0x423939 24
2 path.c:178 0x423939 24
1 dynarray.c:84 0x423709 24
2 dynarray.c:95 0x4235c9 16
2 path.c:191 0x424199 32
2 path.c:205 0x423969 6
2 path.c:205 0x424159 8
3 path.c:223 0x424199 0x424199 32 14
4 path.c:246 0x424199 14
4 path.c:31 0x423969 6
4 path.c:31 0x424159 8
4 dynarray.c:112 0x4235c9 16
4 dynarray.c:113 0x423709 24
4 path.c:254 0x423939 24
2 path.c:178 0x423939 24
1 dynarray.c:84 0x423f39 24
2 dynarray.c:95 0x423709 24
2 path.c:191 0x4241d9 32
2 path.c:205 0x424159 6
2 path.c:205 0x423969 8
2 path.c:205 0x424199 12
3 path.c:223 0x4241d9 0x4241d9 32 26
4 path.c:246 0x4241d9 26
4 path.c:31 0x424159 6
4 path.c:31 0x423969 8
4 path.c:31 0x424199 12
4 dynarray.c:112 0x423709 24
4 dynarray.c:113 0x423f39 24
4 path.c:254 0x423939 24
2 path.c:178 0x423939 24
1 dynarray.c:84 0x4235c9 24
2 dynarray.c:95 0x424219 32
2 path.c:191 0x424259 32
2 path.c:205 0x424199 6
2 path.c:205 0x423969 8
2 path.c:205 0x424159 12
2 path.c:205 0x4241b9 6
3 path.c:223 0x424259 0x424259 32 32
4 path.c:246 0x424259 32
4 path.c:31 0x424199 6
4 path.c:31 0x423969 8
4 path.c:31 0x424159 12
4 path.c:31 0x4241b9 6
4 dynarray.c:112 0x424219 32
4 dynarray.c:113 0x4235c9 24
4 path.c:254 0x423939 24
2 path.c:178 0x423939 24
1 dynarray.c:84 0x4235c9 24
2 dynarray.c:95 0x424219 32
2 path.c:191 0x424259 32
2 path.c:205 0x4241b9 6
2 path.c:205 0x424159 8
2 path.c:205 0x423969 12
2 path.c:205 0x424199 6
3 path.c:223 0x424259 0x424259 32 32
1 bdtBad4.c:143 0x4241d9 32
2 path.c:178 0x423f39 24
1 dynarray.c:84 0x423709 24
2 dynarray.c:95 0x424299 32
2 path.c:191 0x4242d9 32
2 path.c:205 0x424179 6
2 path.c:205 0x4236c9 8
2 path.c:205 0x424319 12
2 path.c:205 0x424339 6
3 path.c:223 0x4242d9 0x4242d9 32 32
4 path.c:246 0x424259 32
4 path.c:31 0x4241b9 6
4 path.c:31 0x424159 8
4 path.c:31 0x423969 12
4 path.c:31 0x424199 6
4 dynarray.c:112 0x424219 32
4 dynarray.c:113 0x4235c9 24
4 path.c:254 0x423939 24
4 path.c:246 0x424079 32
4 path.c:31 0x4238a9 6
4 path.c:31 0x4236e9 8
4 path.c:31 0x423b39 12
4 path.c:31 0x4239b9 6
4 dynarray.c:112 0x4240e9 32
4 dynarray.c:113 0x423b09 24
4 path.c:254 0x423989 24
2 path.c:128 0x423989 24
1 dynarray.c:84 0x4235c9 24
2 dynarray.c:95 0x423b09 16
2 path.c:90 0x4239b9 6
2 path.c:90 0x423b39 8
2 path.c:90 0x4236e9 12
3 dynarray.c:69 0x4240e9 0x423b09 16 32
2 path.c:90 0x4238a9 6
1 path.c:143 0x424259 32
2 path.c:178 0x423b09 24
1 dynarray.c:84 0x423939 24
2 dynarray.c:95 0x423e09 16
2 path.c:191 0x424079 32
2 path.c:205 0x424199 6
3 path.c:223 0x424079 0x424079 32 6
4 path.c:246 0x424079 6
4 path.c:31 0x424199 6
4 dynarray.c:112 0x423e09 16
4 dynarray.c:113 0x423939 24
4 path.c:254 0x423b09 24
2 path.c:178 0x423b09 24
1 dynarray.c:84 0x424129 24
2 dynarray.c:95 0x423939 16
2 path.c:191 0x424359 32
2 path.c:205 0x424199 6
2 path.c:205 0x424079 8
3 path.c:223 0x424359 0x424359 32 14
4 path.c:246 0x424359 14
4 path.c:31 0x424199 6
4 path.c:31 0x424079 8
4 dynarray.c:112 0x423939 16
4 dynarray.c:113 0x424129 24
4 path.c:254 0x423b09 24
2 path.c:178 0x423b09 24
1 dynarray.c:84 0x423e09 24
2 dynarray.c:95 0x424129 24
2 path.c:191 0x424399 32
2 path.c:205 0x424079 6
2 path.c:205 0x424199 8
2 path.c:205 0x424359 12
3 path.c:223 0x424399 0x424399 32 26
4 path.c:246 0x424399 26
4 path.c:31 0x424079 6
4 path.c:31 0x424199 8
4 path.c:31 0x424359 12
4 dynarray.c:112 0x424129 24
4 dynarray.c:113 0x423e09 24
4 path.c:254 0x423b09 24
2 path.c:178 0x423b09 24
1 dynarray.c:84 0x423939 24
2 dynarray.c:95 0x424399 32
2 path.c:191 0x4243d9 32
2 path.c:205 0x424359 6
2 path.c:205 0x424199 8
2 path.c:205 0x424079 12
2 path.c:205 0x424379 6
3 path.c:223 0x4243d9 0x4243d9 32 32
4 path.c:246 0x4243d9 32
4 path.c:31 0x424359 6
4 path.c:31 0x424199 8
4 path.c:31 0x424079 12
4 path.c:31 0x424379 6
4 dynarray.c:112 0x424399 32
4 dynarray.c:113 0x423939 24
4 path.c:254 0x423b09 24
4 path.c:246 0x424259 32
4 path.c:31 0x4239b9 6
4 path.c:31 0x423b39 8
4 path.c:31 0x4236e9 12
4 path.c:31 0x4238a9 6
4 dynarray.c:112 0x4240e9 32
4 dynarray.c:113 0x4235c9 24
4 path.c:254 0x423989 24
1 dynarray.c:84 0x423939 24
2 dynarray.c:95 0x424419 48
1 bdtBad4.c:663 0x424469 111
4 dynarray.c:112 0x424419 48
4 dynarray.c:113 0x423939 24
6 bdt_client.c:96 0x424469
4 bdt_client.c:96 0x424469 111
2 path.c:128 0x423989 24
1 dynarray.c:84 0x423939 24
2 dynarray.c:95 0x4235c9 16
2 path.c:90 0x4238a9 6
2 path.c:90 0x4236e9 8
2 path.c:90 0x423b39 12
3 dynarray.c:69 0x4240e9 0x4235c9 16 32
2 path.c:90 0x4239b9 6
1 path.c:143 0x424219 32
2 path.c:178 0x4235c9 24
1 dynarray.c:84 0x423b09 24
2 dynarray.c:95 0x423e09 16
2 path.c:191 0x424259 32
2 path.c:205 0x424379 6
3 path.c:223 0x424259 0x424259 32 6
4 path.c:246 0x424259 6
4 path.c:31 0x424379 6
4 dynarray.c:112 0x423e09 16
4 dynarray.c:113 0x423b09 24
4 path.c:254 0x4235c9 24
2 path.c:178 0x4235c9 24
1 dynarray.c:84 0x424129 24
2 dynarray.c:95 0x423b09 16
2 path.c:191 0x4243d9 32
2 path.c:205 0x424379 6
2 path.c:205 0x424259 8
3 path.c:223 0x4243d9 0x4243d9 32 14
4 path.c:246 0x4243d9 14
4 path.c:31 0x424379 6
4 path.c:31 0x424259 8
4 dynarray.c:112 0x423b09 16
4 dynarray.c:113 0x424129 24
4 path.c:254 0x4235c9 24
2 path.c:178 0x4235c9 24
1 dynarray.c:84 0x423e09 24
2 dynarray.c:95 0x424129 24
2 path.c:191 0x4244f9 32
2 path.c:205 0x424259 6
2 path.c:205 0x424379 8
2 path.c:205 0x4243d9 12
3 path.c:223 0x4244f9 0x4244f9 32 26
4 path.c:246 0x4244f9 26
4 path.c:31 0x424259 6
4 path.c:31 0x424379 8
4 path.c:31 0x4243d9 12
4 dynarray.c:112 0x424129 24
4 dynarray.c:113 0x423e09 24
4 path.c:254 0x4235c9 24
2 path.c:178 0x4235c9 24
1 dynarray.c:84 0x423b09 24
2 dynarray.c:95 0x4244f9 32
2 path.c:191 0x424539 32
2 path.c:205 0x4243d9 6
2 path.c:205 0x424379 8
2 path.c:205 0x424259 12
2 path.c:205 0x4243f9 6
3 path.c:223 0x424539 0x424539 32 32
4 path.c:246 0x424539 32
4 path.c:31 0x4243d9 6
4 path.c:31 0x424379 8
4 path.c:31 0x424259 12
4 path.c:31 0x4243f9 6
4 dynarray.c:112 0x4244f9 32
4 dynarray.c:113 0x423b09 24
4 path.c:254 0x4235c9 24
4 path.c:246 0x424219 32
4 path.c:31 0x4238a9 6
4 path.c:31 0x4236e9 8
4 path.c:31 0x423b39 12
4 path.c:31 0x4239b9 6
4 dynarray.c:112 0x4240e9 32
4 dynarray.c:113 0x423939 24
4 path.c:254 0x423989 24
2 path.c:128 0x423989 24
1 dynarray.c:84 0x423b09 24
2 dynarray.c:95 0x423939 16
2 path.c:90 0x4239b9 6
2 path.c:90 0x423b39 8
2 path.c:90 0x4236e9 8
3 dynarray.c:69 0x4240e9 0x423939 16 32
1 path.c:143 0x4235c9 22
2 path.c:178 0x423939 24
1 dynarray.c:84 0x423e09 24
2 dynarray.c:95 0x424129 16
2 path.c:191 0x424579 22
2 path.c:205 0x4238a9 6
3 path.c:223 0x424579 0x424579 22 6
4 path.c:246 0x424579 6
4 path.c:31 0x4238a9 6
4 dynarray.c:112 0x424129 16
4 dynarray.c:113 0x423e09 24
4 path.c:254 0x423939 24
2 path.c:178 0x423939 24
1 dynarray.c:84 0x424579 24
2 dynarray.c:95 0x423e09 16
2 path.c:191 0x4245a9 22
2 path.c:205 0x4238a9 6
2 path.c:205 0x4243f9 8
3 path.c:223 0x4245a9 0x4245a9 22 14
4 path.c:246 0x4245a9 14
4 path.c:31 0x4238a9 6
4 path.c:31 0x4243f9 8
4 dynarray.c:112 0x423e09 16
4 dynarray.c:113 0x424579 24
4 path.c:254 0x423939 24
2 path.c:178 0x423939 24
1 dynarray.c:84 0x424129 24
2 dynarray.c:95 0x424579 24
2 path.c:191 0x4245a9 22
2 path.c:205 0x4243f9 6
2 path.c:205 0x4238a9 8
2 path.c:205 0x424259 8
3 path.c:223 0x4245a9 0x4245a9 22 22
4 path.c:246 0x4245a9 22
4 path.c:31 0x4243f9 6
4 path.c:31 0x4238a9 8
4 path.c:31 0x424259 8
4 dynarray.c:112 0x424579 24
4 dynarray.c:113 0x424129 24
4 path.c:254 0x423939 24
4 path.c:246 0x4235c9 22
4 path.c:31 0x4239b9 6
4 path.c:31 0x423b39 8
4 path.c:31 0x4236e9 8
4 dynarray.c:112 0x4240e9 32
4 dynarray.c:113 0x423b09 24
4 path.c:254 0x423989 24
2 path.c:128 0x423989 24
1 dynarray.c:84 0x423e09 24
2 dynarray.c:95 0x423b09 16
2 path.c:90 0x4236e9 6
2 path.c:90 0x423b39 8
2 path.c:90 0x4239b9 8
3 dynarray.c:69 0x4240e9 0x423b09 16 32
1 path.c:143 0x4235c9 22
2 path.c:178 0x423b09 24
1 dynarray.c:84 0x423939 24
2 dynarray.c:95 0x424129 16
2 path.c:191 0x4245a9 22
2 path.c:205 0x424259 6
3 path.c:223 0x4245a9 0x4245a9 22 6
4 path.c:246 0x4245a9 6
4 path.c:31 0x424259 6
4 dynarray.c:112 0x424129 16
4 dynarray.c:113 0x423939 24
4 path.c:254 0x423b09 24
2 path.c:178 0x423b09 24
1 dynarray.c:84 0x424579 24
2 dynarray.c:95 0x423939 16
2 path.c:191 0x4245a9 22
2 path.c:205 0x424259 6
2 path.c:205 0x4238a9 8
3 path.c:223 0x4245a9 0x4245a9 22 14
4 path.c:246 0x4245a9 14
4 path.c:31 0x424259 6
4 path.c:31 0x4238a9 8
4 dynarray.c:112 0x423939 16
4 dynarray.c:113 0x424579 24
4 path.c:254 0x423b09 24
2 path.c:178 0x423b09 24
1 dynarray.c:84 0x424129 24
2 dynarray.c:95 0x424579 24
2 path.c:191 0x4245a9 22
2 path.c:205 0x4238a9 6
2 path.c:205 0x424259 8
2 path.c:205 0x4243f9 8
3 path.c:223 0x4245a9 0x4245a9 22 22
4 path.c:246 0x4245a9 22
4 path.c:31 0x4238a9 6
4 path.c:31 0x424259 8
4 path.c:31 0x4243f9 8
4 dynarray.c:112 0x424579 24
4 dynarray.c:113 0x424129 24
4 path.c:254 0x423b09 24
4 path.c:246 0x4235c9 22
4 path.c:31 0x4236e9 6
4 path.c:31 0x423b39 8
4 path.c:31 0x4239b9 8
4 dynarray.c:112 0x4240e9 32
4 dynarray.c:113 0x423e09 24
4 path.c:254 0x423989 24
2 path.c:128 0x423989 24
1 dynarray.c:84 0x423939 24
2 dynarray.c:95 0x423e09 16
2 path.c:90 0x4239b9 6
2 path.c:90 0x423b39 8
2 path.c:90 0x4236e9 8
3 dynarray.c:69 0x4240e9 0x423e09 16 32
1 path.c:143 0x4235c9 22
2 path.c:178 0x423e09 24
1 dynarray.c:84 0x423b09 24
2 dynarray.c:95 0x424129 16
2 path.c:191 0x4245a9 22
2 path.c:205 0x4243f9 6
3 path.c:223 0x4245a9 0x4245a9 22 6
4 path.c:246 0x4245a9 6
4 path.c:31 0x4243f9 6
4 dynarray.c:112 0x424129 16
4 dynarray.c:113 0x423b09 24
4 path.c:254 0x423e09 24
2 path.c:178 0x423e09 24
1 dynarray.c:84 0x424579 24
2 dynarray.c:95 0x423b09 16
2 path.c:191 0x4245a9 22
2 path.c:205 0x4243f9 6
2 path.c:205 0x424259 8
3 path.c:223 0x4245a9 0x4245a9 22 14
4 path.c:246 0x4245a9 14
4 path.c:31 0x4243f9 6
4 path.c:31 0x424259 8
4 dynarray.c:112 0x423b09 16
4 dynarray.c:113 0x424579 24
4 path.c:254 0x423e09 24
2 path.c:178 0x423e09 24
1 dynarray.c:84 0x424129 24
2 dynarray.c:95 0x424579 24
2 path.c:191 0x4245a9 22
2 path.c:205 0x424259 6
2 path.c:205 0x4243f9 8
2 path.c:205 0x4238a9 8
3 path.c:223 0x4245a9 0x4245a9 22 22
4 path.c:246 0x4245a9 22
4 path.c:31 0x424259 6
4 path.c:31 0x4243f9 8
4 path.c:31 0x4238a9 8
4 dynarray.c:112 0x424579 24
4 dynarray.c:113 0x424129 24
4 path.c:254 0x423e09 24
4 path.c:246 0x4235c9 22
4 path.c:31 0x4239b9 6
4 path.c:31 0x423b39 8
4 path.c:31 0x4236e9 8
4 dynarray.c:112 0x4240e9 32
4 dynarray.c:113 0x423939 24
4 path.c:254 0x423989 24
2 path.c:128 0x423989 24
1 dynarray.c:84 0x423b09 24
2 dynarray.c:95 0x423939 16
2 path.c:90 0x4236e9 6
2 path.c:90 0x423b39 8
1 path.c:143 0x423889 14
2 path.c:178 0x423e09 24
1 dynarray.c:84 0x4235c9 24
2 dynarray.c:95 0x424129 16
2 path.c:191 0x4239b9 14
2 path.c:205 0x4243f9 6
3 path.c:223 0x4239b9 0x4239b9 14 6
4 path.c:246 0x4239b9 6
4 path.c:31 0x4243f9 6
4 dynarray.c:112 0x424129 16
4 dynarray.c:113 0x4235c9 24
4 path.c:254 0x423e09 24
2 path.c:178 0x423e09 24
1 dynarray.c:84 0x424579 24
2 dynarray.c:95 0x4235c9 16
2 path.c:191 0x4243f9 14
2 path.c:205 0x4239b9 6
2 path.c:205 0x424259 8
3 path.c:223 0x4243f9 0x4243f9 14 14
4 path.c:246 0x4243f9 14
4 path.c:31 0x4239b9 6
4 path.c:31 0x424259 8
4 dynarray.c:112 0x4235c9 16
4 dynarray.c:113 0x424579 24
4 path.c:254 0x423e09 24
4 path.c:246 0x423889 14
4 path.c:31 0x4236e9 6
4 path.c:31 0x423b39 8
4 dynarray.c:112 0x423939 16
4 dynarray.c:113 0x423b09 24
4 path.c:254 0x423989 24
4 path.c:246 0x4242d9 32
4 path.c:31 0x424179 6
4 path.c:31 0x4236c9 8
4 path.c:31 0x424319 12
4 path.c:31 0x424339 6
4 dynarray.c:112 0x424299 32
4 dynarray.c:113 0x423709 24
4 path.c:254 0x423f39 24
4 bdtBad4.c:263 0x4241d9 32
4 path.c:246 0x4240b9 26
4 path.c:31 0x423e69 6
4 path.c:31 0x423e89 8
4 path.c:31 0x423ea9 12
4 dynarray.c:112 0x423629 24
4 dynarray.c:113 0x423659 24
4 path.c:254 0x423f09 24
4 bdtBad4.c:263 0x423fe9 32
4 path.c:246 0x423da9 14
4 path.c:31 0x423dc9 6
4 path.c:31 0x423de9 8
4 dynarray.c:112 0x423d79 16
4 dynarray.c:113 0x4239d9 24
4 path.c:254 0x423cc9 24
4 bdtBad4.c:263 0x423d39 32
2 path.c:128 0x423cc9 24
1 dynarray.c:84 0x424129 24
2 dynarray.c:95 0x4239d9 16
2 path.c:90 0x423de9 6
1 path.c:143 0x4238a9 6
2 path.c:178 0x423f09 24
1 dynarray.c:84 0x423d79 24
2 dynarray.c:95 0x423659 16
2 path.c:191 0x423dc9 6
2 path.c:205 0x423ea9 6
3 path.c:223 0x423dc9 0x423dc9 6 6
4 path.c:246 0x423dc9 6
4 path.c:31 0x423ea9 6
4 dynarray.c:112 0x423659 16
4 dynarray.c:113 0x423d79 24
4 path.c:254 0x423f09 24
4 path.c:246 0x4238a9 6
4 path.c:31 0x423de9 6
4 dynarray.c:112 0x4239d9 16
4 dynarray.c:113 0x424129 24
4 path.c:254 0x423cc9 24
2 path.c:128 0x423cc9 24
1 dynarray.c:84 0x423629 24
2 dynarray.c:95 0x424129 16
2 path.c:90 0x423de9 6
2 path.c:90 0x4238a9 7
1 path.c:143 0x423da9 13
2 path.c:178 0x423f09 24
1 dynarray.c:84 0x4239d9 24
2 dynarray.c:95 0x423d79 16
2 path.c:191 0x423ea9 13
2 path.c:205 0x423e89 6
3 path.c:223 0x423ea9 0x423ea9 13 6
4 path.c:246 0x423ea9 6
4 path.c:31 0x423e89 6
4 dynarray.c:112 0x423d79 16
4 dynarray.c:113 0x4239d9 24
4 path.c:254 0x423f09 24
2 path.c:178 0x423f09 24
1 dynarray.c:84 0x423659 24
2 dynarray.c:95 0x4239d9 16
2 path.c:191 0x423e89 13
2 path.c:205 0x423ea9 6
2 path.c:205 0x423e69 7
3 path.c:223 0x423e89 0x423e89 13 13
4 path.c:246 0x423e89 13
4 path.c:31 0x423ea9 6
4 path.c:31 0x423e69 7
4 dynarray.c:112 0x4239d9 16
4 dynarray.c:113 0x423659 24
4 path.c:254 0x423f09 24
4 path.c:246 0x423da9 13
4 path.c:31 0x423de9 6
4 path.c:31 0x4238a9 7
4 dynarray.c:112 0x424129 16
4 dynarray.c:113 0x423629 24
4 path.c:254 0x423cc9 24
2 path.c:128 0x423cc9 24
1 dynarray.c:84 0x423d79 24
2 dynarray.c:95 0x423629 16
2 path.c:90 0x4238a9 6
2 path.c:90 0x423de9 8
1 path.c:143 0x423dc9 14
2 path.c:178 0x423f09 24
1 dynarray.c:84 0x424129 24
2 dynarray.c:95 0x423659 16
2 path.c:191 0x423da9 14
2 path.c:205 0x423ea9 6
3 path.c:223 0x423da9 0x423da9 14 6
4 path.c:246 0x423da9 6
4 path.c:31 0x423ea9 6
4 dynarray.c:112 0x423659 16
4 dynarray.c:113 0x424129 24
4 path.c:254 0x423f09 24
2 path.c:178 0x423f09 24
1 dynarray.c:84 0x4239d9 24
2 dynarray.c:95 0x424129 16
2 path.c:191 0x423ea9 14
2 path.c:205 0x423da9 6
2 path.c:205 0x423e89 8
3 path.c:223 0x423ea9 0x423ea9 14 14
4 path.c:246 0x423ea9 14
4 path.c:31 0x423da9 6
4 path.c:31 0x423e89 8
4 dynarray.c:112 0x424129 16
4 dynarray.c:113 0x4239d9 24
4 path.c:254 0x423f09 24
4 path.c:246 0x423dc9 14
4 path.c:31 0x4238a9 6
4 path.c:31 0x423de9 8
4 dynarray.c:112 0x423629 16
4 dynarray.c:113 0x423d79 24
4 path.c:254 0x423cc9 24
2 path.c:128 0x423cc9 24
1 dynarray.c:84 0x423659 24
2 dynarray.c:95 0x423d79 16
2 path.c:90 0x423de9 6
2 path.c:90 0x4238a9 8
2 path.c:90 0x423dc9 12
3 dynarray.c:69 0x423d39 0x423d79 16 32
1 path.c:143 0x423629 26
2 path.c:178 0x423d79 24
1 dynarray.c:84 0x423f09 24
2 dynarray.c:95 0x4239d9 16
2 path.c:191 0x4240b9 26
2 path.c:205 0x423e89 6
3 path.c:223 0x4240b9 0x4240b9 26 6
4 path.c:246 0x4240b9 6
4 path.c:31 0x423e89 6
4 dynarray.c:112 0x4239d9 16
4 dynarray.c:113 0x423f09 24
4 path.c:254 0x423d79 24
2 path.c:178 0x423d79 24
1 dynarray.c:84 0x424129 24
2 dynarray.c:95 0x423f09 16
2 path.c:191 0x4240b9 26
2 path.c:205 0x423e89 6
2 path.c:205 0x423da9 8
3 path.c:223 0x4240b9 0x4240b9 26 14
4 path.c:246 0x4240b9 14
4 path.c:31 0x423e89 6
4 path.c:31 0x423da9 8
4 dynarray.c:112 0x423f09 16
4 dynarray.c:113 0x424129 24
4 path.c:254 0x423d79 24
4 path.c:246 0x423629 26
4 path.c:31 0x423de9 6
4 path.c:31 0x4238a9 8
4 path.c:31 0x423dc9 12
4 dynarray.c:112 0x423d39 32
4 dynarray.c:113 0x423659 24
4 path.c:254 0x423cc9 24
2 path.c:128 0x423cc9 24
1 dynarray.c:84 0x4239d9 24
2 dynarray.c:95 0x423659 16
2 path.c:90 0x423dc9 6
2 path.c:90 0x4238a9 8
2 path.c:90 0x423de9 12
3 dynarray.c:69 0x423d39 0x423659 16 32
2 path.c:90 0x423da9 6
1 path.c:143 0x424399 32
2 path.c:178 0x423659 24
1 dynarray.c:84 0x423629 24
2 dynarray.c:95 0x423d79 16
2 path.c:191 0x423fe9 32
2 path.c:205 0x423e89 6
3 path.c:223 0x423fe9 0x423fe9 32 6
4 path.c:246 0x423fe9 6
4 path.c:31 0x423e89 6
4 dynarray.c:112 0x423d79 16
4 dynarray.c:113 0x423629 24
4 path.c:254 0x423659 24
2 path.c:178 0x423659 24
1 dynarray.c:84 0x424129 24
2 dynarray.c:95 0x423629 16
2 path.c:191 0x424299 32
2 path.c:205 0x423e89 6
2 path.c:205 0x423fe9 8
3 path.c:223 0x424299 0x424299 32 14
4 path.c:246 0x424299 14
4 path.c:31 0x423e89 6
4 path.c:31 0x423fe9 8
4 dynarray.c:112 0x423629 16
4 dynarray.c:113 0x424129 24
4 path.c:254 0x423659 24
4 path.c:246 0x424399 32
4 path.c:31 0x423dc9 6
4 path.c:31 0x4238a9 8
4 path.c:31 0x423de9 12
4 path.c:31 0x423da9 6
4 dynarray.c:112 0x423d39 32
4 dynarray.c:113 0x4239d9 24
4 path.c:254 0x423cc9 24
1 dynarray.c:84 0x423d79 24
2 dynarray.c:95 0x423cc9 24
1 bdtBad4.c:663 0x4241d9 42
4 dynarray.c:112 0x423cc9 24
4 dynarray.c:113 0x423d79 24
6 bdt_client.c:113 0x4241d9
4 bdt_client.c:113 0x4241d9 42
2 path.c:128 0x423d79 24
1 dynarray.c:84 0x4239d9 24
2 dynarray.c:95 0x423cc9 16
2 path.c:90 0x423da9 13
1 path.c:143 0x423e69 13
2 path.c:178 0x424129 24
1 dynarray.c:84 0x423659 24
2 dynarray.c:95 0x423629 16
2 path.c:191 0x423de9 13
2 path.c:205 0x423dc9 13
3 path.c:223 0x423de9 0x423de9 13 13
4 path.c:246 0x423de9 13
4 path.c:31 0x423dc9 13
4 dynarray.c:112 0x423629 16
4 dynarray.c:113 0x423659 24
4 path.c:254 0x424129 24
4 path.c:246 0x423e69 13
4 path.c:31 0x423da9 13
4 dynarray.c:112 0x423cc9 16
4 dynarray.c:113 0x4239d9 24
4 path.c:254 0x423d79 24
2 path.c:128 0x423d79 24
1 dynarray.c:84 0x423f09 24
2 dynarray.c:95 0x4239d9 16
2 path.c:90 0x423da9 6
1 path.c:143 0x4238a9 6
2 path.c:178 0x424129 24
1 dynarray.c:84 0x423cc9 24
2 dynarray.c:95 0x423659 16
2 path.c:191 0x423e69 6
2 path.c:205 0x423de9 6
3 path.c:223 0x423e69 0x423e69 6 6
4 path.c:246 0x423e69 6
4 path.c:31 0x423de9 6
4 dynarray.c:112 0x423659 16
4 dynarray.c:113 0x423cc9 24
4 path.c:254 0x424129 24
4 path.c:246 0x4238a9 6
4 path.c:31 0x423da9 6
4 dynarray.c:112 0x4239d9 16
4 dynarray.c:113 0x423f09 24
4 path.c:254 0x423d79 24
4 path.c:246 0x423bf9 25
4 path.c:31 0x423c29 6
4 path.c:31 0x423c49 7
4 path.c:31 0x423c69 12
4 dynarray.c:112 0x423bc9 24
4 dynarray.c:113 0x423909 24
4 path.c:254 0x423b99 24
4 bdtBad4.c:263 0x423b59 32
4 path.c:246 0x423aa9 13
4 path.c:31 0x423ac9 6
4 path.c:31 0x423ae9 7
4 dynarray.c:112 0x423a79 16
4 dynarray.c:113 0x423599 24
4 path.c:254 0x423a49 24
4 bdtBad4.c:263 0x423a09 32
4 path.c:246 0x423849 6
4 path.c:31 0x423869 6
4 dynarray.c:112 0x423819 16
4 dynarray.c:113 0x4235f9 24
4 path.c:254 0x4237e9 24
4 bdtBad4.c:263 0x4237a9 32
2 path.c:128 0x4237e9 24
1 dynarray.c:84 0x423629 24
2 dynarray.c:95 0x4235f9 16
2 path.c:90 0x423869 6
2 path.c:90 0x423849 7
1 path.c:143 0x423dc9 13
4 path.c:246 0x423dc9 13
4 path.c:31 0x423869 6
4 path.c:31 0x423849 7
4 dynarray.c:112 0x4235f9 16
4 dynarray.c:113 0x423629 24
4 path.c:254 0x4237e9 24
2 path.c:128 0x4237e9 24
1 dynarray.c:84 0x423819 24
2 dynarray.c:95 0x423629 16
2 path.c:90 0x423849 6
1 path.c:143 0x423dc9 6
4 path.c:246 0x423dc9 6
4 path.c:31 0x423849 6
4 dynarray.c:112 0x423629 16
4 dynarray.c:113 0x423819 24
4 path.c:254 0x4237e9 24
2 path.c:128 0x4237e9 24
1 dynarray.c:84 0x4235f9 24
2 dynarray.c:95 0x423819 16
2 path.c:90 0x423849 6
1 path.c:143 0x423dc9 6
4 path.c:246 0x423dc9 6
4 path.c:31 0x423849 6
4 dynarray.c:112 0x423819 16
4 dynarray.c:113 0x4235f9 24
4 path.c:254 0x4237e9 24
2 path.c:128 0x4237e9 24
1 dynarray.c:84 0x423629 24
2 dynarray.c:95 0x4235f9 16
2 path.c:90 0x423849 13
1 path.c:143 0x423dc9 13
4 path.c:246 0x423dc9 13
4 path.c:31 0x423849 13
4 dynarray.c:112 0x4235f9 16
4 dynarray.c:113 0x423629 24
4 path.c:254 0x4237e9 24
1 dynarray.c:84 0x423819 24
2 dynarray.c:95 0x4237e9 16
1 bdtBad4.c:663 0x423dc9 1
4 dynarray.c:112 0x4237e9 16
4 dynarray.c:113 0x423819 24
4 bdt_client.c:124 0x423dc9 1
2 path.c:128 0x423819 24
1 dynarray.c:84 0x423629 24
2 dynarray.c:95 0x4237e9 16
2 path.c:90 0x423849 2
2 path.c:90 0x423869 2
1 path.c:143 0x423dc9 4
2 path.c:178 0x423a49 24
1 dynarray.c:84 0x4235f9 24
2 dynarray.c:95 0x423599 16
2 path.c:191 0x423ae9 4
2 path.c:205 0x423aa9 2
3 path.c:223 0x423ae9 0x423ae9 4 2
1 bdtBad4.c:143 0x4241d9 32
2 path.c:178 0x423b99 24
1 dynarray.c:84 0x423a79 24
2 dynarray.c:95 0x423909 16
2 path.c:191 0x423c69 2
2 path.c:205 0x423c49 2
3 path.c:223 0x423c69 0x423c69 2 2
4 path.c:246 0x423ae9 2
4 path.c:31 0x423aa9 2
4 dynarray.c:112 0x423599 16
4 dynarray.c:113 0x4235f9 24
4 path.c:254 0x423a49 24
2 path.c:178 0x423a49 24
1 dynarray.c:84 0x423bc9 24
2 dynarray.c:95 0x4235f9 16
2 path.c:191 0x423aa9 4
2 path.c:205 0x423ae9 2
2 path.c:205 0x423c29 2
3 path.c:223 0x423aa9 0x423aa9 4 4
1 bdtBad4.c:143 0x423fa9 32
2 path.c:178 0x423bf9 24
1 dynarray.c:84 0x423599 24
2 dynarray.c:95 0x423d79 16
2 path.c:191 0x423da9 4
2 path.c:205 0x4238a9 2
2 path.c:205 0x423de9 2
3 path.c:223 0x423da9 0x423da9 4 4
4 path.c:246 0x423aa9 4
4 path.c:31 0x423ae9 2
4 path.c:31 0x423c29 2
4 dynarray.c:112 0x4235f9 16
4 dynarray.c:113 0x423bc9 24
4 path.c:254 0x423a49 24
4 path.c:246 0x423dc9 4
4 path.c:31 0x423849 2
4 path.c:31 0x423869 2
4 dynarray.c:112 0x4237e9 16
4 dynarray.c:113 0x423629 24
4 path.c:254 0x423819 24
1 dynarray.c:84 0x423f09 24
2 dynarray.c:95 0x423819 16
1 bdtBad4.c:663 0x423ac9 5
4 dynarray.c:112 0x423819 16
4 dynarray.c:113 0x423f09 24
6 bdt_client.c:136 0x423ac9
4 bdt_client.c:136 0x423ac9 5
2 path.c:128 0x423f09 24
1 dynarray.c:84 0x423629 24
2 dynarray.c:95 0x423819 16
2 path.c:90 0x423869 2
2 path.c:90 0x423849 2
1 path.c:143 0x423ac9 4
2 path.c:178 0x423a49 24
1 dynarray.c:84 0x4237e9 24
2 dynarray.c:95 0x423bc9 16
2 path.c:191 0x423dc9 4
2 path.c:205 0x423ae9 2
3 path.c:223 0x423dc9 0x423dc9 4 2
4 path.c:246 0x423dc9 2
4 path.c:31 0x423ae9 2
4 dynarray.c:112 0x423bc9 16
4 dynarray.c:113 0x4237e9 24
4 path.c:254 0x423a49 24
2 path.c:178 0x423a49 24
1 dynarray.c:84 0x4235f9 24
2 dynarray.c:95 0x4237e9 16
2 path.c:191 0x423ae9 4
2 path.c:205 0x423dc9 2
2 path.c:205 0x423aa9 2
3 path.c:223 0x423ae9 0x423ae9 4 4
4 path.c:246 0x423ae9 4
4 path.c:31 0x423dc9 2
4 path.c:31 0x423aa9 2
4 dynarray.c:112 0x4237e9 16
4 dynarray.c:113 0x4235f9 24
4 path.c:254 0x423a49 24
2 path.c:178 0x423a49 24
1 dynarray.c:84 0x423bc9 24
2 dynarray.c:95 0x4235f9 16
2 path.c:191 0x423aa9 4
2 path.c:205 0x423dc9 2
2 path.c:205 0x423ae9 2
3 path.c:223 0x423aa9 0x423aa9 4 4
1 bdtBad4.c:143 0x423f69 32
2 path.c:178 0x4239d9 24
1 dynarray.c:84 0x4237e9 24
2 dynarray.c:95 0x424129 16
2 path.c:191 0x423e69 4
2 path.c:205 0x423fe9 2
2 path.c:205 0x423e89 2
3 path.c:223 0x423e69 0x423e69 4 4
4 path.c:246 0x423aa9 4
4 path.c:31 0x423dc9 2
4 path.c:31 0x423ae9 2
4 dynarray.c:112 0x4235f9 16
4 dynarray.c:113 0x423bc9 24
4 path.c:254 0x423a49 24
4 path.c:246 0x423ac9 4
4 path.c:31 0x423869 2
4 path.c:31 0x423849 2
4 dynarray.c:112 0x423819 16
4 dynarray.c:113 0x423629 24
4 path.c:254 0x423f09 24
1 dynarray.c:84 0x423cc9 24
2 dynarray.c:95 0x423f09 24
1 bdtBad4.c:663 0x423c29 8
4 dynarray.c:112 0x423f09 24
4 dynarray.c:113 0x423cc9 24
6 bdt_client.c:141 0x423c29
4 bdt_client.c:141 0x423c29 8
2 path.c:128 0x423cc9 24
1 dynarray.c:84 0x423629 24
2 dynarray.c:95 0x423f09 16
2 path.c:90 0x423849 2
2 path.c:90 0x423869 2
1 path.c:143 0x423c29 4
2 path.c:178 0x423a49 24
1 dynarray.c:84 0x423819 24
2 dynarray.c:95 0x423bc9 16
2 path.c:191 0x423ac9 4
2 path.c:205 0x423dc9 2
3 path.c:223 0x423ac9 0x423ac9 4 2
4 path.c:246 0x423ac9 2
4 path.c:31 0x423dc9 2
4 dynarray.c:112 0x423bc9 16
4 dynarray.c:113 0x423819 24
4 path.c:254 0x423a49 24
2 path.c:178 0x423a49 24
1 dynarray.c:84 0x4235f9 24
2 dynarray.c:95 0x423819 16
2 path.c:191 0x423dc9 4
2 path.c:205 0x423ac9 2
2 path.c:205 0x423aa9 2
3 path.c:223 0x423dc9 0x423dc9 4 4
4 path.c:246 0x423dc9 4
4 path.c:31 0x423ac9 2
4 path.c:31 0x423aa9 2
4 dynarray.c:112 0x423819 16
4 dynarray.c:113 0x4235f9 24
4 path.c:254 0x423a49 24
4 path.c:246 0x423c29 4
4 path.c:31 0x423849 2
4 path.c:31 0x423869 2
4 dynarray.c:112 0x423f09 16
4 dynarray.c:113 0x423629 24
4 path.c:254 0x423cc9 24
4 path.c:246 0x423da9 4
4 path.c:31 0x4238a9 2
4 path.c:31 0x423de9 2
4 dynarray.c:112 0x423d79 16
4 dynarray.c:113 0x423599 24
4 path.c:254 0x423bf9 24
4 bdtBad4.c:263 0x423fa9 32
1 dynarray.c:84 0x423bc9 24
2 dynarray.c:95 0x423bf9 16
1 bdtBad4.c:663 0x423ae9 5
4 dynarray.c:112 0x423bf9 16
4 dynarray.c:113 0x423bc9 24
6 bdt_client.c:146 0x423ae9
4 bdt_client.c:146 0x423ae9 5
2 path.c:128 0x423bc9 24
1 dynarray.c:84 0x423599 24
2 dynarray.c:95 0x423bf9 16
2 path.c:90 0x423de9 2
2 path.c:90 0x4238a9 3
1 path.c:143 0x423ae9 5
2 path.c:178 0x423cc9 24
1 dynarray.c:84 0x423d79 24
2 dynarray.c:95 0x423629 16
2 path.c:191 0x423da9 5
2 path.c:205 0x423849 2
3 path.c:223 0x423da9 0x423da9 5 2
4 path.c:246 0x423da9 2
4 path.c:31 0x423849 2
4 dynarray.c:112 0x423629 16
4 dynarray.c:113 0x423d79 24
4 path.c:254 0x423cc9 24
2 path.c:178 0x423cc9 24
1 dynarray.c:84 0x423f09 24
2 dynarray.c:95 0x423d79 16
2 path.c:191 0x423849 5
2 path.c:205 0x423da9 2
2 path.c:205 0x423c29 3
3 path.c:223 0x423849 0x423849 5 5
4 path.c:246 0x423849 5
4 path.c:31 0x423da9 2
4 path.c:31 0x423c29 3
4 dynarray.c:112 0x423d79 16
4 dynarray.c:113 0x423f09 24
4 path.c:254 0x423cc9 24
2 path.c:178 0x423cc9 24
1 dynarray.c:84 0x423629 24
2 dynarray.c:95 0x423f09 16
2 path.c:191 0x423c29 5
2 path.c:205 0x423da9 2
2 path.c:205 0x423849 3
3 path.c:223 0x423c29 0x423c29 5 5
1 bdtBad4.c:143 0x423fa9 32
2 path.c:178 0x423a49 24
1 dynarray.c:84 0x423d79 24
2 dynarray.c:95 0x4235f9 16
2 path.c:191 0x423aa9 5
2 path.c:205 0x423ac9 2
2 path.c:205 0x423dc9 3
3 path.c:223 0x423aa9 0x423aa9 5 5
4 path.c:246 0x423c29 5
4 path.c:31 0x423da9 2
4 path.c:31 0x423849 3
4 dynarray.c:112 0x423f09 16
4 dynarray.c:113 0x423629 24
4 path.c:254 0x423cc9 24
4 path.c:246 0x423ae9 5
4 path.c:31 0x423de9 2
4 path.c:31 0x4238a9 3
4 dynarray.c:112 0x423bf9 16
4 dynarray.c:113 0x423599 24
4 path.c:254 0x423bc9 24
1 dynarray.c:84 0x423819 24
2 dynarray.c:95 0x423bc9 24
1 bdtBad4.c:663 0x423869 9
4 dynarray.c:112 0x423bc9 24
4 dynarray.c:113 0x423819 24
6 bdt_client.c:150 0x423869
4 bdt_client.c:150 0x423869 9
2 path.c:128 0x423819 24
1 dynarray.c:84 0x423599 24
2 dynarray.c:95 0x423bc9 16
2 path.c:90 0x4238a9 2
2 path.c:90 0x423de9 3
1 path.c:143 0x423869 5
2 path.c:178 0x423cc9 24
1 dynarray.c:84 0x423bf9 24
2 dynarray.c:95 0x423629 16
2 path.c:191 0x423ae9 5
2 path.c:205 0x423da9 2
3 path.c:223 0x423ae9 0x423ae9 5 2
4 path.c:246 0x423ae9 2
4 path.c:31 0x423da9 2
4 dynarray.c:112 0x423629 16
4 dynarray.c:113 0x423bf9 24
4 path.c:254 0x423cc9 24
2 path.c:178 0x423cc9 24
1 dynarray.c:84 0x423f09 24
2 dynarray.c:95 0x423bf9 16
2 path.c:191 0x423da9 5
2 path.c:205 0x423ae9 2
2 path.c:205 0x423c29 3
3 path.c:223 0x423da9 0x423da9 5 5
4 path.c:246 0x423da9 5
4 path.c:31 0x423ae9 2
4 path.c:31 0x423c29 3
4 dynarray.c:112 0x423bf9 16
4 dynarray.c:113 0x423f09 24
4 path.c:254 0x423cc9 24
4 path.c:246 0x423869 5
4 path.c:31 0x4238a9 2
4 path.c:31 0x423de9 3
4 dynarray.c:112 0x423bc9 16
4 dynarray.c:113 0x423599 24
4 path.c:254 0x423819 24
4 path.c:246 0x423aa9 5
4 path.c:31 0x423ac9 2
4 path.c:31 0x423dc9 3
4 dynarray.c:112 0x4235f9 16
4 dynarray.c:113 0x423d79 24
4 path.c:254 0x423a49 24
4 bdtBad4.c:263 0x423fa9 32
1 dynarray.c:84 0x423629 24
2 dynarray.c:95 0x423a49 16
1 bdtBad4.c:663 0x423849 5
4 dynarray.c:112 0x423a49 16
4 dynarray.c:113 0x423629 24
6 bdt_client.c:154 0x423849
4 bdt_client.c:154 0x423849 5
2 path.c:128 0x423629 24
1 dynarray.c:84 0x423d79 24
2 dynarray.c:95 0x423a49 16
2 path.c:90 0x423dc9 2
2 path.c:90 0x423ac9 3
1 path.c:143 0x423849 5
2 path.c:178 0x423819 24
1 dynarray.c:84 0x4235f9 24
2 dynarray.c:95 0x423599 16
2 path.c:191 0x423aa9 5
2 path.c:205 0x4238a9 2
3 path.c:223 0x423aa9 0x423aa9 5 2
4 path.c:246 0x423aa9 2
4 path.c:31 0x4238a9 2
4 dynarray.c:112 0x423599 16
4 dynarray.c:113 0x4235f9 24
4 path.c:254 0x423819 24
2 path.c:178 0x423819 24
1 dynarray.c:84 0x423bc9 24
2 dynarray.c:95 0x4235f9 16
2 path.c:191 0x4238a9 5
2 path.c:205 0x423aa9 2
2 path.c:205 0x423869 3
3 path.c:223 0x4238a9 0x4238a9 5 5
4 path.c:246 0x4238a9 5
4 path.c:31 0x423aa9 2
4 path.c:31 0x423869 3
4 dynarray.c:112 0x4235f9 16
4 dynarray.c:113 0x423bc9 24
4 path.c:254 0x423819 24
2 path.c:178 0x423819 24
1 dynarray.c:84 0x423599 24
2 dynarray.c:95 0x423bc9 16
2 path.c:191 0x423869 5
2 path.c:205 0x423aa9 2
2 path.c:205 0x4238a9 3
3 path.c:223 0x423869 0x423869 5 5
1 bdtBad4.c:143 0x423fa9 32
2 path.c:178 0x423cc9 24
1 dynarray.c:84 0x4235f9 24
2 dynarray.c:95 0x423f09 16
2 path.c:191 0x423c29 5
2 path.c:205 0x423ae9 2
2 path.c:205 0x423da9 3
3 path.c:223 0x423c29 0x423c29 5 5
4 path.c:246 0x423869 5
4 path.c:31 0x423aa9 2
4 path.c:31 0x4238a9 3
4 dynarray.c:112 0x423bc9 16
4 dynarray.c:113 0x423599 24
4 path.c:254 0x423819 24
4 path.c:246 0x423849 5
4 path.c:31 0x423dc9 2
4 path.c:31 0x423ac9 3
4 dynarray.c:112 0x423a49 16
4 dynarray.c:113 0x423d79 24
4 path.c:254 0x423629 24
1 dynarray.c:84 0x423bf9 24
2 dynarray.c:95 0x423629 24
1 bdtBad4.c:663 0x423de9 9
4 dynarray.c:112 0x423629 24
4 dynarray.c:113 0x423bf9 24
6 bdt_client.c:158 0x423de9
4 bdt_client.c:158 0x423de9 9
2 path.c:128 0x423bf9 24
1 dynarray.c:84 0x423d79 24
2 dynarray.c:95 0x423629 16
2 path.c:90 0x423ac9 2
2 path.c:90 0x423dc9 2
1 path.c:143 0x423de9 4
2 path.c:178 0x423819 24
1 dynarray.c:84 0x423a49 24
2 dynarray.c:95 0x423599 16
2 path.c:191 0x423849 4
2 path.c:205 0x423aa9 2
3 path.c:223 0x423849 0x423849 4 2
4 path.c:246 0x423849 2
4 path.c:31 0x423aa9 2
4 dynarray.c:112 0x423599 16
4 dynarray.c:113 0x423a49 24
4 path.c:254 0x423819 24
2 path.c:178 0x423819 24
1 dynarray.c:84 0x423bc9 24
2 dynarray.c:95 0x423a49 16
2 path.c:191 0x423aa9 4
2 path.c:205 0x423849 2
2 path.c:205 0x423869 2
3 path.c:223 0x423aa9 0x423aa9 4 4
4 path.c:246 0x423aa9 4
4 path.c:31 0x423849 2
4 path.c:31 0x423869 2
4 dynarray.c:112 0x423a49 16
4 dynarray.c:113 0x423bc9 24
4 path.c:254 0x423819 24
4 path.c:246 0x423de9 4
4 path.c:31 0x423ac9 2
4 path.c:31 0x423dc9 2
4 dynarray.c:112 0x423629 16
4 dynarray.c:113 0x423d79 24
4 path.c:254 0x423bf9 24
4 path.c:246 0x423e69 4
4 path.c:31 0x423fe9 2
4 path.c:31 0x423e89 2
4 dynarray.c:112 0x424129 16
4 dynarray.c:113 0x4237e9 24
4 path.c:254 0x4239d9 24
4 bdtBad4.c:263 0x423f69 32
1 dynarray.c:84 0x423599 24
2 dynarray.c:95 0x4239d9 16
1 bdtBad4.c:663 0x4238a9 6
4 dynarray.c:112 0x4239d9 16
4 dynarray.c:113 0x423599 24
6 bdt_client.c:162 0x4238a9
4 bdt_client.c:162 0x4238a9 6
4 path.c:246 0x423c29 5
4 path.c:31 0x423ae9 2
4 path.c:31 0x423da9 3
4 dynarray.c:112 0x423f09 16
4 dynarray.c:113 0x4235f9 24
4 path.c:254 0x423cc9 24
4 bdtBad4.c:263 0x423fa9 32
4 path.c:246 0x423c69 2
4 path.c:31 0x423c49 2
4 dynarray.c:112 0x423909 16
4 dynarray.c:113 0x423a79 24
4 path.c:254 0x423b99 24
4 bdtBad4.c:263 0x4241d9 32
