2 path.c:128 0x4212a9 24
4 path.c:254 0x4212a9 24
2 path.c:128 0x4234c9 24
1 dynarray.c:84 0x4212a9 24
2 dynarray.c:95 0x4234f9 16
2 path.c:90 0x423529 6
1 path.c:143 0x423549 6
4 path.c:246 0x423549 6
4 path.c:31 0x423529 6
4 dynarray.c:112 0x4234f9 16
4 dynarray.c:113 0x4212a9 24
4 path.c:254 0x4234c9 24
1 dynarray.c:84 0x4234c9 24
2 dynarray.c:95 0x423569 16
1 bdtBad5.c:662 0x423529 1
4 dynarray.c:112 0x423569 16
4 dynarray.c:113 0x4234c9 24
4 bdt_client.c:39 0x423529 1
2 path.c:128 0x423599 24
4 path.c:254 0x423599 24
2 path.c:128 0x4235c9 24
1 dynarray.c:84 0x423599 24
2 dynarray.c:95 0x4235f9 16
4 dynarray.c:112 0x4235f9 16
4 dynarray.c:113 0x423599 24
4 path.c:254 0x4235c9 24
2 path.c:128 0x423629 24
1 dynarray.c:84 0x4235c9 24
2 dynarray.c:95 0x423659 16
2 path.c:90 0x423689 6
2 path.c:90 0x4236a9 7
4 path.c:31 0x423689 6
4 path.c:31 0x4236a9 7
4 dynarray.c:112 0x423659 16
4 dynarray.c:113 0x4235c9 24
4 path.c:254 0x423629 24
2 path.c:128 0x423629 24
1 dynarray.c:84 0x423659 24
2 dynarray.c:95 0x4235c9 16
2 path.c:90 0x4236c9 6
4 path.c:31 0x4236c9 6
4 dynarray.c:112 0x4235c9 16
4 dynarray.c:113 0x423659 24
4 path.c:254 0x423629 24
2 path.c:128 0x423629 24
1 dynarray.c:84 0x4235c9 24
2 dynarray.c:95 0x423659 16
2 path.c:90 0x4236e9 6
1 path.c:143 0x4236c9 6
2 path.c:178 0x423709 24
1 dynarray.c:84 0x423599 24
2 dynarray.c:95 0x423739 16
2 path.c:191 0x423769 6
2 path.c:205 0x423789 6
3 path.c:223 0x423769 0x423769 6 6
1 bdtBad5.c:143 0x4237a9 32
2 path.c:178 0x4237e9 24
1 dynarray.c:84 0x4235f9 24
2 dynarray.c:95 0x423819 16
2 path.c:191 0x423849 6
2 path.c:205 0x423869 6
3 path.c:223 0x423849 0x423849 6 6
4 path.c:246 0x423769 6
4 path.c:31 0x423789 6
4 dynarray.c:112 0x423739 16
4 dynarray.c:113 0x423599 24
4 path.c:254 0x423709 24
4 path.c:246 0x4236c9 6
4 path.c:31 0x4236e9 6
4 dynarray.c:112 0x423659 16
4 dynarray.c:113 0x4235c9 24
4 path.c:254 0x423629 24
2 path.c:128 0x423629 24
1 dynarray.c:84 0x423709 24
2 dynarray.c:95 0x4235c9 16
2 path.c:90 0x4236e9 6
2 path.c:90 0x423889 7
2 path.c:90 0x4238a9 12
3 dynarray.c:69 0x4238c9 0x4235c9 16 32
1 path.c:143 0x423659 25
2 path.c:178 0x4235c9 24
1 dynarray.c:84 0x423599 24
2 dynarray.c:95 0x423909 16
2 path.c:191 0x423939 25
2 path.c:205 0x423969 6
3 path.c:223 0x423939 0x423939 25 6
4 path.c:246 0x423939 6
4 path.c:31 0x423969 6
4 dynarray.c:112 0x423909 16
4 dynarray.c:113 0x423599 24
4 path.c:254 0x4235c9 24
2 path.c:178 0x4235c9 24
1 dynarray.c:84 0x423909 24
2 dynarray.c:95 0x423599 16
2 path.c:191 0x423989 25
2 path.c:205 0x423969 6
2 path.c:205 0x4239b9 7
3 path.c:223 0x423989 0x423989 25 13
4 path.c:246 0x423989 13
4 path.c:31 0x423969 6
4 path.c:31 0x4239b9 7
4 dynarray.c:112 0x423599 16
4 dynarray.c:113 0x423909 24
4 path.c:254 0x4235c9 24
2 path.c:178 0x4235c9 24
1 dynarray.c:84 0x423989 24
2 dynarray.c:95 0x423909 16
2 path.c:191 0x4239d9 25
2 path.c:205 0x4239b9 6
2 path.c:205 0x423969 7
3 path.c:223 0x4239d9 0x4239d9 25 13
1 bdtBad5.c:143 0x423a09 32
2 path.c:178 0x423a49 24
1 dynarray.c:84 0x423599 24
2 dynarray.c:95 0x423a79 16
2 path.c:191 0x423aa9 13
2 path.c:205 0x423ac9 6
2 path.c:205 0x423ae9 7
3 path.c:223 0x423aa9 0x423aa9 13 13
4 path.c:246 0x4239d9 13
4 path.c:31 0x4239b9 6
4 path.c:31 0x423969 7
4 dynarray.c:112 0x423909 16
4 dynarray.c:113 0x423989 24
4 path.c:254 0x4235c9 24
2 path.c:178 0x4235c9 24
1 dynarray.c:84 0x4239d9 24
2 dynarray.c:95 0x423989 24
2 path.c:191 0x423b09 25
2 path.c:205 0x423969 6
2 path.c:205 0x4239b9 7
2 path.c:205 0x423b39 12
3 path.c:223 0x423b09 0x423b09 25 25
1 bdtBad5.c:143 0x423b59 32
2 path.c:178 0x423b99 24
1 dynarray.c:84 0x423909 24
2 dynarray.c:95 0x423bc9 24
2 path.c:191 0x423bf9 25
2 path.c:205 0x423c29 6
2 path.c:205 0x423c49 7
2 path.c:205 0x423c69 12
3 path.c:223 0x423bf9 0x423bf9 25 25
4 path.c:246 0x423b09 25
4 path.c:31 0x423969 6
4 path.c:31 0x4239b9 7
4 path.c:31 0x423b39 12
4 dynarray.c:112 0x423989 24
4 dynarray.c:113 0x4239d9 24
4 path.c:254 0x4235c9 24
4 path.c:246 0x423659 25
4 path.c:31 0x4236e9 6
4 path.c:31 0x423889 7
4 path.c:31 0x4238a9 12
4 dynarray.c:112 0x4238c9 32
4 dynarray.c:113 0x423709 24
4 path.c:254 0x423629 24
2 path.c:128 0x423629 24
1 dynarray.c:84 0x423b09 24
2 dynarray.c:95 0x423709 16
2 path.c:90 0x4238a9 6
1 path.c:143 0x4236c9 6
2 path.c:178 0x4235c9 24
1 dynarray.c:84 0x423659 24
2 dynarray.c:95 0x4239d9 16
2 path.c:191 0x423889 6
2 path.c:205 0x423b39 6
3 path.c:223 0x423889 0x423889 6 6
4 path.c:246 0x423889 6
4 path.c:31 0x423b39 6
4 dynarray.c:112 0x4239d9 16
4 dynarray.c:113 0x423659 24
4 path.c:254 0x4235c9 24
4 path.c:246 0x4236c9 6
4 path.c:31 0x4238a9 6
4 dynarray.c:112 0x423709 16
4 dynarray.c:113 0x423b09 24
4 path.c:254 0x423629 24
2 path.c:128 0x423629 24
1 dynarray.c:84 0x423989 24
2 dynarray.c:95 0x423b09 16
2 path.c:90 0x4238a9 6
2 path.c:90 0x4236c9 7
1 path.c:143 0x4236e9 13
2 path.c:178 0x4235c9 24
1 dynarray.c:84 0x423709 24
2 dynarray.c:95 0x423659 16
2 path.c:191 0x423b39 13
2 path.c:205 0x4239b9 6
3 path.c:223 0x423b39 0x423b39 13 6
4 path.c:246 0x423b39 6
4 path.c:31 0x4239b9 6
4 dynarray.c:112 0x423659 16
4 dynarray.c:113 0x423709 24
4 path.c:254 0x4235c9 24
2 path.c:178 0x4235c9 24
1 dynarray.c:84 0x4239d9 24
2 dynarray.c:95 0x423709 16
2 path.c:191 0x4239b9 13
2 path.c:205 0x423b39 6
2 path.c:205 0x423969 7
3 path.c:223 0x4239b9 0x4239b9 13 13
4 path.c:246 0x4239b9 13
4 path.c:31 0x423b39 6
4 path.c:31 0x423969 7
4 dynarray.c:112 0x423709 16
4 dynarray.c:113 0x4239d9 24
4 path.c:254 0x4235c9 24
4 path.c:246 0x4236e9 13
4 path.c:31 0x4238a9 6
4 path.c:31 0x4236c9 7
4 dynarray.c:112 0x423b09 16
4 dynarray.c:113 0x423989 24
4 path.c:254 0x423629 24
2 path.c:128 0x423629 24
1 dynarray.c:84 0x423659 24
2 dynarray.c:95 0x423989 16
2 path.c:90 0x4236c9 6
2 path.c:90 0x4238a9 7
2 path.c:90 0x4236e9 12
3 dynarray.c:69 0x423c89 0x423989 16 32
1 path.c:143 0x423b09 25
2 path.c:178 0x423989 24
1 dynarray.c:84 0x4235c9 24
2 dynarray.c:95 0x4239d9 16
2 path.c:191 0x423cc9 25
2 path.c:205 0x423969 6
3 path.c:223 0x423cc9 0x423cc9 25 6
4 path.c:246 0x423cc9 6
4 path.c:31 0x423969 6
4 dynarray.c:112 0x4239d9 16
4 dynarray.c:113 0x4235c9 24
4 path.c:254 0x423989 24
2 path.c:178 0x423989 24
1 dynarray.c:84 0x423709 24
2 dynarray.c:95 0x4235c9 16
2 path.c:191 0x423cc9 25
2 path.c:205 0x423969 6
2 path.c:205 0x423b39 7
3 path.c:223 0x423cc9 0x423cc9 25 13
4 path.c:246 0x423cc9 13
4 path.c:31 0x423969 6
4 path.c:31 0x423b39 7
4 dynarray.c:112 0x4235c9 16
4 dynarray.c:113 0x423709 24
4 path.c:254 0x423989 24
2 path.c:178 0x423989 24
1 dynarray.c:84 0x4239d9 24
2 dynarray.c:95 0x423709 24
2 path.c:191 0x423cc9 25
2 path.c:205 0x423b39 6
2 path.c:205 0x423969 7
2 path.c:205 0x4239b9 12
3 path.c:223 0x423cc9 0x423cc9 25 25
4 path.c:246 0x423cc9 25
4 path.c:31 0x423b39 6
4 path.c:31 0x423969 7
4 path.c:31 0x4239b9 12
4 dynarray.c:112 0x423709 24
4 dynarray.c:113 0x4239d9 24
4 path.c:254 0x423989 24
4 path.c:246 0x423b09 25
4 path.c:31 0x4236c9 6
4 path.c:31 0x4238a9 7
4 path.c:31 0x4236e9 12
4 dynarray.c:112 0x423c89 32
4 dynarray.c:113 0x423659 24
4 path.c:254 0x423629 24
2 path.c:128 0x423629 24
1 dynarray.c:84 0x4235c9 24
2 dynarray.c:95 0x423659 16
2 path.c:90 0x4236e9 12
1 path.c:143 0x423889 12
2 path.c:178 0x423989 24
1 dynarray.c:84 0x423b09 24
2 dynarray.c:95 0x4239d9 16
2 path.c:191 0x4238a9 12
2 path.c:205 0x4239b9 12
3 path.c:223 0x4238a9 0x4238a9 12 12
4 path.c:246 0x4238a9 12
4 path.c:31 0x4239b9 12
4 dynarray.c:112 0x4239d9 16
4 dynarray.c:113 0x423b09 24
4 path.c:254 0x423989 24
4 path.c:246 0x423889 12
4 path.c:31 0x4236e9 12
4 dynarray.c:112 0x423659 16
4 dynarray.c:113 0x4235c9 24
4 path.c:254 0x423629 24
2 path.c:128 0x423629 24
1 dynarray.c:84 0x423709 24
2 dynarray.c:95 0x4235c9 16
2 path.c:90 0x4236e9 12
1 path.c:143 0x4236c9 12
2 path.c:178 0x423989 24
1 dynarray.c:84 0x423659 24
2 dynarray.c:95 0x423b09 16
2 path.c:191 0x423889 12
2 path.c:205 0x4238a9 12
3 path.c:223 0x423889 0x423889 12 12
4 path.c:246 0x423889 12
4 path.c:31 0x4238a9 12
4 dynarray.c:112 0x423b09 16
4 dynarray.c:113 0x423659 24
4 path.c:254 0x423989 24
4 path.c:246 0x4236c9 12
4 path.c:31 0x4236e9 12
4 dynarray.c:112 0x4235c9 16
4 dynarray.c:113 0x423709 24
4 path.c:254 0x423629 24
2 path.c:128 0x423629 24
1 dynarray.c:84 0x4239d9 24
2 dynarray.c:95 0x423709 16
2 path.c:90 0x4236e9 12
1 path.c:143 0x4239b9 12
2 path.c:178 0x423989 24
1 dynarray.c:84 0x4235c9 24
2 dynarray.c:95 0x423659 16
2 path.c:191 0x4236c9 12
2 path.c:205 0x423889 12
3 path.c:223 0x4236c9 0x4236c9 12 12
4 path.c:246 0x4236c9 12
4 path.c:31 0x423889 12
4 dynarray.c:112 0x423659 16
4 dynarray.c:113 0x4235c9 24
4 path.c:254 0x423989 24
4 path.c:246 0x4239b9 12
4 path.c:31 0x4236e9 12
4 dynarray.c:112 0x423709 16
4 dynarray.c:113 0x4239d9 24
4 path.c:254 0x423629 24
2 path.c:128 0x423629 24
1 dynarray.c:84 0x423b09 24
2 dynarray.c:95 0x4239d9 16
2 path.c:90 0x4236e9 6
2 path.c:90 0x4239b9 8
1 path.c:143 0x4238a9 14
2 path.c:178 0x423989 24
1 dynarray.c:84 0x423709 24
2 dynarray.c:95 0x4235c9 16
2 path.c:191 0x423889 14
2 path.c:205 0x423969 6
3 path.c:223 0x423889 0x423889 14 6
4 path.c:246 0x423889 6
4 path.c:31 0x423969 6
4 dynarray.c:112 0x4235c9 16
4 dynarray.c:113 0x423709 24
4 path.c:254 0x423989 24
2 path.c:178 0x423989 24
1 dynarray.c:84 0x423659 24
2 dynarray.c:95 0x423709 16
2 path.c:191 0x423969 14
2 path.c:205 0x423889 6
2 path.c:205 0x423b39 8
3 path.c:223 0x423969 0x423969 14 14
4 path.c:246 0x423969 14
4 path.c:31 0x423889 6
4 path.c:31 0x423b39 8
4 dynarray.c:112 0x423709 16
4 dynarray.c:113 0x423659 24
4 path.c:254 0x423989 24
2 path.c:128 0x423989 24
1 dynarray.c:84 0x4235c9 24
2 dynarray.c:95 0x423659 16
2 path.c:90 0x423b39 6
2 path.c:90 0x423889 7
2 path.c:90 0x423969 12
3 dynarray.c:69 0x423cf9 0x423659 16 32
1 path.c:143 0x423709 25
2 path.c:178 0x423659 24
1 dynarray.c:84 0x423cc9 24
2 dynarray.c:95 0x423d39 16
2 path.c:191 0x423d69 25
2 path.c:205 0x423d99 6
3 path.c:223 0x423d69 0x423d69 25 6
4 path.c:246 0x423d69 6
4 path.c:31 0x423d99 6
4 dynarray.c:112 0x423d39 16
4 dynarray.c:113 0x423cc9 24
4 path.c:254 0x423659 24
2 path.c:178 0x423659 24
1 dynarray.c:84 0x423d69 24
2 dynarray.c:95 0x423cc9 16
2 path.c:191 0x423db9 25
2 path.c:205 0x423d99 6
2 path.c:205 0x423de9 7
3 path.c:223 0x423db9 0x423db9 25 13
4 path.c:246 0x423db9 13
4 path.c:31 0x423d99 6
4 path.c:31 0x423de9 7
4 dynarray.c:112 0x423cc9 16
4 dynarray.c:113 0x423d69 24
4 path.c:254 0x423659 24
2 path.c:178 0x423659 24
1 dynarray.c:84 0x423d39 24
2 dynarray.c:95 0x423d69 24
2 path.c:191 0x423db9 25
2 path.c:205 0x423de9 6
2 path.c:205 0x423d99 7
2 path.c:205 0x423e09 12
3 path.c:223 0x423db9 0x423db9 25 25
4 path.c:246 0x423db9 25
4 path.c:31 0x423de9 6
4 path.c:31 0x423d99 7
4 path.c:31 0x423e09 12
4 dynarray.c:112 0x423d69 24
4 dynarray.c:113 0x423d39 24
4 path.c:254 0x423659 24
4 path.c:246 0x423709 25
4 path.c:31 0x423b39 6
4 path.c:31 0x423889 7
4 path.c:31 0x423969 12
4 dynarray.c:112 0x423cf9 32
4 dynarray.c:113 0x4235c9 24
4 path.c:254 0x423989 24
2 path.c:128 0x423989 24
1 dynarray.c:84 0x423cc9 24
2 dynarray.c:95 0x4235c9 16
2 path.c:90 0x423969 12
2 path.c:90 0x423889 6
2 path.c:90 0x423b39 9
3 dynarray.c:69 0x423e29 0x4235c9 16 32
1 path.c:143 0x423709 27
2 path.c:178 0x4235c9 24
1 dynarray.c:84 0x423659 24
2 dynarray.c:95 0x423d39 16
2 path.c:191 0x423db9 27
2 path.c:205 0x423e09 12
3 path.c:223 0x423db9 0x423db9 27 12
4 path.c:246 0x423db9 12
4 path.c:31 0x423e09 12
4 dynarray.c:112 0x423d39 16
4 dynarray.c:113 0x423659 24
4 path.c:254 0x4235c9 24
4 path.c:246 0x423709 27
4 path.c:31 0x423969 12
4 path.c:31 0x423889 6
4 path.c:31 0x423b39 9
4 dynarray.c:112 0x423e29 32
4 dynarray.c:113 0x423cc9 24
4 path.c:254 0x423989 24
2 path.c:128 0x423989 24
1 dynarray.c:84 0x423d69 24
2 dynarray.c:95 0x423cc9 16
2 path.c:90 0x423b39 6
2 path.c:90 0x423889 8
1 path.c:143 0x4236c9 14
2 path.c:178 0x4235c9 24
1 dynarray.c:84 0x423709 24
2 dynarray.c:95 0x423659 16
2 path.c:191 0x423969 14
2 path.c:205 0x423d99 6
3 path.c:223 0x423969 0x423969 14 6
4 path.c:246 0x423969 6
4 path.c:31 0x423d99 6
4 dynarray.c:112 0x423659 16
4 dynarray.c:113 0x423709 24
4 path.c:254 0x4235c9 24
2 path.c:178 0x4235c9 24
1 dynarray.c:84 0x423d39 24
2 dynarray.c:95 0x423709 16
2 path.c:191 0x423d99 14
2 path.c:205 0x423969 6
2 path.c:205 0x423de9 8
3 path.c:223 0x423d99 0x423d99 14 14
4 path.c:246 0x423d99 14
4 path.c:31 0x423969 6
4 path.c:31 0x423de9 8
4 dynarray.c:112 0x423709 16
4 dynarray.c:113 0x423d39 24
4 path.c:254 0x4235c9 24
2 path.c:178 0x4235c9 24
1 dynarray.c:84 0x423659 24
2 dynarray.c:95 0x423d39 16
2 path.c:191 0x423de9 14
2 path.c:205 0x423969 6
2 path.c:205 0x423d99 8
3 path.c:223 0x423de9 0x423de9 14 14
1 bdtBad5.c:143 0x423e29 32
2 path.c:178 0x423db9 24
1 dynarray.c:84 0x423709 24
2 dynarray.c:95 0x423e69 16
2 path.c:191 0x423e99 14
2 path.c:205 0x423eb9 6
2 path.c:205 0x423ed9 8
3 path.c:223 0x423e99 0x423e99 14 14
4 path.c:246 0x423de9 14
4 path.c:31 0x423969 6
4 path.c:31 0x423d99 8
4 dynarray.c:112 0x423d39 16
4 dynarray.c:113 0x423659 24
4 path.c:254 0x4235c9 24
4 path.c:246 0x4236c9 14
4 path.c:31 0x423b39 6
4 path.c:31 0x423889 8
4 dynarray.c:112 0x423cc9 16
4 dynarray.c:113 0x423d69 24
4 path.c:254 0x423989 24
2 path.c:128 0x423989 24
1 dynarray.c:84 0x423d39 24
2 dynarray.c:95 0x423d69 16
2 path.c:90 0x423889 6
2 path.c:90 0x423b39 7
1 path.c:143 0x423e09 13
2 path.c:178 0x4235c9 24
1 dynarray.c:84 0x423cc9 24
2 dynarray.c:95 0x423659 16
2 path.c:191 0x4236c9 13
2 path.c:205 0x423969 6
3 path.c:223 0x4236c9 0x4236c9 13 6
4 path.c:246 0x4236c9 6
4 path.c:31 0x423969 6
4 dynarray.c:112 0x423659 16
4 dynarray.c:113 0x423cc9 24
4 path.c:254 0x4235c9 24
2 path.c:178 0x4235c9 24
1 dynarray.c:84 0x423659 24
2 dynarray.c:95 0x423cc9 16
2 path.c:191 0x423969 13
2 path.c:205 0x4236c9 6
2 path.c:205 0x423de9 7
3 path.c:223 0x423969 0x423969 13 13
4 path.c:246 0x423969 13
4 path.c:31 0x4236c9 6
4 path.c:31 0x423de9 7
4 dynarray.c:112 0x423cc9 16
4 dynarray.c:113 0x423659 24
4 path.c:254 0x4235c9 24
2 path.c:178 0x4235c9 24
1 dynarray.c:84 0x423cc9 24
2 dynarray.c:95 0x423659 16
2 path.c:191 0x423de9 13
2 path.c:205 0x4236c9 6
2 path.c:205 0x423969 7
3 path.c:223 0x423de9 0x423de9 13 13
1 bdtBad5.c:143 0x423cf9 32
2 path.c:178 0x423ef9 24
1 dynarray.c:84 0x423939 24
2 dynarray.c:95 0x423f29 16
2 path.c:191 0x423f59 13
2 path.c:205 0x423f79 6
2 path.c:205 0x423f99 7
3 path.c:223 0x423f59 0x423f59 13 13
4 path.c:246 0x423f59 13
4 path.c:31 0x423f79 6
4 path.c:31 0x423f99 7
4 dynarray.c:112 0x423f29 16
4 dynarray.c:113 0x423939 24
4 path.c:254 0x423ef9 24
4 bdtBad5.c:193 0x423cf9 32
4 path.c:246 0x423e09 13
4 path.c:31 0x423889 6
4 path.c:31 0x423b39 7
4 dynarray.c:112 0x423d69 16
4 dynarray.c:113 0x423d39 24
4 path.c:254 0x423989 24
4 path.c:246 0x423de9 13
4 path.c:31 0x4236c9 6
4 path.c:31 0x423969 7
4 dynarray.c:112 0x423659 16
4 dynarray.c:113 0x423cc9 24
4 path.c:254 0x4235c9 24
2 path.c:128 0x4235c9 24
1 dynarray.c:84 0x423939 24
2 dynarray.c:95 0x423cc9 16
2 path.c:90 0x423969 6
2 path.c:90 0x4236c9 4
2 path.c:90 0x423de9 5
3 dynarray.c:69 0x423fb9 0x423cc9 16 32
2 path.c:90 0x423b39 7
1 path.c:143 0x423659 22
2 path.c:178 0x423cc9 24
1 dynarray.c:84 0x423989 24
2 dynarray.c:95 0x423d39 16
2 path.c:191 0x423ef9 22
2 path.c:205 0x423889 6
3 path.c:223 0x423ef9 0x423ef9 22 6
4 path.c:246 0x423ef9 6
4 path.c:31 0x423889 6
4 dynarray.c:112 0x423d39 16
4 dynarray.c:113 0x423989 24
4 path.c:254 0x423cc9 24
2 path.c:178 0x423cc9 24
1 dynarray.c:84 0x423d69 24
2 dynarray.c:95 0x423989 16
2 path.c:191 0x423ef9 22
2 path.c:205 0x423889 6
2 path.c:205 0x423e09 4
3 path.c:223 0x423ef9 0x423ef9 22 10
4 path.c:246 0x423ef9 10
4 path.c:31 0x423889 6
4 path.c:31 0x423e09 4
4 dynarray.c:112 0x423989 16
4 dynarray.c:113 0x423d69 24
4 path.c:254 0x423cc9 24
2 path.c:178 0x423cc9 24
1 dynarray.c:84 0x423d39 24
2 dynarray.c:95 0x423d69 16
2 path.c:191 0x423ef9 22
2 path.c:205 0x423e09 6
2 path.c:205 0x423889 4
3 path.c:223 0x423ef9 0x423ef9 22 10
1 bdtBad5.c:143 0x423cf9 32
2 path.c:178 0x423ff9 24
1 dynarray.c:84 0x423989 24
2 dynarray.c:95 0x424029 16
2 path.c:191 0x423f99 10
2 path.c:205 0x423f79 6
2 path.c:205 0x423f59 4
3 path.c:223 0x423f99 0x423f99 10 10
4 path.c:246 0x423f99 10
4 path.c:31 0x423f79 6
4 path.c:31 0x423f59 4
4 dynarray.c:112 0x424029 16
4 dynarray.c:113 0x423989 24
4 path.c:254 0x423ff9 24
4 bdtBad5.c:193 0x423cf9 32
4 path.c:246 0x423659 22
4 path.c:31 0x423969 6
4 path.c:31 0x4236c9 4
4 path.c:31 0x423de9 5
4 path.c:31 0x423b39 7
4 dynarray.c:112 0x423fb9 32
4 dynarray.c:113 0x423939 24
4 path.c:254 0x4235c9 24
4 path.c:246 0x423ef9 10
4 path.c:31 0x423e09 6
4 path.c:31 0x423889 4
4 dynarray.c:112 0x423d69 16
4 dynarray.c:113 0x423d39 24
4 path.c:254 0x423cc9 24
2 path.c:128 0x423cc9 24
1 dynarray.c:84 0x424029 24
2 dynarray.c:95 0x423d39 16
2 path.c:90 0x423889 6
1 path.c:143 0x423d99 6
2 path.c:178 0x423ef9 24
1 dynarray.c:84 0x423d69 24
2 dynarray.c:95 0x4235c9 16
2 path.c:191 0x423e09 6
2 path.c:205 0x423de9 6
3 path.c:223 0x423e09 0x423e09 6 6
4 path.c:246 0x423e09 6
4 path.c:31 0x423de9 6
4 dynarray.c:112 0x4235c9 16
4 dynarray.c:113 0x423d69 24
4 path.c:254 0x423ef9 24
4 path.c:246 0x423d99 6
4 path.c:31 0x423889 6
4 dynarray.c:112 0x423d39 16
4 dynarray.c:113 0x424029 24
4 path.c:254 0x423cc9 24
2 path.c:128 0x423cc9 24
1 dynarray.c:84 0x423939 24
2 dynarray.c:95 0x424029 16
2 path.c:90 0x423889 6
2 path.c:90 0x423d99 7
1 path.c:143 0x423b39 13
2 path.c:178 0x423ef9 24
1 dynarray.c:84 0x423d39 24
2 dynarray.c:95 0x423d69 16
2 path.c:191 0x423de9 13
2 path.c:205 0x4236c9 6
3 path.c:223 0x423de9 0x423de9 13 6
4 path.c:246 0x423de9 6
4 path.c:31 0x4236c9 6
4 dynarray.c:112 0x423d69 16
4 dynarray.c:113 0x423d39 24
4 path.c:254 0x423ef9 24
2 path.c:178 0x423ef9 24
1 dynarray.c:84 0x4235c9 24
2 dynarray.c:95 0x423d39 16
2 path.c:191 0x4236c9 13
2 path.c:205 0x423de9 6
2 path.c:205 0x423969 7
3 path.c:223 0x4236c9 0x4236c9 13 13
4 path.c:246 0x4236c9 13
4 path.c:31 0x423de9 6
4 path.c:31 0x423969 7
4 dynarray.c:112 0x423d39 16
4 dynarray.c:113 0x4235c9 24
4 path.c:254 0x423ef9 24
4 path.c:246 0x423b39 13
4 path.c:31 0x423889 6
4 path.c:31 0x423d99 7
4 dynarray.c:112 0x424029 16
4 dynarray.c:113 0x423939 24
4 path.c:254 0x423cc9 24
2 path.c:128 0x423cc9 24
1 dynarray.c:84 0x423d69 24
2 dynarray.c:95 0x423939 16
2 path.c:90 0x423d99 6
2 path.c:90 0x423889 8
1 path.c:143 0x423e09 14
2 path.c:178 0x423ef9 24
1 dynarray.c:84 0x424029 24
2 dynarray.c:95 0x4235c9 16
2 path.c:191 0x423b39 14
2 path.c:205 0x423de9 6
3 path.c:223 0x423b39 0x423b39 14 6
4 path.c:246 0x423b39 6
4 path.c:31 0x423de9 6
4 dynarray.c:112 0x4235c9 16
4 dynarray.c:113 0x424029 24
4 path.c:254 0x423ef9 24
2 path.c:178 0x423ef9 24
1 dynarray.c:84 0x423d39 24
2 dynarray.c:95 0x424029 16
2 path.c:191 0x423de9 14
2 path.c:205 0x423b39 6
2 path.c:205 0x4236c9 8
3 path.c:223 0x423de9 0x423de9 14 14
4 path.c:246 0x423de9 14
4 path.c:31 0x423b39 6
4 path.c:31 0x4236c9 8
4 dynarray.c:112 0x424029 16
4 dynarray.c:113 0x423d39 24
4 path.c:254 0x423ef9 24
4 path.c:246 0x423e09 14
4 path.c:31 0x423d99 6
4 path.c:31 0x423889 8
4 dynarray.c:112 0x423939 16
4 dynarray.c:113 0x423d69 24
4 path.c:254 0x423cc9 24
2 path.c:128 0x423cc9 24
1 dynarray.c:84 0x4235c9 24
2 dynarray.c:95 0x423d69 16
2 path.c:90 0x423889 6
2 path.c:90 0x423d99 7
1 path.c:143 0x423969 13
2 path.c:178 0x423ef9 24
1 dynarray.c:84 0x423939 24
2 dynarray.c:95 0x423d39 16
2 path.c:191 0x423e09 13
2 path.c:205 0x423b39 6
3 path.c:223 0x423e09 0x423e09 13 6
4 path.c:246 0x423e09 6
4 path.c:31 0x423b39 6
4 dynarray.c:112 0x423d39 16
4 dynarray.c:113 0x423939 24
4 path.c:254 0x423ef9 24
2 path.c:178 0x423ef9 24
1 dynarray.c:84 0x424029 24
2 dynarray.c:95 0x423939 16
2 path.c:191 0x423b39 13
2 path.c:205 0x423e09 6
2 path.c:205 0x423de9 7
3 path.c:223 0x423b39 0x423b39 13 13
4 path.c:246 0x423b39 13
4 path.c:31 0x423e09 6
4 path.c:31 0x423de9 7
4 dynarray.c:112 0x423939 16
4 dynarray.c:113 0x424029 24
4 path.c:254 0x423ef9 24
2 path.c:128 0x423ef9 24
1 dynarray.c:84 0x423d39 24
2 dynarray.c:95 0x424029 16
2 path.c:90 0x423de9 6
2 path.c:90 0x423e09 4
1 path.c:143 0x4236c9 10
2 path.c:178 0x423659 24
1 dynarray.c:84 0x423939 24
2 dynarray.c:95 0x423ff9 16
2 path.c:191 0x423b39 10
2 path.c:205 0x423f79 6
3 path.c:223 0x423b39 0x423b39 10 6
4 path.c:246 0x423b39 6
4 path.c:31 0x423f79 6
4 dynarray.c:112 0x423ff9 16
4 dynarray.c:113 0x423939 24
4 path.c:254 0x423659 24
2 path.c:178 0x423659 24
1 dynarray.c:84 0x423989 24
2 dynarray.c:95 0x423939 16
2 path.c:191 0x423f79 10
2 path.c:205 0x423b39 6
2 path.c:205 0x423f99 4
3 path.c:223 0x423f79 0x423f79 10 10
4 path.c:246 0x423f79 10
4 path.c:31 0x423b39 6
4 path.c:31 0x423f99 4
4 dynarray.c:112 0x423939 16
4 dynarray.c:113 0x423989 24
4 path.c:254 0x423659 24
2 path.c:128 0x423659 24
1 dynarray.c:84 0x423ff9 24
2 dynarray.c:95 0x423989 16
2 path.c:90 0x423f99 6
2 path.c:90 0x423b39 4
2 path.c:90 0x423f79 5
3 dynarray.c:69 0x424059 0x423989 16 32
1 path.c:143 0x423939 15
2 path.c:178 0x423989 24
1 dynarray.c:84 0x423f29 24
2 dynarray.c:95 0x424099 16
2 path.c:191 0x4240c9 15
2 path.c:205 0x4240f9 6
3 path.c:223 0x4240c9 0x4240c9 15 6
4 path.c:246 0x4240c9 6
4 path.c:31 0x4240f9 6
4 dynarray.c:112 0x424099 16
4 dynarray.c:113 0x423f29 24
4 path.c:254 0x423989 24
2 path.c:178 0x423989 24
1 dynarray.c:84 0x424099 24
2 dynarray.c:95 0x423f29 16
2 path.c:191 0x424119 15
2 path.c:205 0x4240f9 6
2 path.c:205 0x424149 4
3 path.c:223 0x424119 0x424119 15 10
4 path.c:246 0x424119 10
4 path.c:31 0x4240f9 6
4 path.c:31 0x424149 4
4 dynarray.c:112 0x423f29 16
4 dynarray.c:113 0x424099 24
4 path.c:254 0x423989 24
2 path.c:128 0x423989 24
1 dynarray.c:84 0x424119 24
2 dynarray.c:95 0x424099 16
2 path.c:90 0x424149 6
2 path.c:90 0x4240f9 4
2 path.c:90 0x424169 5
3 dynarray.c:69 0x424189 0x424099 16 32
2 path.c:90 0x4241c9 7
1 path.c:143 0x423f29 22
2 path.c:178 0x424099 24
1 dynarray.c:84 0x4240c9 24
2 dynarray.c:95 0x4241e9 16
2 path.c:191 0x424219 22
2 path.c:205 0x424249 6
3 path.c:223 0x424219 0x424219 22 6
4 path.c:246 0x424219 6
4 path.c:31 0x424249 6
4 dynarray.c:112 0x4241e9 16
4 dynarray.c:113 0x4240c9 24
4 path.c:254 0x424099 24
2 path.c:178 0x424099 24
1 dynarray.c:84 0x4241e9 24
2 dynarray.c:95 0x4240c9 16
2 path.c:191 0x424269 22
2 path.c:205 0x424249 6
2 path.c:205 0x424299 4
3 path.c:223 0x424269 0x424269 22 10
4 path.c:246 0x424269 10
4 path.c:31 0x424249 6
4 path.c:31 0x424299 4
4 dynarray.c:112 0x4240c9 16
4 dynarray.c:113 0x4241e9 24
4 path.c:254 0x424099 24
1 dynarray.c:84 0x424269 24
2 dynarray.c:95 0x4242b9 32
1 bdtBad5.c:662 0x4242f9 59
4 dynarray.c:112 0x4242b9 32
4 dynarray.c:113 0x424269 24
4 bdt_client.c:82 0x4242f9 59
2 path.c:128 0x424099 24
1 dynarray.c:84 0x424269 24
2 dynarray.c:95 0x4241e9 16
2 path.c:90 0x424299 6
2 path.c:90 0x424249 7
2 path.c:90 0x424349 12
3 dynarray.c:69 0x424369 0x4241e9 16 32
1 path.c:143 0x4240c9 25
2 path.c:178 0x4241e9 24
1 dynarray.c:84 0x424219 24
2 dynarray.c:95 0x4243a9 16
2 path.c:191 0x4243d9 25
2 path.c:205 0x424409 6
3 path.c:223 0x4243d9 0x4243d9 25 6
4 path.c:246 0x4243d9 6
4 path.c:31 0x424409 6
4 dynarray.c:112 0x4243a9 16
4 dynarray.c:113 0x424219 24
4 path.c:254 0x4241e9 24
2 path.c:178 0x4241e9 24
1 dynarray.c:84 0x4243a9 24
2 dynarray.c:95 0x424219 16
2 path.c:191 0x424429 25
2 path.c:205 0x424409 6
2 path.c:205 0x424459 7
3 path.c:223 0x424429 0x424429 25 13
4 path.c:246 0x424429 13
4 path.c:31 0x424409 6
4 path.c:31 0x424459 7
4 dynarray.c:112 0x424219 16
4 dynarray.c:113 0x4243a9 24
4 path.c:254 0x4241e9 24
2 path.c:178 0x4241e9 24
1 dynarray.c:84 0x424429 24
2 dynarray.c:95 0x4243a9 24
2 path.c:191 0x424479 25
2 path.c:205 0x424459 6
2 path.c:205 0x424409 7
2 path.c:205 0x4244a9 12
3 path.c:223 0x424479 0x424479 25 25
4 path.c:246 0x424479 25
4 path.c:31 0x424459 6
4 path.c:31 0x424409 7
4 path.c:31 0x4244a9 12
4 dynarray.c:112 0x4243a9 24
4 dynarray.c:113 0x424429 24
4 path.c:254 0x4241e9 24
4 path.c:246 0x4240c9 25
4 path.c:31 0x424299 6
4 path.c:31 0x424249 7
4 path.c:31 0x424349 12
4 dynarray.c:112 0x424369 32
4 dynarray.c:113 0x424269 24
4 path.c:254 0x424099 24
2 path.c:128 0x424099 24
1 dynarray.c:84 0x424219 24
2 dynarray.c:95 0x424269 16
2 path.c:90 0x424349 6
2 path.c:90 0x424249 8
2 path.c:90 0x424299 12
3 dynarray.c:69 0x4244c9 0x424269 16 32
1 path.c:143 0x4240c9 26
2 path.c:178 0x424269 24
1 dynarray.c:84 0x4241e9 24
2 dynarray.c:95 0x424429 16
2 path.c:191 0x424479 26
2 path.c:205 0x4244a9 6
3 path.c:223 0x424479 0x424479 26 6
4 path.c:246 0x424479 6
4 path.c:31 0x4244a9 6
4 dynarray.c:112 0x424429 16
4 dynarray.c:113 0x4241e9 24
4 path.c:254 0x424269 24
2 path.c:178 0x424269 24
1 dynarray.c:84 0x4243a9 24
2 dynarray.c:95 0x4241e9 16
2 path.c:191 0x424479 26
2 path.c:205 0x4244a9 6
2 path.c:205 0x424409 8
3 path.c:223 0x424479 0x424479 26 14
4 path.c:246 0x424479 14
4 path.c:31 0x4244a9 6
4 path.c:31 0x424409 8
4 dynarray.c:112 0x4241e9 16
4 dynarray.c:113 0x4243a9 24
4 path.c:254 0x424269 24
2 path.c:178 0x424269 24
1 dynarray.c:84 0x424429 24
2 dynarray.c:95 0x4243a9 24
2 path.c:191 0x424479 26
2 path.c:205 0x424409 6
2 path.c:205 0x4244a9 8
2 path.c:205 0x424459 12
3 path.c:223 0x424479 0x424479 26 26
4 path.c:246 0x424479 26
4 path.c:31 0x424409 6
4 path.c:31 0x4244a9 8
4 path.c:31 0x424459 12
4 dynarray.c:112 0x4243a9 24
4 dynarray.c:113 0x424429 24
4 path.c:254 0x424269 24
2 path.c:128 0x424269 24
1 dynarray.c:84 0x4241e9 24
2 dynarray.c:95 0x424429 16
2 path.c:90 0x424459 6
2 path.c:90 0x4244a9 8
2 path.c:90 0x424409 12
3 dynarray.c:69 0x424509 0x424429 16 32
1 path.c:143 0x4243a9 26
2 path.c:178 0x424429 24
1 dynarray.c:84 0x424479 24
2 dynarray.c:95 0x424549 16
2 path.c:191 0x424579 26
2 path.c:205 0x4245a9 6
3 path.c:223 0x424579 0x424579 26 6
4 path.c:246 0x424579 6
4 path.c:31 0x4245a9 6
4 dynarray.c:112 0x424549 16
4 dynarray.c:113 0x424479 24
4 path.c:254 0x424429 24
2 path.c:178 0x424429 24
1 dynarray.c:84 0x424579 24
2 dynarray.c:95 0x424479 16
2 path.c:191 0x4245c9 26
2 path.c:205 0x4245a9 6
2 path.c:205 0x4245f9 8
3 path.c:223 0x4245c9 0x4245c9 26 14
4 path.c:246 0x4245c9 14
4 path.c:31 0x4245a9 6
4 path.c:31 0x4245f9 8
4 dynarray.c:112 0x424479 16
4 dynarray.c:113 0x424579 24
4 path.c:254 0x424429 24
2 path.c:178 0x424429 24
1 dynarray.c:84 0x424549 24
2 dynarray.c:95 0x424579 24
2 path.c:191 0x4245c9 26
2 path.c:205 0x4245f9 6
2 path.c:205 0x4245a9 8
2 path.c:205 0x424619 12
3 path.c:223 0x4245c9 0x4245c9 26 26
4 path.c:246 0x4245c9 26
4 path.c:31 0x4245f9 6
4 path.c:31 0x4245a9 8
4 path.c:31 0x424619 12
4 dynarray.c:112 0x424579 24
4 dynarray.c:113 0x424549 24
4 path.c:254 0x424429 24
2 path.c:178 0x424429 24
1 dynarray.c:84 0x424479 24
2 dynarray.c:95 0x424549 24
2 path.c:191 0x4245c9 26
2 path.c:205 0x424619 6
2 path.c:205 0x4245a9 8
2 path.c:205 0x4245f9 12
3 path.c:223 0x4245c9 0x4245c9 26 26
1 bdtBad5.c:143 0x424369 32
2 path.c:178 0x424639 24
1 dynarray.c:84 0x424579 24
2 dynarray.c:95 0x424669 24
2 path.c:191 0x424699 26
2 path.c:205 0x4246c9 6
2 path.c:205 0x4246e9 8
2 path.c:205 0x424709 12
3 path.c:223 0x424699 0x424699 26 26
4 path.c:246 0x4245c9 26
4 path.c:31 0x424619 6
4 path.c:31 0x4245a9 8
4 path.c:31 0x4245f9 12
4 dynarray.c:112 0x424549 24
4 dynarray.c:113 0x424479 24
4 path.c:254 0x424429 24
4 path.c:246 0x4243a9 26
4 path.c:31 0x424459 6
4 path.c:31 0x4244a9 8
4 path.c:31 0x424409 12
4 dynarray.c:112 0x424509 32
4 dynarray.c:113 0x4241e9 24
4 path.c:254 0x424269 24
2 path.c:128 0x424269 24
1 dynarray.c:84 0x4245c9 24
2 dynarray.c:95 0x4241e9 16
2 path.c:90 0x424409 6
2 path.c:90 0x4244a9 7
2 path.c:90 0x424459 12
3 dynarray.c:69 0x424729 0x4241e9 16 32
1 path.c:143 0x4243a9 25
2 path.c:178 0x4241e9 24
1 dynarray.c:84 0x424429 24
2 dynarray.c:95 0x424479 16
2 path.c:191 0x424769 25
2 path.c:205 0x4245f9 6
3 path.c:223 0x424769 0x424769 25 6
4 path.c:246 0x424769 6
4 path.c:31 0x4245f9 6
4 dynarray.c:112 0x424479 16
4 dynarray.c:113 0x424429 24
4 path.c:254 0x4241e9 24
2 path.c:178 0x4241e9 24
1 dynarray.c:84 0x424549 24
2 dynarray.c:95 0x424429 16
2 path.c:191 0x424769 25
2 path.c:205 0x4245f9 6
2 path.c:205 0x4245a9 7
3 path.c:223 0x424769 0x424769 25 13
4 path.c:246 0x424769 13
4 path.c:31 0x4245f9 6
4 path.c:31 0x4245a9 7
4 dynarray.c:112 0x424429 16
4 dynarray.c:113 0x424549 24
4 path.c:254 0x4241e9 24
2 path.c:178 0x4241e9 24
1 dynarray.c:84 0x424479 24
2 dynarray.c:95 0x424549 24
2 path.c:191 0x424769 25
2 path.c:205 0x4245a9 6
2 path.c:205 0x4245f9 7
2 path.c:205 0x424619 12
3 path.c:223 0x424769 0x424769 25 25
4 path.c:246 0x424769 25
4 path.c:31 0x4245a9 6
4 path.c:31 0x4245f9 7
4 path.c:31 0x424619 12
4 dynarray.c:112 0x424549 24
4 dynarray.c:113 0x424479 24
4 path.c:254 0x4241e9 24
4 path.c:246 0x4243a9 25
4 path.c:31 0x424409 6
4 path.c:31 0x4244a9 7
4 path.c:31 0x424459 12
4 dynarray.c:112 0x424729 32
4 dynarray.c:113 0x4245c9 24
4 path.c:254 0x424269 24
2 path.c:128 0x424269 24
1 dynarray.c:84 0x424429 24
2 dynarray.c:95 0x4245c9 16
2 path.c:90 0x424459 6
2 path.c:90 0x4244a9 8
2 path.c:90 0x424409 12
3 dynarray.c:69 0x424799 0x4245c9 16 32
1 path.c:143 0x4243a9 26
2 path.c:178 0x4245c9 24
1 dynarray.c:84 0x4241e9 24
2 dynarray.c:95 0x424479 16
2 path.c:191 0x424769 26
2 path.c:205 0x424619 6
3 path.c:223 0x424769 0x424769 26 6
4 path.c:246 0x424769 6
4 path.c:31 0x424619 6
4 dynarray.c:112 0x424479 16
4 dynarray.c:113 0x4241e9 24
4 path.c:254 0x4245c9 24
2 path.c:178 0x4245c9 24
1 dynarray.c:84 0x424549 24
2 dynarray.c:95 0x4241e9 16
2 path.c:191 0x424769 26
2 path.c:205 0x424619 6
2 path.c:205 0x4245f9 8
3 path.c:223 0x424769 0x424769 26 14
4 path.c:246 0x424769 14
4 path.c:31 0x424619 6
4 path.c:31 0x4245f9 8
4 dynarray.c:112 0x4241e9 16
4 dynarray.c:113 0x424549 24
4 path.c:254 0x4245c9 24
2 path.c:178 0x4245c9 24
1 dynarray.c:84 0x424479 24
2 dynarray.c:95 0x424549 24
2 path.c:191 0x424769 26
2 path.c:205 0x4245f9 6
2 path.c:205 0x424619 8
2 path.c:205 0x4245a9 12
3 path.c:223 0x424769 0x424769 26 26
4 path.c:246 0x424769 26
4 path.c:31 0x4245f9 6
4 path.c:31 0x424619 8
4 path.c:31 0x4245a9 12
4 dynarray.c:112 0x424549 24
4 dynarray.c:113 0x424479 24
4 path.c:254 0x4245c9 24
4 path.c:246 0x4243a9 26
4 path.c:31 0x424459 6
4 path.c:31 0x4244a9 8
4 path.c:31 0x424409 12
4 dynarray.c:112 0x424799 32
4 dynarray.c:113 0x424429 24
4 path.c:254 0x424269 24
2 path.c:128 0x424269 24
1 dynarray.c:84 0x4241e9 24
2 dynarray.c:95 0x424429 16
2 path.c:90 0x424409 6
2 path.c:90 0x4244a9 8
2 path.c:90 0x424459 12
3 dynarray.c:69 0x424799 0x424429 16 32
1 path.c:143 0x4243a9 26
2 path.c:178 0x424429 24
1 dynarray.c:84 0x4245c9 24
2 dynarray.c:95 0x424479 16
2 path.c:191 0x424769 26
2 path.c:205 0x4245a9 6
3 path.c:223 0x424769 0x424769 26 6
4 path.c:246 0x424769 6
4 path.c:31 0x4245a9 6
4 dynarray.c:112 0x424479 16
4 dynarray.c:113 0x4245c9 24
4 path.c:254 0x424429 24
2 path.c:178 0x424429 24
1 dynarray.c:84 0x424549 24
2 dynarray.c:95 0x4245c9 16
2 path.c:191 0x424769 26
2 path.c:205 0x4245a9 6
2 path.c:205 0x424619 8
3 path.c:223 0x424769 0x424769 26 14
4 path.c:246 0x424769 14
4 path.c:31 0x4245a9 6
4 path.c:31 0x424619 8
4 dynarray.c:112 0x4245c9 16
4 dynarray.c:113 0x424549 24
4 path.c:254 0x424429 24
2 path.c:178 0x424429 24
1 dynarray.c:84 0x424479 24
2 dynarray.c:95 0x424549 24
2 path.c:191 0x424769 26
2 path.c:205 0x424619 6
2 path.c:205 0x4245a9 8
2 path.c:205 0x4245f9 12
3 path.c:223 0x424769 0x424769 26 26
4 path.c:246 0x424769 26
4 path.c:31 0x424619 6
4 path.c:31 0x4245a9 8
4 path.c:31 0x4245f9 12
4 dynarray.c:112 0x424549 24
4 dynarray.c:113 0x424479 24
4 path.c:254 0x424429 24
4 path.c:246 0x4243a9 26
4 path.c:31 0x424409 6
4 path.c:31 0x4244a9 8
4 path.c:31 0x424459 12
4 dynarray.c:112 0x424799 32
4 dynarray.c:113 0x4241e9 24
4 path.c:254 0x424269 24
2 path.c:128 0x424269 24
1 dynarray.c:84 0x4245c9 24
2 dynarray.c:95 0x4241e9 16
2 path.c:90 0x424459 6
2 path.c:90 0x4244a9 8
2 path.c:90 0x424409 12
3 dynarray.c:69 0x424799 0x4241e9 16 32
2 path.c:90 0x4245f9 6
1 path.c:143 0x424729 32
2 path.c:178 0x4241e9 24
1 dynarray.c:84 0x4243a9 24
2 dynarray.c:95 0x424429 16
2 path.c:191 0x4247d9 32
2 path.c:205 0x4245a9 6
3 path.c:223 0x4247d9 0x4247d9 32 6
4 path.c:246 0x4247d9 6
4 path.c:31 0x4245a9 6
4 dynarray.c:112 0x424429 16
4 dynarray.c:113 0x4243a9 24
4 path.c:254 0x4241e9 24
2 path.c:178 0x4241e9 24
1 dynarray.c:84 0x424479 24
2 dynarray.c:95 0x4243a9 16
2 path.c:191 0x424819 32
2 path.c:205 0x4245a9 6
2 path.c:205 0x4247d9 8
3 path.c:223 0x424819 0x424819 32 14
4 path.c:246 0x424819 14
4 path.c:31 0x4245a9 6
4 path.c:31 0x4247d9 8
4 dynarray.c:112 0x4243a9 16
4 dynarray.c:113 0x424479 24
4 path.c:254 0x4241e9 24
2 path.c:178 0x4241e9 24
1 dynarray.c:84 0x424429 24
2 dynarray.c:95 0x424479 24
2 path.c:191 0x424859 32
2 path.c:205 0x4247d9 6
2 path.c:205 0x4245a9 8
2 path.c:205 0x424819 12
3 path.c:223 0x424859 0x424859 32 26
4 path.c:246 0x424859 26
4 path.c:31 0x4247d9 6
4 path.c:31 0x4245a9 8
4 path.c:31 0x424819 12
4 dynarray.c:112 0x424479 24
4 dynarray.c:113 0x424429 24
4 path.c:254 0x4241e9 24
2 path.c:178 0x4241e9 24
1 dynarray.c:84 0x4243a9 24
2 dynarray.c:95 0x424899 32
2 path.c:191 0x4248d9 32
2 path.c:205 0x424819 6
2 path.c:205 0x4245a9 8
2 path.c:205 0x4247d9 12
2 path.c:205 0x424839 6
3 path.c:223 0x4248d9 0x4248d9 32 32
4 path.c:246 0x4248d9 32
4 path.c:31 0x424819 6
4 path.c:31 0x4245a9 8
4 path.c:31 0x4247d9 12
4 path.c:31 0x424839 6
4 dynarray.c:112 0x424899 32
4 dynarray.c:113 0x4243a9 24
4 path.c:254 0x4241e9 24
2 path.c:178 0x4241e9 24
1 dynarray.c:84 0x4243a9 24
2 dynarray.c:95 0x424899 32
2 path.c:191 0x4248d9 32
2 path.c:205 0x424839 6
2 path.c:205 0x4247d9 8
2 path.c:205 0x4245a9 12
2 path.c:205 0x424819 6
3 path.c:223 0x4248d9 0x4248d9 32 32
1 bdtBad5.c:143 0x424859 32
2 path.c:178 0x424429 24
1 dynarray.c:84 0x424479 24
2 dynarray.c:95 0x424919 32
2 path.c:191 0x424959 32
2 path.c:205 0x4247f9 6
2 path.c:205 0x424619 8
2 path.c:205 0x424999 12
2 path.c:205 0x4249b9 6
3 path.c:223 0x424959 0x424959 32 32
4 path.c:246 0x4248d9 32
4 path.c:31 0x424839 6
4 path.c:31 0x4247d9 8
4 path.c:31 0x4245a9 12
4 path.c:31 0x424819 6
4 dynarray.c:112 0x424899 32
4 dynarray.c:113 0x4243a9 24
4 path.c:254 0x4241e9 24
4 path.c:246 0x424729 32
4 path.c:31 0x424459 6
4 path.c:31 0x4244a9 8
4 path.c:31 0x424409 12
4 path.c:31 0x4245f9 6
4 dynarray.c:112 0x424799 32
4 dynarray.c:113 0x4245c9 24
4 path.c:254 0x424269 24
2 path.c:128 0x424269 24
1 dynarray.c:84 0x4243a9 24
2 dynarray.c:95 0x4245c9 16
2 path.c:90 0x4245f9 6
2 path.c:90 0x424409 8
2 path.c:90 0x4244a9 12
3 dynarray.c:69 0x424799 0x4245c9 16 32
2 path.c:90 0x424459 6
1 path.c:143 0x4248d9 32
2 path.c:178 0x4245c9 24
1 dynarray.c:84 0x4241e9 24
2 dynarray.c:95 0x424549 16
2 path.c:191 0x424729 32
2 path.c:205 0x424819 6
3 path.c:223 0x424729 0x424729 32 6
4 path.c:246 0x424729 6
4 path.c:31 0x424819 6
4 dynarray.c:112 0x424549 16
4 dynarray.c:113 0x4241e9 24
4 path.c:254 0x4245c9 24
2 path.c:178 0x4245c9 24
1 dynarray.c:84 0x424769 24
2 dynarray.c:95 0x4241e9 16
2 path.c:191 0x4249d9 32
2 path.c:205 0x424819 6
2 path.c:205 0x424729 8
3 path.c:223 0x4249d9 0x4249d9 32 14
4 path.c:246 0x4249d9 14
4 path.c:31 0x424819 6
4 path.c:31 0x424729 8
4 dynarray.c:112 0x4241e9 16
4 dynarray.c:113 0x424769 24
4 path.c:254 0x4245c9 24
2 path.c:178 0x4245c9 24
1 dynarray.c:84 0x424549 24
2 dynarray.c:95 0x424769 24
2 path.c:191 0x424a19 32
2 path.c:205 0x424729 6
2 path.c:205 0x424819 8
2 path.c:205 0x4249d9 12
3 path.c:223 0x424a19 0x424a19 32 26
4 path.c:246 0x424a19 26
4 path.c:31 0x424729 6
4 path.c:31 0x424819 8
4 path.c:31 0x4249d9 12
4 dynarray.c:112 0x424769 24
4 dynarray.c:113 0x424549 24
4 path.c:254 0x4245c9 24
2 path.c:178 0x4245c9 24
1 dynarray.c:84 0x4241e9 24
2 dynarray.c:95 0x424a19 32
2 path.c:191 0x424a59 32
2 path.c:205 0x4249d9 6
2 path.c:205 0x424819 8
2 path.c:205 0x424729 12
2 path.c:205 0x4249f9 6
3 path.c:223 0x424a59 0x424a59 32 32
4 path.c:246 0x424a59 32
4 path.c:31 0x4249d9 6
4 path.c:31 0x424819 8
4 path.c:31 0x424729 12
4 path.c:31 0x4249f9 6
4 dynarray.c:112 0x424a19 32
4 dynarray.c:113 0x4241e9 24
4 path.c:254 0x4245c9 24
4 path.c:246 0x4248d9 32
4 path.c:31 0x4245f9 6
4 path.c:31 0x424409 8
4 path.c:31 0x4244a9 12
4 path.c:31 0x424459 6
4 dynarray.c:112 0x424799 32
4 dynarray.c:113 0x4243a9 24
4 path.c:254 0x424269 24
1 dynarray.c:84 0x4241e9 24
2 dynarray.c:95 0x424a99 48
1 bdtBad5.c:662 0x424ae9 117
4 dynarray.c:112 0x424a99 48
4 dynarray.c:113 0x4241e9 24
4 bdt_client.c:96 0x424ae9 117
2 path.c:128 0x424269 24
1 dynarray.c:84 0x4241e9 24
2 dynarray.c:95 0x4243a9 16
2 path.c:90 0x424459 6
2 path.c:90 0x4244a9 8
2 path.c:90 0x424409 12
3 dynarray.c:69 0x424799 0x4243a9 16 32
2 path.c:90 0x4245f9 6
1 path.c:143 0x424899 32
2 path.c:178 0x4243a9 24
1 dynarray.c:84 0x4245c9 24
2 dynarray.c:95 0x424549 16
2 path.c:191 0x4248d9 32
2 path.c:205 0x4249f9 6
3 path.c:223 0x4248d9 0x4248d9 32 6
4 path.c:246 0x4248d9 6
4 path.c:31 0x4249f9 6
4 dynarray.c:112 0x424549 16
4 dynarray.c:113 0x4245c9 24
4 path.c:254 0x4243a9 24
2 path.c:178 0x4243a9 24
1 dynarray.c:84 0x424769 24
2 dynarray.c:95 0x4245c9 16
2 path.c:191 0x424a59 32
2 path.c:205 0x4249f9 6
2 path.c:205 0x4248d9 8
3 path.c:223 0x424a59 0x424a59 32 14
4 path.c:246 0x424a59 14
4 path.c:31 0x4249f9 6
4 path.c:31 0x4248d9 8
4 dynarray.c:112 0x4245c9 16
4 dynarray.c:113 0x424769 24
4 path.c:254 0x4243a9 24
2 path.c:178 0x4243a9 24
1 dynarray.c:84 0x424549 24
2 dynarray.c:95 0x424769 24
2 path.c:191 0x424b79 32
2 path.c:205 0x4248d9 6
2 path.c:205 0x4249f9 8
2 path.c:205 0x424a59 12
3 path.c:223 0x424b79 0x424b79 32 26
4 path.c:246 0x424b79 26
4 path.c:31 0x4248d9 6
4 path.c:31 0x4249f9 8
4 path.c:31 0x424a59 12
4 dynarray.c:112 0x424769 24
4 dynarray.c:113 0x424549 24
4 path.c:254 0x4243a9 24
2 path.c:178 0x4243a9 24
1 dynarray.c:84 0x4245c9 24
2 dynarray.c:95 0x424b79 32
2 path.c:191 0x424bb9 32
2 path.c:205 0x424a59 6
2 path.c:205 0x4249f9 8
2 path.c:205 0x4248d9 12
2 path.c:205 0x424a79 6
3 path.c:223 0x424bb9 0x424bb9 32 32
4 path.c:246 0x424bb9 32
4 path.c:31 0x424a59 6
4 path.c:31 0x4249f9 8
4 path.c:31 0x4248d9 12
4 path.c:31 0x424a79 6
4 dynarray.c:112 0x424b79 32
4 dynarray.c:113 0x4245c9 24
4 path.c:254 0x4243a9 24
4 path.c:246 0x424899 32
4 path.c:31 0x424459 6
4 path.c:31 0x4244a9 8
4 path.c:31 0x424409 12
4 path.c:31 0x4245f9 6
4 dynarray.c:112 0x424799 32
4 dynarray.c:113 0x4241e9 24
4 path.c:254 0x424269 24
2 path.c:128 0x424269 24
1 dynarray.c:84 0x4245c9 24
2 dynarray.c:95 0x4241e9 16
2 path.c:90 0x4245f9 6
2 path.c:90 0x424409 8
2 path.c:90 0x4244a9 8
3 dynarray.c:69 0x424799 0x4241e9 16 32
1 path.c:143 0x4243a9 22
2 path.c:178 0x4241e9 24
1 dynarray.c:84 0x424549 24
2 dynarray.c:95 0x424769 16
2 path.c:191 0x424bf9 22
2 path.c:205 0x424459 6
3 path.c:223 0x424bf9 0x424bf9 22 6
4 path.c:246 0x424bf9 6
4 path.c:31 0x424459 6
4 dynarray.c:112 0x424769 16
4 dynarray.c:113 0x424549 24
4 path.c:254 0x4241e9 24
2 path.c:178 0x4241e9 24
1 dynarray.c:84 0x424bf9 24
2 dynarray.c:95 0x424549 16
2 path.c:191 0x424c29 22
2 path.c:205 0x424459 6
2 path.c:205 0x424a79 8
3 path.c:223 0x424c29 0x424c29 22 14
4 path.c:246 0x424c29 14
4 path.c:31 0x424459 6
4 path.c:31 0x424a79 8
4 dynarray.c:112 0x424549 16
4 dynarray.c:113 0x424bf9 24
4 path.c:254 0x4241e9 24
2 path.c:178 0x4241e9 24
1 dynarray.c:84 0x424769 24
2 dynarray.c:95 0x424bf9 24
2 path.c:191 0x424c29 22
2 path.c:205 0x424a79 6
2 path.c:205 0x424459 8
2 path.c:205 0x4248d9 8
3 path.c:223 0x424c29 0x424c29 22 22
4 path.c:246 0x424c29 22
4 path.c:31 0x424a79 6
4 path.c:31 0x424459 8
4 path.c:31 0x4248d9 8
4 dynarray.c:112 0x424bf9 24
4 dynarray.c:113 0x424769 24
4 path.c:254 0x4241e9 24
2 path.c:128 0x4241e9 24
1 dynarray.c:84 0x424549 24
2 dynarray.c:95 0x424769 16
2 path.c:90 0x4248d9 6
2 path.c:90 0x424459 8
2 path.c:90 0x424a79 8
3 dynarray.c:69 0x424899 0x424769 16 32
1 path.c:143 0x424bf9 22
2 path.c:178 0x424769 24
1 dynarray.c:84 0x424c29 24
2 dynarray.c:95 0x424c59 16
2 path.c:191 0x424c89 22
2 path.c:205 0x4249f9 6
3 path.c:223 0x424c89 0x424c89 22 6
4 path.c:246 0x424c89 6
4 path.c:31 0x4249f9 6
4 dynarray.c:112 0x424c59 16
4 dynarray.c:113 0x424c29 24
4 path.c:254 0x424769 24
2 path.c:178 0x424769 24
1 dynarray.c:84 0x424c89 24
2 dynarray.c:95 0x424c29 16
2 path.c:191 0x424cb9 22
2 path.c:205 0x4249f9 6
2 path.c:205 0x424a59 8
3 path.c:223 0x424cb9 0x424cb9 22 14
4 path.c:246 0x424cb9 14
4 path.c:31 0x4249f9 6
4 path.c:31 0x424a59 8
4 dynarray.c:112 0x424c29 16
4 dynarray.c:113 0x424c89 24
4 path.c:254 0x424769 24
2 path.c:178 0x424769 24
1 dynarray.c:84 0x424c59 24
2 dynarray.c:95 0x424c89 24
2 path.c:191 0x424cb9 22
2 path.c:205 0x424a59 6
2 path.c:205 0x4249f9 8
2 path.c:205 0x4248f9 8
3 path.c:223 0x424cb9 0x424cb9 22 22
4 path.c:246 0x424cb9 22
4 path.c:31 0x424a59 6
4 path.c:31 0x4249f9 8
4 path.c:31 0x4248f9 8
4 dynarray.c:112 0x424c89 24
4 dynarray.c:113 0x424c59 24
4 path.c:254 0x424769 24
2 path.c:128 0x424769 24
1 dynarray.c:84 0x424c29 24
2 dynarray.c:95 0x424c59 16
2 path.c:90 0x4248f9 6
2 path.c:90 0x4249f9 8
2 path.c:90 0x424a59 8
3 dynarray.c:69 0x424b79 0x424c59 16 32
1 path.c:143 0x424c89 22
2 path.c:178 0x424c59 24
1 dynarray.c:84 0x424cb9 24
2 dynarray.c:95 0x424ce9 16
2 path.c:191 0x424d19 22
2 path.c:205 0x424729 6
3 path.c:223 0x424d19 0x424d19 22 6
4 path.c:246 0x424d19 6
4 path.c:31 0x424729 6
4 dynarray.c:112 0x424ce9 16
4 dynarray.c:113 0x424cb9 24
4 path.c:254 0x424c59 24
2 path.c:178 0x424c59 24
1 dynarray.c:84 0x424d19 24
2 dynarray.c:95 0x424cb9 16
2 path.c:191 0x424d49 22
2 path.c:205 0x424729 6
2 path.c:205 0x424819 8
3 path.c:223 0x424d49 0x424d49 22 14
4 path.c:246 0x424d49 14
4 path.c:31 0x424729 6
4 path.c:31 0x424819 8
4 dynarray.c:112 0x424cb9 16
4 dynarray.c:113 0x424d19 24
4 path.c:254 0x424c59 24
2 path.c:178 0x424c59 24
1 dynarray.c:84 0x424ce9 24
2 dynarray.c:95 0x424d19 24
2 path.c:191 0x424d49 22
2 path.c:205 0x424819 6
2 path.c:205 0x424729 8
2 path.c:205 0x4249d9 8
3 path.c:223 0x424d49 0x424d49 22 22
4 path.c:246 0x424d49 22
4 path.c:31 0x424819 6
4 path.c:31 0x424729 8
4 path.c:31 0x4249d9 8
4 dynarray.c:112 0x424d19 24
4 dynarray.c:113 0x424ce9 24
4 path.c:254 0x424c59 24
2 path.c:128 0x424c59 24
1 dynarray.c:84 0x424cb9 24
2 dynarray.c:95 0x424ce9 16
2 path.c:90 0x4249d9 6
2 path.c:90 0x424729 8
1 path.c:143 0x423f59 14
2 path.c:178 0x424d49 24
1 dynarray.c:84 0x424d19 24
2 dynarray.c:95 0x424d79 16
2 path.c:191 0x424819 14
2 path.c:205 0x4245a9 6
3 path.c:223 0x424819 0x424819 14 6
4 path.c:246 0x424819 6
4 path.c:31 0x4245a9 6
4 dynarray.c:112 0x424d79 16
4 dynarray.c:113 0x424d19 24
4 path.c:254 0x424d49 24
2 path.c:178 0x424d49 24
1 dynarray.c:84 0x424d79 24
2 dynarray.c:95 0x424d19 16
2 path.c:191 0x4245a9 14
2 path.c:205 0x424819 6
2 path.c:205 0x4247d9 8
3 path.c:223 0x4245a9 0x4245a9 14 14
4 path.c:246 0x4245a9 14
4 path.c:31 0x424819 6
4 path.c:31 0x4247d9 8
4 dynarray.c:112 0x424d19 16
4 dynarray.c:113 0x424d79 24
4 path.c:254 0x424d49 24
4 path.c:246 0x423f59 14
4 path.c:31 0x4249d9 6
4 path.c:31 0x424729 8
4 dynarray.c:112 0x424ce9 16
4 dynarray.c:113 0x424cb9 24
4 path.c:254 0x424c59 24
4 path.c:246 0x424959 32
4 path.c:31 0x4247f9 6
4 path.c:31 0x424619 8
4 path.c:31 0x424999 12
4 path.c:31 0x4249b9 6
4 dynarray.c:112 0x424919 32
4 dynarray.c:113 0x424479 24
4 path.c:254 0x424429 24
4 bdtBad5.c:263 0x424859 32
4 path.c:246 0x424699 26
4 path.c:31 0x4246c9 6
4 path.c:31 0x4246e9 8
4 path.c:31 0x424709 12
4 dynarray.c:112 0x424669 24
4 dynarray.c:113 0x424579 24
4 path.c:254 0x424639 24
4 bdtBad5.c:263 0x424369 32
4 path.c:246 0x423e99 14
4 path.c:31 0x423eb9 6
4 path.c:31 0x423ed9 8
4 dynarray.c:112 0x423e69 16
4 dynarray.c:113 0x423709 24
4 path.c:254 0x423db9 24
4 bdtBad5.c:263 0x423e29 32
2 path.c:128 0x423db9 24
1 dynarray.c:84 0x424d19 24
2 dynarray.c:95 0x423709 16
2 path.c:90 0x423ed9 6
1 path.c:143 0x424749 6
2 path.c:178 0x424639 24
1 dynarray.c:84 0x423e69 24
2 dynarray.c:95 0x424579 16
2 path.c:191 0x423eb9 6
2 path.c:205 0x424709 6
3 path.c:223 0x423eb9 0x423eb9 6 6
4 path.c:246 0x423eb9 6
4 path.c:31 0x424709 6
4 dynarray.c:112 0x424579 16
4 dynarray.c:113 0x423e69 24
4 path.c:254 0x424639 24
4 path.c:246 0x424749 6
4 path.c:31 0x423ed9 6
4 dynarray.c:112 0x423709 16
4 dynarray.c:113 0x424d19 24
4 path.c:254 0x423db9 24
2 path.c:128 0x423db9 24
1 dynarray.c:84 0x424669 24
2 dynarray.c:95 0x424d19 16
2 path.c:90 0x423ed9 6
2 path.c:90 0x424749 7
1 path.c:143 0x423e99 13
2 path.c:178 0x424639 24
1 dynarray.c:84 0x423709 24
2 dynarray.c:95 0x423e69 16
2 path.c:191 0x424709 13
2 path.c:205 0x4246e9 6
3 path.c:223 0x424709 0x424709 13 6
4 path.c:246 0x424709 6
4 path.c:31 0x4246e9 6
4 dynarray.c:112 0x423e69 16
4 dynarray.c:113 0x423709 24
4 path.c:254 0x424639 24
2 path.c:178 0x424639 24
1 dynarray.c:84 0x424579 24
2 dynarray.c:95 0x423709 16
2 path.c:191 0x4246e9 13
2 path.c:205 0x424709 6
2 path.c:205 0x4246c9 7
3 path.c:223 0x4246e9 0x4246e9 13 13
4 path.c:246 0x4246e9 13
4 path.c:31 0x424709 6
4 path.c:31 0x4246c9 7
4 dynarray.c:112 0x423709 16
4 dynarray.c:113 0x424579 24
4 path.c:254 0x424639 24
4 path.c:246 0x423e99 13
4 path.c:31 0x423ed9 6
4 path.c:31 0x424749 7
4 dynarray.c:112 0x424d19 16
4 dynarray.c:113 0x424669 24
4 path.c:254 0x423db9 24
2 path.c:128 0x423db9 24
1 dynarray.c:84 0x423e69 24
2 dynarray.c:95 0x424669 16
2 path.c:90 0x424749 6
2 path.c:90 0x423ed9 8
1 path.c:143 0x423eb9 14
2 path.c:178 0x424639 24
1 dynarray.c:84 0x424d19 24
2 dynarray.c:95 0x424579 16
2 path.c:191 0x423e99 14
2 path.c:205 0x424709 6
3 path.c:223 0x423e99 0x423e99 14 6
4 path.c:246 0x423e99 6
4 path.c:31 0x424709 6
4 dynarray.c:112 0x424579 16
4 dynarray.c:113 0x424d19 24
4 path.c:254 0x424639 24
2 path.c:178 0x424639 24
1 dynarray.c:84 0x423709 24
2 dynarray.c:95 0x424d19 16
2 path.c:191 0x424709 14
2 path.c:205 0x423e99 6
2 path.c:205 0x4246e9 8
3 path.c:223 0x424709 0x424709 14 14
4 path.c:246 0x424709 14
4 path.c:31 0x423e99 6
4 path.c:31 0x4246e9 8
4 dynarray.c:112 0x424d19 16
4 dynarray.c:113 0x423709 24
4 path.c:254 0x424639 24
2 path.c:128 0x424639 24
1 dynarray.c:84 0x424579 24
2 dynarray.c:95 0x423709 16
2 path.c:90 0x4246e9 6
2 path.c:90 0x423e99 8
2 path.c:90 0x424709 12
3 dynarray.c:69 0x423e29 0x423709 16 32
1 path.c:143 0x424d19 26
2 path.c:178 0x423709 24
1 dynarray.c:84 0x424699 24
2 dynarray.c:95 0x424429 16
2 path.c:191 0x424c59 26
2 path.c:205 0x4249b9 6
3 path.c:223 0x424c59 0x424c59 26 6
4 path.c:246 0x424c59 6
4 path.c:31 0x4249b9 6
4 dynarray.c:112 0x424429 16
4 dynarray.c:113 0x424699 24
4 path.c:254 0x423709 24
2 path.c:178 0x423709 24
1 dynarray.c:84 0x424479 24
2 dynarray.c:95 0x424699 16
2 path.c:191 0x424c59 26
2 path.c:205 0x4249b9 6
2 path.c:205 0x424999 8
3 path.c:223 0x424c59 0x424c59 26 14
4 path.c:246 0x424c59 14
4 path.c:31 0x4249b9 6
4 path.c:31 0x424999 8
4 dynarray.c:112 0x424699 16
4 dynarray.c:113 0x424479 24
4 path.c:254 0x423709 24
2 path.c:128 0x423709 24
1 dynarray.c:84 0x424429 24
2 dynarray.c:95 0x424479 16
2 path.c:90 0x424999 6
2 path.c:90 0x4249b9 8
2 path.c:90 0x424619 12
3 dynarray.c:69 0x424369 0x424479 16 32
2 path.c:90 0x4247f9 6
1 path.c:143 0x424a19 32
2 path.c:178 0x424479 24
1 dynarray.c:84 0x424699 24
2 dynarray.c:95 0x424c59 16
2 path.c:191 0x424859 32
2 path.c:205 0x424729 6
3 path.c:223 0x424859 0x424859 32 6
4 path.c:246 0x424859 6
4 path.c:31 0x424729 6
4 dynarray.c:112 0x424c59 16
4 dynarray.c:113 0x424699 24
4 path.c:254 0x424479 24
2 path.c:178 0x424479 24
1 dynarray.c:84 0x424cb9 24
2 dynarray.c:95 0x424699 16
2 path.c:191 0x424959 32
2 path.c:205 0x424729 6
2 path.c:205 0x424859 8
3 path.c:223 0x424959 0x424959 32 14
4 path.c:246 0x424959 14
4 path.c:31 0x424729 6
4 path.c:31 0x424859 8
4 dynarray.c:112 0x424699 16
4 dynarray.c:113 0x424cb9 24
4 path.c:254 0x424479 24
1 dynarray.c:84 0x424c59 24
2 dynarray.c:95 0x424479 24
1 bdtBad5.c:662 0x424919 45
4 dynarray.c:112 0x424479 24
4 dynarray.c:113 0x424c59 24
4 bdt_client.c:113 0x424919 45
2 path.c:128 0x424c59 24
1 dynarray.c:84 0x424cb9 24
2 dynarray.c:95 0x424479 16
2 path.c:90 0x424859 13
1 path.c:143 0x4246c9 13
2 path.c:178 0x424ce9 24
1 dynarray.c:84 0x424699 24
2 dynarray.c:95 0x424d49 16
2 path.c:191 0x424729 13
2 path.c:205 0x424979 13
3 path.c:223 0x424729 0x424729 13 13
4 path.c:246 0x424729 13
4 path.c:31 0x424979 13
4 dynarray.c:112 0x424d49 16
4 dynarray.c:113 0x424699 24
4 path.c:254 0x424ce9 24
4 path.c:246 0x4246c9 13
4 path.c:31 0x424859 13
4 dynarray.c:112 0x424479 16
4 dynarray.c:113 0x424cb9 24
4 path.c:254 0x424c59 24
2 path.c:128 0x424c59 24
1 dynarray.c:84 0x424d79 24
2 dynarray.c:95 0x424cb9 16
2 path.c:90 0x424859 6
1 path.c:143 0x424959 6
2 path.c:178 0x424ce9 24
1 dynarray.c:84 0x424479 24
2 dynarray.c:95 0x424699 16
2 path.c:191 0x4246c9 6
2 path.c:205 0x424729 6
3 path.c:223 0x4246c9 0x4246c9 6 6
4 path.c:246 0x4246c9 6
4 path.c:31 0x424729 6
4 dynarray.c:112 0x424699 16
4 dynarray.c:113 0x424479 24
4 path.c:254 0x424ce9 24
4 path.c:246 0x424959 6
4 path.c:31 0x424859 6
4 dynarray.c:112 0x424cb9 16
4 dynarray.c:113 0x424d79 24
4 path.c:254 0x424c59 24
4 path.c:246 0x423bf9 25
4 path.c:31 0x423c29 6
4 path.c:31 0x423c49 7
4 path.c:31 0x423c69 12
4 dynarray.c:112 0x423bc9 24
4 dynarray.c:113 0x423909 24
4 path.c:254 0x423b99 24
4 bdtBad5.c:263 0x423b59 32
4 path.c:246 0x423aa9 13
4 path.c:31 0x423ac9 6
4 path.c:31 0x423ae9 7
4 dynarray.c:112 0x423a79 16
4 dynarray.c:113 0x423599 24
4 path.c:254 0x423a49 24
4 bdtBad5.c:263 0x423a09 32
4 path.c:246 0x423849 6
4 path.c:31 0x423869 6
4 dynarray.c:112 0x423819 16
4 dynarray.c:113 0x4235f9 24
4 path.c:254 0x4237e9 24
4 bdtBad5.c:263 0x4237a9 32
2 path.c:128 0x4237e9 24
1 dynarray.c:84 0x424d49 24
2 dynarray.c:95 0x4235f9 16
2 path.c:90 0x423869 6
2 path.c:90 0x423849 7
1 path.c:143 0x424979 13
4 path.c:246 0x424979 13
4 path.c:31 0x423869 6
4 path.c:31 0x423849 7
4 dynarray.c:112 0x4235f9 16
4 dynarray.c:113 0x424d49 24
4 path.c:254 0x4237e9 24
2 path.c:128 0x4237e9 24
1 dynarray.c:84 0x423819 24
2 dynarray.c:95 0x424d49 16
2 path.c:90 0x423849 6
1 path.c:143 0x424979 6
4 path.c:246 0x424979 6
4 path.c:31 0x423849 6
4 dynarray.c:112 0x424d49 16
4 dynarray.c:113 0x423819 24
4 path.c:254 0x4237e9 24
2 path.c:128 0x4237e9 24
1 dynarray.c:84 0x4235f9 24
2 dynarray.c:95 0x423819 16
2 path.c:90 0x423849 6
1 path.c:143 0x424979 6
4 path.c:246 0x424979 6
4 path.c:31 0x423849 6
4 dynarray.c:112 0x423819 16
4 dynarray.c:113 0x4235f9 24
4 path.c:254 0x4237e9 24
2 path.c:128 0x4237e9 24
1 dynarray.c:84 0x424d49 24
2 dynarray.c:95 0x4235f9 16
2 path.c:90 0x423849 13
1 path.c:143 0x424979 13
4 path.c:246 0x424979 13
4 path.c:31 0x423849 13
4 dynarray.c:112 0x4235f9 16
4 dynarray.c:113 0x424d49 24
4 path.c:254 0x4237e9 24
1 dynarray.c:84 0x423819 24
2 dynarray.c:95 0x4237e9 16
1 bdtBad5.c:662 0x424979 1
4 dynarray.c:112 0x4237e9 16
4 dynarray.c:113 0x423819 24
4 bdt_client.c:124 0x424979 1
2 path.c:128 0x423819 24
1 dynarray.c:84 0x424d49 24
2 dynarray.c:95 0x4237e9 16
2 path.c:90 0x423849 2
2 path.c:90 0x423869 2
1 path.c:143 0x424979 4
2 path.c:178 0x423a49 24
1 dynarray.c:84 0x4235f9 24
2 dynarray.c:95 0x423599 16
2 path.c:191 0x423ae9 4
2 path.c:205 0x423aa9 2
3 path.c:223 0x423ae9 0x423ae9 4 2
1 bdtBad5.c:143 0x424919 32
2 path.c:178 0x423b99 24
1 dynarray.c:84 0x423a79 24
2 dynarray.c:95 0x423909 16
2 path.c:191 0x423c69 2
2 path.c:205 0x423c49 2
3 path.c:223 0x423c69 0x423c69 2 2
4 path.c:246 0x423ae9 2
4 path.c:31 0x423aa9 2
4 dynarray.c:112 0x423599 16
4 dynarray.c:113 0x4235f9 24
4 path.c:254 0x423a49 24
2 path.c:178 0x423a49 24
1 dynarray.c:84 0x423bc9 24
2 dynarray.c:95 0x4235f9 16
2 path.c:191 0x423aa9 4
2 path.c:205 0x423ae9 2
2 path.c:205 0x423c29 2
3 path.c:223 0x423aa9 0x423aa9 4 4
1 bdtBad5.c:143 0x424509 32
2 path.c:178 0x423bf9 24
1 dynarray.c:84 0x423599 24
2 dynarray.c:95 0x424c59 16
2 path.c:191 0x424859 4
2 path.c:205 0x424959 2
2 path.c:205 0x424729 2
3 path.c:223 0x424859 0x424859 4 4
4 path.c:246 0x423aa9 4
4 path.c:31 0x423ae9 2
4 path.c:31 0x423c29 2
4 dynarray.c:112 0x4235f9 16
4 dynarray.c:113 0x423bc9 24
4 path.c:254 0x423a49 24
4 path.c:246 0x424979 4
4 path.c:31 0x423849 2
4 path.c:31 0x423869 2
4 dynarray.c:112 0x4237e9 16
4 dynarray.c:113 0x424d49 24
4 path.c:254 0x423819 24
1 dynarray.c:84 0x424d79 24
2 dynarray.c:95 0x423819 16
1 bdtBad5.c:662 0x423ac9 7
4 dynarray.c:112 0x423819 16
4 dynarray.c:113 0x424d79 24
4 bdt_client.c:136 0x423ac9 7
2 path.c:128 0x424d79 24
1 dynarray.c:84 0x424d49 24
2 dynarray.c:95 0x423819 16
2 path.c:90 0x423869 2
2 path.c:90 0x423849 2
1 path.c:143 0x423ac9 4
2 path.c:178 0x423a49 24
1 dynarray.c:84 0x4237e9 24
2 dynarray.c:95 0x423bc9 16
2 path.c:191 0x424979 4
2 path.c:205 0x423ae9 2
3 path.c:223 0x424979 0x424979 4 2
4 path.c:246 0x424979 2
4 path.c:31 0x423ae9 2
4 dynarray.c:112 0x423bc9 16
4 dynarray.c:113 0x4237e9 24
4 path.c:254 0x423a49 24
2 path.c:178 0x423a49 24
1 dynarray.c:84 0x4235f9 24
2 dynarray.c:95 0x4237e9 16
2 path.c:191 0x423ae9 4
2 path.c:205 0x424979 2
2 path.c:205 0x423aa9 2
3 path.c:223 0x423ae9 0x423ae9 4 4
4 path.c:246 0x423ae9 4
4 path.c:31 0x424979 2
4 path.c:31 0x423aa9 2
4 dynarray.c:112 0x4237e9 16
4 dynarray.c:113 0x4235f9 24
4 path.c:254 0x423a49 24
2 path.c:178 0x423a49 24
1 dynarray.c:84 0x423bc9 24
2 dynarray.c:95 0x4235f9 16
2 path.c:191 0x423aa9 4
2 path.c:205 0x424979 2
2 path.c:205 0x423ae9 2
3 path.c:223 0x423aa9 0x423aa9 4 4
1 bdtBad5.c:143 0x4242b9 32
2 path.c:178 0x424cb9 24
1 dynarray.c:84 0x4237e9 24
2 dynarray.c:95 0x424ce9 16
2 path.c:191 0x4246c9 4
2 path.c:205 0x424879 2
2 path.c:205 0x4249d9 2
3 path.c:223 0x4246c9 0x4246c9 4 4
4 path.c:246 0x423aa9 4
4 path.c:31 0x424979 2
4 path.c:31 0x423ae9 2
4 dynarray.c:112 0x4235f9 16
4 dynarray.c:113 0x423bc9 24
4 path.c:254 0x423a49 24
4 path.c:246 0x423ac9 4
4 path.c:31 0x423869 2
4 path.c:31 0x423849 2
4 dynarray.c:112 0x423819 16
4 dynarray.c:113 0x424d49 24
4 path.c:254 0x424d79 24
1 dynarray.c:84 0x424479 24
2 dynarray.c:95 0x424d79 24
1 bdtBad5.c:662 0x423c29 11
4 dynarray.c:112 0x424d79 24
4 dynarray.c:113 0x424479 24
4 bdt_client.c:140 0x423c29 11
2 path.c:128 0x424479 24
1 dynarray.c:84 0x424d49 24
2 dynarray.c:95 0x424d79 16
2 path.c:90 0x423849 2
2 path.c:90 0x423869 2
1 path.c:143 0x423c29 4
2 path.c:178 0x423a49 24
1 dynarray.c:84 0x423819 24
2 dynarray.c:95 0x423bc9 16
2 path.c:191 0x423ac9 4
2 path.c:205 0x424979 2
3 path.c:223 0x423ac9 0x423ac9 4 2
4 path.c:246 0x423ac9 2
4 path.c:31 0x424979 2
4 dynarray.c:112 0x423bc9 16
4 dynarray.c:113 0x423819 24
4 path.c:254 0x423a49 24
2 path.c:178 0x423a49 24
1 dynarray.c:84 0x4235f9 24
2 dynarray.c:95 0x423819 16
2 path.c:191 0x424979 4
2 path.c:205 0x423ac9 2
2 path.c:205 0x423aa9 2
3 path.c:223 0x424979 0x424979 4 4
4 path.c:246 0x424979 4
4 path.c:31 0x423ac9 2
4 path.c:31 0x423aa9 2
4 dynarray.c:112 0x423819 16
4 dynarray.c:113 0x4235f9 24
4 path.c:254 0x423a49 24
4 path.c:246 0x423c29 4
4 path.c:31 0x423849 2
4 path.c:31 0x423869 2
4 dynarray.c:112 0x424d79 16
4 dynarray.c:113 0x424d49 24
4 path.c:254 0x424479 24
4 path.c:246 0x424859 4
4 path.c:31 0x424959 2
4 path.c:31 0x424729 2
4 dynarray.c:112 0x424c59 16
4 dynarray.c:113 0x423599 24
4 path.c:254 0x423bf9 24
4 bdtBad5.c:263 0x424509 32
1 dynarray.c:84 0x423bc9 24
2 dynarray.c:95 0x423bf9 16
1 bdtBad5.c:662 0x423ae9 7
4 dynarray.c:112 0x423bf9 16
4 dynarray.c:113 0x423bc9 24
4 bdt_client.c:144 0x423ae9 7
2 path.c:128 0x423bc9 24
1 dynarray.c:84 0x423599 24
2 dynarray.c:95 0x423bf9 16
2 path.c:90 0x424729 2
2 path.c:90 0x424959 3
1 path.c:143 0x423ae9 5
2 path.c:178 0x424479 24
1 dynarray.c:84 0x424c59 24
2 dynarray.c:95 0x424d49 16
2 path.c:191 0x424859 5
2 path.c:205 0x423849 2
3 path.c:223 0x424859 0x424859 5 2
4 path.c:246 0x424859 2
4 path.c:31 0x423849 2
4 dynarray.c:112 0x424d49 16
4 dynarray.c:113 0x424c59 24
4 path.c:254 0x424479 24
2 path.c:178 0x424479 24
1 dynarray.c:84 0x424d79 24
2 dynarray.c:95 0x424c59 16
2 path.c:191 0x423849 5
2 path.c:205 0x424859 2
2 path.c:205 0x423c29 3
3 path.c:223 0x423849 0x423849 5 5
4 path.c:246 0x423849 5
4 path.c:31 0x424859 2
4 path.c:31 0x423c29 3
4 dynarray.c:112 0x424c59 16
4 dynarray.c:113 0x424d79 24
4 path.c:254 0x424479 24
2 path.c:178 0x424479 24
1 dynarray.c:84 0x424d49 24
2 dynarray.c:95 0x424d79 16
2 path.c:191 0x423c29 5
2 path.c:205 0x424859 2
2 path.c:205 0x423849 3
3 path.c:223 0x423c29 0x423c29 5 5
1 bdtBad5.c:143 0x424509 32
2 path.c:178 0x423a49 24
1 dynarray.c:84 0x424c59 24
2 dynarray.c:95 0x4235f9 16
2 path.c:191 0x423aa9 5
2 path.c:205 0x423ac9 2
2 path.c:205 0x424979 3
3 path.c:223 0x423aa9 0x423aa9 5 5
4 path.c:246 0x423c29 5
4 path.c:31 0x424859 2
4 path.c:31 0x423849 3
4 dynarray.c:112 0x424d79 16
4 dynarray.c:113 0x424d49 24
4 path.c:254 0x424479 24
4 path.c:246 0x423ae9 5
4 path.c:31 0x424729 2
4 path.c:31 0x424959 3
4 dynarray.c:112 0x423bf9 16
4 dynarray.c:113 0x423599 24
4 path.c:254 0x423bc9 24
1 dynarray.c:84 0x423819 24
2 dynarray.c:95 0x423bc9 24
1 bdtBad5.c:662 0x423869 12
4 dynarray.c:112 0x423bc9 24
4 dynarray.c:113 0x423819 24
4 bdt_client.c:148 0x423869 12
2 path.c:128 0x423819 24
1 dynarray.c:84 0x423599 24
2 dynarray.c:95 0x423bc9 16
2 path.c:90 0x424959 2
2 path.c:90 0x424729 3
1 path.c:143 0x423869 5
2 path.c:178 0x424479 24
1 dynarray.c:84 0x423bf9 24
2 dynarray.c:95 0x424d49 16
2 path.c:191 0x423ae9 5
2 path.c:205 0x424859 2
3 path.c:223 0x423ae9 0x423ae9 5 2
4 path.c:246 0x423ae9 2
4 path.c:31 0x424859 2
4 dynarray.c:112 0x424d49 16
4 dynarray.c:113 0x423bf9 24
4 path.c:254 0x424479 24
2 path.c:178 0x424479 24
1 dynarray.c:84 0x424d79 24
2 dynarray.c:95 0x423bf9 16
2 path.c:191 0x424859 5
2 path.c:205 0x423ae9 2
2 path.c:205 0x423c29 3
3 path.c:223 0x424859 0x424859 5 5
4 path.c:246 0x424859 5
4 path.c:31 0x423ae9 2
4 path.c:31 0x423c29 3
4 dynarray.c:112 0x423bf9 16
4 dynarray.c:113 0x424d79 24
4 path.c:254 0x424479 24
4 path.c:246 0x423869 5
4 path.c:31 0x424959 2
4 path.c:31 0x424729 3
4 dynarray.c:112 0x423bc9 16
4 dynarray.c:113 0x423599 24
4 path.c:254 0x423819 24
4 path.c:246 0x423aa9 5
4 path.c:31 0x423ac9 2
4 path.c:31 0x424979 3
4 dynarray.c:112 0x4235f9 16
4 dynarray.c:113 0x424c59 24
4 path.c:254 0x423a49 24
4 bdtBad5.c:263 0x424509 32
1 dynarray.c:84 0x424d49 24
2 dynarray.c:95 0x423a49 16
1 bdtBad5.c:662 0x423849 7
4 dynarray.c:112 0x423a49 16
4 dynarray.c:113 0x424d49 24
4 bdt_client.c:152 0x423849 7
2 path.c:128 0x424d49 24
1 dynarray.c:84 0x424c59 24
2 dynarray.c:95 0x423a49 16
2 path.c:90 0x424979 2
2 path.c:90 0x423ac9 3
1 path.c:143 0x423849 5
2 path.c:178 0x423819 24
1 dynarray.c:84 0x4235f9 24
2 dynarray.c:95 0x423599 16
2 path.c:191 0x423aa9 5
2 path.c:205 0x424959 2
3 path.c:223 0x423aa9 0x423aa9 5 2
4 path.c:246 0x423aa9 2
4 path.c:31 0x424959 2
4 dynarray.c:112 0x423599 16
4 dynarray.c:113 0x4235f9 24
4 path.c:254 0x423819 24
2 path.c:178 0x423819 24
1 dynarray.c:84 0x423bc9 24
2 dynarray.c:95 0x4235f9 16
2 path.c:191 0x424959 5
2 path.c:205 0x423aa9 2
2 path.c:205 0x423869 3
3 path.c:223 0x424959 0x424959 5 5
4 path.c:246 0x424959 5
4 path.c:31 0x423aa9 2
4 path.c:31 0x423869 3
4 dynarray.c:112 0x4235f9 16
4 dynarray.c:113 0x423bc9 24
4 path.c:254 0x423819 24
2 path.c:178 0x423819 24
1 dynarray.c:84 0x423599 24
2 dynarray.c:95 0x423bc9 16
2 path.c:191 0x423869 5
2 path.c:205 0x423aa9 2
2 path.c:205 0x424959 3
3 path.c:223 0x423869 0x423869 5 5
1 bdtBad5.c:143 0x424509 32
2 path.c:178 0x424479 24
1 dynarray.c:84 0x4235f9 24
2 dynarray.c:95 0x424d79 16
2 path.c:191 0x423c29 5
2 path.c:205 0x423ae9 2
2 path.c:205 0x424859 3
3 path.c:223 0x423c29 0x423c29 5 5
4 path.c:246 0x423869 5
4 path.c:31 0x423aa9 2
4 path.c:31 0x424959 3
4 dynarray.c:112 0x423bc9 16
4 dynarray.c:113 0x423599 24
4 path.c:254 0x423819 24
4 path.c:246 0x423849 5
4 path.c:31 0x424979 2
4 path.c:31 0x423ac9 3
4 dynarray.c:112 0x423a49 16
4 dynarray.c:113 0x424c59 24
4 path.c:254 0x424d49 24
1 dynarray.c:84 0x423bf9 24
2 dynarray.c:95 0x424d49 24
1 bdtBad5.c:662 0x424729 12
4 dynarray.c:112 0x424d49 24
4 dynarray.c:113 0x423bf9 24
4 bdt_client.c:156 0x424729 12
2 path.c:128 0x423bf9 24
1 dynarray.c:84 0x424c59 24
2 dynarray.c:95 0x424d49 16
2 path.c:90 0x423ac9 2
2 path.c:90 0x424979 2
1 path.c:143 0x424729 4
2 path.c:178 0x423819 24
1 dynarray.c:84 0x423a49 24
2 dynarray.c:95 0x423599 16
2 path.c:191 0x423849 4
2 path.c:205 0x423aa9 2
3 path.c:223 0x423849 0x423849 4 2
4 path.c:246 0x423849 2
4 path.c:31 0x423aa9 2
4 dynarray.c:112 0x423599 16
4 dynarray.c:113 0x423a49 24
4 path.c:254 0x423819 24
2 path.c:178 0x423819 24
1 dynarray.c:84 0x423bc9 24
2 dynarray.c:95 0x423a49 16
2 path.c:191 0x423aa9 4
2 path.c:205 0x423849 2
2 path.c:205 0x423869 2
3 path.c:223 0x423aa9 0x423aa9 4 4
4 path.c:246 0x423aa9 4
4 path.c:31 0x423849 2
4 path.c:31 0x423869 2
4 dynarray.c:112 0x423a49 16
4 dynarray.c:113 0x423bc9 24
4 path.c:254 0x423819 24
4 path.c:246 0x424729 4
4 path.c:31 0x423ac9 2
4 path.c:31 0x424979 2
4 dynarray.c:112 0x424d49 16
4 dynarray.c:113 0x424c59 24
4 path.c:254 0x423bf9 24
4 path.c:246 0x4246c9 4
4 path.c:31 0x424879 2
4 path.c:31 0x4249d9 2
4 dynarray.c:112 0x424ce9 16
4 dynarray.c:113 0x4237e9 24
4 path.c:254 0x424cb9 24
4 bdtBad5.c:263 0x4242b9 32
1 dynarray.c:84 0x423599 24
2 dynarray.c:95 0x424cb9 16
1 bdtBad5.c:662 0x424959 8
4 dynarray.c:112 0x424cb9 16
4 dynarray.c:113 0x423599 24
4 bdt_client.c:160 0x424959 8
4 path.c:246 0x423c29 5
4 path.c:31 0x423ae9 2
4 path.c:31 0x424859 3
4 dynarray.c:112 0x424d79 16
4 dynarray.c:113 0x4235f9 24
4 path.c:254 0x424479 24
4 bdtBad5.c:263 0x424509 32
4 path.c:246 0x423c69 2
4 path.c:31 0x423c49 2
4 dynarray.c:112 0x423909 16
4 dynarray.c:113 0x423a79 24
4 path.c:254 0x423b99 24
4 bdtBad5.c:263 0x424919 32
