2 path.c:128 0x4212a9 24
4 path.c:254 0x4212a9 24
2 path.c:128 0x4234c9 24
1 dynarray.c:84 0x4212a9 24
2 dynarray.c:95 0x4234f9 16
2 path.c:90 0x423529 6
1 path.c:143 0x423549 6
4 path.c:246 0x423549 6
4 path.c:31 0x423529 6
4 dynarray.c:112 0x4234f9 16
4 dynarray.c:113 0x4212a9 24
4 path.c:254 0x4234c9 24
1 dynarray.c:84 0x4234c9 24
2 dynarray.c:95 0x423569 16
1 bdtBad4.c:663 0x423529 1
4 dynarray.c:112 0x423569 16
4 dynarray.c:113 0x4234c9 24
4 bdt_client.c:39 0x423529 1
2 path.c:128 0x423599 24
4 path.c:254 0x423599 24
2 path.c:128 0x4235c9 24
1 dynarray.c:84 0x423599 24
2 dynarray.c:95 0x4235f9 16
4 dynarray.c:112 0x4235f9 16
4 dynarray.c:113 0x423599 24
4 path.c:254 0x4235c9 24
2 path.c:128 0x423629 24
1 dynarray.c:84 0x4235c9 24
2 dynarray.c:95 0x423659 16
2 path.c:90 0x423689 6
2 path.c:90 0x4236a9 7
4 path.c:31 0x423689 6
4 path.c:31 0x4236a9 7
4 dynarray.c:112 0x423659 16
4 dynarray.c:113 0x4235c9 24
4 path.c:254 0x423629 24
2 path.c:128 0x423629 24
1 dynarray.c:84 0x423659 24
2 dynarray.c:95 0x4235c9 16
2 path.c:90 0x4236c9 6
4 path.c:31 0x4236c9 6
4 dynarray.c:112 0x4235c9 16
4 dynarray.c:113 0x423659 24
4 path.c:254 0x423629 24
2 path.c:128 0x423629 24
1 dynarray.c:84 0x4235c9 24
2 dynarray.c:95 0x423659 16
2 path.c:90 0x4236e9 6
1 path.c:143 0x4236c9 6
2 path.c:178 0x423709 24
1 dynarray.c:84 0x423599 24
2 dynarray.c:95 0x423739 16
2 path.c:191 0x423769 6
2 path.c:205 0x423789 6
3 path.c:223 0x423769 0x423769 6 6
1 bdtBad4.c:143 0x4237a9 32
2 path.c:178 0x4237e9 24
1 dynarray.c:84 0x4235f9 24
2 dynarray.c:95 0x423819 16
2 path.c:191 0x423849 6
2 path.c:205 0x423869 6
3 path.c:223 0x423849 0x423849 6 6
4 path.c:246 0x423769 6
4 path.c:31 0x423789 6
4 dynarray.c:112 0x423739 16
4 dynarray.c:113 0x423599 24
4 path.c:254 0x423709 24
4 path.c:246 0x4236c9 6
4 path.c:31 0x4236e9 6
4 dynarray.c:112 0x423659 16
4 dynarray.c:113 0x4235c9 24
4 path.c:254 0x423629 24
2 path.c:128 0x423629 24
1 dynarray.c:84 0x423709 24
2 dynarray.c:95 0x4235c9 16
2 path.c:90 0x4236e9 6
2 path.c:90 0x423889 7
2 path.c:90 0x4238a9 12
3 dynarray.c:69 0x4238c9 0x4235c9 16 32
1 path.c:143 0x423659 25
2 path.c:178 0x4235c9 24
1 dynarray.c:84 0x423599 24
2 dynarray.c:95 0x423909 16
2 path.c:191 0x423939 25
2 path.c:205 0x423969 6
3 path.c:223 0x423939 0x423939 25 6
4 path.c:246 0x423939 6
4 path.c:31 0x423969 6
4 dynarray.c:112 0x423909 16
4 dynarray.c:113 0x423599 24
4 path.c:254 0x4235c9 24
2 path.c:178 0x4235c9 24
1 dynarray.c:84 0x423909 24
2 dynarray.c:95 0x423599 16
2 path.c:191 0x423989 25
2 path.c:205 0x423969 6
2 path.c:205 0x4239b9 7
3 path.c:223 0x423989 0x423989 25 13
4 path.c:246 0x423989 13
4 path.c:31 0x423969 6
4 path.c:31 0x4239b9 7
4 dynarray.c:112 0x423599 16
4 dynarray.c:113 0x423909 24
4 path.c:254 0x4235c9 24
2 path.c:178 0x4235c9 24
1 dynarray.c:84 0x423989 24
2 dynarray.c:95 0x423909 16
2 path.c:191 0x4239d9 25
2 path.c:205 0x4239b9 6
2 path.c:205 0x423969 7
3 path.c:223 0x4239d9 0x4239d9 25 13
1 bdtBad4.c:143 0x423a09 32
2 path.c:178 0x423a49 24
1 dynarray.c:84 0x423599 24
2 dynarray.c:95 0x423a79 16
2 path.c:191 0x423aa9 13
2 path.c:205 0x423ac9 6
2 path.c:205 0x423ae9 7
3 path.c:223 0x423aa9 0x423aa9 13 13
4 path.c:246 0x4239d9 13
4 path.c:31 0x4239b9 6
4 path.c:31 0x423969 7
4 dynarray.c:112 0x423909 16
4 dynarray.c:113 0x423989 24
4 path.c:254 0x4235c9 24
2 path.c:178 0x4235c9 24
1 dynarray.c:84 0x4239d9 24
2 dynarray.c:95 0x423989 24
2 path.c:191 0x423b09 25
2 path.c:205 0x423969 6
2 path.c:205 0x4239b9 7
2 path.c:205 0x423b39 12
3 path.c:223 0x423b09 0x423b09 25 25
1 bdtBad4.c:143 0x423b59 32
2 path.c:178 0x423b99 24
1 dynarray.c:84 0x423909 24
2 dynarray.c:95 0x423bc9 24
2 path.c:191 0x423bf9 25
2 path.c:205 0x423c29 6
2 path.c:205 0x423c49 7
2 path.c:205 0x423c69 12
3 path.c:223 0x423bf9 0x423bf9 25 25
4 path.c:246 0x423b09 25
4 path.c:31 0x423969 6
4 path.c:31 0x4239b9 7
4 path.c:31 0x423b39 12
4 dynarray.c:112 0x423989 24
4 dynarray.c:113 0x4239d9 24
4 path.c:254 0x4235c9 24
4 path.c:246 0x423659 25
4 path.c:31 0x4236e9 6
4 path.c:31 0x423889 7
4 path.c:31 0x4238a9 12
4 dynarray.c:112 0x4238c9 32
4 dynarray.c:113 0x423709 24
4 path.c:254 0x423629 24
2 path.c:128 0x423629 24
1 dynarray.c:84 0x423b09 24
2 dynarray.c:95 0x423709 16
2 path.c:90 0x4238a9 6
1 path.c:143 0x4236c9 6
2 path.c:178 0x4235c9 24
1 dynarray.c:84 0x423659 24
2 dynarray.c:95 0x4239d9 16
2 path.c:191 0x423889 6
2 path.c:205 0x423b39 6
3 path.c:223 0x423889 0x423889 6 6
4 path.c:246 0x423889 6
4 path.c:31 0x423b39 6
4 dynarray.c:112 0x4239d9 16
4 dynarray.c:113 0x423659 24
4 path.c:254 0x4235c9 24
4 path.c:246 0x4236c9 6
4 path.c:31 0x4238a9 6
4 dynarray.c:112 0x423709 16
4 dynarray.c:113 0x423b09 24
4 path.c:254 0x423629 24
2 path.c:128 0x423629 24
1 dynarray.c:84 0x423989 24
2 dynarray.c:95 0x423b09 16
2 path.c:90 0x4238a9 6
2 path.c:90 0x4236c9 7
1 path.c:143 0x4236e9 13
2 path.c:178 0x4235c9 24
1 dynarray.c:84 0x423709 24
2 dynarray.c:95 0x423659 16
2 path.c:191 0x423b39 13
2 path.c:205 0x4239b9 6
3 path.c:223 0x423b39 0x423b39 13 6
4 path.c:246 0x423b39 6
4 path.c:31 0x4239b9 6
4 dynarray.c:112 0x423659 16
4 dynarray.c:113 0x423709 24
4 path.c:254 0x4235c9 24
2 path.c:178 0x4235c9 24
1 dynarray.c:84 0x4239d9 24
2 dynarray.c:95 0x423709 16
2 path.c:191 0x4239b9 13
2 path.c:205 0x423b39 6
2 path.c:205 0x423969 7
3 path.c:223 0x4239b9 0x4239b9 13 13
4 path.c:246 0x4239b9 13
4 path.c:31 0x423b39 6
4 path.c:31 0x423969 7
4 dynarray.c:112 0x423709 16
4 dynarray.c:113 0x4239d9 24
4 path.c:254 0x4235c9 24
4 path.c:246 0x4236e9 13
4 path.c:31 0x4238a9 6
4 path.c:31 0x4236c9 7
4 dynarray.c:112 0x423b09 16
4 dynarray.c:113 0x423989 24
4 path.c:254 0x423629 24
2 path.c:128 0x423629 24
1 dynarray.c:84 0x423659 24
2 dynarray.c:95 0x423989 16
2 path.c:90 0x4236c9 6
2 path.c:90 0x4238a9 7
2 path.c:90 0x4236e9 12
3 dynarray.c:69 0x423c89 0x423989 16 32
1 path.c:143 0x423b09 25
2 path.c:178 0x423989 24
1 dynarray.c:84 0x4235c9 24
2 dynarray.c:95 0x4239d9 16
2 path.c:191 0x423cc9 25
2 path.c:205 0x423969 6
3 path.c:223 0x423cc9 0x423cc9 25 6
4 path.c:246 0x423cc9 6
4 path.c:31 0x423969 6
4 dynarray.c:112 0x4239d9 16
4 dynarray.c:113 0x4235c9 24
4 path.c:254 0x423989 24
2 path.c:178 0x423989 24
1 dynarray.c:84 0x423709 24
2 dynarray.c:95 0x4235c9 16
2 path.c:191 0x423cc9 25
2 path.c:205 0x423969 6
2 path.c:205 0x423b39 7
3 path.c:223 0x423cc9 0x423cc9 25 13
4 path.c:246 0x423cc9 13
4 path.c:31 0x423969 6
4 path.c:31 0x423b39 7
4 dynarray.c:112 0x4235c9 16
4 dynarray.c:113 0x423709 24
4 path.c:254 0x423989 24
2 path.c:178 0x423989 24
1 dynarray.c:84 0x4239d9 24
2 dynarray.c:95 0x423709 24
2 path.c:191 0x423cc9 25
2 path.c:205 0x423b39 6
2 path.c:205 0x423969 7
2 path.c:205 0x4239b9 12
3 path.c:223 0x423cc9 0x423cc9 25 25
4 path.c:246 0x423cc9 25
4 path.c:31 0x423b39 6
4 path.c:31 0x423969 7
4 path.c:31 0x4239b9 12
4 dynarray.c:112 0x423709 24
4 dynarray.c:113 0x4239d9 24
4 path.c:254 0x423989 24
4 path.c:246 0x423b09 25
4 path.c:31 0x4236c9 6
4 path.c:31 0x4238a9 7
4 path.c:31 0x4236e9 12
4 dynarray.c:112 0x423c89 32
4 dynarray.c:113 0x423659 24
4 path.c:254 0x423629 24
2 path.c:128 0x423629 24
1 dynarray.c:84 0x4235c9 24
2 dynarray.c:95 0x423659 16
2 path.c:90 0x4236e9 12
1 path.c:143 0x423889 12
2 path.c:178 0x423989 24
1 dynarray.c:84 0x423b09 24
2 dynarray.c:95 0x4239d9 16
2 path.c:191 0x4238a9 12
2 path.c:205 0x4239b9 12
3 path.c:223 0x4238a9 0x4238a9 12 12
4 path.c:246 0x4238a9 12
4 path.c:31 0x4239b9 12
4 dynarray.c:112 0x4239d9 16
4 dynarray.c:113 0x423b09 24
4 path.c:254 0x423989 24
4 path.c:246 0x423889 12
4 path.c:31 0x4236e9 12
4 dynarray.c:112 0x423659 16
4 dynarray.c:113 0x4235c9 24
4 path.c:254 0x423629 24
2 path.c:128 0x423629 24
1 dynarray.c:84 0x423709 24
2 dynarray.c:95 0x4235c9 16
2 path.c:90 0x4236e9 12
1 path.c:143 0x4236c9 12
2 path.c:178 0x423989 24
1 dynarray.c:84 0x423659 24
2 dynarray.c:95 0x423b09 16
2 path.c:191 0x423889 12
2 path.c:205 0x4238a9 12
3 path.c:223 0x423889 0x423889 12 12
4 path.c:246 0x423889 12
4 path.c:31 0x4238a9 12
4 dynarray.c:112 0x423b09 16
4 dynarray.c:113 0x423659 24
4 path.c:254 0x423989 24
4 path.c:246 0x4236c9 12
4 path.c:31 0x4236e9 12
4 dynarray.c:112 0x4235c9 16
4 dynarray.c:113 0x423709 24
4 path.c:254 0x423629 24
2 path.c:128 0x423629 24
1 dynarray.c:84 0x4239d9 24
2 dynarray.c:95 0x423709 16
2 path.c:90 0x4236e9 12
1 path.c:143 0x4239b9 12
2 path.c:178 0x423989 24
1 dynarray.c:84 0x4235c9 24
2 dynarray.c:95 0x423659 16
2 path.c:191 0x4236c9 12
2 path.c:205 0x423889 12
3 path.c:223 0x4236c9 0x4236c9 12 12
4 path.c:246 0x4236c9 12
4 path.c:31 0x423889 12
4 dynarray.c:112 0x423659 16
4 dynarray.c:113 0x4235c9 24
4 path.c:254 0x423989 24
4 path.c:246 0x4239b9 12
4 path.c:31 0x4236e9 12
4 dynarray.c:112 0x423709 16
4 dynarray.c:113 0x4239d9 24
4 path.c:254 0x423629 24
2 path.c:128 0x423629 24
1 dynarray.c:84 0x423b09 24
2 dynarray.c:95 0x4239d9 16
2 path.c:90 0x4236e9 6
2 path.c:90 0x4239b9 8
1 path.c:143 0x4238a9 14
2 path.c:178 0x423989 24
1 dynarray.c:84 0x423709 24
2 dynarray.c:95 0x4235c9 16
2 path.c:191 0x423889 14
2 path.c:205 0x423969 6
3 path.c:223 0x423889 0x423889 14 6
4 path.c:246 0x423889 6
4 path.c:31 0x423969 6
4 dynarray.c:112 0x4235c9 16
4 dynarray.c:113 0x423709 24
4 path.c:254 0x423989 24
2 path.c:178 0x423989 24
1 dynarray.c:84 0x423659 24
2 dynarray.c:95 0x423709 16
2 path.c:191 0x423969 14
2 path.c:205 0x423889 6
2 path.c:205 0x423b39 8
3 path.c:223 0x423969 0x423969 14 14
4 path.c:246 0x423969 14
4 path.c:31 0x423889 6
4 path.c:31 0x423b39 8
4 dynarray.c:112 0x423709 16
4 dynarray.c:113 0x423659 24
4 path.c:254 0x423989 24
4 path.c:246 0x4238a9 14
4 path.c:31 0x4236e9 6
4 path.c:31 0x4239b9 8
4 dynarray.c:112 0x4239d9 16
4 dynarray.c:113 0x423b09 24
4 path.c:254 0x423629 24
2 path.c:128 0x423629 24
1 dynarray.c:84 0x4235c9 24
2 dynarray.c:95 0x423b09 16
2 path.c:90 0x4239b9 6
2 path.c:90 0x4236e9 7
2 path.c:90 0x4238a9 12
3 dynarray.c:69 0x423cf9 0x423b09 16 32
1 path.c:143 0x4239d9 25
2 path.c:178 0x423b09 24
1 dynarray.c:84 0x423989 24
2 dynarray.c:95 0x423659 16
2 path.c:191 0x423cc9 25
2 path.c:205 0x423b39 6
3 path.c:223 0x423cc9 0x423cc9 25 6
4 path.c:246 0x423cc9 6
4 path.c:31 0x423b39 6
4 dynarray.c:112 0x423659 16
4 dynarray.c:113 0x423989 24
4 path.c:254 0x423b09 24
2 path.c:178 0x423b09 24
1 dynarray.c:84 0x423709 24
2 dynarray.c:95 0x423989 16
2 path.c:191 0x423cc9 25
2 path.c:205 0x423b39 6
2 path.c:205 0x423889 7
3 path.c:223 0x423cc9 0x423cc9 25 13
4 path.c:246 0x423cc9 13
4 path.c:31 0x423b39 6
4 path.c:31 0x423889 7
4 dynarray.c:112 0x423989 16
4 dynarray.c:113 0x423709 24
4 path.c:254 0x423b09 24
2 path.c:178 0x423b09 24
1 dynarray.c:84 0x423659 24
2 dynarray.c:95 0x423709 24
2 path.c:191 0x423cc9 25
2 path.c:205 0x423889 6
2 path.c:205 0x423b39 7
2 path.c:205 0x423969 12
3 path.c:223 0x423cc9 0x423cc9 25 25
4 path.c:246 0x423cc9 25
4 path.c:31 0x423889 6
4 path.c:31 0x423b39 7
4 path.c:31 0x423969 12
4 dynarray.c:112 0x423709 24
4 dynarray.c:113 0x423659 24
4 path.c:254 0x423b09 24
4 path.c:246 0x4239d9 25
4 path.c:31 0x4239b9 6
4 path.c:31 0x4236e9 7
4 path.c:31 0x4238a9 12
4 dynarray.c:112 0x423cf9 32
4 dynarray.c:113 0x4235c9 24
4 path.c:254 0x423629 24
2 path.c:128 0x423629 24
1 dynarray.c:84 0x423989 24
2 dynarray.c:95 0x4235c9 16
2 path.c:90 0x4238a9 12
2 path.c:90 0x4236e9 6
2 path.c:90 0x4239b9 9
3 dynarray.c:69 0x423d39 0x4235c9 16 32
1 path.c:143 0x4239d9 27
2 path.c:178 0x4235c9 24
1 dynarray.c:84 0x423b09 24
2 dynarray.c:95 0x423659 16
2 path.c:191 0x423cc9 27
2 path.c:205 0x423969 12
3 path.c:223 0x423cc9 0x423cc9 27 12
4 path.c:246 0x423cc9 12
4 path.c:31 0x423969 12
4 dynarray.c:112 0x423659 16
4 dynarray.c:113 0x423b09 24
4 path.c:254 0x4235c9 24
4 path.c:246 0x4239d9 27
4 path.c:31 0x4238a9 12
4 path.c:31 0x4236e9 6
4 path.c:31 0x4239b9 9
4 dynarray.c:112 0x423d39 32
4 dynarray.c:113 0x423989 24
4 path.c:254 0x423629 24
2 path.c:128 0x423629 24
1 dynarray.c:84 0x423709 24
2 dynarray.c:95 0x423989 16
2 path.c:90 0x4239b9 6
2 path.c:90 0x4236e9 8
1 path.c:143 0x4236c9 14
2 path.c:178 0x4235c9 24
1 dynarray.c:84 0x4239d9 24
2 dynarray.c:95 0x423b09 16
2 path.c:191 0x4238a9 14
2 path.c:205 0x423b39 6
3 path.c:223 0x4238a9 0x4238a9 14 6
4 path.c:246 0x4238a9 6
4 path.c:31 0x423b39 6
4 dynarray.c:112 0x423b09 16
4 dynarray.c:113 0x4239d9 24
4 path.c:254 0x4235c9 24
2 path.c:178 0x4235c9 24
1 dynarray.c:84 0x423659 24
2 dynarray.c:95 0x4239d9 16
2 path.c:191 0x423b39 14
2 path.c:205 0x4238a9 6
2 path.c:205 0x423889 8
3 path.c:223 0x423b39 0x423b39 14 14
4 path.c:246 0x423b39 14
4 path.c:31 0x4238a9 6
4 path.c:31 0x423889 8
4 dynarray.c:112 0x4239d9 16
4 dynarray.c:113 0x423659 24
4 path.c:254 0x4235c9 24
2 path.c:178 0x4235c9 24
1 dynarray.c:84 0x423b09 24
2 dynarray.c:95 0x423659 16
2 path.c:191 0x423889 14
2 path.c:205 0x4238a9 6
2 path.c:205 0x423b39 8
3 path.c:223 0x423889 0x423889 14 14
1 bdtBad4.c:143 0x423d39 32
2 path.c:178 0x423cc9 24
1 dynarray.c:84 0x4239d9 24
2 dynarray.c:95 0x423d79 16
2 path.c:191 0x423da9 14
2 path.c:205 0x423dc9 6
2 path.c:205 0x423de9 8
3 path.c:223 0x423da9 0x423da9 14 14
4 path.c:246 0x423889 14
4 path.c:31 0x4238a9 6
4 path.c:31 0x423b39 8
4 dynarray.c:112 0x423659 16
4 dynarray.c:113 0x423b09 24
4 path.c:254 0x4235c9 24
4 path.c:246 0x4236c9 14
4 path.c:31 0x4239b9 6
4 path.c:31 0x4236e9 8
4 dynarray.c:112 0x423989 16
4 dynarray.c:113 0x423709 24
4 path.c:254 0x423629 24
2 path.c:128 0x423629 24
1 dynarray.c:84 0x423659 24
2 dynarray.c:95 0x423709 16
2 path.c:90 0x4236e9 6
2 path.c:90 0x4239b9 7
1 path.c:143 0x423969 13
2 path.c:178 0x4235c9 24
1 dynarray.c:84 0x423989 24
2 dynarray.c:95 0x423b09 16
2 path.c:191 0x4236c9 13
2 path.c:205 0x4238a9 6
3 path.c:223 0x4236c9 0x4236c9 13 6
4 path.c:246 0x4236c9 6
4 path.c:31 0x4238a9 6
4 dynarray.c:112 0x423b09 16
4 dynarray.c:113 0x423989 24
4 path.c:254 0x4235c9 24
2 path.c:178 0x4235c9 24
1 dynarray.c:84 0x423b09 24
2 dynarray.c:95 0x423989 16
2 path.c:191 0x4238a9 13
2 path.c:205 0x4236c9 6
2 path.c:205 0x423889 7
3 path.c:223 0x4238a9 0x4238a9 13 13
4 path.c:246 0x4238a9 13
4 path.c:31 0x4236c9 6
4 path.c:31 0x423889 7
4 dynarray.c:112 0x423989 16
4 dynarray.c:113 0x423b09 24
4 path.c:254 0x4235c9 24
2 path.c:178 0x4235c9 24
1 dynarray.c:84 0x423989 24
2 dynarray.c:95 0x423b09 16
2 path.c:191 0x423889 13
2 path.c:205 0x4236c9 6
2 path.c:205 0x4238a9 7
3 path.c:223 0x423889 0x423889 13 13
1 bdtBad4.c:143 0x423cf9 32
2 path.c:178 0x423e09 24
1 dynarray.c:84 0x423939 24
2 dynarray.c:95 0x423e39 16
2 path.c:191 0x423e69 13
2 path.c:205 0x423e89 6
2 path.c:205 0x423ea9 7
3 path.c:223 0x423e69 0x423e69 13 13
4 path.c:246 0x423e69 13
4 path.c:31 0x423e89 6
4 path.c:31 0x423ea9 7
4 dynarray.c:112 0x423e39 16
4 dynarray.c:113 0x423939 24
4 path.c:254 0x423e09 24
4 bdtBad4.c:193 0x423cf9 32
4 path.c:246 0x423969 13
4 path.c:31 0x4236e9 6
4 path.c:31 0x4239b9 7
4 dynarray.c:112 0x423709 16
4 dynarray.c:113 0x423659 24
4 path.c:254 0x423629 24
4 path.c:246 0x423889 13
4 path.c:31 0x4236c9 6
4 path.c:31 0x4238a9 7
4 dynarray.c:112 0x423b09 16
4 dynarray.c:113 0x423989 24
4 path.c:254 0x4235c9 24
2 path.c:128 0x4235c9 24
1 dynarray.c:84 0x423939 24
2 dynarray.c:95 0x423989 16
2 path.c:90 0x4238a9 6
2 path.c:90 0x4236c9 4
2 path.c:90 0x423889 5
3 dynarray.c:69 0x423ec9 0x423989 16 32
2 path.c:90 0x4239b9 7
1 path.c:143 0x423b09 22
2 path.c:178 0x423989 24
1 dynarray.c:84 0x423629 24
2 dynarray.c:95 0x423659 16
2 path.c:191 0x423e09 22
2 path.c:205 0x4236e9 6
3 path.c:223 0x423e09 0x423e09 22 6
4 path.c:246 0x423e09 6
4 path.c:31 0x4236e9 6
4 dynarray.c:112 0x423659 16
4 dynarray.c:113 0x423629 24
4 path.c:254 0x423989 24
2 path.c:178 0x423989 24
1 dynarray.c:84 0x423709 24
2 dynarray.c:95 0x423629 16
2 path.c:191 0x423e09 22
2 path.c:205 0x4236e9 6
2 path.c:205 0x423969 4
3 path.c:223 0x423e09 0x423e09 22 10
4 path.c:246 0x423e09 10
4 path.c:31 0x4236e9 6
4 path.c:31 0x423969 4
4 dynarray.c:112 0x423629 16
4 dynarray.c:113 0x423709 24
4 path.c:254 0x423989 24
2 path.c:178 0x423989 24
1 dynarray.c:84 0x423659 24
2 dynarray.c:95 0x423709 16
2 path.c:191 0x423e09 22
2 path.c:205 0x423969 6
2 path.c:205 0x4236e9 4
3 path.c:223 0x423e09 0x423e09 22 10
1 bdtBad4.c:143 0x423cf9 32
2 path.c:178 0x423f09 24
1 dynarray.c:84 0x423629 24
2 dynarray.c:95 0x423f39 16
2 path.c:191 0x423ea9 10
2 path.c:205 0x423e89 6
2 path.c:205 0x423e69 4
3 path.c:223 0x423ea9 0x423ea9 10 10
4 path.c:246 0x423ea9 10
4 path.c:31 0x423e89 6
4 path.c:31 0x423e69 4
4 dynarray.c:112 0x423f39 16
4 dynarray.c:113 0x423629 24
4 path.c:254 0x423f09 24
4 bdtBad4.c:193 0x423cf9 32
4 path.c:246 0x423b09 22
4 path.c:31 0x4238a9 6
4 path.c:31 0x4236c9 4
4 path.c:31 0x423889 5
4 path.c:31 0x4239b9 7
4 dynarray.c:112 0x423ec9 32
4 dynarray.c:113 0x423939 24
4 path.c:254 0x4235c9 24
4 path.c:246 0x423e09 10
4 path.c:31 0x423969 6
4 path.c:31 0x4236e9 4
4 dynarray.c:112 0x423709 16
4 dynarray.c:113 0x423659 24
4 path.c:254 0x423989 24
2 path.c:128 0x423989 24
1 dynarray.c:84 0x423f39 24
2 dynarray.c:95 0x423659 16
2 path.c:90 0x4236e9 6
1 path.c:143 0x423b39 6
2 path.c:178 0x423e09 24
1 dynarray.c:84 0x423709 24
2 dynarray.c:95 0x4235c9 16
2 path.c:191 0x423969 6
2 path.c:205 0x423889 6
3 path.c:223 0x423969 0x423969 6 6
4 path.c:246 0x423969 6
4 path.c:31 0x423889 6
4 dynarray.c:112 0x4235c9 16
4 dynarray.c:113 0x423709 24
4 path.c:254 0x423e09 24
4 path.c:246 0x423b39 6
4 path.c:31 0x4236e9 6
4 dynarray.c:112 0x423659 16
4 dynarray.c:113 0x423f39 24
4 path.c:254 0x423989 24
2 path.c:128 0x423989 24
1 dynarray.c:84 0x423939 24
2 dynarray.c:95 0x423f39 16
2 path.c:90 0x4236e9 6
2 path.c:90 0x423b39 7
1 path.c:143 0x4239b9 13
2 path.c:178 0x423e09 24
1 dynarray.c:84 0x423659 24
2 dynarray.c:95 0x423709 16
2 path.c:191 0x423889 13
2 path.c:205 0x4236c9 6
3 path.c:223 0x423889 0x423889 13 6
4 path.c:246 0x423889 6
4 path.c:31 0x4236c9 6
4 dynarray.c:112 0x423709 16
4 dynarray.c:113 0x423659 24
4 path.c:254 0x423e09 24
2 path.c:178 0x423e09 24
1 dynarray.c:84 0x4235c9 24
2 dynarray.c:95 0x423659 16
2 path.c:191 0x4236c9 13
2 path.c:205 0x423889 6
2 path.c:205 0x4238a9 7
3 path.c:223 0x4236c9 0x4236c9 13 13
4 path.c:246 0x4236c9 13
4 path.c:31 0x423889 6
4 path.c:31 0x4238a9 7
4 dynarray.c:112 0x423659 16
4 dynarray.c:113 0x4235c9 24
4 path.c:254 0x423e09 24
4 path.c:246 0x4239b9 13
4 path.c:31 0x4236e9 6
4 path.c:31 0x423b39 7
4 dynarray.c:112 0x423f39 16
4 dynarray.c:113 0x423939 24
4 path.c:254 0x423989 24
2 path.c:128 0x423989 24
1 dynarray.c:84 0x423709 24
2 dynarray.c:95 0x423939 16
2 path.c:90 0x423b39 6
2 path.c:90 0x4236e9 8
1 path.c:143 0x423969 14
2 path.c:178 0x423e09 24
1 dynarray.c:84 0x423f39 24
2 dynarray.c:95 0x4235c9 16
2 path.c:191 0x4239b9 14
2 path.c:205 0x423889 6
3 path.c:223 0x4239b9 0x4239b9 14 6
4 path.c:246 0x4239b9 6
4 path.c:31 0x423889 6
4 dynarray.c:112 0x4235c9 16
4 dynarray.c:113 0x423f39 24
4 path.c:254 0x423e09 24
2 path.c:178 0x423e09 24
1 dynarray.c:84 0x423659 24
2 dynarray.c:95 0x423f39 16
2 path.c:191 0x423889 14
2 path.c:205 0x4239b9 6
2 path.c:205 0x4236c9 8
3 path.c:223 0x423889 0x423889 14 14
4 path.c:246 0x423889 14
4 path.c:31 0x4239b9 6
4 path.c:31 0x4236c9 8
4 dynarray.c:112 0x423f39 16
4 dynarray.c:113 0x423659 24
4 path.c:254 0x423e09 24
4 path.c:246 0x423969 14
4 path.c:31 0x423b39 6
4 path.c:31 0x4236e9 8
4 dynarray.c:112 0x423939 16
4 dynarray.c:113 0x423709 24
4 path.c:254 0x423989 24
2 path.c:128 0x423989 24
1 dynarray.c:84 0x4235c9 24
2 dynarray.c:95 0x423709 16
2 path.c:90 0x4236e9 6
2 path.c:90 0x423b39 7
1 path.c:143 0x4238a9 13
2 path.c:178 0x423e09 24
1 dynarray.c:84 0x423939 24
2 dynarray.c:95 0x423659 16
2 path.c:191 0x423969 13
2 path.c:205 0x4239b9 6
3 path.c:223 0x423969 0x423969 13 6
4 path.c:246 0x423969 6
4 path.c:31 0x4239b9 6
4 dynarray.c:112 0x423659 16
4 dynarray.c:113 0x423939 24
4 path.c:254 0x423e09 24
2 path.c:178 0x423e09 24
1 dynarray.c:84 0x423f39 24
2 dynarray.c:95 0x423939 16
2 path.c:191 0x4239b9 13
2 path.c:205 0x423969 6
2 path.c:205 0x423889 7
3 path.c:223 0x4239b9 0x4239b9 13 13
4 path.c:246 0x4239b9 13
4 path.c:31 0x423969 6
4 path.c:31 0x423889 7
4 dynarray.c:112 0x423939 16
4 dynarray.c:113 0x423f39 24
4 path.c:254 0x423e09 24
4 path.c:246 0x4238a9 13
4 path.c:31 0x4236e9 6
4 path.c:31 0x423b39 7
4 dynarray.c:112 0x423709 16
4 dynarray.c:113 0x4235c9 24
4 path.c:254 0x423989 24
2 path.c:128 0x423989 24
1 dynarray.c:84 0x423659 24
2 dynarray.c:95 0x4235c9 16
2 path.c:90 0x423b39 6
2 path.c:90 0x4236e9 4
1 path.c:143 0x4236c9 10
2 path.c:178 0x423e09 24
1 dynarray.c:84 0x423709 24
2 dynarray.c:95 0x423f39 16
2 path.c:191 0x4238a9 10
2 path.c:205 0x423969 6
3 path.c:223 0x4238a9 0x4238a9 10 6
4 path.c:246 0x4238a9 6
4 path.c:31 0x423969 6
4 dynarray.c:112 0x423f39 16
4 dynarray.c:113 0x423709 24
4 path.c:254 0x423e09 24
2 path.c:178 0x423e09 24
1 dynarray.c:84 0x423939 24
2 dynarray.c:95 0x423709 16
2 path.c:191 0x423969 10
2 path.c:205 0x4238a9 6
2 path.c:205 0x4239b9 4
3 path.c:223 0x423969 0x423969 10 10
4 path.c:246 0x423969 10
4 path.c:31 0x4238a9 6
4 path.c:31 0x4239b9 4
4 dynarray.c:112 0x423709 16
4 dynarray.c:113 0x423939 24
4 path.c:254 0x423e09 24
4 path.c:246 0x4236c9 10
4 path.c:31 0x423b39 6
4 path.c:31 0x4236e9 4
4 dynarray.c:112 0x4235c9 16
4 dynarray.c:113 0x423659 24
4 path.c:254 0x423989 24
2 path.c:128 0x423989 24
1 dynarray.c:84 0x423f39 24
2 dynarray.c:95 0x423659 16
2 path.c:90 0x4236e9 6
2 path.c:90 0x423b39 4
2 path.c:90 0x4236c9 5
3 dynarray.c:69 0x423f69 0x423659 16 32
1 path.c:143 0x4235c9 15
2 path.c:178 0x423659 24
1 dynarray.c:84 0x423e09 24
2 dynarray.c:95 0x423939 16
2 path.c:191 0x423b09 15
2 path.c:205 0x4239b9 6
3 path.c:223 0x423b09 0x423b09 15 6
4 path.c:246 0x423b09 6
4 path.c:31 0x4239b9 6
4 dynarray.c:112 0x423939 16
4 dynarray.c:113 0x423e09 24
4 path.c:254 0x423659 24
2 path.c:178 0x423659 24
1 dynarray.c:84 0x423709 24
2 dynarray.c:95 0x423e09 16
2 path.c:191 0x423b09 15
2 path.c:205 0x4239b9 6
2 path.c:205 0x4238a9 4
3 path.c:223 0x423b09 0x423b09 15 10
4 path.c:246 0x423b09 10
4 path.c:31 0x4239b9 6
4 path.c:31 0x4238a9 4
4 dynarray.c:112 0x423e09 16
4 dynarray.c:113 0x423709 24
4 path.c:254 0x423659 24
4 path.c:246 0x4235c9 15
4 path.c:31 0x4236e9 6
4 path.c:31 0x423b39 4
4 path.c:31 0x4236c9 5
4 dynarray.c:112 0x423f69 32
4 dynarray.c:113 0x423f39 24
4 path.c:254 0x423989 24
2 path.c:128 0x423989 24
1 dynarray.c:84 0x423939 24
2 dynarray.c:95 0x423f39 16
2 path.c:90 0x4236c9 6
2 path.c:90 0x423b39 4
2 path.c:90 0x4236e9 5
3 dynarray.c:69 0x423fa9 0x423f39 16 32
2 path.c:90 0x4238a9 7
1 path.c:143 0x4235c9 22
2 path.c:178 0x423f39 24
1 dynarray.c:84 0x423659 24
2 dynarray.c:95 0x423709 16
2 path.c:191 0x423b09 22
2 path.c:205 0x4239b9 6
3 path.c:223 0x423b09 0x423b09 22 6
4 path.c:246 0x423b09 6
4 path.c:31 0x4239b9 6
4 dynarray.c:112 0x423709 16
4 dynarray.c:113 0x423659 24
4 path.c:254 0x423f39 24
2 path.c:178 0x423f39 24
1 dynarray.c:84 0x423e09 24
2 dynarray.c:95 0x423659 16
2 path.c:191 0x423b09 22
2 path.c:205 0x4239b9 6
2 path.c:205 0x423969 4
3 path.c:223 0x423b09 0x423b09 22 10
4 path.c:246 0x423b09 10
4 path.c:31 0x4239b9 6
4 path.c:31 0x423969 4
4 dynarray.c:112 0x423659 16
4 dynarray.c:113 0x423e09 24
4 path.c:254 0x423f39 24
4 path.c:246 0x4235c9 22
4 path.c:31 0x4236c9 6
4 path.c:31 0x423b39 4
4 path.c:31 0x4236e9 5
4 path.c:31 0x4238a9 7
4 dynarray.c:112 0x423fa9 32
4 dynarray.c:113 0x423939 24
4 path.c:254 0x423989 24
1 dynarray.c:84 0x423709 24
2 dynarray.c:95 0x423fe9 32
